000 (2144550.014.000) 06/28 00:53:31 Job submitted from host: <192.168.1.109:9465>
...
001 (2144550.014.000) 06/28 00:53:47 Job executing on host: <192.168.1.63:9838>
...
006 (2144550.014.000) 06/28 00:53:55 Image size of job updated: 2
	3  -  MemoryUsage of job (MB)
	2100  -  ResidentSetSize of job (KB)
...
006 (2144550.014.000) 06/28 00:56:30 Image size of job updated: 968628
	3  -  MemoryUsage of job (MB)
	2100  -  ResidentSetSize of job (KB)
...
005 (2144550.014.000) 06/28 00:56:30 Job terminated.
	(1) Normal termination (return value 0)
		Usr 0 00:00:24, Sys 0 00:00:00  -  Run Remote Usage
		Usr 0 00:00:00, Sys 0 00:00:00  -  Run Local Usage
		Usr 0 00:00:24, Sys 0 00:00:00  -  Total Remote Usage
		Usr 0 00:00:00, Sys 0 00:00:00  -  Total Local Usage
	0  -  Run Bytes Sent By Job
	0  -  Run Bytes Received By Job
	0  -  Total Bytes Sent By Job
	0  -  Total Bytes Received By Job
	Partitionable Resources :    Usage  Request Allocated
	   Cpus                 :                 1         1
	   Disk (KB)            :        2        2  19562849
	   Memory (MB)          :        3        1      4033
...
