000 (2206160.024.000) 07/05 01:40:21 Job submitted from host: <192.168.1.109:9465>
...
001 (2206160.024.000) 07/05 01:40:38 Job executing on host: <192.168.1.50:9343>
...
006 (2206160.024.000) 07/05 01:40:46 Image size of job updated: 410968
	179  -  MemoryUsage of job (MB)
	182824  -  ResidentSetSize of job (KB)
...
006 (2206160.024.000) 07/05 01:41:02 Image size of job updated: 738508
	179  -  MemoryUsage of job (MB)
	182824  -  ResidentSetSize of job (KB)
...
005 (2206160.024.000) 07/05 01:41:02 Job terminated.
	(1) Normal termination (return value 0)
		Usr 0 00:00:05, Sys 0 00:00:00  -  Run Remote Usage
		Usr 0 00:00:00, Sys 0 00:00:00  -  Run Local Usage
		Usr 0 00:00:05, Sys 0 00:00:00  -  Total Remote Usage
		Usr 0 00:00:00, Sys 0 00:00:00  -  Total Local Usage
	0  -  Run Bytes Sent By Job
	0  -  Run Bytes Received By Job
	0  -  Total Bytes Sent By Job
	0  -  Total Bytes Received By Job
	Partitionable Resources :    Usage  Request Allocated
	   Cpus                 :                 1         1
	   Disk (KB)            :        2        2  28380276
	   Memory (MB)          :      179        1      4033
...
