000 (2208100.024.000) 07/06 14:34:20 Job submitted from host: <192.168.1.109:9465>
...
001 (2208100.024.000) 07/06 14:38:51 Job executing on host: <192.168.1.51:9747>
...
006 (2208100.024.000) 07/06 14:39:00 Image size of job updated: 751140
	405  -  MemoryUsage of job (MB)
	414304  -  ResidentSetSize of job (KB)
...
005 (2208100.024.000) 07/06 14:39:02 Job terminated.
	(1) Normal termination (return value 0)
		Usr 0 00:00:05, Sys 0 00:00:00  -  Run Remote Usage
		Usr 0 00:00:00, Sys 0 00:00:00  -  Run Local Usage
		Usr 0 00:00:05, Sys 0 00:00:00  -  Total Remote Usage
		Usr 0 00:00:00, Sys 0 00:00:00  -  Total Local Usage
	0  -  Run Bytes Sent By Job
	0  -  Run Bytes Received By Job
	0  -  Total Bytes Sent By Job
	0  -  Total Bytes Received By Job
	Partitionable Resources :    Usage  Request Allocated
	   Cpus                 :                 1         1
	   Disk (KB)            :        2        2  27667477
	   Memory (MB)          :      405        1      4033
...
