000 (2211542.024.000) 07/09 20:53:37 Job submitted from host: <192.168.1.109:9465>
...
001 (2211542.024.000) 07/09 20:53:55 Job executing on host: <192.168.1.65:9296>
...
006 (2211542.024.000) 07/09 20:54:04 Image size of job updated: 266360
	64  -  MemoryUsage of job (MB)
	64988  -  ResidentSetSize of job (KB)
...
006 (2211542.024.000) 07/09 20:56:40 Image size of job updated: 751968
	64  -  MemoryUsage of job (MB)
	64988  -  ResidentSetSize of job (KB)
...
005 (2211542.024.000) 07/09 20:56:40 Job terminated.
	(1) Normal termination (return value 0)
		Usr 0 00:00:11, Sys 0 00:00:00  -  Run Remote Usage
		Usr 0 00:00:00, Sys 0 00:00:00  -  Run Local Usage
		Usr 0 00:00:11, Sys 0 00:00:00  -  Total Remote Usage
		Usr 0 00:00:00, Sys 0 00:00:00  -  Total Local Usage
	0  -  Run Bytes Sent By Job
	0  -  Run Bytes Received By Job
	0  -  Total Bytes Sent By Job
	0  -  Total Bytes Received By Job
	Partitionable Resources :    Usage  Request Allocated
	   Cpus                 :                 1         1
	   Disk (KB)            :        2        2  19514231
	   Memory (MB)          :       64        1      4033
...
