000 (2147375.024.000) 06/28 17:57:16 Job submitted from host: <192.168.1.109:9465>
...
001 (2147375.024.000) 06/28 17:57:34 Job executing on host: <192.168.1.50:9582>
...
006 (2147375.024.000) 06/28 17:57:43 Image size of job updated: 366000
	113  -  MemoryUsage of job (MB)
	114788  -  ResidentSetSize of job (KB)
...
006 (2147375.024.000) 06/28 18:02:44 Image size of job updated: 977252
	576  -  MemoryUsage of job (MB)
	589152  -  ResidentSetSize of job (KB)
...
006 (2147375.024.000) 06/28 18:07:44 Image size of job updated: 978104
	577  -  MemoryUsage of job (MB)
	590552  -  ResidentSetSize of job (KB)
...
006 (2147375.024.000) 06/28 18:12:45 Image size of job updated: 979808
	578  -  MemoryUsage of job (MB)
	591220  -  ResidentSetSize of job (KB)
...
006 (2147375.024.000) 06/28 18:17:46 Image size of job updated: 981452
	685  -  MemoryUsage of job (MB)
	700784  -  ResidentSetSize of job (KB)
...
006 (2147375.024.000) 06/28 18:22:46 Image size of job updated: 982896
	688  -  MemoryUsage of job (MB)
	704128  -  ResidentSetSize of job (KB)
...
006 (2147375.024.000) 06/28 18:23:33 Image size of job updated: 983256
	688  -  MemoryUsage of job (MB)
	704128  -  ResidentSetSize of job (KB)
...
005 (2147375.024.000) 06/28 18:23:33 Job terminated.
	(1) Normal termination (return value 0)
		Usr 0 00:02:48, Sys 0 00:00:06  -  Run Remote Usage
		Usr 0 00:00:00, Sys 0 00:00:00  -  Run Local Usage
		Usr 0 00:02:48, Sys 0 00:00:06  -  Total Remote Usage
		Usr 0 00:00:00, Sys 0 00:00:00  -  Total Local Usage
	0  -  Run Bytes Sent By Job
	0  -  Run Bytes Received By Job
	0  -  Total Bytes Sent By Job
	0  -  Total Bytes Received By Job
	Partitionable Resources :    Usage  Request Allocated
	   Cpus                 :                 1         1
	   Disk (KB)            :        2        2  28376023
	   Memory (MB)          :      688        1      4033
...
