000 (2206162.025.000) 07/05 01:41:56 Job submitted from host: <192.168.1.109:9465>
...
001 (2206162.025.000) 07/05 01:42:01 Job executing on host: <192.168.1.47:9919>
...
006 (2206162.025.000) 07/05 01:42:09 Image size of job updated: 125524
	14  -  MemoryUsage of job (MB)
	14284  -  ResidentSetSize of job (KB)
...
006 (2206162.025.000) 07/05 01:47:09 Image size of job updated: 965084
	558  -  MemoryUsage of job (MB)
	571228  -  ResidentSetSize of job (KB)
...
006 (2206162.025.000) 07/05 01:50:54 Image size of job updated: 968348
	558  -  MemoryUsage of job (MB)
	571228  -  ResidentSetSize of job (KB)
...
005 (2206162.025.000) 07/05 01:50:54 Job terminated.
	(1) Normal termination (return value 0)
		Usr 0 00:02:07, Sys 0 00:00:05  -  Run Remote Usage
		Usr 0 00:00:00, Sys 0 00:00:00  -  Run Local Usage
		Usr 0 00:02:07, Sys 0 00:00:05  -  Total Remote Usage
		Usr 0 00:00:00, Sys 0 00:00:00  -  Total Local Usage
	0  -  Run Bytes Sent By Job
	0  -  Run Bytes Received By Job
	0  -  Total Bytes Sent By Job
	0  -  Total Bytes Received By Job
	Partitionable Resources :    Usage  Request Allocated
	   Cpus                 :                 1         1
	   Disk (KB)            :        2        2  28380185
	   Memory (MB)          :      558        1      4033
...
