000 (2208111.025.000) 07/06 15:00:49 Job submitted from host: <192.168.1.109:9465>
...
001 (2208111.025.000) 07/06 15:13:45 Job executing on host: <192.168.1.47:9919>
...
006 (2208111.025.000) 07/06 15:13:53 Image size of job updated: 341936
	120  -  MemoryUsage of job (MB)
	122468  -  ResidentSetSize of job (KB)
...
006 (2208111.025.000) 07/06 15:18:53 Image size of job updated: 976980
	512  -  MemoryUsage of job (MB)
	523468  -  ResidentSetSize of job (KB)
...
006 (2208111.025.000) 07/06 15:23:54 Image size of job updated: 979176
	513  -  MemoryUsage of job (MB)
	525048  -  ResidentSetSize of job (KB)
...
006 (2208111.025.000) 07/06 15:27:45 Image size of job updated: 980980
	513  -  MemoryUsage of job (MB)
	525048  -  ResidentSetSize of job (KB)
...
005 (2208111.025.000) 07/06 15:27:46 Job terminated.
	(1) Normal termination (return value 0)
		Usr 0 00:02:55, Sys 0 00:00:06  -  Run Remote Usage
		Usr 0 00:00:00, Sys 0 00:00:00  -  Run Local Usage
		Usr 0 00:02:55, Sys 0 00:00:06  -  Total Remote Usage
		Usr 0 00:00:00, Sys 0 00:00:00  -  Total Local Usage
	0  -  Run Bytes Sent By Job
	0  -  Run Bytes Received By Job
	0  -  Total Bytes Sent By Job
	0  -  Total Bytes Received By Job
	Partitionable Resources :    Usage  Request Allocated
	   Cpus                 :                 1         1
	   Disk (KB)            :        2        2  27376375
	   Memory (MB)          :      513        1      4033
...
