000 (2211539.025.000) 07/09 20:53:17 Job submitted from host: <192.168.1.109:9465>
...
001 (2211539.025.000) 07/09 20:53:31 Job executing on host: <192.168.1.64:9545>
...
006 (2211539.025.000) 07/09 20:53:39 Image size of job updated: 76852
	3  -  MemoryUsage of job (MB)
	2072  -  ResidentSetSize of job (KB)
...
006 (2211539.025.000) 07/09 20:58:39 Image size of job updated: 975776
	515  -  MemoryUsage of job (MB)
	527136  -  ResidentSetSize of job (KB)
...
006 (2211539.025.000) 07/09 21:03:40 Image size of job updated: 977056
	516  -  MemoryUsage of job (MB)
	528076  -  ResidentSetSize of job (KB)
...
006 (2211539.025.000) 07/09 21:08:40 Image size of job updated: 979104
	517  -  MemoryUsage of job (MB)
	529240  -  ResidentSetSize of job (KB)
...
006 (2211539.025.000) 07/09 21:13:40 Image size of job updated: 980736
	544  -  MemoryUsage of job (MB)
	556916  -  ResidentSetSize of job (KB)
...
006 (2211539.025.000) 07/09 21:16:18 Image size of job updated: 981820
	544  -  MemoryUsage of job (MB)
	556916  -  ResidentSetSize of job (KB)
...
005 (2211539.025.000) 07/09 21:16:18 Job terminated.
	(1) Normal termination (return value 0)
		Usr 0 00:05:11, Sys 0 00:00:07  -  Run Remote Usage
		Usr 0 00:00:00, Sys 0 00:00:00  -  Run Local Usage
		Usr 0 00:05:11, Sys 0 00:00:07  -  Total Remote Usage
		Usr 0 00:00:00, Sys 0 00:00:00  -  Total Local Usage
	0  -  Run Bytes Sent By Job
	0  -  Run Bytes Received By Job
	0  -  Total Bytes Sent By Job
	0  -  Total Bytes Received By Job
	Partitionable Resources :    Usage  Request Allocated
	   Cpus                 :                 1         1
	   Disk (KB)            :        2        2  19564700
	   Memory (MB)          :      544        1      4033
...
