000 (2139838.002.000) 06/25 17:06:41 Job submitted from host: <192.168.1.109:9465>
...
001 (2139838.002.000) 06/25 17:06:51 Job executing on host: <192.168.1.61:9759>
...
006 (2139838.002.000) 06/25 17:07:00 Image size of job updated: 97468
	3  -  MemoryUsage of job (MB)
	2164  -  ResidentSetSize of job (KB)
...
006 (2139838.002.000) 06/25 17:12:01 Image size of job updated: 1208808
	662  -  MemoryUsage of job (MB)
	677144  -  ResidentSetSize of job (KB)
...
006 (2139838.002.000) 06/25 17:17:01 Image size of job updated: 1208808
	663  -  MemoryUsage of job (MB)
	678412  -  ResidentSetSize of job (KB)
...
006 (2139838.002.000) 06/25 17:22:02 Image size of job updated: 1208808
	766  -  MemoryUsage of job (MB)
	784068  -  ResidentSetSize of job (KB)
...
005 (2139838.002.000) 06/25 17:24:03 Job terminated.
	(1) Normal termination (return value 0)
		Usr 0 00:04:06, Sys 0 00:00:04  -  Run Remote Usage
		Usr 0 00:00:00, Sys 0 00:00:00  -  Run Local Usage
		Usr 0 00:04:06, Sys 0 00:00:04  -  Total Remote Usage
		Usr 0 00:00:00, Sys 0 00:00:00  -  Total Local Usage
	0  -  Run Bytes Sent By Job
	0  -  Run Bytes Received By Job
	0  -  Total Bytes Sent By Job
	0  -  Total Bytes Received By Job
	Partitionable Resources :    Usage  Request Allocated
	   Cpus                 :                 1         1
	   Disk (KB)            :        2        2  19548683
	   Memory (MB)          :      766        1      4029
...
