000 (2144552.002.000) 06/28 00:53:43 Job submitted from host: <192.168.1.109:9465>
...
001 (2144552.002.000) 06/28 00:53:50 Job executing on host: <192.168.1.66:9099>
...
006 (2144552.002.000) 06/28 00:54:00 Image size of job updated: 24308
	3  -  MemoryUsage of job (MB)
	2520  -  ResidentSetSize of job (KB)
...
006 (2144552.002.000) 06/28 00:59:01 Image size of job updated: 1209668
	660  -  MemoryUsage of job (MB)
	675588  -  ResidentSetSize of job (KB)
...
006 (2144552.002.000) 06/28 01:04:02 Image size of job updated: 1209668
	662  -  MemoryUsage of job (MB)
	676956  -  ResidentSetSize of job (KB)
...
005 (2144552.002.000) 06/28 01:07:03 Job terminated.
	(1) Normal termination (return value 0)
		Usr 0 00:02:46, Sys 0 00:00:04  -  Run Remote Usage
		Usr 0 00:00:00, Sys 0 00:00:00  -  Run Local Usage
		Usr 0 00:02:46, Sys 0 00:00:04  -  Total Remote Usage
		Usr 0 00:00:00, Sys 0 00:00:00  -  Total Local Usage
	0  -  Run Bytes Sent By Job
	0  -  Run Bytes Received By Job
	0  -  Total Bytes Sent By Job
	0  -  Total Bytes Received By Job
	Partitionable Resources :    Usage  Request Allocated
	   Cpus                 :                 1         1
	   Disk (KB)            :        2        2  19564505
	   Memory (MB)          :      662        1      4033
...
