000 (2144544.002.000) 06/28 00:26:57 Job submitted from host: <192.168.1.109:9465>
...
001 (2144544.002.000) 06/28 00:27:13 Job executing on host: <192.168.1.67:9110>
...
006 (2144544.002.000) 06/28 00:27:23 Image size of job updated: 76852
	13  -  MemoryUsage of job (MB)
	13196  -  ResidentSetSize of job (KB)
...
006 (2144544.002.000) 06/28 00:28:16 Image size of job updated: 358980
	13  -  MemoryUsage of job (MB)
	13196  -  ResidentSetSize of job (KB)
...
005 (2144544.002.000) 06/28 00:28:16 Job terminated.
	(1) Normal termination (return value 6)
		Usr 0 00:00:02, Sys 0 00:00:00  -  Run Remote Usage
		Usr 0 00:00:00, Sys 0 00:00:00  -  Run Local Usage
		Usr 0 00:00:02, Sys 0 00:00:00  -  Total Remote Usage
		Usr 0 00:00:00, Sys 0 00:00:00  -  Total Local Usage
	0  -  Run Bytes Sent By Job
	0  -  Run Bytes Received By Job
	0  -  Total Bytes Sent By Job
	0  -  Total Bytes Received By Job
	Partitionable Resources :    Usage  Request Allocated
	   Cpus                 :                 1         1
	   Disk (KB)            :        2        2  19563061
	   Memory (MB)          :       13        1      4033
...
