000 (2147377.002.000) 06/28 17:57:27 Job submitted from host: <192.168.1.109:9465>
...
001 (2147377.002.000) 06/28 17:58:05 Job executing on host: <192.168.1.48:9996>
...
006 (2147377.002.000) 06/28 17:58:15 Image size of job updated: 426704
	195  -  MemoryUsage of job (MB)
	198860  -  ResidentSetSize of job (KB)
...
006 (2147377.002.000) 06/28 18:03:15 Image size of job updated: 1211116
	662  -  MemoryUsage of job (MB)
	677056  -  ResidentSetSize of job (KB)
...
006 (2147377.002.000) 06/28 18:08:15 Image size of job updated: 1211116
	663  -  MemoryUsage of job (MB)
	678408  -  ResidentSetSize of job (KB)
...
005 (2147377.002.000) 06/28 18:11:01 Job terminated.
	(1) Normal termination (return value 0)
		Usr 0 00:01:50, Sys 0 00:00:02  -  Run Remote Usage
		Usr 0 00:00:00, Sys 0 00:00:00  -  Run Local Usage
		Usr 0 00:01:50, Sys 0 00:00:02  -  Total Remote Usage
		Usr 0 00:00:00, Sys 0 00:00:00  -  Total Local Usage
	0  -  Run Bytes Sent By Job
	0  -  Run Bytes Received By Job
	0  -  Total Bytes Sent By Job
	0  -  Total Bytes Received By Job
	Partitionable Resources :    Usage  Request Allocated
	   Cpus                 :                 1         1
	   Disk (KB)            :        2        2  28374071
	   Memory (MB)          :      663        1      4033
...
