000 (2206164.002.000) 07/05 01:42:07 Job submitted from host: <192.168.1.109:9465>
...
001 (2206164.002.000) 07/05 01:42:22 Job executing on host: <192.168.1.58:9771>
...
006 (2206164.002.000) 07/05 01:42:30 Image size of job updated: 493396
	218  -  MemoryUsage of job (MB)
	222512  -  ResidentSetSize of job (KB)
...
006 (2206164.002.000) 07/05 01:47:30 Image size of job updated: 1211204
	684  -  MemoryUsage of job (MB)
	699568  -  ResidentSetSize of job (KB)
...
005 (2206164.002.000) 07/05 01:48:45 Job terminated.
	(1) Normal termination (return value 0)
		Usr 0 00:03:56, Sys 0 00:00:04  -  Run Remote Usage
		Usr 0 00:00:00, Sys 0 00:00:00  -  Run Local Usage
		Usr 0 00:03:56, Sys 0 00:00:04  -  Total Remote Usage
		Usr 0 00:00:00, Sys 0 00:00:00  -  Total Local Usage
	0  -  Run Bytes Sent By Job
	0  -  Run Bytes Received By Job
	0  -  Total Bytes Sent By Job
	0  -  Total Bytes Received By Job
	Partitionable Resources :    Usage  Request Allocated
	   Cpus                 :                 1         1
	   Disk (KB)            :        2        2  19549936
	   Memory (MB)          :      684        1      4029
...
