000 (2139838.000.000) 06/25 17:06:41 Job submitted from host: <192.168.1.109:9465>
...
001 (2139838.000.000) 06/25 17:06:57 Job executing on host: <192.168.1.51:9757>
...
006 (2139838.000.000) 06/25 17:07:09 Image size of job updated: 97476
	4  -  MemoryUsage of job (MB)
	3292  -  ResidentSetSize of job (KB)
...
006 (2139838.000.000) 06/25 17:12:10 Image size of job updated: 1213956
	664  -  MemoryUsage of job (MB)
	679348  -  ResidentSetSize of job (KB)
...
006 (2139838.000.000) 06/25 17:18:59 Image size of job updated: 1214336
	664  -  MemoryUsage of job (MB)
	679348  -  ResidentSetSize of job (KB)
...
005 (2139838.000.000) 06/25 17:19:00 Job terminated.
	(1) Normal termination (return value 0)
		Usr 0 00:02:29, Sys 0 00:00:03  -  Run Remote Usage
		Usr 0 00:00:00, Sys 0 00:00:00  -  Run Local Usage
		Usr 0 00:02:29, Sys 0 00:00:03  -  Total Remote Usage
		Usr 0 00:00:00, Sys 0 00:00:00  -  Total Local Usage
	0  -  Run Bytes Sent By Job
	0  -  Run Bytes Received By Job
	0  -  Total Bytes Sent By Job
	0  -  Total Bytes Received By Job
	Partitionable Resources :    Usage  Request Allocated
	   Cpus                 :                 1         1
	   Disk (KB)            :        2        2  28380055
	   Memory (MB)          :      664        1      4033
...
