000 (2147377.000.000) 06/28 17:57:27 Job submitted from host: <192.168.1.109:9465>
...
001 (2147377.000.000) 06/28 17:57:40 Job executing on host: <192.168.1.47:9610>
...
006 (2147377.000.000) 06/28 17:57:49 Image size of job updated: 97468
	3  -  MemoryUsage of job (MB)
	2268  -  ResidentSetSize of job (KB)
...
006 (2147377.000.000) 06/28 18:02:49 Image size of job updated: 1214824
	664  -  MemoryUsage of job (MB)
	679236  -  ResidentSetSize of job (KB)
...
006 (2147377.000.000) 06/28 18:07:49 Image size of job updated: 1216268
	666  -  MemoryUsage of job (MB)
	681304  -  ResidentSetSize of job (KB)
...
006 (2147377.000.000) 06/28 18:12:50 Image size of job updated: 1216268
	666  -  MemoryUsage of job (MB)
	681492  -  ResidentSetSize of job (KB)
...
006 (2147377.000.000) 06/28 18:17:51 Image size of job updated: 1216268
	666  -  MemoryUsage of job (MB)
	681764  -  ResidentSetSize of job (KB)
...
006 (2147377.000.000) 06/28 18:22:51 Image size of job updated: 1216648
	667  -  MemoryUsage of job (MB)
	682092  -  ResidentSetSize of job (KB)
...
005 (2147377.000.000) 06/28 18:24:27 Job terminated.
	(1) Normal termination (return value 0)
		Usr 0 00:02:54, Sys 0 00:00:04  -  Run Remote Usage
		Usr 0 00:00:00, Sys 0 00:00:00  -  Run Local Usage
		Usr 0 00:02:54, Sys 0 00:00:04  -  Total Remote Usage
		Usr 0 00:00:00, Sys 0 00:00:00  -  Total Local Usage
	0  -  Run Bytes Sent By Job
	0  -  Run Bytes Received By Job
	0  -  Total Bytes Sent By Job
	0  -  Total Bytes Received By Job
	Partitionable Resources :    Usage  Request Allocated
	   Cpus                 :                 1         1
	   Disk (KB)            :        2        2  28376065
	   Memory (MB)          :      667        1      4033
...
