000 (2206164.000.000) 07/05 01:42:07 Job submitted from host: <192.168.1.109:9465>
...
001 (2206164.000.000) 07/05 01:42:23 Job executing on host: <192.168.1.54:9838>
...
006 (2206164.000.000) 07/05 01:42:31 Image size of job updated: 244444
	18  -  MemoryUsage of job (MB)
	17824  -  ResidentSetSize of job (KB)
...
006 (2206164.000.000) 07/05 01:47:31 Image size of job updated: 1216352
	668  -  MemoryUsage of job (MB)
	683596  -  ResidentSetSize of job (KB)
...
006 (2206164.000.000) 07/05 01:52:32 Image size of job updated: 1216352
	668  -  MemoryUsage of job (MB)
	683824  -  ResidentSetSize of job (KB)
...
006 (2206164.000.000) 07/05 01:57:32 Image size of job updated: 1216352
	669  -  MemoryUsage of job (MB)
	684056  -  ResidentSetSize of job (KB)
...
006 (2206164.000.000) 07/05 02:02:32 Image size of job updated: 1216496
	669  -  MemoryUsage of job (MB)
	684360  -  ResidentSetSize of job (KB)
...
006 (2206164.000.000) 07/05 02:04:03 Image size of job updated: 1216728
	669  -  MemoryUsage of job (MB)
	684360  -  ResidentSetSize of job (KB)
...
005 (2206164.000.000) 07/05 02:04:03 Job terminated.
	(1) Normal termination (return value 0)
		Usr 0 00:06:37, Sys 0 00:00:06  -  Run Remote Usage
		Usr 0 00:00:00, Sys 0 00:00:00  -  Run Local Usage
		Usr 0 00:06:37, Sys 0 00:00:06  -  Total Remote Usage
		Usr 0 00:00:00, Sys 0 00:00:00  -  Total Local Usage
	0  -  Run Bytes Sent By Job
	0  -  Run Bytes Received By Job
	0  -  Total Bytes Sent By Job
	0  -  Total Bytes Received By Job
	Partitionable Resources :    Usage  Request Allocated
	   Cpus                 :                 1         1
	   Disk (KB)            :        2        2  19290877
	   Memory (MB)          :      669        1      4029
...
