000 (2208113.000.000) 07/06 15:01:19 Job submitted from host: <192.168.1.109:9465>
...
001 (2208113.000.000) 07/06 15:16:46 Job executing on host: <192.168.1.68:9891>
...
006 (2208113.000.000) 07/06 15:16:55 Image size of job updated: 2
	3  -  MemoryUsage of job (MB)
	2168  -  ResidentSetSize of job (KB)
...
006 (2208113.000.000) 07/06 15:21:55 Image size of job updated: 1214020
	664  -  MemoryUsage of job (MB)
	679684  -  ResidentSetSize of job (KB)
...
006 (2208113.000.000) 07/06 15:26:56 Image size of job updated: 1214020
	665  -  MemoryUsage of job (MB)
	679992  -  ResidentSetSize of job (KB)
...
006 (2208113.000.000) 07/06 15:31:31 Image size of job updated: 1214400
	665  -  MemoryUsage of job (MB)
	679992  -  ResidentSetSize of job (KB)
...
005 (2208113.000.000) 07/06 15:31:31 Job terminated.
	(1) Normal termination (return value 0)
		Usr 0 00:07:00, Sys 0 00:00:07  -  Run Remote Usage
		Usr 0 00:00:00, Sys 0 00:00:00  -  Run Local Usage
		Usr 0 00:07:00, Sys 0 00:00:07  -  Total Remote Usage
		Usr 0 00:00:00, Sys 0 00:00:00  -  Total Local Usage
	0  -  Run Bytes Sent By Job
	0  -  Run Bytes Received By Job
	0  -  Total Bytes Sent By Job
	0  -  Total Bytes Received By Job
	Partitionable Resources :    Usage  Request Allocated
	   Cpus                 :                 1         1
	   Disk (KB)            :        2        2  19419029
	   Memory (MB)          :      665        1      4038
...
