000 (2211541.000.000) 07/09 20:53:28 Job submitted from host: <192.168.1.109:9465>
...
001 (2211541.000.000) 07/09 20:53:33 Job executing on host: <192.168.1.65:9296>
...
006 (2211541.000.000) 07/09 20:53:41 Image size of job updated: 2
	3  -  MemoryUsage of job (MB)
	2100  -  ResidentSetSize of job (KB)
...
006 (2211541.000.000) 07/09 20:58:41 Image size of job updated: 1214860
	591  -  MemoryUsage of job (MB)
	604240  -  ResidentSetSize of job (KB)
...
006 (2211541.000.000) 07/09 21:03:42 Image size of job updated: 1215004
	591  -  MemoryUsage of job (MB)
	604796  -  ResidentSetSize of job (KB)
...
006 (2211541.000.000) 07/09 21:04:31 Image size of job updated: 1215236
	591  -  MemoryUsage of job (MB)
	604796  -  ResidentSetSize of job (KB)
...
005 (2211541.000.000) 07/09 21:04:31 Job terminated.
	(1) Normal termination (return value 0)
		Usr 0 00:03:31, Sys 0 00:00:05  -  Run Remote Usage
		Usr 0 00:00:00, Sys 0 00:00:00  -  Run Local Usage
		Usr 0 00:03:31, Sys 0 00:00:05  -  Total Remote Usage
		Usr 0 00:00:00, Sys 0 00:00:00  -  Total Local Usage
	0  -  Run Bytes Sent By Job
	0  -  Run Bytes Received By Job
	0  -  Total Bytes Sent By Job
	0  -  Total Bytes Received By Job
	Partitionable Resources :    Usage  Request Allocated
	   Cpus                 :                 1         1
	   Disk (KB)            :        2        2  19514230
	   Memory (MB)          :      591        1      4033
...
