000 (2211542.016.000) 07/09 20:53:37 Job submitted from host: <192.168.1.109:9465>
...
001 (2211542.016.000) 07/09 20:53:55 Job executing on host: <192.168.1.65:9296>
...
006 (2211542.016.000) 07/09 20:54:03 Image size of job updated: 97476
	3  -  MemoryUsage of job (MB)
	2628  -  ResidentSetSize of job (KB)
...
006 (2211542.016.000) 07/09 20:55:59 Image size of job updated: 898656
	3  -  MemoryUsage of job (MB)
	2628  -  ResidentSetSize of job (KB)
...
005 (2211542.016.000) 07/09 20:55:59 Job terminated.
	(1) Normal termination (return value 0)
		Usr 0 00:00:12, Sys 0 00:00:00  -  Run Remote Usage
		Usr 0 00:00:00, Sys 0 00:00:00  -  Run Local Usage
		Usr 0 00:00:12, Sys 0 00:00:00  -  Total Remote Usage
		Usr 0 00:00:00, Sys 0 00:00:00  -  Total Local Usage
	0  -  Run Bytes Sent By Job
	0  -  Run Bytes Received By Job
	0  -  Total Bytes Sent By Job
	0  -  Total Bytes Received By Job
	Partitionable Resources :    Usage  Request Allocated
	   Cpus                 :                 1         1
	   Disk (KB)            :        2        2  19514230
	   Memory (MB)          :        3        1      4033
...
