000 (2139838.005.000) 06/25 17:06:41 Job submitted from host: <192.168.1.109:9465>
...
001 (2139838.005.000) 06/25 17:06:55 Job executing on host: <192.168.1.63:9838>
...
006 (2139838.005.000) 06/25 17:07:03 Image size of job updated: 425768
	195  -  MemoryUsage of job (MB)
	199156  -  ResidentSetSize of job (KB)
...
006 (2139838.005.000) 06/25 17:12:03 Image size of job updated: 1216772
	668  -  MemoryUsage of job (MB)
	683360  -  ResidentSetSize of job (KB)
...
006 (2139838.005.000) 06/25 17:17:03 Image size of job updated: 1216772
	840  -  MemoryUsage of job (MB)
	859880  -  ResidentSetSize of job (KB)
...
005 (2139838.005.000) 06/25 17:18:46 Job terminated.
	(1) Normal termination (return value 0)
		Usr 0 00:03:40, Sys 0 00:00:05  -  Run Remote Usage
		Usr 0 00:00:00, Sys 0 00:00:00  -  Run Local Usage
		Usr 0 00:03:40, Sys 0 00:00:05  -  Total Remote Usage
		Usr 0 00:00:00, Sys 0 00:00:00  -  Total Local Usage
	0  -  Run Bytes Sent By Job
	0  -  Run Bytes Received By Job
	0  -  Total Bytes Sent By Job
	0  -  Total Bytes Received By Job
	Partitionable Resources :    Usage  Request Allocated
	   Cpus                 :                 1         1
	   Disk (KB)            :        2        2  19562820
	   Memory (MB)          :      840        1      4033
...
