000 (2144552.005.000) 06/28 00:53:43 Job submitted from host: <192.168.1.109:9465>
...
001 (2144552.005.000) 06/28 00:54:11 Job executing on host: <192.168.1.48:9996>
...
006 (2144552.005.000) 06/28 00:54:20 Image size of job updated: 97476
	13  -  MemoryUsage of job (MB)
	13204  -  ResidentSetSize of job (KB)
...
006 (2144552.005.000) 06/28 00:59:20 Image size of job updated: 1215128
	655  -  MemoryUsage of job (MB)
	669832  -  ResidentSetSize of job (KB)
...
006 (2144552.005.000) 06/28 01:04:20 Image size of job updated: 1217624
	667  -  MemoryUsage of job (MB)
	682344  -  ResidentSetSize of job (KB)
...
006 (2144552.005.000) 06/28 01:09:21 Image size of job updated: 1217624
	667  -  MemoryUsage of job (MB)
	682572  -  ResidentSetSize of job (KB)
...
006 (2144552.005.000) 06/28 01:14:21 Image size of job updated: 1217624
	667  -  MemoryUsage of job (MB)
	682752  -  ResidentSetSize of job (KB)
...
006 (2144552.005.000) 06/28 01:19:21 Image size of job updated: 1217624
	668  -  MemoryUsage of job (MB)
	683040  -  ResidentSetSize of job (KB)
...
006 (2144552.005.000) 06/28 01:24:22 Image size of job updated: 1217624
	668  -  MemoryUsage of job (MB)
	683152  -  ResidentSetSize of job (KB)
...
006 (2144552.005.000) 06/28 01:29:22 Image size of job updated: 1217624
	668  -  MemoryUsage of job (MB)
	683232  -  ResidentSetSize of job (KB)
...
005 (2144552.005.000) 06/28 01:32:17 Job terminated.
	(1) Normal termination (return value 0)
		Usr 0 00:02:27, Sys 0 00:00:05  -  Run Remote Usage
		Usr 0 00:00:00, Sys 0 00:00:00  -  Run Local Usage
		Usr 0 00:02:27, Sys 0 00:00:05  -  Total Remote Usage
		Usr 0 00:00:00, Sys 0 00:00:00  -  Total Local Usage
	0  -  Run Bytes Sent By Job
	0  -  Run Bytes Received By Job
	0  -  Total Bytes Sent By Job
	0  -  Total Bytes Received By Job
	Partitionable Resources :    Usage  Request Allocated
	   Cpus                 :                 1         1
	   Disk (KB)            :        2        2  28380157
	   Memory (MB)          :      668        1      4033
...
