000 (2144544.005.000) 06/28 00:26:57 Job submitted from host: <192.168.1.109:9465>
...
001 (2144544.005.000) 06/28 00:27:14 Job executing on host: <192.168.1.49:9613>
...
006 (2144544.005.000) 06/28 00:27:23 Image size of job updated: 97476
	3  -  MemoryUsage of job (MB)
	2184  -  ResidentSetSize of job (KB)
...
006 (2144544.005.000) 06/28 00:31:06 Image size of job updated: 366000
	3  -  MemoryUsage of job (MB)
	2184  -  ResidentSetSize of job (KB)
...
005 (2144544.005.000) 06/28 00:31:06 Job terminated.
	(1) Normal termination (return value 6)
		Usr 0 00:00:01, Sys 0 00:00:00  -  Run Remote Usage
		Usr 0 00:00:00, Sys 0 00:00:00  -  Run Local Usage
		Usr 0 00:00:01, Sys 0 00:00:00  -  Total Remote Usage
		Usr 0 00:00:00, Sys 0 00:00:00  -  Total Local Usage
	0  -  Run Bytes Sent By Job
	0  -  Run Bytes Received By Job
	0  -  Total Bytes Sent By Job
	0  -  Total Bytes Received By Job
	Partitionable Resources :    Usage  Request Allocated
	   Cpus                 :                 1         1
	   Disk (KB)            :        2        2  28379595
	   Memory (MB)          :        3        1      4033
...
