000 (2147377.005.000) 06/28 17:57:27 Job submitted from host: <192.168.1.109:9465>
...
001 (2147377.005.000) 06/28 17:58:05 Job executing on host: <192.168.1.48:9996>
...
006 (2147377.005.000) 06/28 17:58:15 Image size of job updated: 428080
	196  -  MemoryUsage of job (MB)
	199812  -  ResidentSetSize of job (KB)
...
006 (2147377.005.000) 06/28 18:03:15 Image size of job updated: 1219080
	668  -  MemoryUsage of job (MB)
	683868  -  ResidentSetSize of job (KB)
...
006 (2147377.005.000) 06/28 18:08:15 Image size of job updated: 1219080
	669  -  MemoryUsage of job (MB)
	684236  -  ResidentSetSize of job (KB)
...
006 (2147377.005.000) 06/28 18:13:16 Image size of job updated: 1219080
	669  -  MemoryUsage of job (MB)
	684680  -  ResidentSetSize of job (KB)
...
005 (2147377.005.000) 06/28 18:14:39 Job terminated.
	(1) Normal termination (return value 0)
		Usr 0 00:02:19, Sys 0 00:00:04  -  Run Remote Usage
		Usr 0 00:00:00, Sys 0 00:00:00  -  Run Local Usage
		Usr 0 00:02:19, Sys 0 00:00:04  -  Total Remote Usage
		Usr 0 00:00:00, Sys 0 00:00:00  -  Total Local Usage
	0  -  Run Bytes Sent By Job
	0  -  Run Bytes Received By Job
	0  -  Total Bytes Sent By Job
	0  -  Total Bytes Received By Job
	Partitionable Resources :    Usage  Request Allocated
	   Cpus                 :                 1         1
	   Disk (KB)            :        2        2  28374071
	   Memory (MB)          :      669        1      4033
...
