000 (2206164.005.000) 07/05 01:42:07 Job submitted from host: <192.168.1.109:9465>
...
001 (2206164.005.000) 07/05 01:42:23 Job executing on host: <192.168.1.64:9545>
...
006 (2206164.005.000) 07/05 01:42:32 Image size of job updated: 321144
	87  -  MemoryUsage of job (MB)
	88664  -  ResidentSetSize of job (KB)
...
006 (2206164.005.000) 07/05 01:47:33 Image size of job updated: 1219168
	671  -  MemoryUsage of job (MB)
	686640  -  ResidentSetSize of job (KB)
...
006 (2206164.005.000) 07/05 01:52:33 Image size of job updated: 1219168
	672  -  MemoryUsage of job (MB)
	687172  -  ResidentSetSize of job (KB)
...
006 (2206164.005.000) 07/05 01:57:33 Image size of job updated: 1219168
	672  -  MemoryUsage of job (MB)
	687312  -  ResidentSetSize of job (KB)
...
005 (2206164.005.000) 07/05 01:59:44 Job terminated.
	(1) Normal termination (return value 0)
		Usr 0 00:05:56, Sys 0 00:00:05  -  Run Remote Usage
		Usr 0 00:00:00, Sys 0 00:00:00  -  Run Local Usage
		Usr 0 00:05:56, Sys 0 00:00:05  -  Total Remote Usage
		Usr 0 00:00:00, Sys 0 00:00:00  -  Total Local Usage
	0  -  Run Bytes Sent By Job
	0  -  Run Bytes Received By Job
	0  -  Total Bytes Sent By Job
	0  -  Total Bytes Received By Job
	Partitionable Resources :    Usage  Request Allocated
	   Cpus                 :                 1         1
	   Disk (KB)            :        2        2  19563652
	   Memory (MB)          :      672        1      4033
...
