000 (2208113.005.000) 07/06 15:01:19 Job submitted from host: <192.168.1.109:9465>
...
001 (2208113.005.000) 07/06 15:17:16 Job executing on host: <192.168.1.62:9288>
...
006 (2208113.005.000) 07/06 15:17:25 Image size of job updated: 2
	3  -  MemoryUsage of job (MB)
	2096  -  ResidentSetSize of job (KB)
...
006 (2208113.005.000) 07/06 15:22:26 Image size of job updated: 1216836
	669  -  MemoryUsage of job (MB)
	685044  -  ResidentSetSize of job (KB)
...
006 (2208113.005.000) 07/06 15:27:26 Image size of job updated: 1216836
	670  -  MemoryUsage of job (MB)
	685524  -  ResidentSetSize of job (KB)
...
005 (2208113.005.000) 07/06 15:29:05 Job terminated.
	(1) Normal termination (return value 0)
		Usr 0 00:07:10, Sys 0 00:00:08  -  Run Remote Usage
		Usr 0 00:00:00, Sys 0 00:00:00  -  Run Local Usage
		Usr 0 00:07:10, Sys 0 00:00:08  -  Total Remote Usage
		Usr 0 00:00:00, Sys 0 00:00:00  -  Total Local Usage
	0  -  Run Bytes Sent By Job
	0  -  Run Bytes Received By Job
	0  -  Total Bytes Sent By Job
	0  -  Total Bytes Received By Job
	Partitionable Resources :    Usage  Request Allocated
	   Cpus                 :                 1         1
	   Disk (KB)            :        2        2  18510636
	   Memory (MB)          :      670        1      4029
...
