/cvmfs/cms.cern.ch
DYJetsToLL_M-50_TuneCUETP8M1_13TeV-amcatnloFXFX-pythia8_ext2

Processing /cms/mchristos/ANN/Seesaw/2016/92X/TMVAskims/outFiles/Seesaw_Application_1/Background/DYJetsToLL_M-50_TuneCUETP8M1_13TeV-amcatnloFXFX-pythia8_ext2/Seesaw_Application_bg.C...

==> Start TMVAClassificationApplication
                         : Booking "BDTG method" of type "BDT" from /cms/mchristos/ANN/Seesaw/2016/92X/TMVAskims/dl/weights/92X_Seesaw_4L_trans_Gaussian.weights.xml.
<HEADER> DataSetInfo              : [Default] : Added class "Signal"
<HEADER> DataSetInfo              : [Default] : Added class "Background"
                         : Booked classifier "Gaussian" of type: "BDT"
--- TMVAClassificationApp    : Using input file: /cms/mchristos/ANN/Seesaw/2016/92X/TMVAskims/pyPlotter/Backgrounds/DYJetsToLL_M-50_TuneCUETP8M1_13TeV-amcatnloFXFX-pythia8_ext2/analysisTree.root
--- Select Background sample
--- Processing: 7083 events
--- ... Processing event: 0
--- ... Processing event: 1000
--- ... Processing event: 2000
--- ... Processing event: 3000
--- ... Processing event: 4000
--- ... Processing event: 5000
--- ... Processing event: 6000
--- ... Processing event: 7000
--- End of event loop: Real time 0:01:30, CP time 51.490
Printing out all passed events... 
BDT: 
248	 passed events
==> TMVAClassificationApplication is done!

