000 (2208111.043.000) 07/06 15:00:50 Job submitted from host: <192.168.1.109:9465>
...
001 (2208111.043.000) 07/06 15:14:38 Job executing on host: <192.168.1.49:9716>
...
006 (2208111.043.000) 07/06 15:14:45 Image size of job updated: 911120
	0  -  MemoryUsage of job (MB)
	0  -  ResidentSetSize of job (KB)
...
005 (2208111.043.000) 07/06 15:14:45 Job terminated.
	(1) Normal termination (return value 0)
		Usr 0 00:00:02, Sys 0 00:00:00  -  Run Remote Usage
		Usr 0 00:00:00, Sys 0 00:00:00  -  Run Local Usage
		Usr 0 00:00:02, Sys 0 00:00:00  -  Total Remote Usage
		Usr 0 00:00:00, Sys 0 00:00:00  -  Total Local Usage
	0  -  Run Bytes Sent By Job
	0  -  Run Bytes Received By Job
	0  -  Total Bytes Sent By Job
	0  -  Total Bytes Received By Job
	Partitionable Resources :    Usage  Request Allocated
	   Cpus                 :                 1         1
	   Disk (KB)            :        2        2  27644302
	   Memory (MB)          :        0        1      4033
...
