000 (2144545.007.000) 06/28 00:35:35 Job submitted from host: <192.168.1.109:9465>
...
001 (2144545.007.000) 06/28 00:36:03 Job executing on host: <192.168.1.47:9610>
...
006 (2144545.007.000) 06/28 00:36:12 Image size of job updated: 97472
	7  -  MemoryUsage of job (MB)
	6840  -  ResidentSetSize of job (KB)
...
006 (2144545.007.000) 06/28 00:36:37 Image size of job updated: 281356
	7  -  MemoryUsage of job (MB)
	6840  -  ResidentSetSize of job (KB)
...
005 (2144545.007.000) 06/28 00:36:37 Job terminated.
	(1) Normal termination (return value 6)
		Usr 0 00:00:00, Sys 0 00:00:00  -  Run Remote Usage
		Usr 0 00:00:00, Sys 0 00:00:00  -  Run Local Usage
		Usr 0 00:00:00, Sys 0 00:00:00  -  Total Remote Usage
		Usr 0 00:00:00, Sys 0 00:00:00  -  Total Local Usage
	0  -  Run Bytes Sent By Job
	0  -  Run Bytes Received By Job
	0  -  Total Bytes Sent By Job
	0  -  Total Bytes Received By Job
	Partitionable Resources :    Usage  Request Allocated
	   Cpus                 :                 1         1
	   Disk (KB)            :        2        2  28380221
	   Memory (MB)          :        7        1      4033
...
