000 (2206160.007.000) 07/05 01:40:21 Job submitted from host: <192.168.1.109:9465>
...
001 (2206160.007.000) 07/05 01:40:37 Job executing on host: <192.168.1.54:9838>
...
006 (2206160.007.000) 07/05 01:40:45 Image size of job updated: 244576
	18  -  MemoryUsage of job (MB)
	17972  -  ResidentSetSize of job (KB)
...
006 (2206160.007.000) 07/05 01:42:23 Image size of job updated: 975980
	18  -  MemoryUsage of job (MB)
	17972  -  ResidentSetSize of job (KB)
...
005 (2206160.007.000) 07/05 01:42:23 Job terminated.
	(1) Normal termination (return value 0)
		Usr 0 00:00:14, Sys 0 00:00:00  -  Run Remote Usage
		Usr 0 00:00:00, Sys 0 00:00:00  -  Run Local Usage
		Usr 0 00:00:14, Sys 0 00:00:00  -  Total Remote Usage
		Usr 0 00:00:00, Sys 0 00:00:00  -  Total Local Usage
	0  -  Run Bytes Sent By Job
	0  -  Run Bytes Received By Job
	0  -  Total Bytes Sent By Job
	0  -  Total Bytes Received By Job
	Partitionable Resources :    Usage  Request Allocated
	   Cpus                 :                 1         1
	   Disk (KB)            :        2        2  19294175
	   Memory (MB)          :       18        1      4029
...
