000 (2144549.011.000) 06/28 00:53:25 Job submitted from host: <192.168.1.109:9465>
...
001 (2144549.011.000) 06/28 00:53:45 Job executing on host: <192.168.1.66:9099>
...
006 (2144549.011.000) 06/28 00:53:54 Image size of job updated: 97468
	13  -  MemoryUsage of job (MB)
	13200  -  ResidentSetSize of job (KB)
...
006 (2144549.011.000) 06/28 00:58:52 Image size of job updated: 1068772
	13  -  MemoryUsage of job (MB)
	13200  -  ResidentSetSize of job (KB)
...
005 (2144549.011.000) 06/28 00:58:52 Job terminated.
	(1) Normal termination (return value 0)
		Usr 0 00:00:41, Sys 0 00:00:02  -  Run Remote Usage
		Usr 0 00:00:00, Sys 0 00:00:00  -  Run Local Usage
		Usr 0 00:00:41, Sys 0 00:00:02  -  Total Remote Usage
		Usr 0 00:00:00, Sys 0 00:00:00  -  Total Local Usage
	0  -  Run Bytes Sent By Job
	0  -  Run Bytes Received By Job
	0  -  Total Bytes Sent By Job
	0  -  Total Bytes Received By Job
	Partitionable Resources :    Usage  Request Allocated
	   Cpus                 :                 1         1
	   Disk (KB)            :        2        2  19564506
	   Memory (MB)          :       13        1      4033
...
