/cvmfs/cms.cern.ch
WZTo2L2Q_13TeV_amcatnloFXFX_madspin_pythia8

Processing /cms/mchristos/ANN/Seesaw/2016/92X/TMVAskims/outFiles/Seesaw_Application_1/Background/WZTo2L2Q_13TeV_amcatnloFXFX_madspin_pythia8/Seesaw_Application_bg.C...

==> Start TMVAClassificationApplication
                         : Booking "BDTG method" of type "BDT" from /cms/mchristos/ANN/Seesaw/2016/92X/TMVAskims/dl/weights/92X_Seesaw_optimized1_a_BDT2.weights.xml.
<HEADER> DataSetInfo              : [Default] : Added class "Signal"
<HEADER> DataSetInfo              : [Default] : Added class "Background"
                         : Booked classifier "BDT2" of type: "BDT"
--- TMVAClassificationApp    : Using input file: /cms/mchristos/ANN/Seesaw/2016/92X/TMVAskims/pyPlotter/Backgrounds/WZTo2L2Q_13TeV_amcatnloFXFX_madspin_pythia8/analysisTree.root
--- Select Background sample
--- Processing: 6435 events
--- ... Processing event: 0
--- ... Processing event: 1000
--- ... Processing event: 2000
--- ... Processing event: 3000
--- ... Processing event: 4000
--- ... Processing event: 5000
--- ... Processing event: 6000
--- End of event loop: Real time 0:06:06, CP time 20.580
Printing out all passed events... 
BDT: 
1394	 passed events
==> TMVAClassificationApplication is done!

