000 (2147374.019.000) 06/28 17:57:02 Job submitted from host: <192.168.1.109:9465>
...
001 (2147374.019.000) 06/28 17:57:12 Job executing on host: <192.168.1.47:9610>
...
006 (2147374.019.000) 06/28 17:57:20 Image size of job updated: 335508
	109  -  MemoryUsage of job (MB)
	111208  -  ResidentSetSize of job (KB)
...
006 (2147374.019.000) 06/28 17:57:40 Image size of job updated: 997300
	109  -  MemoryUsage of job (MB)
	111208  -  ResidentSetSize of job (KB)
...
005 (2147374.019.000) 06/28 17:57:41 Job terminated.
	(1) Normal termination (return value 0)
		Usr 0 00:00:07, Sys 0 00:00:00  -  Run Remote Usage
		Usr 0 00:00:00, Sys 0 00:00:00  -  Run Local Usage
		Usr 0 00:00:07, Sys 0 00:00:00  -  Total Remote Usage
		Usr 0 00:00:00, Sys 0 00:00:00  -  Total Local Usage
	0  -  Run Bytes Sent By Job
	0  -  Run Bytes Received By Job
	0  -  Total Bytes Sent By Job
	0  -  Total Bytes Received By Job
	Partitionable Resources :    Usage  Request Allocated
	   Cpus                 :                 1         1
	   Disk (KB)            :        2        2  28376065
	   Memory (MB)          :      109        1      4033
...
