000 (2144549.029.000) 06/28 00:53:25 Job submitted from host: <192.168.1.109:9465>
...
001 (2144549.029.000) 06/28 00:53:45 Job executing on host: <192.168.1.65:9296>
...
006 (2144549.029.000) 06/28 00:53:54 Image size of job updated: 75664
	3  -  MemoryUsage of job (MB)
	2060  -  ResidentSetSize of job (KB)
...
006 (2144549.029.000) 06/28 00:58:55 Image size of job updated: 968604
	571  -  MemoryUsage of job (MB)
	584624  -  ResidentSetSize of job (KB)
...
006 (2144549.029.000) 06/28 01:03:55 Image size of job updated: 968604
	574  -  MemoryUsage of job (MB)
	587180  -  ResidentSetSize of job (KB)
...
006 (2144549.029.000) 06/28 01:08:55 Image size of job updated: 968604
	574  -  MemoryUsage of job (MB)
	587476  -  ResidentSetSize of job (KB)
...
006 (2144549.029.000) 06/28 01:13:56 Image size of job updated: 969560
	575  -  MemoryUsage of job (MB)
	587784  -  ResidentSetSize of job (KB)
...
006 (2144549.029.000) 06/28 01:18:56 Image size of job updated: 970660
	575  -  MemoryUsage of job (MB)
	588584  -  ResidentSetSize of job (KB)
...
006 (2144549.029.000) 06/28 01:23:56 Image size of job updated: 971744
	576  -  MemoryUsage of job (MB)
	589368  -  ResidentSetSize of job (KB)
...
006 (2144549.029.000) 06/28 01:28:57 Image size of job updated: 973004
	577  -  MemoryUsage of job (MB)
	590260  -  ResidentSetSize of job (KB)
...
006 (2144549.029.000) 06/28 01:33:58 Image size of job updated: 974084
	578  -  MemoryUsage of job (MB)
	591004  -  ResidentSetSize of job (KB)
...
006 (2144549.029.000) 06/28 01:35:00 Image size of job updated: 974264
	578  -  MemoryUsage of job (MB)
	591004  -  ResidentSetSize of job (KB)
...
005 (2144549.029.000) 06/28 01:35:00 Job terminated.
	(1) Normal termination (return value 0)
		Usr 0 00:10:19, Sys 0 00:00:15  -  Run Remote Usage
		Usr 0 00:00:00, Sys 0 00:00:00  -  Run Local Usage
		Usr 0 00:10:19, Sys 0 00:00:15  -  Total Remote Usage
		Usr 0 00:00:00, Sys 0 00:00:00  -  Total Local Usage
	0  -  Run Bytes Sent By Job
	0  -  Run Bytes Received By Job
	0  -  Total Bytes Sent By Job
	0  -  Total Bytes Received By Job
	Partitionable Resources :    Usage  Request Allocated
	   Cpus                 :                 1         1
	   Disk (KB)            :        2        2  19562848
	   Memory (MB)          :      578        1      4033
...
