000 (2147375.029.000) 06/28 17:57:16 Job submitted from host: <192.168.1.109:9465>
...
001 (2147375.029.000) 06/28 17:57:40 Job executing on host: <192.168.1.47:9610>
...
006 (2147375.029.000) 06/28 17:57:49 Image size of job updated: 76852
	3  -  MemoryUsage of job (MB)
	2500  -  ResidentSetSize of job (KB)
...
006 (2147375.029.000) 06/28 18:02:50 Image size of job updated: 950296
	527  -  MemoryUsage of job (MB)
	539196  -  ResidentSetSize of job (KB)
...
006 (2147375.029.000) 06/28 18:07:51 Image size of job updated: 969836
	564  -  MemoryUsage of job (MB)
	576836  -  ResidentSetSize of job (KB)
...
006 (2147375.029.000) 06/28 18:12:51 Image size of job updated: 969836
	567  -  MemoryUsage of job (MB)
	579808  -  ResidentSetSize of job (KB)
...
006 (2147375.029.000) 06/28 18:17:52 Image size of job updated: 969836
	663  -  MemoryUsage of job (MB)
	678828  -  ResidentSetSize of job (KB)
...
006 (2147375.029.000) 06/28 18:22:53 Image size of job updated: 970236
	664  -  MemoryUsage of job (MB)
	679260  -  ResidentSetSize of job (KB)
...
006 (2147375.029.000) 06/28 18:27:53 Image size of job updated: 971344
	664  -  MemoryUsage of job (MB)
	679544  -  ResidentSetSize of job (KB)
...
006 (2147375.029.000) 06/28 18:32:54 Image size of job updated: 972796
	665  -  MemoryUsage of job (MB)
	680564  -  ResidentSetSize of job (KB)
...
006 (2147375.029.000) 06/28 18:37:55 Image size of job updated: 974776
	666  -  MemoryUsage of job (MB)
	681916  -  ResidentSetSize of job (KB)
...
006 (2147375.029.000) 06/28 18:39:48 Image size of job updated: 975660
	666  -  MemoryUsage of job (MB)
	681916  -  ResidentSetSize of job (KB)
...
005 (2147375.029.000) 06/28 18:39:48 Job terminated.
	(1) Normal termination (return value 0)
		Usr 0 00:03:45, Sys 0 00:00:07  -  Run Remote Usage
		Usr 0 00:00:00, Sys 0 00:00:00  -  Run Local Usage
		Usr 0 00:03:45, Sys 0 00:00:07  -  Total Remote Usage
		Usr 0 00:00:00, Sys 0 00:00:00  -  Total Local Usage
	0  -  Run Bytes Sent By Job
	0  -  Run Bytes Received By Job
	0  -  Total Bytes Sent By Job
	0  -  Total Bytes Received By Job
	Partitionable Resources :    Usage  Request Allocated
	   Cpus                 :                 1         1
	   Disk (KB)            :        2        2  28376617
	   Memory (MB)          :      666        1      4033
...
