000 (2206162.030.000) 07/05 01:41:56 Job submitted from host: <192.168.1.109:9465>
...
001 (2206162.030.000) 07/05 01:42:01 Job executing on host: <192.168.1.64:9545>
...
006 (2206162.030.000) 07/05 01:42:10 Image size of job updated: 378064
	115  -  MemoryUsage of job (MB)
	116768  -  ResidentSetSize of job (KB)
...
006 (2206162.030.000) 07/05 01:47:11 Image size of job updated: 955308
	491  -  MemoryUsage of job (MB)
	502364  -  ResidentSetSize of job (KB)
...
006 (2206162.030.000) 07/05 01:52:12 Image size of job updated: 955308
	494  -  MemoryUsage of job (MB)
	505192  -  ResidentSetSize of job (KB)
...
006 (2206162.030.000) 07/05 01:57:12 Image size of job updated: 956624
	570  -  MemoryUsage of job (MB)
	583280  -  ResidentSetSize of job (KB)
...
006 (2206162.030.000) 07/05 02:02:12 Image size of job updated: 958616
	595  -  MemoryUsage of job (MB)
	608288  -  ResidentSetSize of job (KB)
...
006 (2206162.030.000) 07/05 02:06:00 Image size of job updated: 960776
	595  -  MemoryUsage of job (MB)
	608288  -  ResidentSetSize of job (KB)
...
005 (2206162.030.000) 07/05 02:06:00 Job terminated.
	(1) Normal termination (return value 0)
		Usr 0 00:06:17, Sys 0 00:00:08  -  Run Remote Usage
		Usr 0 00:00:00, Sys 0 00:00:00  -  Run Local Usage
		Usr 0 00:06:17, Sys 0 00:00:08  -  Total Remote Usage
		Usr 0 00:00:00, Sys 0 00:00:00  -  Total Local Usage
	0  -  Run Bytes Sent By Job
	0  -  Run Bytes Received By Job
	0  -  Total Bytes Sent By Job
	0  -  Total Bytes Received By Job
	Partitionable Resources :    Usage  Request Allocated
	   Cpus                 :                 1         1
	   Disk (KB)            :        2        2  19563652
	   Memory (MB)          :      595        1      4033
...
