000 (2211539.030.000) 07/09 20:53:17 Job submitted from host: <192.168.1.109:9465>
...
001 (2211539.030.000) 07/09 20:53:31 Job executing on host: <192.168.1.65:9296>
...
006 (2211539.030.000) 07/09 20:53:40 Image size of job updated: 78696
	7  -  MemoryUsage of job (MB)
	6824  -  ResidentSetSize of job (KB)
...
006 (2211539.030.000) 07/09 20:58:41 Image size of job updated: 968432
	503  -  MemoryUsage of job (MB)
	514872  -  ResidentSetSize of job (KB)
...
006 (2211539.030.000) 07/09 21:03:41 Image size of job updated: 969204
	506  -  MemoryUsage of job (MB)
	517928  -  ResidentSetSize of job (KB)
...
006 (2211539.030.000) 07/09 21:08:41 Image size of job updated: 971572
	595  -  MemoryUsage of job (MB)
	609260  -  ResidentSetSize of job (KB)
...
006 (2211539.030.000) 07/09 21:12:38 Image size of job updated: 974252
	595  -  MemoryUsage of job (MB)
	609260  -  ResidentSetSize of job (KB)
...
005 (2211539.030.000) 07/09 21:12:38 Job terminated.
	(1) Normal termination (return value 0)
		Usr 0 00:05:06, Sys 0 00:00:08  -  Run Remote Usage
		Usr 0 00:00:00, Sys 0 00:00:00  -  Run Local Usage
		Usr 0 00:05:06, Sys 0 00:00:08  -  Total Remote Usage
		Usr 0 00:00:00, Sys 0 00:00:00  -  Total Local Usage
	0  -  Run Bytes Sent By Job
	0  -  Run Bytes Received By Job
	0  -  Total Bytes Sent By Job
	0  -  Total Bytes Received By Job
	Partitionable Resources :    Usage  Request Allocated
	   Cpus                 :                 1         1
	   Disk (KB)            :        2        2  19514231
	   Memory (MB)          :      595        1      4033
...
