000 (2139834.012.000) 06/25 17:04:43 Job submitted from host: <192.168.1.109:9465>
...
001 (2139834.012.000) 06/25 17:05:02 Job executing on host: <192.168.1.64:9545>
...
006 (2139834.012.000) 06/25 17:05:11 Image size of job updated: 266360
	55  -  MemoryUsage of job (MB)
	56060  -  ResidentSetSize of job (KB)
...
006 (2139834.012.000) 06/25 17:10:12 Image size of job updated: 1092068
	641  -  MemoryUsage of job (MB)
	656220  -  ResidentSetSize of job (KB)
...
006 (2139834.012.000) 06/25 17:11:18 Image size of job updated: 1092232
	641  -  MemoryUsage of job (MB)
	656220  -  ResidentSetSize of job (KB)
...
005 (2139834.012.000) 06/25 17:11:18 Job terminated.
	(1) Normal termination (return value 0)
		Usr 0 00:01:46, Sys 0 00:00:02  -  Run Remote Usage
		Usr 0 00:00:00, Sys 0 00:00:00  -  Run Local Usage
		Usr 0 00:01:46, Sys 0 00:00:02  -  Total Remote Usage
		Usr 0 00:00:00, Sys 0 00:00:00  -  Total Local Usage
	0  -  Run Bytes Sent By Job
	0  -  Run Bytes Received By Job
	0  -  Total Bytes Sent By Job
	0  -  Total Bytes Received By Job
	Partitionable Resources :    Usage  Request Allocated
	   Cpus                 :                 1         1
	   Disk (KB)            :        2        2  19564235
	   Memory (MB)          :      641        1      4033
...
