000 (2144549.012.000) 06/28 00:53:25 Job submitted from host: <192.168.1.109:9465>
...
001 (2144549.012.000) 06/28 00:54:12 Job executing on host: <192.168.1.48:9996>
...
006 (2144549.012.000) 06/28 00:54:21 Image size of job updated: 97476
	13  -  MemoryUsage of job (MB)
	13208  -  ResidentSetSize of job (KB)
...
006 (2144549.012.000) 06/28 00:59:22 Image size of job updated: 1076296
	623  -  MemoryUsage of job (MB)
	637704  -  ResidentSetSize of job (KB)
...
006 (2144549.012.000) 06/28 01:04:23 Image size of job updated: 1093112
	665  -  MemoryUsage of job (MB)
	680108  -  ResidentSetSize of job (KB)
...
006 (2144549.012.000) 06/28 01:09:23 Image size of job updated: 1093300
	667  -  MemoryUsage of job (MB)
	681996  -  ResidentSetSize of job (KB)
...
006 (2144549.012.000) 06/28 01:14:24 Image size of job updated: 1093300
	667  -  MemoryUsage of job (MB)
	682752  -  ResidentSetSize of job (KB)
...
006 (2144549.012.000) 06/28 01:19:25 Image size of job updated: 1093300
	667  -  MemoryUsage of job (MB)
	682856  -  ResidentSetSize of job (KB)
...
005 (2144549.012.000) 06/28 01:21:09 Job terminated.
	(1) Normal termination (return value 0)
		Usr 0 00:01:03, Sys 0 00:00:03  -  Run Remote Usage
		Usr 0 00:00:00, Sys 0 00:00:00  -  Run Local Usage
		Usr 0 00:01:03, Sys 0 00:00:03  -  Total Remote Usage
		Usr 0 00:00:00, Sys 0 00:00:00  -  Total Local Usage
	0  -  Run Bytes Sent By Job
	0  -  Run Bytes Received By Job
	0  -  Total Bytes Sent By Job
	0  -  Total Bytes Received By Job
	Partitionable Resources :    Usage  Request Allocated
	   Cpus                 :                 1         1
	   Disk (KB)            :        2        2  28380157
	   Memory (MB)          :      667        1      4033
...
