000 (2147375.012.000) 06/28 17:57:16 Job submitted from host: <192.168.1.109:9465>
...
001 (2147375.012.000) 06/28 17:57:37 Job executing on host: <192.168.1.51:9757>
...
006 (2147375.012.000) 06/28 17:57:46 Image size of job updated: 97468
	3  -  MemoryUsage of job (MB)
	2180  -  ResidentSetSize of job (KB)
...
006 (2147375.012.000) 06/28 18:02:47 Image size of job updated: 1087768
	641  -  MemoryUsage of job (MB)
	656160  -  ResidentSetSize of job (KB)
...
006 (2147375.012.000) 06/28 18:07:47 Image size of job updated: 1094776
	668  -  MemoryUsage of job (MB)
	683488  -  ResidentSetSize of job (KB)
...
006 (2147375.012.000) 06/28 18:12:47 Image size of job updated: 1094776
	669  -  MemoryUsage of job (MB)
	684232  -  ResidentSetSize of job (KB)
...
006 (2147375.012.000) 06/28 18:16:36 Image size of job updated: 1094940
	669  -  MemoryUsage of job (MB)
	684232  -  ResidentSetSize of job (KB)
...
005 (2147375.012.000) 06/28 18:16:36 Job terminated.
	(1) Normal termination (return value 0)
		Usr 0 00:01:14, Sys 0 00:00:02  -  Run Remote Usage
		Usr 0 00:00:00, Sys 0 00:00:00  -  Run Local Usage
		Usr 0 00:01:14, Sys 0 00:00:02  -  Total Remote Usage
		Usr 0 00:00:00, Sys 0 00:00:00  -  Total Local Usage
	0  -  Run Bytes Sent By Job
	0  -  Run Bytes Received By Job
	0  -  Total Bytes Sent By Job
	0  -  Total Bytes Received By Job
	Partitionable Resources :    Usage  Request Allocated
	   Cpus                 :                 1         1
	   Disk (KB)            :        2        2  28376534
	   Memory (MB)          :      669        1      4033
...
