000 (2206162.012.000) 07/05 01:41:56 Job submitted from host: <192.168.1.109:9465>
...
001 (2206162.012.000) 07/05 01:42:00 Job executing on host: <192.168.1.50:9343>
...
006 (2206162.012.000) 07/05 01:42:09 Image size of job updated: 414940
	142  -  MemoryUsage of job (MB)
	145376  -  ResidentSetSize of job (KB)
...
006 (2206162.012.000) 07/05 01:47:10 Image size of job updated: 1079828
	583  -  MemoryUsage of job (MB)
	596692  -  ResidentSetSize of job (KB)
...
006 (2206162.012.000) 07/05 01:50:21 Image size of job updated: 1079992
	583  -  MemoryUsage of job (MB)
	596692  -  ResidentSetSize of job (KB)
...
005 (2206162.012.000) 07/05 01:50:21 Job terminated.
	(1) Normal termination (return value 0)
		Usr 0 00:00:54, Sys 0 00:00:02  -  Run Remote Usage
		Usr 0 00:00:00, Sys 0 00:00:00  -  Run Local Usage
		Usr 0 00:00:54, Sys 0 00:00:02  -  Total Remote Usage
		Usr 0 00:00:00, Sys 0 00:00:00  -  Total Local Usage
	0  -  Run Bytes Sent By Job
	0  -  Run Bytes Received By Job
	0  -  Total Bytes Sent By Job
	0  -  Total Bytes Received By Job
	Partitionable Resources :    Usage  Request Allocated
	   Cpus                 :                 1         1
	   Disk (KB)            :        2        2  28380270
	   Memory (MB)          :      583        1      4033
...
