000 (2208111.012.000) 07/06 15:00:49 Job submitted from host: <192.168.1.109:9465>
...
001 (2208111.012.000) 07/06 15:10:15 Job executing on host: <192.168.1.68:9891>
...
006 (2208111.012.000) 07/06 15:10:23 Image size of job updated: 2
	3  -  MemoryUsage of job (MB)
	2168  -  ResidentSetSize of job (KB)
...
006 (2208111.012.000) 07/06 15:15:23 Image size of job updated: 1091644
	592  -  MemoryUsage of job (MB)
	605840  -  ResidentSetSize of job (KB)
...
005 (2208111.012.000) 07/06 15:16:27 Job terminated.
	(1) Normal termination (return value 0)
		Usr 0 00:03:35, Sys 0 00:00:04  -  Run Remote Usage
		Usr 0 00:00:00, Sys 0 00:00:00  -  Run Local Usage
		Usr 0 00:03:35, Sys 0 00:00:04  -  Total Remote Usage
		Usr 0 00:00:00, Sys 0 00:00:00  -  Total Local Usage
	0  -  Run Bytes Sent By Job
	0  -  Run Bytes Received By Job
	0  -  Total Bytes Sent By Job
	0  -  Total Bytes Received By Job
	Partitionable Resources :    Usage  Request Allocated
	   Cpus                 :                 1         1
	   Disk (KB)            :        2        2  19430851
	   Memory (MB)          :      592        1      4038
...
