000 (2211539.012.000) 07/09 20:53:16 Job submitted from host: <192.168.1.109:9465>
...
001 (2211539.012.000) 07/09 20:53:30 Job executing on host: <192.168.1.62:9288>
...
006 (2211539.012.000) 07/09 20:53:39 Image size of job updated: 125524
	11  -  MemoryUsage of job (MB)
	10396  -  ResidentSetSize of job (KB)
...
006 (2211539.012.000) 07/09 20:58:40 Image size of job updated: 1092288
	668  -  MemoryUsage of job (MB)
	683144  -  ResidentSetSize of job (KB)
...
006 (2211539.012.000) 07/09 21:03:41 Image size of job updated: 1092288
	670  -  MemoryUsage of job (MB)
	685752  -  ResidentSetSize of job (KB)
...
005 (2211539.012.000) 07/09 21:03:44 Job terminated.
	(1) Normal termination (return value 0)
		Usr 0 00:03:10, Sys 0 00:00:03  -  Run Remote Usage
		Usr 0 00:00:00, Sys 0 00:00:00  -  Run Local Usage
		Usr 0 00:03:10, Sys 0 00:00:03  -  Total Remote Usage
		Usr 0 00:00:00, Sys 0 00:00:00  -  Total Local Usage
	0  -  Run Bytes Sent By Job
	0  -  Run Bytes Received By Job
	0  -  Total Bytes Sent By Job
	0  -  Total Bytes Received By Job
	Partitionable Resources :    Usage  Request Allocated
	   Cpus                 :                 1         1
	   Disk (KB)            :        2        2  19313912
	   Memory (MB)          :      670        1      4029
...
