/cvmfs/cms.cern.ch
GluGluToContinToZZTo2e2tau_13TeV_MCFM701_pythia8

Processing /cms/mchristos/ANN/Seesaw/2016/92X/TMVAskims/outFiles/Seesaw_Application_1/Background/GluGluToContinToZZTo2e2tau_13TeV_MCFM701_pythia8/Seesaw_Application_bg.C...

==> Start TMVAClassificationApplication
                         : Booking "BDTG method" of type "BDT" from /cms/mchristos/ANN/Seesaw/2016/92X/TMVAskims/dl/weights/92X_Seesaw_optimized_BDT.weights.xml.
<HEADER> DataSetInfo              : [Default] : Added class "Signal"
<HEADER> DataSetInfo              : [Default] : Added class "Background"
                         : Booked classifier "BDT" of type: "BDT"
--- TMVAClassificationApp    : Using input file: /cms/mchristos/ANN/Seesaw/2016/92X/TMVAskims/pyPlotter/Backgrounds/GluGluToContinToZZTo2e2tau_13TeV_MCFM701_pythia8/analysisTree.root
--- Select Background sample
--- Processing: 18634 events
--- ... Processing event: 0
--- ... Processing event: 1000
--- ... Processing event: 2000
--- ... Processing event: 3000
--- ... Processing event: 4000
--- ... Processing event: 5000
--- ... Processing event: 6000
--- ... Processing event: 7000
--- ... Processing event: 8000
--- ... Processing event: 9000
--- ... Processing event: 10000
--- ... Processing event: 11000
--- ... Processing event: 12000
--- ... Processing event: 13000
--- ... Processing event: 14000
--- ... Processing event: 15000
--- ... Processing event: 16000
--- ... Processing event: 17000
--- ... Processing event: 18000
--- End of event loop: Real time 0:08:24, CP time 98.830
Printing out all passed events... 
BDT: 
4041	 passed events
==> TMVAClassificationApplication is done!

