000 (2144549.015.000) 06/28 00:53:25 Job submitted from host: <192.168.1.109:9465>
...
001 (2144549.015.000) 06/28 00:53:45 Job executing on host: <192.168.1.66:9099>
...
006 (2144549.015.000) 06/28 00:53:54 Image size of job updated: 76852
	13  -  MemoryUsage of job (MB)
	13196  -  ResidentSetSize of job (KB)
...
006 (2144549.015.000) 06/28 00:58:54 Image size of job updated: 1100432
	662  -  MemoryUsage of job (MB)
	677532  -  ResidentSetSize of job (KB)
...
005 (2144549.015.000) 06/28 01:03:23 Job terminated.
	(1) Normal termination (return value 0)
		Usr 0 00:01:40, Sys 0 00:00:03  -  Run Remote Usage
		Usr 0 00:00:00, Sys 0 00:00:00  -  Run Local Usage
		Usr 0 00:01:40, Sys 0 00:00:03  -  Total Remote Usage
		Usr 0 00:00:00, Sys 0 00:00:00  -  Total Local Usage
	0  -  Run Bytes Sent By Job
	0  -  Run Bytes Received By Job
	0  -  Total Bytes Sent By Job
	0  -  Total Bytes Received By Job
	Partitionable Resources :    Usage  Request Allocated
	   Cpus                 :                 1         1
	   Disk (KB)            :        2        2  19564506
	   Memory (MB)          :      662        1      4033
...
