000 (2206162.015.000) 07/05 01:41:56 Job submitted from host: <192.168.1.109:9465>
...
001 (2206162.015.000) 07/05 01:42:00 Job executing on host: <192.168.1.65:9296>
...
006 (2206162.015.000) 07/05 01:42:09 Image size of job updated: 260680
	31  -  MemoryUsage of job (MB)
	31220  -  ResidentSetSize of job (KB)
...
006 (2206162.015.000) 07/05 01:47:10 Image size of job updated: 1086884
	635  -  MemoryUsage of job (MB)
	649496  -  ResidentSetSize of job (KB)
...
006 (2206162.015.000) 07/05 01:47:33 Image size of job updated: 1087028
	635  -  MemoryUsage of job (MB)
	649496  -  ResidentSetSize of job (KB)
...
005 (2206162.015.000) 07/05 01:47:33 Job terminated.
	(1) Normal termination (return value 0)
		Usr 0 00:01:32, Sys 0 00:00:02  -  Run Remote Usage
		Usr 0 00:00:00, Sys 0 00:00:00  -  Run Local Usage
		Usr 0 00:01:32, Sys 0 00:00:02  -  Total Remote Usage
		Usr 0 00:00:00, Sys 0 00:00:00  -  Total Local Usage
	0  -  Run Bytes Sent By Job
	0  -  Run Bytes Received By Job
	0  -  Total Bytes Sent By Job
	0  -  Total Bytes Received By Job
	Partitionable Resources :    Usage  Request Allocated
	   Cpus                 :                 1         1
	   Disk (KB)            :        2        2  19563444
	   Memory (MB)          :      635        1      4033
...
