000 (2208111.015.000) 07/06 15:00:49 Job submitted from host: <192.168.1.109:9465>
...
001 (2208111.015.000) 07/06 15:11:38 Job executing on host: <192.168.1.56:9551>
...
006 (2208111.015.000) 07/06 15:11:47 Image size of job updated: 264272
	59  -  MemoryUsage of job (MB)
	60380  -  ResidentSetSize of job (KB)
...
006 (2208111.015.000) 07/06 15:16:05 Image size of job updated: 1099652
	59  -  MemoryUsage of job (MB)
	60380  -  ResidentSetSize of job (KB)
...
005 (2208111.015.000) 07/06 15:16:05 Job terminated.
	(1) Normal termination (return value 0)
		Usr 0 00:02:28, Sys 0 00:00:04  -  Run Remote Usage
		Usr 0 00:00:00, Sys 0 00:00:00  -  Run Local Usage
		Usr 0 00:02:28, Sys 0 00:00:04  -  Total Remote Usage
		Usr 0 00:00:00, Sys 0 00:00:00  -  Total Local Usage
	0  -  Run Bytes Sent By Job
	0  -  Run Bytes Received By Job
	0  -  Total Bytes Sent By Job
	0  -  Total Bytes Received By Job
	Partitionable Resources :    Usage  Request Allocated
	   Cpus                 :                 1         1
	   Disk (KB)            :        2        2  18630570
	   Memory (MB)          :       59        1      4029
...
