000 (2211539.015.000) 07/09 20:53:16 Job submitted from host: <192.168.1.109:9465>
...
001 (2211539.015.000) 07/09 20:53:30 Job executing on host: <192.168.1.61:9759>
...
006 (2211539.015.000) 07/09 20:53:39 Image size of job updated: 246952
	16  -  MemoryUsage of job (MB)
	16100  -  ResidentSetSize of job (KB)
...
006 (2211539.015.000) 07/09 20:58:40 Image size of job updated: 1100400
	593  -  MemoryUsage of job (MB)
	607136  -  ResidentSetSize of job (KB)
...
005 (2211539.015.000) 07/09 21:00:37 Job terminated.
	(1) Normal termination (return value 0)
		Usr 0 00:02:28, Sys 0 00:00:03  -  Run Remote Usage
		Usr 0 00:00:00, Sys 0 00:00:00  -  Run Local Usage
		Usr 0 00:02:28, Sys 0 00:00:03  -  Total Remote Usage
		Usr 0 00:00:00, Sys 0 00:00:00  -  Total Local Usage
	0  -  Run Bytes Sent By Job
	0  -  Run Bytes Received By Job
	0  -  Total Bytes Sent By Job
	0  -  Total Bytes Received By Job
	Partitionable Resources :    Usage  Request Allocated
	   Cpus                 :                 1         1
	   Disk (KB)            :        2        2  19466230
	   Memory (MB)          :      593        1      4029
...
