000 (2144549.027.000) 06/28 00:53:25 Job submitted from host: <192.168.1.109:9465>
...
001 (2144549.027.000) 06/28 00:53:45 Job executing on host: <192.168.1.50:9582>
...
006 (2144549.027.000) 06/28 00:53:54 Image size of job updated: 279196
	38  -  MemoryUsage of job (MB)
	38524  -  ResidentSetSize of job (KB)
...
006 (2144549.027.000) 06/28 00:58:55 Image size of job updated: 962840
	511  -  MemoryUsage of job (MB)
	522288  -  ResidentSetSize of job (KB)
...
006 (2144549.027.000) 06/28 01:03:55 Image size of job updated: 980920
	554  -  MemoryUsage of job (MB)
	566668  -  ResidentSetSize of job (KB)
...
006 (2144549.027.000) 06/28 01:08:56 Image size of job updated: 980920
	555  -  MemoryUsage of job (MB)
	567440  -  ResidentSetSize of job (KB)
...
006 (2144549.027.000) 06/28 01:13:57 Image size of job updated: 981304
	556  -  MemoryUsage of job (MB)
	568732  -  ResidentSetSize of job (KB)
...
006 (2144549.027.000) 06/28 01:18:57 Image size of job updated: 981304
	557  -  MemoryUsage of job (MB)
	569920  -  ResidentSetSize of job (KB)
...
006 (2144549.027.000) 06/28 01:23:57 Image size of job updated: 981304
	676  -  MemoryUsage of job (MB)
	691388  -  ResidentSetSize of job (KB)
...
006 (2144549.027.000) 06/28 01:28:58 Image size of job updated: 981304
	676  -  MemoryUsage of job (MB)
	691536  -  ResidentSetSize of job (KB)
...
006 (2144549.027.000) 06/28 01:33:58 Image size of job updated: 981304
	676  -  MemoryUsage of job (MB)
	691544  -  ResidentSetSize of job (KB)
...
006 (2144549.027.000) 06/28 01:38:58 Image size of job updated: 981304
	676  -  MemoryUsage of job (MB)
	691560  -  ResidentSetSize of job (KB)
...
006 (2144549.027.000) 06/28 01:43:59 Image size of job updated: 981304
	676  -  MemoryUsage of job (MB)
	691624  -  ResidentSetSize of job (KB)
...
006 (2144549.027.000) 06/28 01:49:00 Image size of job updated: 981304
	676  -  MemoryUsage of job (MB)
	691636  -  ResidentSetSize of job (KB)
...
006 (2144549.027.000) 06/28 01:54:00 Image size of job updated: 981304
	676  -  MemoryUsage of job (MB)
	691640  -  ResidentSetSize of job (KB)
...
006 (2144549.027.000) 06/28 02:04:02 Image size of job updated: 981304
	676  -  MemoryUsage of job (MB)
	691644  -  ResidentSetSize of job (KB)
...
005 (2144549.027.000) 06/28 02:10:00 Job terminated.
	(1) Normal termination (return value 0)
		Usr 0 00:07:38, Sys 0 00:00:16  -  Run Remote Usage
		Usr 0 00:00:00, Sys 0 00:00:00  -  Run Local Usage
		Usr 0 00:07:38, Sys 0 00:00:16  -  Total Remote Usage
		Usr 0 00:00:00, Sys 0 00:00:00  -  Total Local Usage
	0  -  Run Bytes Sent By Job
	0  -  Run Bytes Received By Job
	0  -  Total Bytes Sent By Job
	0  -  Total Bytes Received By Job
	Partitionable Resources :    Usage  Request Allocated
	   Cpus                 :                 1         1
	   Disk (KB)            :        2        2  28380764
	   Memory (MB)          :      676        1      4033
...
