000 (2147375.027.000) 06/28 17:57:16 Job submitted from host: <192.168.1.109:9465>
...
001 (2147375.027.000) 06/28 17:57:34 Job executing on host: <192.168.1.64:9545>
...
006 (2147375.027.000) 06/28 17:57:43 Image size of job updated: 66032
	3  -  MemoryUsage of job (MB)
	2096  -  ResidentSetSize of job (KB)
...
006 (2147375.027.000) 06/28 18:02:44 Image size of job updated: 982508
	587  -  MemoryUsage of job (MB)
	600244  -  ResidentSetSize of job (KB)
...
006 (2147375.027.000) 06/28 18:07:44 Image size of job updated: 982508
	589  -  MemoryUsage of job (MB)
	602116  -  ResidentSetSize of job (KB)
...
006 (2147375.027.000) 06/28 18:12:45 Image size of job updated: 982928
	590  -  MemoryUsage of job (MB)
	603572  -  ResidentSetSize of job (KB)
...
006 (2147375.027.000) 06/28 18:17:46 Image size of job updated: 982928
	591  -  MemoryUsage of job (MB)
	604888  -  ResidentSetSize of job (KB)
...
006 (2147375.027.000) 06/28 18:22:46 Image size of job updated: 982928
	592  -  MemoryUsage of job (MB)
	605244  -  ResidentSetSize of job (KB)
...
006 (2147375.027.000) 06/28 18:27:46 Image size of job updated: 982928
	592  -  MemoryUsage of job (MB)
	605264  -  ResidentSetSize of job (KB)
...
006 (2147375.027.000) 06/28 18:32:47 Image size of job updated: 982928
	592  -  MemoryUsage of job (MB)
	605296  -  ResidentSetSize of job (KB)
...
006 (2147375.027.000) 06/28 18:37:47 Image size of job updated: 982928
	642  -  MemoryUsage of job (MB)
	656892  -  ResidentSetSize of job (KB)
...
006 (2147375.027.000) 06/28 18:42:47 Image size of job updated: 982928
	712  -  MemoryUsage of job (MB)
	728964  -  ResidentSetSize of job (KB)
...
006 (2147375.027.000) 06/28 18:47:48 Image size of job updated: 982928
	712  -  MemoryUsage of job (MB)
	728968  -  ResidentSetSize of job (KB)
...
006 (2147375.027.000) 06/28 18:52:49 Image size of job updated: 982928
	712  -  MemoryUsage of job (MB)
	728972  -  ResidentSetSize of job (KB)
...
006 (2147375.027.000) 06/28 19:12:51 Image size of job updated: 982928
	712  -  MemoryUsage of job (MB)
	729052  -  ResidentSetSize of job (KB)
...
005 (2147375.027.000) 06/28 19:53:13 Job terminated.
	(1) Normal termination (return value 0)
		Usr 0 00:23:26, Sys 0 00:00:25  -  Run Remote Usage
		Usr 0 00:00:00, Sys 0 00:00:00  -  Run Local Usage
		Usr 0 00:23:26, Sys 0 00:00:25  -  Total Remote Usage
		Usr 0 00:00:00, Sys 0 00:00:00  -  Total Local Usage
	0  -  Run Bytes Sent By Job
	0  -  Run Bytes Received By Job
	0  -  Total Bytes Sent By Job
	0  -  Total Bytes Received By Job
	Partitionable Resources :    Usage  Request Allocated
	   Cpus                 :                 1         1
	   Disk (KB)            :        2        2  19560863
	   Memory (MB)          :      712        1      4033
...
