000 (2206162.028.000) 07/05 01:41:56 Job submitted from host: <192.168.1.109:9465>
...
001 (2206162.028.000) 07/05 01:42:01 Job executing on host: <192.168.1.63:9838>
...
006 (2206162.028.000) 07/05 01:42:09 Image size of job updated: 76852
	3  -  MemoryUsage of job (MB)
	2644  -  ResidentSetSize of job (KB)
...
006 (2206162.028.000) 07/05 01:47:09 Image size of job updated: 967080
	502  -  MemoryUsage of job (MB)
	513176  -  ResidentSetSize of job (KB)
...
006 (2206162.028.000) 07/05 01:52:10 Image size of job updated: 967568
	504  -  MemoryUsage of job (MB)
	515616  -  ResidentSetSize of job (KB)
...
006 (2206162.028.000) 07/05 01:57:10 Image size of job updated: 967568
	517  -  MemoryUsage of job (MB)
	528636  -  ResidentSetSize of job (KB)
...
006 (2206162.028.000) 07/05 02:02:10 Image size of job updated: 967568
	628  -  MemoryUsage of job (MB)
	642348  -  ResidentSetSize of job (KB)
...
006 (2206162.028.000) 07/05 02:07:11 Image size of job updated: 967568
	628  -  MemoryUsage of job (MB)
	642412  -  ResidentSetSize of job (KB)
...
006 (2206162.028.000) 07/05 02:12:12 Image size of job updated: 967568
	628  -  MemoryUsage of job (MB)
	642424  -  ResidentSetSize of job (KB)
...
006 (2206162.028.000) 07/05 02:17:12 Image size of job updated: 967824
	628  -  MemoryUsage of job (MB)
	642440  -  ResidentSetSize of job (KB)
...
005 (2206162.028.000) 07/05 02:20:29 Job terminated.
	(1) Normal termination (return value 0)
		Usr 0 00:10:51, Sys 0 00:00:18  -  Run Remote Usage
		Usr 0 00:00:00, Sys 0 00:00:00  -  Run Local Usage
		Usr 0 00:10:51, Sys 0 00:00:18  -  Total Remote Usage
		Usr 0 00:00:00, Sys 0 00:00:00  -  Total Local Usage
	0  -  Run Bytes Sent By Job
	0  -  Run Bytes Received By Job
	0  -  Total Bytes Sent By Job
	0  -  Total Bytes Received By Job
	Partitionable Resources :    Usage  Request Allocated
	   Cpus                 :                 1         1
	   Disk (KB)            :        2        2  19563836
	   Memory (MB)          :      628        1      4033
...
