000 (2208101.028.000) 07/06 14:34:33 Job submitted from host: <192.168.1.109:9465>
...
001 (2208101.028.000) 07/06 14:40:58 Job executing on host: <192.168.1.68:9891>
...
006 (2208101.028.000) 07/06 14:41:01 Image size of job updated: 2
	0  -  MemoryUsage of job (MB)
	0  -  ResidentSetSize of job (KB)
...
005 (2208101.028.000) 07/06 14:41:02 Job terminated.
	(1) Normal termination (return value 6)
		Usr 0 00:00:00, Sys 0 00:00:00  -  Run Remote Usage
		Usr 0 00:00:00, Sys 0 00:00:00  -  Run Local Usage
		Usr 0 00:00:00, Sys 0 00:00:00  -  Total Remote Usage
		Usr 0 00:00:00, Sys 0 00:00:00  -  Total Local Usage
	0  -  Run Bytes Sent By Job
	0  -  Run Bytes Received By Job
	0  -  Total Bytes Sent By Job
	0  -  Total Bytes Received By Job
	Partitionable Resources :    Usage  Request Allocated
	   Cpus                 :                 1         1
	   Disk (KB)            :        2        2  19379305
	   Memory (MB)          :        0        1      4038
...
