000 (2211539.028.000) 07/09 20:53:17 Job submitted from host: <192.168.1.109:9465>
...
001 (2211539.028.000) 07/09 20:53:31 Job executing on host: <192.168.1.60:9601>
...
006 (2211539.028.000) 07/09 20:53:40 Image size of job updated: 261780
	39  -  MemoryUsage of job (MB)
	39480  -  ResidentSetSize of job (KB)
...
006 (2211539.028.000) 07/09 20:58:41 Image size of job updated: 980948
	592  -  MemoryUsage of job (MB)
	605336  -  ResidentSetSize of job (KB)
...
006 (2211539.028.000) 07/09 21:03:42 Image size of job updated: 981400
	593  -  MemoryUsage of job (MB)
	606556  -  ResidentSetSize of job (KB)
...
006 (2211539.028.000) 07/09 21:08:42 Image size of job updated: 981400
	623  -  MemoryUsage of job (MB)
	637932  -  ResidentSetSize of job (KB)
...
006 (2211539.028.000) 07/09 21:13:42 Image size of job updated: 981400
	709  -  MemoryUsage of job (MB)
	725960  -  ResidentSetSize of job (KB)
...
006 (2211539.028.000) 07/09 21:39:48 Image size of job updated: 1006820
	709  -  MemoryUsage of job (MB)
	725960  -  ResidentSetSize of job (KB)
...
005 (2211539.028.000) 07/09 21:39:48 Job terminated.
	(1) Normal termination (return value 0)
		Usr 0 00:24:30, Sys 0 00:00:32  -  Run Remote Usage
		Usr 0 00:00:00, Sys 0 00:00:00  -  Run Local Usage
		Usr 0 00:24:30, Sys 0 00:00:32  -  Total Remote Usage
		Usr 0 00:00:00, Sys 0 00:00:00  -  Total Local Usage
	0  -  Run Bytes Sent By Job
	0  -  Run Bytes Received By Job
	0  -  Total Bytes Sent By Job
	0  -  Total Bytes Received By Job
	Partitionable Resources :    Usage  Request Allocated
	   Cpus                 :                 1         1
	   Disk (KB)            :        2        2  19463835
	   Memory (MB)          :      709        1      4029
...
