000 (2147376.000.000) 06/28 17:57:22 Job submitted from host: <192.168.1.109:9465>
...
001 (2147376.000.000) 06/28 17:57:40 Job executing on host: <192.168.1.47:9610>
...
006 (2147376.000.000) 06/28 17:57:49 Image size of job updated: 97468
	2  -  MemoryUsage of job (MB)
	1684  -  ResidentSetSize of job (KB)
...
006 (2147376.000.000) 06/28 18:02:50 Image size of job updated: 1182444
	650  -  MemoryUsage of job (MB)
	665004  -  ResidentSetSize of job (KB)
...
006 (2147376.000.000) 06/28 18:07:50 Image size of job updated: 1184436
	653  -  MemoryUsage of job (MB)
	667736  -  ResidentSetSize of job (KB)
...
006 (2147376.000.000) 06/28 18:12:51 Image size of job updated: 1184436
	653  -  MemoryUsage of job (MB)
	668140  -  ResidentSetSize of job (KB)
...
006 (2147376.000.000) 06/28 18:17:52 Image size of job updated: 1184436
	653  -  MemoryUsage of job (MB)
	668392  -  ResidentSetSize of job (KB)
...
005 (2147376.000.000) 06/28 18:18:56 Job terminated.
	(1) Normal termination (return value 0)
		Usr 0 00:02:10, Sys 0 00:00:03  -  Run Remote Usage
		Usr 0 00:00:00, Sys 0 00:00:00  -  Run Local Usage
		Usr 0 00:02:10, Sys 0 00:00:03  -  Total Remote Usage
		Usr 0 00:00:00, Sys 0 00:00:00  -  Total Local Usage
	0  -  Run Bytes Sent By Job
	0  -  Run Bytes Received By Job
	0  -  Total Bytes Sent By Job
	0  -  Total Bytes Received By Job
	Partitionable Resources :    Usage  Request Allocated
	   Cpus                 :                 1         1
	   Disk (KB)            :        2        2  28376065
	   Memory (MB)          :      653        1      4033
...
