000 (2208112.000.000) 07/06 15:01:14 Job submitted from host: <192.168.1.109:9465>
...
001 (2208112.000.000) 07/06 15:15:10 Job executing on host: <192.168.1.57:9270>
...
006 (2208112.000.000) 07/06 15:15:19 Image size of job updated: 2
	3  -  MemoryUsage of job (MB)
	2096  -  ResidentSetSize of job (KB)
...
006 (2208112.000.000) 07/06 15:20:20 Image size of job updated: 1182184
	653  -  MemoryUsage of job (MB)
	668244  -  ResidentSetSize of job (KB)
...
005 (2208112.000.000) 07/06 15:22:03 Job terminated.
	(1) Normal termination (return value 0)
		Usr 0 00:03:45, Sys 0 00:00:05  -  Run Remote Usage
		Usr 0 00:00:00, Sys 0 00:00:00  -  Run Local Usage
		Usr 0 00:03:45, Sys 0 00:00:05  -  Total Remote Usage
		Usr 0 00:00:00, Sys 0 00:00:00  -  Total Local Usage
	0  -  Run Bytes Sent By Job
	0  -  Run Bytes Received By Job
	0  -  Total Bytes Sent By Job
	0  -  Total Bytes Received By Job
	Partitionable Resources :    Usage  Request Allocated
	   Cpus                 :                 1         1
	   Disk (KB)            :        2        2  18711157
	   Memory (MB)          :      653        1      4029
...
