000 (2211540.000.000) 07/09 20:53:23 Job submitted from host: <192.168.1.109:9465>
...
001 (2211540.000.000) 07/09 20:53:32 Job executing on host: <192.168.1.64:9545>
...
006 (2211540.000.000) 07/09 20:53:41 Image size of job updated: 76852
	13  -  MemoryUsage of job (MB)
	13208  -  ResidentSetSize of job (KB)
...
006 (2211540.000.000) 07/09 20:58:42 Image size of job updated: 1183028
	581  -  MemoryUsage of job (MB)
	594708  -  ResidentSetSize of job (KB)
...
006 (2211540.000.000) 07/09 21:03:42 Image size of job updated: 1183028
	767  -  MemoryUsage of job (MB)
	784648  -  ResidentSetSize of job (KB)
...
005 (2211540.000.000) 07/09 21:04:30 Job terminated.
	(1) Normal termination (return value 0)
		Usr 0 00:02:22, Sys 0 00:00:03  -  Run Remote Usage
		Usr 0 00:00:00, Sys 0 00:00:00  -  Run Local Usage
		Usr 0 00:02:22, Sys 0 00:00:03  -  Total Remote Usage
		Usr 0 00:00:00, Sys 0 00:00:00  -  Total Local Usage
	0  -  Run Bytes Sent By Job
	0  -  Run Bytes Received By Job
	0  -  Total Bytes Sent By Job
	0  -  Total Bytes Received By Job
	Partitionable Resources :    Usage  Request Allocated
	   Cpus                 :                 1         1
	   Disk (KB)            :        2        2  19564700
	   Memory (MB)          :      767        1      4033
...
