000 (2213495.000.000) 07/11 11:38:50 Job submitted from host: <192.168.1.109:9465>
...
001 (2213495.000.000) 07/11 11:39:11 Job executing on host: <192.168.1.56:9551>
...
006 (2213495.000.000) 07/11 11:39:20 Image size of job updated: 268296
	74  -  MemoryUsage of job (MB)
	75576  -  ResidentSetSize of job (KB)
...
006 (2213495.000.000) 07/11 11:44:20 Image size of job updated: 1183012
	653  -  MemoryUsage of job (MB)
	667848  -  ResidentSetSize of job (KB)
...
005 (2213495.000.000) 07/11 11:46:09 Job terminated.
	(1) Normal termination (return value 0)
		Usr 0 00:03:45, Sys 0 00:00:06  -  Run Remote Usage
		Usr 0 00:00:00, Sys 0 00:00:00  -  Run Local Usage
		Usr 0 00:03:45, Sys 0 00:00:06  -  Total Remote Usage
		Usr 0 00:00:00, Sys 0 00:00:00  -  Total Local Usage
	0  -  Run Bytes Sent By Job
	0  -  Run Bytes Received By Job
	0  -  Total Bytes Sent By Job
	0  -  Total Bytes Received By Job
	Partitionable Resources :    Usage  Request Allocated
	   Cpus                 :                 1         1
	   Disk (KB)            :        1        1  19514375
	   Memory (MB)          :      653        1      4029
...
