000 (2144552.003.000) 06/28 00:53:43 Job submitted from host: <192.168.1.109:9465>
...
001 (2144552.003.000) 06/28 00:53:48 Job executing on host: <192.168.1.65:9296>
...
006 (2144552.003.000) 06/28 00:53:57 Image size of job updated: 2
	3  -  MemoryUsage of job (MB)
	2096  -  ResidentSetSize of job (KB)
...
006 (2144552.003.000) 06/28 00:58:57 Image size of job updated: 1212080
	665  -  MemoryUsage of job (MB)
	679964  -  ResidentSetSize of job (KB)
...
006 (2144552.003.000) 06/28 01:03:57 Image size of job updated: 1212080
	665  -  MemoryUsage of job (MB)
	680656  -  ResidentSetSize of job (KB)
...
006 (2144552.003.000) 06/28 01:08:58 Image size of job updated: 1212080
	666  -  MemoryUsage of job (MB)
	681048  -  ResidentSetSize of job (KB)
...
005 (2144552.003.000) 06/28 01:09:56 Job terminated.
	(1) Normal termination (return value 0)
		Usr 0 00:03:48, Sys 0 00:00:05  -  Run Remote Usage
		Usr 0 00:00:00, Sys 0 00:00:00  -  Run Local Usage
		Usr 0 00:03:48, Sys 0 00:00:05  -  Total Remote Usage
		Usr 0 00:00:00, Sys 0 00:00:00  -  Total Local Usage
	0  -  Run Bytes Sent By Job
	0  -  Run Bytes Received By Job
	0  -  Total Bytes Sent By Job
	0  -  Total Bytes Received By Job
	Partitionable Resources :    Usage  Request Allocated
	   Cpus                 :                 1         1
	   Disk (KB)            :        2        2  19562848
	   Memory (MB)          :      666        1      4033
...
