000 (2206164.003.000) 07/05 01:42:07 Job submitted from host: <192.168.1.109:9465>
...
001 (2206164.003.000) 07/05 01:42:22 Job executing on host: <192.168.1.63:9838>
...
006 (2206164.003.000) 07/05 01:42:31 Image size of job updated: 268308
	75  -  MemoryUsage of job (MB)
	75920  -  ResidentSetSize of job (KB)
...
006 (2206164.003.000) 07/05 01:47:32 Image size of job updated: 1213640
	667  -  MemoryUsage of job (MB)
	682708  -  ResidentSetSize of job (KB)
...
006 (2206164.003.000) 07/05 01:52:33 Image size of job updated: 1213640
	668  -  MemoryUsage of job (MB)
	683356  -  ResidentSetSize of job (KB)
...
005 (2206164.003.000) 07/05 01:54:06 Job terminated.
	(1) Normal termination (return value 0)
		Usr 0 00:02:52, Sys 0 00:00:02  -  Run Remote Usage
		Usr 0 00:00:00, Sys 0 00:00:00  -  Run Local Usage
		Usr 0 00:02:52, Sys 0 00:00:02  -  Total Remote Usage
		Usr 0 00:00:00, Sys 0 00:00:00  -  Total Local Usage
	0  -  Run Bytes Sent By Job
	0  -  Run Bytes Received By Job
	0  -  Total Bytes Sent By Job
	0  -  Total Bytes Received By Job
	Partitionable Resources :    Usage  Request Allocated
	   Cpus                 :                 1         1
	   Disk (KB)            :        2        2  19563836
	   Memory (MB)          :      668        1      4033
...
