000 (2208113.003.000) 07/06 15:01:19 Job submitted from host: <192.168.1.109:9465>
...
001 (2208113.003.000) 07/06 15:17:37 Job executing on host: <192.168.1.64:9545>
...
006 (2208113.003.000) 07/06 15:17:46 Image size of job updated: 2
	3  -  MemoryUsage of job (MB)
	2096  -  ResidentSetSize of job (KB)
...
006 (2208113.003.000) 07/06 15:22:41 Image size of job updated: 1211296
	3  -  MemoryUsage of job (MB)
	2096  -  ResidentSetSize of job (KB)
...
005 (2208113.003.000) 07/06 15:22:41 Job terminated.
	(1) Normal termination (return value 0)
		Usr 0 00:02:07, Sys 0 00:00:03  -  Run Remote Usage
		Usr 0 00:00:00, Sys 0 00:00:00  -  Run Local Usage
		Usr 0 00:02:07, Sys 0 00:00:03  -  Total Remote Usage
		Usr 0 00:00:00, Sys 0 00:00:00  -  Total Local Usage
	0  -  Run Bytes Sent By Job
	0  -  Run Bytes Received By Job
	0  -  Total Bytes Sent By Job
	0  -  Total Bytes Received By Job
	Partitionable Resources :    Usage  Request Allocated
	   Cpus                 :                 1         1
	   Disk (KB)            :        2        2  18958301
	   Memory (MB)          :        3        1      4033
...
