000 (2144549.026.000) 06/28 00:53:25 Job submitted from host: <192.168.1.109:9465>
...
001 (2144549.026.000) 06/28 00:53:45 Job executing on host: <192.168.1.50:9582>
...
006 (2144549.026.000) 06/28 00:53:54 Image size of job updated: 279200
	38  -  MemoryUsage of job (MB)
	38528  -  ResidentSetSize of job (KB)
...
006 (2144549.026.000) 06/28 00:58:55 Image size of job updated: 956620
	510  -  MemoryUsage of job (MB)
	521276  -  ResidentSetSize of job (KB)
...
006 (2144549.026.000) 06/28 01:03:55 Image size of job updated: 978228
	554  -  MemoryUsage of job (MB)
	566860  -  ResidentSetSize of job (KB)
...
006 (2144549.026.000) 06/28 01:08:56 Image size of job updated: 978228
	555  -  MemoryUsage of job (MB)
	568300  -  ResidentSetSize of job (KB)
...
006 (2144549.026.000) 06/28 01:13:57 Image size of job updated: 978228
	556  -  MemoryUsage of job (MB)
	569064  -  ResidentSetSize of job (KB)
...
006 (2144549.026.000) 06/28 01:18:57 Image size of job updated: 979160
	556  -  MemoryUsage of job (MB)
	569292  -  ResidentSetSize of job (KB)
...
006 (2144549.026.000) 06/28 01:23:57 Image size of job updated: 980304
	557  -  MemoryUsage of job (MB)
	570116  -  ResidentSetSize of job (KB)
...
006 (2144549.026.000) 06/28 01:28:58 Image size of job updated: 981248
	654  -  MemoryUsage of job (MB)
	669564  -  ResidentSetSize of job (KB)
...
006 (2144549.026.000) 06/28 01:33:58 Image size of job updated: 982568
	677  -  MemoryUsage of job (MB)
	692828  -  ResidentSetSize of job (KB)
...
006 (2144549.026.000) 06/28 01:38:58 Image size of job updated: 984068
	678  -  MemoryUsage of job (MB)
	693828  -  ResidentSetSize of job (KB)
...
006 (2144549.026.000) 06/28 01:43:59 Image size of job updated: 985380
	681  -  MemoryUsage of job (MB)
	696440  -  ResidentSetSize of job (KB)
...
006 (2144549.026.000) 06/28 01:49:00 Image size of job updated: 986876
	681  -  MemoryUsage of job (MB)
	696536  -  ResidentSetSize of job (KB)
...
006 (2144549.026.000) 06/28 01:54:00 Image size of job updated: 988556
	682  -  MemoryUsage of job (MB)
	697516  -  ResidentSetSize of job (KB)
...
006 (2144549.026.000) 06/28 01:59:01 Image size of job updated: 989856
	683  -  MemoryUsage of job (MB)
	698852  -  ResidentSetSize of job (KB)
...
006 (2144549.026.000) 06/28 02:04:02 Image size of job updated: 991348
	684  -  MemoryUsage of job (MB)
	700368  -  ResidentSetSize of job (KB)
...
006 (2144549.026.000) 06/28 02:09:02 Image size of job updated: 992832
	686  -  MemoryUsage of job (MB)
	701892  -  ResidentSetSize of job (KB)
...
006 (2144549.026.000) 06/28 02:14:03 Image size of job updated: 994704
	688  -  MemoryUsage of job (MB)
	703588  -  ResidentSetSize of job (KB)
...
006 (2144549.026.000) 06/28 02:19:04 Image size of job updated: 996944
	689  -  MemoryUsage of job (MB)
	705364  -  ResidentSetSize of job (KB)
...
006 (2144549.026.000) 06/28 02:21:34 Image size of job updated: 998252
	689  -  MemoryUsage of job (MB)
	705364  -  ResidentSetSize of job (KB)
...
005 (2144549.026.000) 06/28 02:21:34 Job terminated.
	(1) Normal termination (return value 0)
		Usr 0 00:08:36, Sys 0 00:00:21  -  Run Remote Usage
		Usr 0 00:00:00, Sys 0 00:00:00  -  Run Local Usage
		Usr 0 00:08:36, Sys 0 00:00:21  -  Total Remote Usage
		Usr 0 00:00:00, Sys 0 00:00:00  -  Total Local Usage
	0  -  Run Bytes Sent By Job
	0  -  Run Bytes Received By Job
	0  -  Total Bytes Sent By Job
	0  -  Total Bytes Received By Job
	Partitionable Resources :    Usage  Request Allocated
	   Cpus                 :                 1         1
	   Disk (KB)            :        2        2  28380764
	   Memory (MB)          :      689        1      4033
...
