000 (2147375.026.000) 06/28 17:57:16 Job submitted from host: <192.168.1.109:9465>
...
001 (2147375.026.000) 06/28 17:57:37 Job executing on host: <192.168.1.51:9757>
...
006 (2147375.026.000) 06/28 17:57:46 Image size of job updated: 97472
	3  -  MemoryUsage of job (MB)
	2184  -  ResidentSetSize of job (KB)
...
006 (2147375.026.000) 06/28 18:02:47 Image size of job updated: 979676
	590  -  MemoryUsage of job (MB)
	603612  -  ResidentSetSize of job (KB)
...
006 (2147375.026.000) 06/28 18:07:47 Image size of job updated: 979676
	590  -  MemoryUsage of job (MB)
	604000  -  ResidentSetSize of job (KB)
...
006 (2147375.026.000) 06/28 18:12:47 Image size of job updated: 979676
	592  -  MemoryUsage of job (MB)
	605572  -  ResidentSetSize of job (KB)
...
006 (2147375.026.000) 06/28 18:17:48 Image size of job updated: 979676
	592  -  MemoryUsage of job (MB)
	605868  -  ResidentSetSize of job (KB)
...
006 (2147375.026.000) 06/28 18:22:48 Image size of job updated: 980988
	593  -  MemoryUsage of job (MB)
	606320  -  ResidentSetSize of job (KB)
...
006 (2147375.026.000) 06/28 18:27:48 Image size of job updated: 981940
	593  -  MemoryUsage of job (MB)
	607032  -  ResidentSetSize of job (KB)
...
006 (2147375.026.000) 06/28 18:32:49 Image size of job updated: 982888
	683  -  MemoryUsage of job (MB)
	698560  -  ResidentSetSize of job (KB)
...
006 (2147375.026.000) 06/28 18:37:50 Image size of job updated: 983828
	715  -  MemoryUsage of job (MB)
	731580  -  ResidentSetSize of job (KB)
...
006 (2147375.026.000) 06/28 18:42:50 Image size of job updated: 984952
	715  -  MemoryUsage of job (MB)
	731604  -  ResidentSetSize of job (KB)
...
006 (2147375.026.000) 06/28 18:47:51 Image size of job updated: 985888
	715  -  MemoryUsage of job (MB)
	731624  -  ResidentSetSize of job (KB)
...
006 (2147375.026.000) 06/28 18:52:52 Image size of job updated: 987020
	715  -  MemoryUsage of job (MB)
	731648  -  ResidentSetSize of job (KB)
...
006 (2147375.026.000) 06/28 18:57:52 Image size of job updated: 987764
	715  -  MemoryUsage of job (MB)
	731712  -  ResidentSetSize of job (KB)
...
006 (2147375.026.000) 06/28 19:02:52 Image size of job updated: 988888
	716  -  MemoryUsage of job (MB)
	732480  -  ResidentSetSize of job (KB)
...
006 (2147375.026.000) 06/28 19:07:53 Image size of job updated: 989632
	717  -  MemoryUsage of job (MB)
	733248  -  ResidentSetSize of job (KB)
...
006 (2147375.026.000) 06/28 19:12:53 Image size of job updated: 990748
	718  -  MemoryUsage of job (MB)
	734384  -  ResidentSetSize of job (KB)
...
006 (2147375.026.000) 06/28 19:17:53 Image size of job updated: 992796
	720  -  MemoryUsage of job (MB)
	736480  -  ResidentSetSize of job (KB)
...
006 (2147375.026.000) 06/28 19:22:54 Image size of job updated: 994472
	724  -  MemoryUsage of job (MB)
	740792  -  ResidentSetSize of job (KB)
...
006 (2147375.026.000) 06/28 19:27:55 Image size of job updated: 996152
	726  -  MemoryUsage of job (MB)
	742500  -  ResidentSetSize of job (KB)
...
006 (2147375.026.000) 06/28 19:32:55 Image size of job updated: 998204
	727  -  MemoryUsage of job (MB)
	743588  -  ResidentSetSize of job (KB)
...
006 (2147375.026.000) 06/28 19:36:37 Image size of job updated: 999328
	727  -  MemoryUsage of job (MB)
	743588  -  ResidentSetSize of job (KB)
...
005 (2147375.026.000) 06/28 19:36:37 Job terminated.
	(1) Normal termination (return value 0)
		Usr 0 00:07:58, Sys 0 00:00:18  -  Run Remote Usage
		Usr 0 00:00:00, Sys 0 00:00:00  -  Run Local Usage
		Usr 0 00:07:58, Sys 0 00:00:18  -  Total Remote Usage
		Usr 0 00:00:00, Sys 0 00:00:00  -  Total Local Usage
	0  -  Run Bytes Sent By Job
	0  -  Run Bytes Received By Job
	0  -  Total Bytes Sent By Job
	0  -  Total Bytes Received By Job
	Partitionable Resources :    Usage  Request Allocated
	   Cpus                 :                 1         1
	   Disk (KB)            :        2        2  28376534
	   Memory (MB)          :      727        1      4033
...
