000 (2206162.027.000) 07/05 01:41:56 Job submitted from host: <192.168.1.109:9465>
...
001 (2206162.027.000) 07/05 01:42:01 Job executing on host: <192.168.1.66:9099>
...
006 (2206162.027.000) 07/05 01:42:09 Image size of job updated: 15608
	2  -  MemoryUsage of job (MB)
	1356  -  ResidentSetSize of job (KB)
...
006 (2206162.027.000) 07/05 01:47:09 Image size of job updated: 964568
	503  -  MemoryUsage of job (MB)
	514736  -  ResidentSetSize of job (KB)
...
006 (2206162.027.000) 07/05 01:52:10 Image size of job updated: 967020
	504  -  MemoryUsage of job (MB)
	516092  -  ResidentSetSize of job (KB)
...
006 (2206162.027.000) 07/05 01:57:10 Image size of job updated: 969844
	590  -  MemoryUsage of job (MB)
	603808  -  ResidentSetSize of job (KB)
...
006 (2206162.027.000) 07/05 02:02:10 Image size of job updated: 973592
	629  -  MemoryUsage of job (MB)
	643104  -  ResidentSetSize of job (KB)
...
006 (2206162.027.000) 07/05 02:07:11 Image size of job updated: 977688
	630  -  MemoryUsage of job (MB)
	644652  -  ResidentSetSize of job (KB)
...
006 (2206162.027.000) 07/05 02:12:12 Image size of job updated: 982352
	636  -  MemoryUsage of job (MB)
	650368  -  ResidentSetSize of job (KB)
...
006 (2206162.027.000) 07/05 02:14:26 Image size of job updated: 984588
	636  -  MemoryUsage of job (MB)
	650368  -  ResidentSetSize of job (KB)
...
005 (2206162.027.000) 07/05 02:14:26 Job terminated.
	(1) Normal termination (return value 0)
		Usr 0 00:10:29, Sys 0 00:00:21  -  Run Remote Usage
		Usr 0 00:00:00, Sys 0 00:00:00  -  Run Local Usage
		Usr 0 00:10:29, Sys 0 00:00:21  -  Total Remote Usage
		Usr 0 00:00:00, Sys 0 00:00:00  -  Total Local Usage
	0  -  Run Bytes Sent By Job
	0  -  Run Bytes Received By Job
	0  -  Total Bytes Sent By Job
	0  -  Total Bytes Received By Job
	Partitionable Resources :    Usage  Request Allocated
	   Cpus                 :                 1         1
	   Disk (KB)            :        2        2  19563070
	   Memory (MB)          :      636        1      4033
...
