000 (2208111.027.000) 07/06 15:00:49 Job submitted from host: <192.168.1.109:9465>
...
001 (2208111.027.000) 07/06 15:14:06 Job executing on host: <192.168.1.52:9619>
...
006 (2208111.027.000) 07/06 15:14:14 Image size of job updated: 76852
	13  -  MemoryUsage of job (MB)
	13208  -  ResidentSetSize of job (KB)
...
006 (2208111.027.000) 07/06 15:19:14 Image size of job updated: 977440
	591  -  MemoryUsage of job (MB)
	605076  -  ResidentSetSize of job (KB)
...
006 (2208111.027.000) 07/06 15:24:14 Image size of job updated: 977992
	592  -  MemoryUsage of job (MB)
	605260  -  ResidentSetSize of job (KB)
...
006 (2208111.027.000) 07/06 15:29:15 Image size of job updated: 979896
	593  -  MemoryUsage of job (MB)
	606376  -  ResidentSetSize of job (KB)
...
006 (2208111.027.000) 07/06 15:34:15 Image size of job updated: 981216
	688  -  MemoryUsage of job (MB)
	703676  -  ResidentSetSize of job (KB)
...
006 (2208111.027.000) 07/06 15:39:15 Image size of job updated: 982716
	713  -  MemoryUsage of job (MB)
	729180  -  ResidentSetSize of job (KB)
...
006 (2208111.027.000) 07/06 15:44:16 Image size of job updated: 984596
	713  -  MemoryUsage of job (MB)
	729220  -  ResidentSetSize of job (KB)
...
006 (2208111.027.000) 07/06 15:49:17 Image size of job updated: 986092
	713  -  MemoryUsage of job (MB)
	729344  -  ResidentSetSize of job (KB)
...
006 (2208111.027.000) 07/06 15:54:17 Image size of job updated: 987956
	714  -  MemoryUsage of job (MB)
	731004  -  ResidentSetSize of job (KB)
...
006 (2208111.027.000) 07/06 15:59:18 Image size of job updated: 990184
	716  -  MemoryUsage of job (MB)
	732588  -  ResidentSetSize of job (KB)
...
006 (2208111.027.000) 07/06 16:04:19 Image size of job updated: 992048
	718  -  MemoryUsage of job (MB)
	734572  -  ResidentSetSize of job (KB)
...
006 (2208111.027.000) 07/06 16:09:19 Image size of job updated: 993920
	718  -  MemoryUsage of job (MB)
	734612  -  ResidentSetSize of job (KB)
...
006 (2208111.027.000) 07/06 16:14:20 Image size of job updated: 996156
	720  -  MemoryUsage of job (MB)
	737116  -  ResidentSetSize of job (KB)
...
006 (2208111.027.000) 07/06 16:17:26 Image size of job updated: 997092
	720  -  MemoryUsage of job (MB)
	737116  -  ResidentSetSize of job (KB)
...
005 (2208111.027.000) 07/06 16:17:26 Job terminated.
	(1) Normal termination (return value 0)
		Usr 0 00:28:15, Sys 0 00:00:39  -  Run Remote Usage
		Usr 0 00:00:00, Sys 0 00:00:00  -  Run Local Usage
		Usr 0 00:28:15, Sys 0 00:00:39  -  Total Remote Usage
		Usr 0 00:00:00, Sys 0 00:00:00  -  Total Local Usage
	0  -  Run Bytes Sent By Job
	0  -  Run Bytes Received By Job
	0  -  Total Bytes Sent By Job
	0  -  Total Bytes Received By Job
	Partitionable Resources :    Usage  Request Allocated
	   Cpus                 :                 1         1
	   Disk (KB)            :        2        2  19183851
	   Memory (MB)          :      720        1      4029
...
