000 (2139834.014.000) 06/25 17:04:43 Job submitted from host: <192.168.1.109:9465>
...
001 (2139834.014.000) 06/25 17:05:02 Job executing on host: <192.168.1.60:9601>
...
006 (2139834.014.000) 06/25 17:05:11 Image size of job updated: 387260
	119  -  MemoryUsage of job (MB)
	121828  -  ResidentSetSize of job (KB)
...
006 (2139834.014.000) 06/25 17:10:12 Image size of job updated: 1055676
	616  -  MemoryUsage of job (MB)
	630728  -  ResidentSetSize of job (KB)
...
006 (2139834.014.000) 06/25 17:15:12 Image size of job updated: 1057180
	700  -  MemoryUsage of job (MB)
	716360  -  ResidentSetSize of job (KB)
...
006 (2139834.014.000) 06/25 17:20:13 Image size of job updated: 1059212
	747  -  MemoryUsage of job (MB)
	763936  -  ResidentSetSize of job (KB)
...
006 (2139834.014.000) 06/25 17:25:14 Image size of job updated: 1061080
	747  -  MemoryUsage of job (MB)
	764104  -  ResidentSetSize of job (KB)
...
006 (2139834.014.000) 06/25 17:30:14 Image size of job updated: 1064144
	749  -  MemoryUsage of job (MB)
	766412  -  ResidentSetSize of job (KB)
...
006 (2139834.014.000) 06/25 17:35:14 Image size of job updated: 1066176
	750  -  MemoryUsage of job (MB)
	767920  -  ResidentSetSize of job (KB)
...
006 (2139834.014.000) 06/25 17:40:15 Image size of job updated: 1068576
	752  -  MemoryUsage of job (MB)
	769772  -  ResidentSetSize of job (KB)
...
006 (2139834.014.000) 06/25 17:42:51 Image size of job updated: 1069684
	752  -  MemoryUsage of job (MB)
	769772  -  ResidentSetSize of job (KB)
...
005 (2139834.014.000) 06/25 17:42:51 Job terminated.
	(1) Normal termination (return value 0)
		Usr 0 00:20:26, Sys 0 00:00:24  -  Run Remote Usage
		Usr 0 00:00:00, Sys 0 00:00:00  -  Run Local Usage
		Usr 0 00:20:26, Sys 0 00:00:24  -  Total Remote Usage
		Usr 0 00:00:00, Sys 0 00:00:00  -  Total Local Usage
	0  -  Run Bytes Sent By Job
	0  -  Run Bytes Received By Job
	0  -  Total Bytes Sent By Job
	0  -  Total Bytes Received By Job
	Partitionable Resources :    Usage  Request Allocated
	   Cpus                 :                 1         1
	   Disk (KB)            :        2        2  19548243
	   Memory (MB)          :      752        1      4029
...
