000 (2144542.014.000) 06/28 00:26:35 Job submitted from host: <192.168.1.109:9465>
...
001 (2144542.014.000) 06/28 00:26:49 Job executing on host: <192.168.1.66:9099>
...
006 (2144542.014.000) 06/28 00:26:58 Image size of job updated: 78692
	14  -  MemoryUsage of job (MB)
	14036  -  ResidentSetSize of job (KB)
...
006 (2144542.014.000) 06/28 00:27:46 Image size of job updated: 337416
	14  -  MemoryUsage of job (MB)
	14036  -  ResidentSetSize of job (KB)
...
005 (2144542.014.000) 06/28 00:27:46 Job terminated.
	(1) Normal termination (return value 6)
		Usr 0 00:00:01, Sys 0 00:00:00  -  Run Remote Usage
		Usr 0 00:00:00, Sys 0 00:00:00  -  Run Local Usage
		Usr 0 00:00:01, Sys 0 00:00:00  -  Total Remote Usage
		Usr 0 00:00:00, Sys 0 00:00:00  -  Total Local Usage
	0  -  Run Bytes Sent By Job
	0  -  Run Bytes Received By Job
	0  -  Total Bytes Sent By Job
	0  -  Total Bytes Received By Job
	Partitionable Resources :    Usage  Request Allocated
	   Cpus                 :                 1         1
	   Disk (KB)            :        2        2  19564512
	   Memory (MB)          :       14        1      4033
...
