000 (2144549.014.000) 06/28 00:53:25 Job submitted from host: <192.168.1.109:9465>
...
001 (2144549.014.000) 06/28 00:53:44 Job executing on host: <192.168.1.47:9610>
...
006 (2144549.014.000) 06/28 00:53:53 Image size of job updated: 32724
	3  -  MemoryUsage of job (MB)
	2656  -  ResidentSetSize of job (KB)
...
006 (2144549.014.000) 06/28 00:58:53 Image size of job updated: 1029420
	581  -  MemoryUsage of job (MB)
	594192  -  ResidentSetSize of job (KB)
...
006 (2144549.014.000) 06/28 01:03:53 Image size of job updated: 1056016
	623  -  MemoryUsage of job (MB)
	637180  -  ResidentSetSize of job (KB)
...
006 (2144549.014.000) 06/28 01:08:54 Image size of job updated: 1056176
	627  -  MemoryUsage of job (MB)
	641388  -  ResidentSetSize of job (KB)
...
006 (2144549.014.000) 06/28 01:13:55 Image size of job updated: 1056980
	627  -  MemoryUsage of job (MB)
	641448  -  ResidentSetSize of job (KB)
...
006 (2144549.014.000) 06/28 01:18:55 Image size of job updated: 1057376
	627  -  MemoryUsage of job (MB)
	641544  -  ResidentSetSize of job (KB)
...
006 (2144549.014.000) 06/28 01:23:56 Image size of job updated: 1058144
	627  -  MemoryUsage of job (MB)
	641900  -  ResidentSetSize of job (KB)
...
006 (2144549.014.000) 06/28 01:28:57 Image size of job updated: 1058712
	628  -  MemoryUsage of job (MB)
	642508  -  ResidentSetSize of job (KB)
...
006 (2144549.014.000) 06/28 01:33:57 Image size of job updated: 1059464
	629  -  MemoryUsage of job (MB)
	643276  -  ResidentSetSize of job (KB)
...
006 (2144549.014.000) 06/28 01:38:57 Image size of job updated: 1060588
	629  -  MemoryUsage of job (MB)
	643988  -  ResidentSetSize of job (KB)
...
006 (2144549.014.000) 06/28 01:43:58 Image size of job updated: 1061888
	630  -  MemoryUsage of job (MB)
	644648  -  ResidentSetSize of job (KB)
...
006 (2144549.014.000) 06/28 01:48:58 Image size of job updated: 1063000
	631  -  MemoryUsage of job (MB)
	645136  -  ResidentSetSize of job (KB)
...
006 (2144549.014.000) 06/28 01:53:58 Image size of job updated: 1063928
	631  -  MemoryUsage of job (MB)
	645736  -  ResidentSetSize of job (KB)
...
006 (2144549.014.000) 06/28 01:58:59 Image size of job updated: 1065172
	650  -  MemoryUsage of job (MB)
	665016  -  ResidentSetSize of job (KB)
...
006 (2144549.014.000) 06/28 02:04:00 Image size of job updated: 1066464
	755  -  MemoryUsage of job (MB)
	772160  -  ResidentSetSize of job (KB)
...
006 (2144549.014.000) 06/28 02:09:00 Image size of job updated: 1067756
	761  -  MemoryUsage of job (MB)
	778580  -  ResidentSetSize of job (KB)
...
006 (2144549.014.000) 06/28 02:14:01 Image size of job updated: 1068680
	761  -  MemoryUsage of job (MB)
	778608  -  ResidentSetSize of job (KB)
...
006 (2144549.014.000) 06/28 02:16:27 Image size of job updated: 1069196
	761  -  MemoryUsage of job (MB)
	778608  -  ResidentSetSize of job (KB)
...
005 (2144549.014.000) 06/28 02:16:27 Job terminated.
	(1) Normal termination (return value 0)
		Usr 0 00:06:04, Sys 0 00:00:15  -  Run Remote Usage
		Usr 0 00:00:00, Sys 0 00:00:00  -  Run Local Usage
		Usr 0 00:06:04, Sys 0 00:00:15  -  Total Remote Usage
		Usr 0 00:00:00, Sys 0 00:00:00  -  Total Local Usage
	0  -  Run Bytes Sent By Job
	0  -  Run Bytes Received By Job
	0  -  Total Bytes Sent By Job
	0  -  Total Bytes Received By Job
	Partitionable Resources :    Usage  Request Allocated
	   Cpus                 :                 1         1
	   Disk (KB)            :        2        2  28380207
	   Memory (MB)          :      761        1      4033
...
