000 (2211539.014.000) 07/09 20:53:16 Job submitted from host: <192.168.1.109:9465>
...
001 (2211539.014.000) 07/09 20:53:30 Job executing on host: <192.168.1.50:9343>
...
006 (2211539.014.000) 07/09 20:53:39 Image size of job updated: 260816
	30  -  MemoryUsage of job (MB)
	29864  -  ResidentSetSize of job (KB)
...
006 (2211539.014.000) 07/09 20:58:40 Image size of job updated: 1056404
	567  -  MemoryUsage of job (MB)
	579916  -  ResidentSetSize of job (KB)
...
006 (2211539.014.000) 07/09 21:03:40 Image size of job updated: 1059916
	569  -  MemoryUsage of job (MB)
	581900  -  ResidentSetSize of job (KB)
...
006 (2211539.014.000) 07/09 21:08:40 Image size of job updated: 1064328
	574  -  MemoryUsage of job (MB)
	586816  -  ResidentSetSize of job (KB)
...
006 (2211539.014.000) 07/09 21:13:41 Image size of job updated: 1068020
	574  -  MemoryUsage of job (MB)
	587664  -  ResidentSetSize of job (KB)
...
006 (2211539.014.000) 07/09 21:15:32 Image size of job updated: 1069644
	574  -  MemoryUsage of job (MB)
	587664  -  ResidentSetSize of job (KB)
...
005 (2211539.014.000) 07/09 21:15:33 Job terminated.
	(1) Normal termination (return value 0)
		Usr 0 00:05:00, Sys 0 00:00:13  -  Run Remote Usage
		Usr 0 00:00:00, Sys 0 00:00:00  -  Run Local Usage
		Usr 0 00:05:00, Sys 0 00:00:13  -  Total Remote Usage
		Usr 0 00:00:00, Sys 0 00:00:00  -  Total Local Usage
	0  -  Run Bytes Sent By Job
	0  -  Run Bytes Received By Job
	0  -  Total Bytes Sent By Job
	0  -  Total Bytes Received By Job
	Partitionable Resources :    Usage  Request Allocated
	   Cpus                 :                 1         1
	   Disk (KB)            :        2        2  28362951
	   Memory (MB)          :      574        1      4033
...
