000 (2139834.034.000) 06/25 17:04:43 Job submitted from host: <192.168.1.109:9465>
...
001 (2139834.034.000) 06/25 17:05:03 Job executing on host: <192.168.1.64:9545>
...
006 (2139834.034.000) 06/25 17:05:12 Image size of job updated: 2
	3  -  MemoryUsage of job (MB)
	2100  -  ResidentSetSize of job (KB)
...
006 (2139834.034.000) 06/25 17:10:13 Image size of job updated: 949320
	560  -  MemoryUsage of job (MB)
	572764  -  ResidentSetSize of job (KB)
...
006 (2139834.034.000) 06/25 17:15:13 Image size of job updated: 950788
	574  -  MemoryUsage of job (MB)
	587732  -  ResidentSetSize of job (KB)
...
006 (2139834.034.000) 06/25 17:18:07 Image size of job updated: 952600
	574  -  MemoryUsage of job (MB)
	587732  -  ResidentSetSize of job (KB)
...
005 (2139834.034.000) 06/25 17:18:07 Job terminated.
	(1) Normal termination (return value 0)
		Usr 0 00:03:59, Sys 0 00:00:06  -  Run Remote Usage
		Usr 0 00:00:00, Sys 0 00:00:00  -  Run Local Usage
		Usr 0 00:03:59, Sys 0 00:00:06  -  Total Remote Usage
		Usr 0 00:00:00, Sys 0 00:00:00  -  Total Local Usage
	0  -  Run Bytes Sent By Job
	0  -  Run Bytes Received By Job
	0  -  Total Bytes Sent By Job
	0  -  Total Bytes Received By Job
	Partitionable Resources :    Usage  Request Allocated
	   Cpus                 :                 1         1
	   Disk (KB)            :        2        2  19564235
	   Memory (MB)          :      574        1      4033
...
