000 (2144549.034.000) 06/28 00:53:26 Job submitted from host: <192.168.1.109:9465>
...
001 (2144549.034.000) 06/28 00:54:09 Job executing on host: <192.168.1.51:9757>
...
006 (2144549.034.000) 06/28 00:54:21 Image size of job updated: 15576
	2  -  MemoryUsage of job (MB)
	1200  -  ResidentSetSize of job (KB)
...
006 (2144549.034.000) 06/28 00:59:21 Image size of job updated: 267296
	65  -  MemoryUsage of job (MB)
	65776  -  ResidentSetSize of job (KB)
...
006 (2144549.034.000) 06/28 01:04:22 Image size of job updated: 388700
	147  -  MemoryUsage of job (MB)
	150264  -  ResidentSetSize of job (KB)
...
006 (2144549.034.000) 06/28 01:09:22 Image size of job updated: 943000
	552  -  MemoryUsage of job (MB)
	564796  -  ResidentSetSize of job (KB)
...
006 (2144549.034.000) 06/28 01:14:22 Image size of job updated: 950220
	560  -  MemoryUsage of job (MB)
	573240  -  ResidentSetSize of job (KB)
...
006 (2144549.034.000) 06/28 01:19:23 Image size of job updated: 950220
	562  -  MemoryUsage of job (MB)
	574960  -  ResidentSetSize of job (KB)
...
006 (2144549.034.000) 06/28 01:24:24 Image size of job updated: 950220
	562  -  MemoryUsage of job (MB)
	575300  -  ResidentSetSize of job (KB)
...
006 (2144549.034.000) 06/28 01:29:24 Image size of job updated: 950220
	562  -  MemoryUsage of job (MB)
	575328  -  ResidentSetSize of job (KB)
...
006 (2144549.034.000) 06/28 01:34:25 Image size of job updated: 950220
	562  -  MemoryUsage of job (MB)
	575344  -  ResidentSetSize of job (KB)
...
006 (2144549.034.000) 06/28 01:39:26 Image size of job updated: 950220
	563  -  MemoryUsage of job (MB)
	575508  -  ResidentSetSize of job (KB)
...
006 (2144549.034.000) 06/28 01:44:26 Image size of job updated: 950588
	579  -  MemoryUsage of job (MB)
	592816  -  ResidentSetSize of job (KB)
...
006 (2144549.034.000) 06/28 01:49:26 Image size of job updated: 951320
	656  -  MemoryUsage of job (MB)
	670800  -  ResidentSetSize of job (KB)
...
006 (2144549.034.000) 06/28 01:54:27 Image size of job updated: 952232
	658  -  MemoryUsage of job (MB)
	673232  -  ResidentSetSize of job (KB)
...
006 (2144549.034.000) 06/28 01:59:27 Image size of job updated: 953316
	659  -  MemoryUsage of job (MB)
	674032  -  ResidentSetSize of job (KB)
...
006 (2144549.034.000) 06/28 02:00:45 Image size of job updated: 953496
	659  -  MemoryUsage of job (MB)
	674032  -  ResidentSetSize of job (KB)
...
005 (2144549.034.000) 06/28 02:00:45 Job terminated.
	(1) Normal termination (return value 0)
		Usr 0 00:02:15, Sys 0 00:00:06  -  Run Remote Usage
		Usr 0 00:00:00, Sys 0 00:00:00  -  Run Local Usage
		Usr 0 00:02:15, Sys 0 00:00:06  -  Total Remote Usage
		Usr 0 00:00:00, Sys 0 00:00:00  -  Total Local Usage
	0  -  Run Bytes Sent By Job
	0  -  Run Bytes Received By Job
	0  -  Total Bytes Sent By Job
	0  -  Total Bytes Received By Job
	Partitionable Resources :    Usage  Request Allocated
	   Cpus                 :                 1         1
	   Disk (KB)            :        2        2  28380322
	   Memory (MB)          :      659        1      4033
...
