000 (2144542.034.000) 06/28 00:26:35 Job submitted from host: <192.168.1.109:9465>
...
001 (2144542.034.000) 06/28 00:26:50 Job executing on host: <192.168.1.47:9610>
...
006 (2144542.034.000) 06/28 00:26:59 Image size of job updated: 265756
	55  -  MemoryUsage of job (MB)
	55468  -  ResidentSetSize of job (KB)
...
006 (2144542.034.000) 06/28 00:27:02 Image size of job updated: 379100
	55  -  MemoryUsage of job (MB)
	55468  -  ResidentSetSize of job (KB)
...
005 (2144542.034.000) 06/28 00:27:02 Job terminated.
	(1) Normal termination (return value 6)
		Usr 0 00:00:01, Sys 0 00:00:01  -  Run Remote Usage
		Usr 0 00:00:00, Sys 0 00:00:00  -  Run Local Usage
		Usr 0 00:00:01, Sys 0 00:00:01  -  Total Remote Usage
		Usr 0 00:00:00, Sys 0 00:00:00  -  Total Local Usage
	0  -  Run Bytes Sent By Job
	0  -  Run Bytes Received By Job
	0  -  Total Bytes Sent By Job
	0  -  Total Bytes Received By Job
	Partitionable Resources :    Usage  Request Allocated
	   Cpus                 :                 1         1
	   Disk (KB)            :        2        2  28380239
	   Memory (MB)          :       55        1      4033
...
