000 (2147375.034.000) 06/28 17:57:17 Job submitted from host: <192.168.1.109:9465>
...
001 (2147375.034.000) 06/28 17:57:35 Job executing on host: <192.168.1.64:9545>
...
006 (2147375.034.000) 06/28 17:57:43 Image size of job updated: 62368
	3  -  MemoryUsage of job (MB)
	2092  -  ResidentSetSize of job (KB)
...
006 (2147375.034.000) 06/28 18:02:43 Image size of job updated: 949904
	558  -  MemoryUsage of job (MB)
	570456  -  ResidentSetSize of job (KB)
...
006 (2147375.034.000) 06/28 18:07:44 Image size of job updated: 951564
	562  -  MemoryUsage of job (MB)
	575088  -  ResidentSetSize of job (KB)
...
006 (2147375.034.000) 06/28 18:12:45 Image size of job updated: 951564
	562  -  MemoryUsage of job (MB)
	575444  -  ResidentSetSize of job (KB)
...
006 (2147375.034.000) 06/28 18:17:45 Image size of job updated: 951564
	563  -  MemoryUsage of job (MB)
	575508  -  ResidentSetSize of job (KB)
...
006 (2147375.034.000) 06/28 18:22:46 Image size of job updated: 951744
	563  -  MemoryUsage of job (MB)
	575724  -  ResidentSetSize of job (KB)
...
006 (2147375.034.000) 06/28 18:27:47 Image size of job updated: 952296
	563  -  MemoryUsage of job (MB)
	575952  -  ResidentSetSize of job (KB)
...
006 (2147375.034.000) 06/28 18:32:47 Image size of job updated: 953028
	656  -  MemoryUsage of job (MB)
	671232  -  ResidentSetSize of job (KB)
...
006 (2147375.034.000) 06/28 18:37:47 Image size of job updated: 953756
	663  -  MemoryUsage of job (MB)
	678748  -  ResidentSetSize of job (KB)
...
006 (2147375.034.000) 06/28 18:42:48 Image size of job updated: 954480
	664  -  MemoryUsage of job (MB)
	679148  -  ResidentSetSize of job (KB)
...
006 (2147375.034.000) 06/28 18:45:51 Image size of job updated: 954840
	664  -  MemoryUsage of job (MB)
	679148  -  ResidentSetSize of job (KB)
...
005 (2147375.034.000) 06/28 18:45:51 Job terminated.
	(1) Normal termination (return value 0)
		Usr 0 00:07:50, Sys 0 00:00:09  -  Run Remote Usage
		Usr 0 00:00:00, Sys 0 00:00:00  -  Run Local Usage
		Usr 0 00:07:50, Sys 0 00:00:09  -  Total Remote Usage
		Usr 0 00:00:00, Sys 0 00:00:00  -  Total Local Usage
	0  -  Run Bytes Sent By Job
	0  -  Run Bytes Received By Job
	0  -  Total Bytes Sent By Job
	0  -  Total Bytes Received By Job
	Partitionable Resources :    Usage  Request Allocated
	   Cpus                 :                 1         1
	   Disk (KB)            :        2        2  19560996
	   Memory (MB)          :      664        1      4033
...
