000 (2206162.035.000) 07/05 01:41:56 Job submitted from host: <192.168.1.109:9465>
...
001 (2206162.035.000) 07/05 01:42:01 Job executing on host: <192.168.1.66:9099>
...
006 (2206162.035.000) 07/05 01:42:10 Image size of job updated: 15608
	2  -  MemoryUsage of job (MB)
	1356  -  ResidentSetSize of job (KB)
...
006 (2206162.035.000) 07/05 01:47:11 Image size of job updated: 936764
	479  -  MemoryUsage of job (MB)
	490084  -  ResidentSetSize of job (KB)
...
006 (2206162.035.000) 07/05 01:52:11 Image size of job updated: 938044
	577  -  MemoryUsage of job (MB)
	590756  -  ResidentSetSize of job (KB)
...
006 (2206162.035.000) 07/05 01:56:44 Image size of job updated: 940040
	577  -  MemoryUsage of job (MB)
	590756  -  ResidentSetSize of job (KB)
...
005 (2206162.035.000) 07/05 01:56:44 Job terminated.
	(1) Normal termination (return value 0)
		Usr 0 00:03:38, Sys 0 00:00:06  -  Run Remote Usage
		Usr 0 00:00:00, Sys 0 00:00:00  -  Run Local Usage
		Usr 0 00:03:38, Sys 0 00:00:06  -  Total Remote Usage
		Usr 0 00:00:00, Sys 0 00:00:00  -  Total Local Usage
	0  -  Run Bytes Sent By Job
	0  -  Run Bytes Received By Job
	0  -  Total Bytes Sent By Job
	0  -  Total Bytes Received By Job
	Partitionable Resources :    Usage  Request Allocated
	   Cpus                 :                 1         1
	   Disk (KB)            :        2        2  19563070
	   Memory (MB)          :      577        1      4033
...
