000 (2208111.035.000) 07/06 15:00:49 Job submitted from host: <192.168.1.109:9465>
...
001 (2208111.035.000) 07/06 15:14:06 Job executing on host: <192.168.1.49:9716>
...
006 (2208111.035.000) 07/06 15:14:15 Image size of job updated: 865740
	354  -  MemoryUsage of job (MB)
	362072  -  ResidentSetSize of job (KB)
...
006 (2208111.035.000) 07/06 15:19:16 Image size of job updated: 949312
	488  -  MemoryUsage of job (MB)
	498972  -  ResidentSetSize of job (KB)
...
006 (2208111.035.000) 07/06 15:24:16 Image size of job updated: 951688
	489  -  MemoryUsage of job (MB)
	499944  -  ResidentSetSize of job (KB)
...
006 (2208111.035.000) 07/06 15:26:00 Image size of job updated: 952592
	489  -  MemoryUsage of job (MB)
	499944  -  ResidentSetSize of job (KB)
...
005 (2208111.035.000) 07/06 15:26:00 Job terminated.
	(1) Normal termination (return value 0)
		Usr 0 00:02:51, Sys 0 00:00:07  -  Run Remote Usage
		Usr 0 00:00:00, Sys 0 00:00:00  -  Run Local Usage
		Usr 0 00:02:51, Sys 0 00:00:07  -  Total Remote Usage
		Usr 0 00:00:00, Sys 0 00:00:00  -  Total Local Usage
	0  -  Run Bytes Sent By Job
	0  -  Run Bytes Received By Job
	0  -  Total Bytes Sent By Job
	0  -  Total Bytes Received By Job
	Partitionable Resources :    Usage  Request Allocated
	   Cpus                 :                 1         1
	   Disk (KB)            :        2        2  27645268
	   Memory (MB)          :      489        1      4033
...
