000 (2211539.035.000) 07/09 20:53:17 Job submitted from host: <192.168.1.109:9465>
...
001 (2211539.035.000) 07/09 20:53:32 Job executing on host: <192.168.1.48:9675>
...
006 (2211539.035.000) 07/09 20:53:40 Image size of job updated: 436016
	206  -  MemoryUsage of job (MB)
	210096  -  ResidentSetSize of job (KB)
...
006 (2211539.035.000) 07/09 20:58:40 Image size of job updated: 950260
	488  -  MemoryUsage of job (MB)
	499392  -  ResidentSetSize of job (KB)
...
006 (2211539.035.000) 07/09 21:03:40 Image size of job updated: 950996
	489  -  MemoryUsage of job (MB)
	500376  -  ResidentSetSize of job (KB)
...
006 (2211539.035.000) 07/09 21:07:11 Image size of job updated: 953540
	489  -  MemoryUsage of job (MB)
	500376  -  ResidentSetSize of job (KB)
...
005 (2211539.035.000) 07/09 21:07:11 Job terminated.
	(1) Normal termination (return value 0)
		Usr 0 00:02:07, Sys 0 00:00:05  -  Run Remote Usage
		Usr 0 00:00:00, Sys 0 00:00:00  -  Run Local Usage
		Usr 0 00:02:07, Sys 0 00:00:05  -  Total Remote Usage
		Usr 0 00:00:00, Sys 0 00:00:00  -  Total Local Usage
	0  -  Run Bytes Sent By Job
	0  -  Run Bytes Received By Job
	0  -  Total Bytes Sent By Job
	0  -  Total Bytes Received By Job
	Partitionable Resources :    Usage  Request Allocated
	   Cpus                 :                 1         1
	   Disk (KB)            :        2        2  28325304
	   Memory (MB)          :      489        1      4033
...
