000 (2206160.017.000) 07/05 01:40:21 Job submitted from host: <192.168.1.109:9465>
...
001 (2206160.017.000) 07/05 01:40:37 Job executing on host: <192.168.1.62:9288>
...
006 (2206160.017.000) 07/05 01:40:46 Image size of job updated: 76852
	13  -  MemoryUsage of job (MB)
	13224  -  ResidentSetSize of job (KB)
...
006 (2206160.017.000) 07/05 01:42:34 Image size of job updated: 981712
	13  -  MemoryUsage of job (MB)
	13224  -  ResidentSetSize of job (KB)
...
005 (2206160.017.000) 07/05 01:42:34 Job terminated.
	(1) Normal termination (return value 0)
		Usr 0 00:00:12, Sys 0 00:00:00  -  Run Remote Usage
		Usr 0 00:00:00, Sys 0 00:00:00  -  Run Local Usage
		Usr 0 00:00:12, Sys 0 00:00:00  -  Total Remote Usage
		Usr 0 00:00:00, Sys 0 00:00:00  -  Total Local Usage
	0  -  Run Bytes Sent By Job
	0  -  Run Bytes Received By Job
	0  -  Total Bytes Sent By Job
	0  -  Total Bytes Received By Job
	Partitionable Resources :    Usage  Request Allocated
	   Cpus                 :                 1         1
	   Disk (KB)            :        2        2  19548867
	   Memory (MB)          :       13        1      4029
...
