000 (2144550.020.000) 06/28 00:53:32 Job submitted from host: <192.168.1.109:9465>
...
001 (2144550.020.000) 06/28 00:53:47 Job executing on host: <192.168.1.50:9582>
...
006 (2144550.020.000) 06/28 00:53:55 Image size of job updated: 76852
	3  -  MemoryUsage of job (MB)
	2656  -  ResidentSetSize of job (KB)
...
006 (2144550.020.000) 06/28 00:58:11 Image size of job updated: 973440
	3  -  MemoryUsage of job (MB)
	2656  -  ResidentSetSize of job (KB)
...
005 (2144550.020.000) 06/28 00:58:11 Job terminated.
	(1) Normal termination (return value 0)
		Usr 0 00:00:06, Sys 0 00:00:01  -  Run Remote Usage
		Usr 0 00:00:00, Sys 0 00:00:00  -  Run Local Usage
		Usr 0 00:00:06, Sys 0 00:00:01  -  Total Remote Usage
		Usr 0 00:00:00, Sys 0 00:00:00  -  Total Local Usage
	0  -  Run Bytes Sent By Job
	0  -  Run Bytes Received By Job
	0  -  Total Bytes Sent By Job
	0  -  Total Bytes Received By Job
	Partitionable Resources :    Usage  Request Allocated
	   Cpus                 :                 1         1
	   Disk (KB)            :        2        2  28380764
	   Memory (MB)          :        3        1      4033
...
