000 (2144550.021.000) 06/28 00:53:32 Job submitted from host: <192.168.1.109:9465>
...
001 (2144550.021.000) 06/28 00:53:49 Job executing on host: <192.168.1.47:9610>
...
006 (2144550.021.000) 06/28 00:53:59 Image size of job updated: 97472
	3  -  MemoryUsage of job (MB)
	2184  -  ResidentSetSize of job (KB)
...
006 (2144550.021.000) 06/28 00:59:00 Image size of job updated: 974608
	593  -  MemoryUsage of job (MB)
	607224  -  ResidentSetSize of job (KB)
...
006 (2144550.021.000) 06/28 01:04:10 Image size of job updated: 976080
	593  -  MemoryUsage of job (MB)
	607224  -  ResidentSetSize of job (KB)
...
005 (2144550.021.000) 06/28 01:04:11 Job terminated.
	(1) Normal termination (return value 0)
		Usr 0 00:00:21, Sys 0 00:00:01  -  Run Remote Usage
		Usr 0 00:00:00, Sys 0 00:00:00  -  Run Local Usage
		Usr 0 00:00:21, Sys 0 00:00:01  -  Total Remote Usage
		Usr 0 00:00:00, Sys 0 00:00:00  -  Total Local Usage
	0  -  Run Bytes Sent By Job
	0  -  Run Bytes Received By Job
	0  -  Total Bytes Sent By Job
	0  -  Total Bytes Received By Job
	Partitionable Resources :    Usage  Request Allocated
	   Cpus                 :                 1         1
	   Disk (KB)            :        2        2  28380206
	   Memory (MB)          :      593        1      4033
...
