/cvmfs/cms.cern.ch
SIGMAplusSIGMA-ZW

Processing /cms/mchristos/ANN/Seesaw/2016/92X/TMVAskims/outFiles/Seesaw_Application_1/Signal/SIGMAplusSIGMA-ZW/Seesaw_Application_signal.C...

==> Start TMVAClassificationApplication
                         : Booking "BDTG method" of type "BDT" from /cms/mchristos/ANN/Seesaw/2016/92X/TMVAskims/dl/weights/92X_Seesaw_4L_varTransforms_Identity.weights.xml.
<HEADER> DataSetInfo              : [Default] : Added class "Signal"
<HEADER> DataSetInfo              : [Default] : Added class "Background"
                         : Booked classifier "Identity" of type: "BDT"
--- TMVAClassificationApp    : Using input file: /cms/mchristos/ANN/Seesaw/2016/92X/TMVAskims/pyPlotter/Signal/SIGMAplusSIGMA-ZW/analysisTree.root
--- Select Signal sample
--- Processing: 6701 events
--- ... Processing event: 0
--- ... Processing event: 1000
--- ... Processing event: 2000
--- ... Processing event: 3000
--- ... Processing event: 4000
--- ... Processing event: 5000
--- ... Processing event: 6000
--- End of event loop: Real time 0:01:03, CP time 22.940
Printing out all passed events... 
BDT: 
3446	 passed events
==> TMVAClassificationApplication is done!

