000 (2208100.021.000) 07/06 14:34:20 Job submitted from host: <192.168.1.109:9465>
...
001 (2208100.021.000) 07/06 14:38:32 Job executing on host: <192.168.1.65:9296>
...
006 (2208100.021.000) 07/06 14:38:40 Image size of job updated: 97476
	3  -  MemoryUsage of job (MB)
	2172  -  ResidentSetSize of job (KB)
...
006 (2208100.021.000) 07/06 14:39:22 Image size of job updated: 975504
	3  -  MemoryUsage of job (MB)
	2172  -  ResidentSetSize of job (KB)
...
005 (2208100.021.000) 07/06 14:39:22 Job terminated.
	(1) Normal termination (return value 0)
		Usr 0 00:00:27, Sys 0 00:00:01  -  Run Remote Usage
		Usr 0 00:00:00, Sys 0 00:00:00  -  Run Local Usage
		Usr 0 00:00:27, Sys 0 00:00:01  -  Total Remote Usage
		Usr 0 00:00:00, Sys 0 00:00:00  -  Total Local Usage
	0  -  Run Bytes Sent By Job
	0  -  Run Bytes Received By Job
	0  -  Total Bytes Sent By Job
	0  -  Total Bytes Received By Job
	Partitionable Resources :    Usage  Request Allocated
	   Cpus                 :                 1         1
	   Disk (KB)            :        2        2  18640188
	   Memory (MB)          :        3        1      4033
...
