000 (2144545.025.000) 06/28 00:35:35 Job submitted from host: <192.168.1.109:9465>
...
001 (2144545.025.000) 06/28 00:36:02 Job executing on host: <192.168.1.51:9757>
...
006 (2144545.025.000) 06/28 00:36:12 Image size of job updated: 15576
	2  -  MemoryUsage of job (MB)
	1196  -  ResidentSetSize of job (KB)
...
006 (2144545.025.000) 06/28 00:41:12 Image size of job updated: 327344
	68  -  MemoryUsage of job (MB)
	68980  -  ResidentSetSize of job (KB)
...
006 (2144545.025.000) 06/28 00:46:12 Image size of job updated: 342060
	120  -  MemoryUsage of job (MB)
	122532  -  ResidentSetSize of job (KB)
...
006 (2144545.025.000) 06/28 00:48:41 Image size of job updated: 375740
	120  -  MemoryUsage of job (MB)
	122532  -  ResidentSetSize of job (KB)
...
005 (2144545.025.000) 06/28 00:48:42 Job terminated.
	(1) Normal termination (return value 6)
		Usr 0 00:00:01, Sys 0 00:00:00  -  Run Remote Usage
		Usr 0 00:00:00, Sys 0 00:00:00  -  Run Local Usage
		Usr 0 00:00:01, Sys 0 00:00:00  -  Total Remote Usage
		Usr 0 00:00:00, Sys 0 00:00:00  -  Total Local Usage
	0  -  Run Bytes Sent By Job
	0  -  Run Bytes Received By Job
	0  -  Total Bytes Sent By Job
	0  -  Total Bytes Received By Job
	Partitionable Resources :    Usage  Request Allocated
	   Cpus                 :                 1         1
	   Disk (KB)            :        2        2  28380344
	   Memory (MB)          :      120        1      4033
...
