/cvmfs/cms.cern.ch
SIGMAplusSIGMA-ZH

Processing /cms/mchristos/ANN/Seesaw/2016/92X/TMVAskims/outFiles/Seesaw_Application_1/Signal/SIGMAplusSIGMA-ZH/Seesaw_Application_signal.C...

==> Start TMVAClassificationApplication
                         : Booking "BDTG method" of type "BDT" from /cms/mchristos/ANN/Seesaw/2016/92X/TMVAskims/dl/weights/92X_Seesaw_optimized_BDT.weights.xml.
<HEADER> DataSetInfo              : [Default] : Added class "Signal"
<HEADER> DataSetInfo              : [Default] : Added class "Background"
                         : Booked classifier "BDT" of type: "BDT"
--- TMVAClassificationApp    : Using input file: /cms/mchristos/ANN/Seesaw/2016/92X/TMVAskims/pyPlotter/Signal/SIGMAplusSIGMA-ZH/analysisTree.root
--- Select Signal sample
--- Processing: 3096 events
--- ... Processing event: 0
--- ... Processing event: 1000
--- ... Processing event: 2000
--- ... Processing event: 3000
--- End of event loop: Real time 0:06:50, CP time 9.190
Printing out all passed events... 
BDT: 
1079	 passed events
==> TMVAClassificationApplication is done!

