000 (2144549.032.000) 06/28 00:53:25 Job submitted from host: <192.168.1.109:9465>
...
001 (2144549.032.000) 06/28 00:53:46 Job executing on host: <192.168.1.50:9582>
...
006 (2144549.032.000) 06/28 00:53:54 Image size of job updated: 279048
	43  -  MemoryUsage of job (MB)
	43172  -  ResidentSetSize of job (KB)
...
006 (2144549.032.000) 06/28 00:58:41 Image size of job updated: 922468
	43  -  MemoryUsage of job (MB)
	43172  -  ResidentSetSize of job (KB)
...
005 (2144549.032.000) 06/28 00:58:41 Job terminated.
	(1) Normal termination (return value 0)
		Usr 0 00:00:09, Sys 0 00:00:00  -  Run Remote Usage
		Usr 0 00:00:00, Sys 0 00:00:00  -  Run Local Usage
		Usr 0 00:00:09, Sys 0 00:00:00  -  Total Remote Usage
		Usr 0 00:00:00, Sys 0 00:00:00  -  Total Local Usage
	0  -  Run Bytes Sent By Job
	0  -  Run Bytes Received By Job
	0  -  Total Bytes Sent By Job
	0  -  Total Bytes Received By Job
	Partitionable Resources :    Usage  Request Allocated
	   Cpus                 :                 1         1
	   Disk (KB)            :        2        2  28380764
	   Memory (MB)          :       43        1      4033
...
