000 (2147375.032.000) 06/28 17:57:16 Job submitted from host: <192.168.1.109:9465>
...
001 (2147375.032.000) 06/28 17:57:34 Job executing on host: <192.168.1.64:9545>
...
006 (2147375.032.000) 06/28 17:57:43 Image size of job updated: 31184
	3  -  MemoryUsage of job (MB)
	2096  -  ResidentSetSize of job (KB)
...
006 (2147375.032.000) 06/28 18:01:14 Image size of job updated: 925112
	3  -  MemoryUsage of job (MB)
	2096  -  ResidentSetSize of job (KB)
...
005 (2147375.032.000) 06/28 18:01:14 Job terminated.
	(1) Normal termination (return value 0)
		Usr 0 00:00:24, Sys 0 00:00:00  -  Run Remote Usage
		Usr 0 00:00:00, Sys 0 00:00:00  -  Run Local Usage
		Usr 0 00:00:24, Sys 0 00:00:00  -  Total Remote Usage
		Usr 0 00:00:00, Sys 0 00:00:00  -  Total Local Usage
	0  -  Run Bytes Sent By Job
	0  -  Run Bytes Received By Job
	0  -  Total Bytes Sent By Job
	0  -  Total Bytes Received By Job
	Partitionable Resources :    Usage  Request Allocated
	   Cpus                 :                 1         1
	   Disk (KB)            :        2        2  19559039
	   Memory (MB)          :        3        1      4033
...
