000 (2208111.033.000) 07/06 15:00:49 Job submitted from host: <192.168.1.109:9465>
...
001 (2208111.033.000) 07/06 15:14:06 Job executing on host: <192.168.1.58:9771>
...
006 (2208111.033.000) 07/06 15:14:15 Image size of job updated: 2
	3  -  MemoryUsage of job (MB)
	2096  -  ResidentSetSize of job (KB)
...
006 (2208111.033.000) 07/06 15:14:53 Image size of job updated: 921672
	3  -  MemoryUsage of job (MB)
	2096  -  ResidentSetSize of job (KB)
...
005 (2208111.033.000) 07/06 15:14:53 Job terminated.
	(1) Normal termination (return value 0)
		Usr 0 00:00:20, Sys 0 00:00:01  -  Run Remote Usage
		Usr 0 00:00:00, Sys 0 00:00:00  -  Run Local Usage
		Usr 0 00:00:20, Sys 0 00:00:01  -  Total Remote Usage
		Usr 0 00:00:00, Sys 0 00:00:00  -  Total Local Usage
	0  -  Run Bytes Sent By Job
	0  -  Run Bytes Received By Job
	0  -  Total Bytes Sent By Job
	0  -  Total Bytes Received By Job
	Partitionable Resources :    Usage  Request Allocated
	   Cpus                 :                 1         1
	   Disk (KB)            :        2        2  18732518
	   Memory (MB)          :        3        1      4029
...
