000 (2139834.030.000) 06/25 17:04:43 Job submitted from host: <192.168.1.109:9465>
...
001 (2139834.030.000) 06/25 17:05:03 Job executing on host: <192.168.1.66:9099>
...
006 (2139834.030.000) 06/25 17:05:12 Image size of job updated: 2
	3  -  MemoryUsage of job (MB)
	2100  -  ResidentSetSize of job (KB)
...
006 (2139834.030.000) 06/25 17:10:13 Image size of job updated: 939192
	515  -  MemoryUsage of job (MB)
	526372  -  ResidentSetSize of job (KB)
...
006 (2139834.030.000) 06/25 17:15:13 Image size of job updated: 942100
	665  -  MemoryUsage of job (MB)
	680072  -  ResidentSetSize of job (KB)
...
006 (2139834.030.000) 06/25 17:20:13 Image size of job updated: 945604
	671  -  MemoryUsage of job (MB)
	686676  -  ResidentSetSize of job (KB)
...
006 (2139834.030.000) 06/25 17:21:04 Image size of job updated: 946628
	671  -  MemoryUsage of job (MB)
	686676  -  ResidentSetSize of job (KB)
...
005 (2139834.030.000) 06/25 17:21:04 Job terminated.
	(1) Normal termination (return value 0)
		Usr 0 00:04:42, Sys 0 00:00:09  -  Run Remote Usage
		Usr 0 00:00:00, Sys 0 00:00:00  -  Run Local Usage
		Usr 0 00:04:42, Sys 0 00:00:09  -  Total Remote Usage
		Usr 0 00:00:00, Sys 0 00:00:00  -  Total Local Usage
	0  -  Run Bytes Sent By Job
	0  -  Run Bytes Received By Job
	0  -  Total Bytes Sent By Job
	0  -  Total Bytes Received By Job
	Partitionable Resources :    Usage  Request Allocated
	   Cpus                 :                 1         1
	   Disk (KB)            :        2        2  19563049
	   Memory (MB)          :      671        1      4033
...
