000 (2144549.030.000) 06/28 00:53:25 Job submitted from host: <192.168.1.109:9465>
...
001 (2144549.030.000) 06/28 00:53:45 Job executing on host: <192.168.1.64:9545>
...
006 (2144549.030.000) 06/28 00:53:54 Image size of job updated: 76852
	4  -  MemoryUsage of job (MB)
	3372  -  ResidentSetSize of job (KB)
...
006 (2144549.030.000) 06/28 00:58:55 Image size of job updated: 940060
	513  -  MemoryUsage of job (MB)
	524424  -  ResidentSetSize of job (KB)
...
006 (2144549.030.000) 06/28 01:03:55 Image size of job updated: 940060
	513  -  MemoryUsage of job (MB)
	524544  -  ResidentSetSize of job (KB)
...
006 (2144549.030.000) 06/28 01:08:55 Image size of job updated: 940060
	513  -  MemoryUsage of job (MB)
	524660  -  ResidentSetSize of job (KB)
...
006 (2144549.030.000) 06/28 01:13:57 Image size of job updated: 940676
	513  -  MemoryUsage of job (MB)
	524692  -  ResidentSetSize of job (KB)
...
006 (2144549.030.000) 06/28 01:18:57 Image size of job updated: 941724
	513  -  MemoryUsage of job (MB)
	525148  -  ResidentSetSize of job (KB)
...
006 (2144549.030.000) 06/28 01:23:57 Image size of job updated: 942764
	514  -  MemoryUsage of job (MB)
	526032  -  ResidentSetSize of job (KB)
...
006 (2144549.030.000) 06/28 01:28:58 Image size of job updated: 944004
	515  -  MemoryUsage of job (MB)
	526884  -  ResidentSetSize of job (KB)
...
006 (2144549.030.000) 06/28 01:33:59 Image size of job updated: 945032
	516  -  MemoryUsage of job (MB)
	527672  -  ResidentSetSize of job (KB)
...
006 (2144549.030.000) 06/28 01:38:59 Image size of job updated: 946268
	517  -  MemoryUsage of job (MB)
	528512  -  ResidentSetSize of job (KB)
...
006 (2144549.030.000) 06/28 01:42:41 Image size of job updated: 947496
	517  -  MemoryUsage of job (MB)
	528512  -  ResidentSetSize of job (KB)
...
005 (2144549.030.000) 06/28 01:42:41 Job terminated.
	(1) Normal termination (return value 0)
		Usr 0 00:10:53, Sys 0 00:00:14  -  Run Remote Usage
		Usr 0 00:00:00, Sys 0 00:00:00  -  Run Local Usage
		Usr 0 00:10:53, Sys 0 00:00:14  -  Total Remote Usage
		Usr 0 00:00:00, Sys 0 00:00:00  -  Total Local Usage
	0  -  Run Bytes Sent By Job
	0  -  Run Bytes Received By Job
	0  -  Total Bytes Sent By Job
	0  -  Total Bytes Received By Job
	Partitionable Resources :    Usage  Request Allocated
	   Cpus                 :                 1         1
	   Disk (KB)            :        2        2  19563832
	   Memory (MB)          :      517        1      4033
...
