000 (2147375.030.000) 06/28 17:57:16 Job submitted from host: <192.168.1.109:9465>
...
001 (2147375.030.000) 06/28 17:57:35 Job executing on host: <192.168.1.50:9582>
...
006 (2147375.030.000) 06/28 17:57:43 Image size of job updated: 365988
	113  -  MemoryUsage of job (MB)
	115120  -  ResidentSetSize of job (KB)
...
006 (2147375.030.000) 06/28 18:02:43 Image size of job updated: 941520
	506  -  MemoryUsage of job (MB)
	517648  -  ResidentSetSize of job (KB)
...
006 (2147375.030.000) 06/28 18:07:43 Image size of job updated: 941520
	506  -  MemoryUsage of job (MB)
	517832  -  ResidentSetSize of job (KB)
...
006 (2147375.030.000) 06/28 18:12:44 Image size of job updated: 941712
	506  -  MemoryUsage of job (MB)
	517952  -  ResidentSetSize of job (KB)
...
006 (2147375.030.000) 06/28 18:17:44 Image size of job updated: 943808
	507  -  MemoryUsage of job (MB)
	518952  -  ResidentSetSize of job (KB)
...
006 (2147375.030.000) 06/28 18:22:44 Image size of job updated: 945668
	604  -  MemoryUsage of job (MB)
	618240  -  ResidentSetSize of job (KB)
...
006 (2147375.030.000) 06/28 18:27:45 Image size of job updated: 947932
	672  -  MemoryUsage of job (MB)
	687740  -  ResidentSetSize of job (KB)
...
006 (2147375.030.000) 06/28 18:29:51 Image size of job updated: 948956
	672  -  MemoryUsage of job (MB)
	687740  -  ResidentSetSize of job (KB)
...
005 (2147375.030.000) 06/28 18:29:51 Job terminated.
	(1) Normal termination (return value 0)
		Usr 0 00:03:26, Sys 0 00:00:08  -  Run Remote Usage
		Usr 0 00:00:00, Sys 0 00:00:00  -  Run Local Usage
		Usr 0 00:03:26, Sys 0 00:00:08  -  Total Remote Usage
		Usr 0 00:00:00, Sys 0 00:00:00  -  Total Local Usage
	0  -  Run Bytes Sent By Job
	0  -  Run Bytes Received By Job
	0  -  Total Bytes Sent By Job
	0  -  Total Bytes Received By Job
	Partitionable Resources :    Usage  Request Allocated
	   Cpus                 :                 1         1
	   Disk (KB)            :        2        2  28376023
	   Memory (MB)          :      672        1      4033
...
