000 (2206162.031.000) 07/05 01:41:56 Job submitted from host: <192.168.1.109:9465>
...
001 (2206162.031.000) 07/05 01:42:01 Job executing on host: <192.168.1.50:9343>
...
006 (2206162.031.000) 07/05 01:42:10 Image size of job updated: 378100
	112  -  MemoryUsage of job (MB)
	113788  -  ResidentSetSize of job (KB)
...
006 (2206162.031.000) 07/05 01:47:11 Image size of job updated: 926648
	431  -  MemoryUsage of job (MB)
	440952  -  ResidentSetSize of job (KB)
...
006 (2206162.031.000) 07/05 01:52:12 Image size of job updated: 927052
	431  -  MemoryUsage of job (MB)
	441216  -  ResidentSetSize of job (KB)
...
006 (2206162.031.000) 07/05 01:57:12 Image size of job updated: 930180
	433  -  MemoryUsage of job (MB)
	443120  -  ResidentSetSize of job (KB)
...
006 (2206162.031.000) 07/05 02:01:42 Image size of job updated: 934084
	433  -  MemoryUsage of job (MB)
	443120  -  ResidentSetSize of job (KB)
...
005 (2206162.031.000) 07/05 02:01:42 Job terminated.
	(1) Normal termination (return value 0)
		Usr 0 00:02:52, Sys 0 00:00:08  -  Run Remote Usage
		Usr 0 00:00:00, Sys 0 00:00:00  -  Run Local Usage
		Usr 0 00:02:52, Sys 0 00:00:08  -  Total Remote Usage
		Usr 0 00:00:00, Sys 0 00:00:00  -  Total Local Usage
	0  -  Run Bytes Sent By Job
	0  -  Run Bytes Received By Job
	0  -  Total Bytes Sent By Job
	0  -  Total Bytes Received By Job
	Partitionable Resources :    Usage  Request Allocated
	   Cpus                 :                 1         1
	   Disk (KB)            :        2        2  28380276
	   Memory (MB)          :      433        1      4033
...
