000 (2208111.031.000) 07/06 15:00:49 Job submitted from host: <192.168.1.109:9465>
...
001 (2208111.031.000) 07/06 15:14:10 Job executing on host: <192.168.1.56:9551>
...
006 (2208111.031.000) 07/06 15:14:19 Image size of job updated: 365540
	124  -  MemoryUsage of job (MB)
	126328  -  ResidentSetSize of job (KB)
...
006 (2208111.031.000) 07/06 15:19:20 Image size of job updated: 939264
	443  -  MemoryUsage of job (MB)
	453376  -  ResidentSetSize of job (KB)
...
006 (2208111.031.000) 07/06 15:24:21 Image size of job updated: 939664
	443  -  MemoryUsage of job (MB)
	453480  -  ResidentSetSize of job (KB)
...
006 (2208111.031.000) 07/06 15:29:21 Image size of job updated: 942172
	445  -  MemoryUsage of job (MB)
	454688  -  ResidentSetSize of job (KB)
...
006 (2208111.031.000) 07/06 15:34:22 Image size of job updated: 945060
	446  -  MemoryUsage of job (MB)
	456628  -  ResidentSetSize of job (KB)
...
006 (2208111.031.000) 07/06 15:36:58 Image size of job updated: 946496
	446  -  MemoryUsage of job (MB)
	456628  -  ResidentSetSize of job (KB)
...
005 (2208111.031.000) 07/06 15:36:58 Job terminated.
	(1) Normal termination (return value 0)
		Usr 0 00:10:13, Sys 0 00:00:17  -  Run Remote Usage
		Usr 0 00:00:00, Sys 0 00:00:00  -  Run Local Usage
		Usr 0 00:10:13, Sys 0 00:00:17  -  Total Remote Usage
		Usr 0 00:00:00, Sys 0 00:00:00  -  Total Local Usage
	0  -  Run Bytes Sent By Job
	0  -  Run Bytes Received By Job
	0  -  Total Bytes Sent By Job
	0  -  Total Bytes Received By Job
	Partitionable Resources :    Usage  Request Allocated
	   Cpus                 :                 1         1
	   Disk (KB)            :        2        2  18627558
	   Memory (MB)          :      446        1      4029
...
