000 (2211539.031.000) 07/09 20:53:17 Job submitted from host: <192.168.1.109:9465>
...
001 (2211539.031.000) 07/09 20:53:31 Job executing on host: <192.168.1.62:9288>
...
006 (2211539.031.000) 07/09 20:53:40 Image size of job updated: 2
	3  -  MemoryUsage of job (MB)
	2088  -  ResidentSetSize of job (KB)
...
006 (2211539.031.000) 07/09 20:58:41 Image size of job updated: 940104
	517  -  MemoryUsage of job (MB)
	528760  -  ResidentSetSize of job (KB)
...
006 (2211539.031.000) 07/09 21:03:41 Image size of job updated: 940104
	517  -  MemoryUsage of job (MB)
	528856  -  ResidentSetSize of job (KB)
...
006 (2211539.031.000) 07/09 21:08:41 Image size of job updated: 942184
	518  -  MemoryUsage of job (MB)
	530008  -  ResidentSetSize of job (KB)
...
006 (2211539.031.000) 07/09 21:13:42 Image size of job updated: 944872
	522  -  MemoryUsage of job (MB)
	533660  -  ResidentSetSize of job (KB)
...
006 (2211539.031.000) 07/09 21:18:02 Image size of job updated: 947540
	522  -  MemoryUsage of job (MB)
	533660  -  ResidentSetSize of job (KB)
...
005 (2211539.031.000) 07/09 21:18:02 Job terminated.
	(1) Normal termination (return value 0)
		Usr 0 00:09:29, Sys 0 00:00:12  -  Run Remote Usage
		Usr 0 00:00:00, Sys 0 00:00:00  -  Run Local Usage
		Usr 0 00:09:29, Sys 0 00:00:12  -  Total Remote Usage
		Usr 0 00:00:00, Sys 0 00:00:00  -  Total Local Usage
	0  -  Run Bytes Sent By Job
	0  -  Run Bytes Received By Job
	0  -  Total Bytes Sent By Job
	0  -  Total Bytes Received By Job
	Partitionable Resources :    Usage  Request Allocated
	   Cpus                 :                 1         1
	   Disk (KB)            :        2        2  19313911
	   Memory (MB)          :      522        1      4029
...
