000 (2147374.009.000) 06/28 17:57:02 Job submitted from host: <192.168.1.109:9465>
...
001 (2147374.009.000) 06/28 17:58:26 Job executing on host: <192.168.1.49:9613>
...
006 (2147374.009.000) 06/28 17:58:35 Image size of job updated: 274760
	79  -  MemoryUsage of job (MB)
	80396  -  ResidentSetSize of job (KB)
...
006 (2147374.009.000) 06/28 18:03:36 Image size of job updated: 1026536
	627  -  MemoryUsage of job (MB)
	641788  -  ResidentSetSize of job (KB)
...
005 (2147374.009.000) 06/28 18:04:23 Job terminated.
	(1) Normal termination (return value 0)
		Usr 0 00:00:21, Sys 0 00:00:01  -  Run Remote Usage
		Usr 0 00:00:00, Sys 0 00:00:00  -  Run Local Usage
		Usr 0 00:00:21, Sys 0 00:00:01  -  Total Remote Usage
		Usr 0 00:00:00, Sys 0 00:00:00  -  Total Local Usage
	0  -  Run Bytes Sent By Job
	0  -  Run Bytes Received By Job
	0  -  Total Bytes Sent By Job
	0  -  Total Bytes Received By Job
	Partitionable Resources :    Usage  Request Allocated
	   Cpus                 :                 1         1
	   Disk (KB)            :        2        2  28372912
	   Memory (MB)          :      627        1      4033
...
