000 (2144549.039.000) 06/28 00:53:26 Job submitted from host: <192.168.1.109:9465>
...
001 (2144549.039.000) 06/28 00:53:46 Job executing on host: <192.168.1.50:9582>
...
006 (2144549.039.000) 06/28 00:53:55 Image size of job updated: 97472
	5  -  MemoryUsage of job (MB)
	4540  -  ResidentSetSize of job (KB)
...
006 (2144549.039.000) 06/28 00:58:56 Image size of job updated: 1034208
	600  -  MemoryUsage of job (MB)
	613412  -  ResidentSetSize of job (KB)
...
006 (2144549.039.000) 06/28 01:03:57 Image size of job updated: 1064148
	639  -  MemoryUsage of job (MB)
	654172  -  ResidentSetSize of job (KB)
...
006 (2144549.039.000) 06/28 01:08:57 Image size of job updated: 1064148
	640  -  MemoryUsage of job (MB)
	654672  -  ResidentSetSize of job (KB)
...
006 (2144549.039.000) 06/28 01:13:58 Image size of job updated: 1064860
	640  -  MemoryUsage of job (MB)
	654836  -  ResidentSetSize of job (KB)
...
006 (2144549.039.000) 06/28 01:18:59 Image size of job updated: 1068744
	644  -  MemoryUsage of job (MB)
	658444  -  ResidentSetSize of job (KB)
...
006 (2144549.039.000) 06/28 01:23:59 Image size of job updated: 1069744
	645  -  MemoryUsage of job (MB)
	660116  -  ResidentSetSize of job (KB)
...
006 (2144549.039.000) 06/28 01:28:59 Image size of job updated: 1070544
	646  -  MemoryUsage of job (MB)
	661052  -  ResidentSetSize of job (KB)
...
006 (2144549.039.000) 06/28 01:34:00 Image size of job updated: 1071848
	647  -  MemoryUsage of job (MB)
	662348  -  ResidentSetSize of job (KB)
...
006 (2144549.039.000) 06/28 01:39:00 Image size of job updated: 1072960
	648  -  MemoryUsage of job (MB)
	663400  -  ResidentSetSize of job (KB)
...
006 (2144549.039.000) 06/28 01:44:00 Image size of job updated: 1074228
	650  -  MemoryUsage of job (MB)
	664684  -  ResidentSetSize of job (KB)
...
006 (2144549.039.000) 06/28 01:49:01 Image size of job updated: 1075496
	651  -  MemoryUsage of job (MB)
	666404  -  ResidentSetSize of job (KB)
...
006 (2144549.039.000) 06/28 01:54:01 Image size of job updated: 1077240
	652  -  MemoryUsage of job (MB)
	667480  -  ResidentSetSize of job (KB)
...
006 (2144549.039.000) 06/28 01:59:01 Image size of job updated: 1078344
	653  -  MemoryUsage of job (MB)
	668096  -  ResidentSetSize of job (KB)
...
006 (2144549.039.000) 06/28 02:04:02 Image size of job updated: 1079452
	664  -  MemoryUsage of job (MB)
	678992  -  ResidentSetSize of job (KB)
...
006 (2144549.039.000) 06/28 02:09:03 Image size of job updated: 1080872
	664  -  MemoryUsage of job (MB)
	679764  -  ResidentSetSize of job (KB)
...
006 (2144549.039.000) 06/28 02:14:03 Image size of job updated: 1082452
	685  -  MemoryUsage of job (MB)
	701356  -  ResidentSetSize of job (KB)
...
006 (2144549.039.000) 06/28 02:19:04 Image size of job updated: 1084344
	725  -  MemoryUsage of job (MB)
	742096  -  ResidentSetSize of job (KB)
...
006 (2144549.039.000) 06/28 02:24:05 Image size of job updated: 1087576
	728  -  MemoryUsage of job (MB)
	745120  -  ResidentSetSize of job (KB)
...
006 (2144549.039.000) 06/28 02:29:05 Image size of job updated: 1089784
	733  -  MemoryUsage of job (MB)
	750004  -  ResidentSetSize of job (KB)
...
006 (2144549.039.000) 06/28 02:34:06 Image size of job updated: 1092468
	733  -  MemoryUsage of job (MB)
	750072  -  ResidentSetSize of job (KB)
...
006 (2144549.039.000) 06/28 02:39:07 Image size of job updated: 1094992
	733  -  MemoryUsage of job (MB)
	750140  -  ResidentSetSize of job (KB)
...
006 (2144549.039.000) 06/28 02:44:07 Image size of job updated: 1097828
	753  -  MemoryUsage of job (MB)
	770516  -  ResidentSetSize of job (KB)
...
006 (2144549.039.000) 06/28 02:49:07 Image size of job updated: 1100192
	772  -  MemoryUsage of job (MB)
	789524  -  ResidentSetSize of job (KB)
...
006 (2144549.039.000) 06/28 02:54:08 Image size of job updated: 1102876
	772  -  MemoryUsage of job (MB)
	789592  -  ResidentSetSize of job (KB)
...
006 (2144549.039.000) 06/28 02:59:08 Image size of job updated: 1104136
	772  -  MemoryUsage of job (MB)
	789592  -  ResidentSetSize of job (KB)
...
006 (2144549.039.000) 06/28 03:09:09 Image size of job updated: 1111940
	772  -  MemoryUsage of job (MB)
	789592  -  ResidentSetSize of job (KB)
...
006 (2144549.039.000) 06/28 03:19:09 Image size of job updated: 1115724
	772  -  MemoryUsage of job (MB)
	789592  -  ResidentSetSize of job (KB)
...
006 (2144549.039.000) 06/28 03:34:10 Image size of job updated: 1124160
	772  -  MemoryUsage of job (MB)
	789592  -  ResidentSetSize of job (KB)
...
005 (2144549.039.000) 06/28 03:34:10 Job terminated.
	(1) Normal termination (return value 0)
		Usr 0 00:22:34, Sys 0 00:00:52  -  Run Remote Usage
		Usr 0 00:00:00, Sys 0 00:00:00  -  Run Local Usage
		Usr 0 00:22:34, Sys 0 00:00:52  -  Total Remote Usage
		Usr 0 00:00:00, Sys 0 00:00:00  -  Total Local Usage
	0  -  Run Bytes Sent By Job
	0  -  Run Bytes Received By Job
	0  -  Total Bytes Sent By Job
	0  -  Total Bytes Received By Job
	Partitionable Resources :    Usage  Request Allocated
	   Cpus                 :                 1         1
	   Disk (KB)            :        2        2  28380764
	   Memory (MB)          :      772        1      4033
...
