000 (2147375.039.000) 06/28 17:57:17 Job submitted from host: <192.168.1.109:9465>
...
001 (2147375.039.000) 06/28 17:57:40 Job executing on host: <192.168.1.47:9610>
...
006 (2147375.039.000) 06/28 17:57:49 Image size of job updated: 97472
	2  -  MemoryUsage of job (MB)
	1416  -  ResidentSetSize of job (KB)
...
006 (2147375.039.000) 06/28 18:02:50 Image size of job updated: 1035688
	611  -  MemoryUsage of job (MB)
	624708  -  ResidentSetSize of job (KB)
...
006 (2147375.039.000) 06/28 18:07:50 Image size of job updated: 1065488
	655  -  MemoryUsage of job (MB)
	669956  -  ResidentSetSize of job (KB)
...
006 (2147375.039.000) 06/28 18:12:51 Image size of job updated: 1065488
	655  -  MemoryUsage of job (MB)
	670448  -  ResidentSetSize of job (KB)
...
006 (2147375.039.000) 06/28 18:17:52 Image size of job updated: 1066000
	655  -  MemoryUsage of job (MB)
	670572  -  ResidentSetSize of job (KB)
...
006 (2147375.039.000) 06/28 18:22:52 Image size of job updated: 1069396
	657  -  MemoryUsage of job (MB)
	672440  -  ResidentSetSize of job (KB)
...
006 (2147375.039.000) 06/28 18:27:52 Image size of job updated: 1070296
	659  -  MemoryUsage of job (MB)
	674252  -  ResidentSetSize of job (KB)
...
006 (2147375.039.000) 06/28 18:32:53 Image size of job updated: 1071616
	661  -  MemoryUsage of job (MB)
	676388  -  ResidentSetSize of job (KB)
...
006 (2147375.039.000) 06/28 18:37:53 Image size of job updated: 1073560
	758  -  MemoryUsage of job (MB)
	775612  -  ResidentSetSize of job (KB)
...
006 (2147375.039.000) 06/28 18:42:53 Image size of job updated: 1076064
	761  -  MemoryUsage of job (MB)
	779240  -  ResidentSetSize of job (KB)
...
006 (2147375.039.000) 06/28 18:47:54 Image size of job updated: 1079264
	764  -  MemoryUsage of job (MB)
	781644  -  ResidentSetSize of job (KB)
...
006 (2147375.039.000) 06/28 18:52:54 Image size of job updated: 1082264
	768  -  MemoryUsage of job (MB)
	785520  -  ResidentSetSize of job (KB)
...
006 (2147375.039.000) 06/28 18:57:54 Image size of job updated: 1085264
	771  -  MemoryUsage of job (MB)
	789184  -  ResidentSetSize of job (KB)
...
006 (2147375.039.000) 06/28 19:02:55 Image size of job updated: 1087948
	772  -  MemoryUsage of job (MB)
	790340  -  ResidentSetSize of job (KB)
...
006 (2147375.039.000) 06/28 19:07:56 Image size of job updated: 1091968
	778  -  MemoryUsage of job (MB)
	795884  -  ResidentSetSize of job (KB)
...
006 (2147375.039.000) 06/28 19:12:56 Image size of job updated: 1095436
	778  -  MemoryUsage of job (MB)
	795976  -  ResidentSetSize of job (KB)
...
006 (2147375.039.000) 06/28 19:17:57 Image size of job updated: 1099064
	778  -  MemoryUsage of job (MB)
	796072  -  ResidentSetSize of job (KB)
...
006 (2147375.039.000) 06/28 19:22:58 Image size of job updated: 1103008
	786  -  MemoryUsage of job (MB)
	804168  -  ResidentSetSize of job (KB)
...
006 (2147375.039.000) 06/28 19:27:58 Image size of job updated: 1105688
	786  -  MemoryUsage of job (MB)
	804168  -  ResidentSetSize of job (KB)
...
006 (2147375.039.000) 06/28 19:38:00 Image size of job updated: 1114360
	786  -  MemoryUsage of job (MB)
	804168  -  ResidentSetSize of job (KB)
...
005 (2147375.039.000) 06/28 19:49:54 Job terminated.
	(1) Normal termination (return value 0)
		Usr 0 00:21:54, Sys 0 00:00:49  -  Run Remote Usage
		Usr 0 00:00:00, Sys 0 00:00:00  -  Run Local Usage
		Usr 0 00:21:54, Sys 0 00:00:49  -  Total Remote Usage
		Usr 0 00:00:00, Sys 0 00:00:00  -  Total Local Usage
	0  -  Run Bytes Sent By Job
	0  -  Run Bytes Received By Job
	0  -  Total Bytes Sent By Job
	0  -  Total Bytes Received By Job
	Partitionable Resources :    Usage  Request Allocated
	   Cpus                 :                 1         1
	   Disk (KB)            :        2        2  28376065
	   Memory (MB)          :      786        1      4033
...
