/cvmfs/cms.cern.ch
TTJets_Dilept_TuneCUETP8M2T4_13TeV-amcatnloFXFX-pythia8_ext1

Processing /cms/mchristos/ANN/Seesaw/2016/92X/TMVAskims/outFiles/Seesaw_Application_1/Background/TTJets_Dilept_TuneCUETP8M2T4_13TeV-amcatnloFXFX-pythia8_ext1/Seesaw_Application_bg.C...

==> Start TMVAClassificationApplication
                         : Booking "BDTG method" of type "BDT" from /cms/mchristos/ANN/Seesaw/2016/92X/TMVAskims/dl/weights/92X_Seesaw_optimized1_a_BDT2.weights.xml.
<HEADER> DataSetInfo              : [Default] : Added class "Signal"
<HEADER> DataSetInfo              : [Default] : Added class "Background"
                         : Booked classifier "BDT2" of type: "BDT"
--- TMVAClassificationApp    : Using input file: /cms/mchristos/ANN/Seesaw/2016/92X/TMVAskims/pyPlotter/Backgrounds/TTJets_Dilept_TuneCUETP8M2T4_13TeV-amcatnloFXFX-pythia8_ext1/analysisTree.root
--- Select Background sample
--- Processing: 618844 events
--- ... Processing event: 0
--- ... Processing event: 1000
--- ... Processing event: 2000
--- ... Processing event: 3000
--- ... Processing event: 4000
--- ... Processing event: 5000
--- ... Processing event: 6000
--- ... Processing event: 7000
--- ... Processing event: 8000
--- ... Processing event: 9000
--- ... Processing event: 10000
--- ... Processing event: 11000
--- ... Processing event: 12000
--- ... Processing event: 13000
--- ... Processing event: 14000
--- ... Processing event: 15000
--- ... Processing event: 16000
--- ... Processing event: 17000
--- ... Processing event: 18000
--- ... Processing event: 19000
--- ... Processing event: 20000
--- ... Processing event: 21000
--- ... Processing event: 22000
--- ... Processing event: 23000
--- ... Processing event: 24000
--- ... Processing event: 25000
--- ... Processing event: 26000
--- ... Processing event: 27000
--- ... Processing event: 28000
--- ... Processing event: 29000
--- ... Processing event: 30000
--- ... Processing event: 31000
--- ... Processing event: 32000
--- ... Processing event: 33000
--- ... Processing event: 34000
--- ... Processing event: 35000
--- ... Processing event: 36000
--- ... Processing event: 37000
--- ... Processing event: 38000
--- ... Processing event: 39000
--- ... Processing event: 40000
--- ... Processing event: 41000
--- ... Processing event: 42000
--- ... Processing event: 43000
--- ... Processing event: 44000
--- ... Processing event: 45000
--- ... Processing event: 46000
--- ... Processing event: 47000
--- ... Processing event: 48000
--- ... Processing event: 49000
--- ... Processing event: 50000
--- ... Processing event: 51000
--- ... Processing event: 52000
--- ... Processing event: 53000
--- ... Processing event: 54000
--- ... Processing event: 55000
--- ... Processing event: 56000
--- ... Processing event: 57000
--- ... Processing event: 58000
--- ... Processing event: 59000
--- ... Processing event: 60000
--- ... Processing event: 61000
--- ... Processing event: 62000
--- ... Processing event: 63000
--- ... Processing event: 64000
--- ... Processing event: 65000
--- ... Processing event: 66000
--- ... Processing event: 67000
--- ... Processing event: 68000
--- ... Processing event: 69000
--- ... Processing event: 70000
--- ... Processing event: 71000
--- ... Processing event: 72000
--- ... Processing event: 73000
--- ... Processing event: 74000
--- ... Processing event: 75000
--- ... Processing event: 76000
--- ... Processing event: 77000
--- ... Processing event: 78000
--- ... Processing event: 79000
--- ... Processing event: 80000
--- ... Processing event: 81000
--- ... Processing event: 82000
--- ... Processing event: 83000
--- ... Processing event: 84000
--- ... Processing event: 85000
--- ... Processing event: 86000
--- ... Processing event: 87000
--- ... Processing event: 88000
--- ... Processing event: 89000
--- ... Processing event: 90000
--- ... Processing event: 91000
--- ... Processing event: 92000
--- ... Processing event: 93000
--- ... Processing event: 94000
--- ... Processing event: 95000
--- ... Processing event: 96000
--- ... Processing event: 97000
--- ... Processing event: 98000
--- ... Processing event: 99000
--- ... Processing event: 100000
--- ... Processing event: 101000
--- ... Processing event: 102000
--- ... Processing event: 103000
--- ... Processing event: 104000
--- ... Processing event: 105000
--- ... Processing event: 106000
--- ... Processing event: 107000
--- ... Processing event: 108000
--- ... Processing event: 109000
--- ... Processing event: 110000
--- ... Processing event: 111000
--- ... Processing event: 112000
--- ... Processing event: 113000
--- ... Processing event: 114000
--- ... Processing event: 115000
--- ... Processing event: 116000
--- ... Processing event: 117000
--- ... Processing event: 118000
--- ... Processing event: 119000
--- ... Processing event: 120000
--- ... Processing event: 121000
--- ... Processing event: 122000
--- ... Processing event: 123000
--- ... Processing event: 124000
--- ... Processing event: 125000
--- ... Processing event: 126000
--- ... Processing event: 127000
--- ... Processing event: 128000
--- ... Processing event: 129000
--- ... Processing event: 130000
--- ... Processing event: 131000
--- ... Processing event: 132000
--- ... Processing event: 133000
--- ... Processing event: 134000
--- ... Processing event: 135000
--- ... Processing event: 136000
--- ... Processing event: 137000
--- ... Processing event: 138000
--- ... Processing event: 139000
--- ... Processing event: 140000
--- ... Processing event: 141000
--- ... Processing event: 142000
--- ... Processing event: 143000
--- ... Processing event: 144000
--- ... Processing event: 145000
--- ... Processing event: 146000
--- ... Processing event: 147000
--- ... Processing event: 148000
--- ... Processing event: 149000
--- ... Processing event: 150000
--- ... Processing event: 151000
--- ... Processing event: 152000
--- ... Processing event: 153000
--- ... Processing event: 154000
--- ... Processing event: 155000
--- ... Processing event: 156000
--- ... Processing event: 157000
--- ... Processing event: 158000
--- ... Processing event: 159000
--- ... Processing event: 160000
--- ... Processing event: 161000
--- ... Processing event: 162000
--- ... Processing event: 163000
--- ... Processing event: 164000
--- ... Processing event: 165000
--- ... Processing event: 166000
--- ... Processing event: 167000
--- ... Processing event: 168000
--- ... Processing event: 169000
--- ... Processing event: 170000
--- ... Processing event: 171000
--- ... Processing event: 172000
--- ... Processing event: 173000
--- ... Processing event: 174000
--- ... Processing event: 175000
--- ... Processing event: 176000
--- ... Processing event: 177000
--- ... Processing event: 178000
--- ... Processing event: 179000
--- ... Processing event: 180000
--- ... Processing event: 181000
--- ... Processing event: 182000
--- ... Processing event: 183000
--- ... Processing event: 184000
--- ... Processing event: 185000
--- ... Processing event: 186000
--- ... Processing event: 187000
--- ... Processing event: 188000
--- ... Processing event: 189000
--- ... Processing event: 190000
--- ... Processing event: 191000
--- ... Processing event: 192000
--- ... Processing event: 193000
--- ... Processing event: 194000
--- ... Processing event: 195000
--- ... Processing event: 196000
--- ... Processing event: 197000
--- ... Processing event: 198000
--- ... Processing event: 199000
--- ... Processing event: 200000
--- ... Processing event: 201000
--- ... Processing event: 202000
--- ... Processing event: 203000
--- ... Processing event: 204000
--- ... Processing event: 205000
--- ... Processing event: 206000
--- ... Processing event: 207000
--- ... Processing event: 208000
--- ... Processing event: 209000
--- ... Processing event: 210000
--- ... Processing event: 211000
--- ... Processing event: 212000
--- ... Processing event: 213000
--- ... Processing event: 214000
--- ... Processing event: 215000
--- ... Processing event: 216000
--- ... Processing event: 217000
--- ... Processing event: 218000
--- ... Processing event: 219000
--- ... Processing event: 220000
--- ... Processing event: 221000
--- ... Processing event: 222000
--- ... Processing event: 223000
--- ... Processing event: 224000
--- ... Processing event: 225000
--- ... Processing event: 226000
--- ... Processing event: 227000
--- ... Processing event: 228000
--- ... Processing event: 229000
--- ... Processing event: 230000
--- ... Processing event: 231000
--- ... Processing event: 232000
--- ... Processing event: 233000
--- ... Processing event: 234000
--- ... Processing event: 235000
--- ... Processing event: 236000
--- ... Processing event: 237000
--- ... Processing event: 238000
--- ... Processing event: 239000
--- ... Processing event: 240000
--- ... Processing event: 241000
--- ... Processing event: 242000
--- ... Processing event: 243000
--- ... Processing event: 244000
--- ... Processing event: 245000
--- ... Processing event: 246000
--- ... Processing event: 247000
--- ... Processing event: 248000
--- ... Processing event: 249000
--- ... Processing event: 250000
--- ... Processing event: 251000
--- ... Processing event: 252000
--- ... Processing event: 253000
--- ... Processing event: 254000
--- ... Processing event: 255000
--- ... Processing event: 256000
--- ... Processing event: 257000
--- ... Processing event: 258000
--- ... Processing event: 259000
--- ... Processing event: 260000
--- ... Processing event: 261000
--- ... Processing event: 262000
--- ... Processing event: 263000
--- ... Processing event: 264000
--- ... Processing event: 265000
--- ... Processing event: 266000
--- ... Processing event: 267000
--- ... Processing event: 268000
--- ... Processing event: 269000
--- ... Processing event: 270000
--- ... Processing event: 271000
--- ... Processing event: 272000
--- ... Processing event: 273000
--- ... Processing event: 274000
--- ... Processing event: 275000
--- ... Processing event: 276000
--- ... Processing event: 277000
--- ... Processing event: 278000
--- ... Processing event: 279000
--- ... Processing event: 280000
--- ... Processing event: 281000
--- ... Processing event: 282000
--- ... Processing event: 283000
--- ... Processing event: 284000
--- ... Processing event: 285000
--- ... Processing event: 286000
--- ... Processing event: 287000
--- ... Processing event: 288000
--- ... Processing event: 289000
--- ... Processing event: 290000
--- ... Processing event: 291000
--- ... Processing event: 292000
--- ... Processing event: 293000
--- ... Processing event: 294000
--- ... Processing event: 295000
--- ... Processing event: 296000
--- ... Processing event: 297000
--- ... Processing event: 298000
--- ... Processing event: 299000
--- ... Processing event: 300000
--- ... Processing event: 301000
--- ... Processing event: 302000
--- ... Processing event: 303000
--- ... Processing event: 304000
--- ... Processing event: 305000
--- ... Processing event: 306000
--- ... Processing event: 307000
--- ... Processing event: 308000
--- ... Processing event: 309000
--- ... Processing event: 310000
--- ... Processing event: 311000
--- ... Processing event: 312000
--- ... Processing event: 313000
--- ... Processing event: 314000
--- ... Processing event: 315000
--- ... Processing event: 316000
--- ... Processing event: 317000
--- ... Processing event: 318000
--- ... Processing event: 319000
--- ... Processing event: 320000
--- ... Processing event: 321000
--- ... Processing event: 322000
--- ... Processing event: 323000
--- ... Processing event: 324000
--- ... Processing event: 325000
--- ... Processing event: 326000
--- ... Processing event: 327000
--- ... Processing event: 328000
--- ... Processing event: 329000
--- ... Processing event: 330000
--- ... Processing event: 331000
--- ... Processing event: 332000
--- ... Processing event: 333000
--- ... Processing event: 334000
--- ... Processing event: 335000
--- ... Processing event: 336000
--- ... Processing event: 337000
--- ... Processing event: 338000
--- ... Processing event: 339000
--- ... Processing event: 340000
--- ... Processing event: 341000
--- ... Processing event: 342000
--- ... Processing event: 343000
--- ... Processing event: 344000
--- ... Processing event: 345000
--- ... Processing event: 346000
--- ... Processing event: 347000
--- ... Processing event: 348000
--- ... Processing event: 349000
--- ... Processing event: 350000
--- ... Processing event: 351000
--- ... Processing event: 352000
--- ... Processing event: 353000
--- ... Processing event: 354000
--- ... Processing event: 355000
--- ... Processing event: 356000
--- ... Processing event: 357000
--- ... Processing event: 358000
--- ... Processing event: 359000
--- ... Processing event: 360000
--- ... Processing event: 361000
--- ... Processing event: 362000
--- ... Processing event: 363000
--- ... Processing event: 364000
--- ... Processing event: 365000
--- ... Processing event: 366000
--- ... Processing event: 367000
--- ... Processing event: 368000
--- ... Processing event: 369000
--- ... Processing event: 370000
--- ... Processing event: 371000
--- ... Processing event: 372000
--- ... Processing event: 373000
--- ... Processing event: 374000
--- ... Processing event: 375000
--- ... Processing event: 376000
--- ... Processing event: 377000
--- ... Processing event: 378000
--- ... Processing event: 379000
--- ... Processing event: 380000
--- ... Processing event: 381000
--- ... Processing event: 382000
--- ... Processing event: 383000
--- ... Processing event: 384000
--- ... Processing event: 385000
--- ... Processing event: 386000
--- ... Processing event: 387000
--- ... Processing event: 388000
--- ... Processing event: 389000
--- ... Processing event: 390000
--- ... Processing event: 391000
--- ... Processing event: 392000
--- ... Processing event: 393000
--- ... Processing event: 394000
--- ... Processing event: 395000
--- ... Processing event: 396000
--- ... Processing event: 397000
--- ... Processing event: 398000
--- ... Processing event: 399000
--- ... Processing event: 400000
--- ... Processing event: 401000
--- ... Processing event: 402000
--- ... Processing event: 403000
--- ... Processing event: 404000
--- ... Processing event: 405000
--- ... Processing event: 406000
--- ... Processing event: 407000
--- ... Processing event: 408000
--- ... Processing event: 409000
--- ... Processing event: 410000
--- ... Processing event: 411000
--- ... Processing event: 412000
--- ... Processing event: 413000
--- ... Processing event: 414000
--- ... Processing event: 415000
--- ... Processing event: 416000
--- ... Processing event: 417000
--- ... Processing event: 418000
--- ... Processing event: 419000
--- ... Processing event: 420000
--- ... Processing event: 421000
--- ... Processing event: 422000
--- ... Processing event: 423000
--- ... Processing event: 424000
--- ... Processing event: 425000
--- ... Processing event: 426000
--- ... Processing event: 427000
--- ... Processing event: 428000
--- ... Processing event: 429000
--- ... Processing event: 430000
--- ... Processing event: 431000
--- ... Processing event: 432000
--- ... Processing event: 433000
--- ... Processing event: 434000
--- ... Processing event: 435000
--- ... Processing event: 436000
--- ... Processing event: 437000
--- ... Processing event: 438000
--- ... Processing event: 439000
--- ... Processing event: 440000
--- ... Processing event: 441000
--- ... Processing event: 442000
--- ... Processing event: 443000
--- ... Processing event: 444000
--- ... Processing event: 445000
--- ... Processing event: 446000
--- ... Processing event: 447000
--- ... Processing event: 448000
--- ... Processing event: 449000
--- ... Processing event: 450000
--- ... Processing event: 451000
--- ... Processing event: 452000
--- ... Processing event: 453000
--- ... Processing event: 454000
--- ... Processing event: 455000
--- ... Processing event: 456000
--- ... Processing event: 457000
--- ... Processing event: 458000
--- ... Processing event: 459000
--- ... Processing event: 460000
--- ... Processing event: 461000
--- ... Processing event: 462000
--- ... Processing event: 463000
--- ... Processing event: 464000
--- ... Processing event: 465000
--- ... Processing event: 466000
--- ... Processing event: 467000
--- ... Processing event: 468000
--- ... Processing event: 469000
--- ... Processing event: 470000
--- ... Processing event: 471000
--- ... Processing event: 472000
--- ... Processing event: 473000
--- ... Processing event: 474000
--- ... Processing event: 475000
--- ... Processing event: 476000
--- ... Processing event: 477000
--- ... Processing event: 478000
--- ... Processing event: 479000
--- ... Processing event: 480000
--- ... Processing event: 481000
--- ... Processing event: 482000
--- ... Processing event: 483000
--- ... Processing event: 484000
--- ... Processing event: 485000
--- ... Processing event: 486000
--- ... Processing event: 487000
--- ... Processing event: 488000
--- ... Processing event: 489000
--- ... Processing event: 490000
--- ... Processing event: 491000
--- ... Processing event: 492000
--- ... Processing event: 493000
--- ... Processing event: 494000
--- ... Processing event: 495000
--- ... Processing event: 496000
--- ... Processing event: 497000
--- ... Processing event: 498000
--- ... Processing event: 499000
--- ... Processing event: 500000
--- ... Processing event: 501000
--- ... Processing event: 502000
--- ... Processing event: 503000
--- ... Processing event: 504000
--- ... Processing event: 505000
--- ... Processing event: 506000
--- ... Processing event: 507000
--- ... Processing event: 508000
--- ... Processing event: 509000
--- ... Processing event: 510000
--- ... Processing event: 511000
--- ... Processing event: 512000
--- ... Processing event: 513000
--- ... Processing event: 514000
--- ... Processing event: 515000
--- ... Processing event: 516000
--- ... Processing event: 517000
--- ... Processing event: 518000
--- ... Processing event: 519000
--- ... Processing event: 520000
--- ... Processing event: 521000
--- ... Processing event: 522000
--- ... Processing event: 523000
--- ... Processing event: 524000
--- ... Processing event: 525000
--- ... Processing event: 526000
--- ... Processing event: 527000
--- ... Processing event: 528000
--- ... Processing event: 529000
--- ... Processing event: 530000
--- ... Processing event: 531000
--- ... Processing event: 532000
--- ... Processing event: 533000
--- ... Processing event: 534000
--- ... Processing event: 535000
--- ... Processing event: 536000
--- ... Processing event: 537000
--- ... Processing event: 538000
--- ... Processing event: 539000
--- ... Processing event: 540000
--- ... Processing event: 541000
--- ... Processing event: 542000
--- ... Processing event: 543000
--- ... Processing event: 544000
--- ... Processing event: 545000
--- ... Processing event: 546000
--- ... Processing event: 547000
--- ... Processing event: 548000
--- ... Processing event: 549000
--- ... Processing event: 550000
--- ... Processing event: 551000
--- ... Processing event: 552000
--- ... Processing event: 553000
--- ... Processing event: 554000
--- ... Processing event: 555000
--- ... Processing event: 556000
--- ... Processing event: 557000
--- ... Processing event: 558000
--- ... Processing event: 559000
--- ... Processing event: 560000
--- ... Processing event: 561000
--- ... Processing event: 562000
--- ... Processing event: 563000
--- ... Processing event: 564000
--- ... Processing event: 565000
--- ... Processing event: 566000
--- ... Processing event: 567000
--- ... Processing event: 568000
--- ... Processing event: 569000
--- ... Processing event: 570000
--- ... Processing event: 571000
--- ... Processing event: 572000
--- ... Processing event: 573000
--- ... Processing event: 574000
--- ... Processing event: 575000
--- ... Processing event: 576000
--- ... Processing event: 577000
--- ... Processing event: 578000
--- ... Processing event: 579000
--- ... Processing event: 580000
--- ... Processing event: 581000
--- ... Processing event: 582000
--- ... Processing event: 583000
--- ... Processing event: 584000
--- ... Processing event: 585000
--- ... Processing event: 586000
--- ... Processing event: 587000
--- ... Processing event: 588000
--- ... Processing event: 589000
--- ... Processing event: 590000
--- ... Processing event: 591000
--- ... Processing event: 592000
--- ... Processing event: 593000
--- ... Processing event: 594000
--- ... Processing event: 595000
--- ... Processing event: 596000
--- ... Processing event: 597000
--- ... Processing event: 598000
--- ... Processing event: 599000
--- ... Processing event: 600000
--- ... Processing event: 601000
--- ... Processing event: 602000
--- ... Processing event: 603000
--- ... Processing event: 604000
--- ... Processing event: 605000
--- ... Processing event: 606000
--- ... Processing event: 607000
--- ... Processing event: 608000
--- ... Processing event: 609000
--- ... Processing event: 610000
--- ... Processing event: 611000
--- ... Processing event: 612000
--- ... Processing event: 613000
--- ... Processing event: 614000
--- ... Processing event: 615000
--- ... Processing event: 616000
--- ... Processing event: 617000
--- ... Processing event: 618000
--- End of event loop: Real time 1:50:17, CP time 1360.810
Printing out all passed events... 
BDT: 
168247	 passed events
==> TMVAClassificationApplication is done!

