000 (2206162.040.000) 07/05 01:41:56 Job submitted from host: <192.168.1.109:9465>
...
001 (2206162.040.000) 07/05 01:42:02 Job executing on host: <192.168.1.48:9675>
...
006 (2206162.040.000) 07/05 01:42:10 Image size of job updated: 2
	3  -  MemoryUsage of job (MB)
	2112  -  ResidentSetSize of job (KB)
...
006 (2206162.040.000) 07/05 01:47:10 Image size of job updated: 1055260
	656  -  MemoryUsage of job (MB)
	671132  -  ResidentSetSize of job (KB)
...
006 (2206162.040.000) 07/05 01:52:10 Image size of job updated: 1059272
	755  -  MemoryUsage of job (MB)
	772400  -  ResidentSetSize of job (KB)
...
006 (2206162.040.000) 07/05 01:57:11 Image size of job updated: 1062824
	758  -  MemoryUsage of job (MB)
	776048  -  ResidentSetSize of job (KB)
...
006 (2206162.040.000) 07/05 02:02:12 Image size of job updated: 1066772
	765  -  MemoryUsage of job (MB)
	782712  -  ResidentSetSize of job (KB)
...
006 (2206162.040.000) 07/05 02:07:12 Image size of job updated: 1071160
	770  -  MemoryUsage of job (MB)
	788256  -  ResidentSetSize of job (KB)
...
006 (2206162.040.000) 07/05 02:12:13 Image size of job updated: 1076120
	771  -  MemoryUsage of job (MB)
	789292  -  ResidentSetSize of job (KB)
...
006 (2206162.040.000) 07/05 02:17:14 Image size of job updated: 1081008
	772  -  MemoryUsage of job (MB)
	789720  -  ResidentSetSize of job (KB)
...
006 (2206162.040.000) 07/05 02:22:14 Image size of job updated: 1086528
	782  -  MemoryUsage of job (MB)
	800748  -  ResidentSetSize of job (KB)
...
006 (2206162.040.000) 07/05 02:27:15 Image size of job updated: 1091028
	782  -  MemoryUsage of job (MB)
	800748  -  ResidentSetSize of job (KB)
...
005 (2206162.040.000) 07/05 02:39:23 Job terminated.
	(1) Normal termination (return value 0)
		Usr 0 00:18:50, Sys 0 00:00:47  -  Run Remote Usage
		Usr 0 00:00:00, Sys 0 00:00:00  -  Run Local Usage
		Usr 0 00:18:50, Sys 0 00:00:47  -  Total Remote Usage
		Usr 0 00:00:00, Sys 0 00:00:00  -  Total Local Usage
	0  -  Run Bytes Sent By Job
	0  -  Run Bytes Received By Job
	0  -  Total Bytes Sent By Job
	0  -  Total Bytes Received By Job
	Partitionable Resources :    Usage  Request Allocated
	   Cpus                 :                 1         1
	   Disk (KB)            :        2        2  28379680
	   Memory (MB)          :      782        1      4033
...
