000 (2208111.040.000) 07/06 15:00:50 Job submitted from host: <192.168.1.109:9465>
...
001 (2208111.040.000) 07/06 15:14:12 Job executing on host: <192.168.1.68:9891>
...
006 (2208111.040.000) 07/06 15:14:21 Image size of job updated: 97472
	3  -  MemoryUsage of job (MB)
	2240  -  ResidentSetSize of job (KB)
...
006 (2208111.040.000) 07/06 15:19:22 Image size of job updated: 1063184
	590  -  MemoryUsage of job (MB)
	603712  -  ResidentSetSize of job (KB)
...
006 (2208111.040.000) 07/06 15:24:22 Image size of job updated: 1066988
	592  -  MemoryUsage of job (MB)
	605920  -  ResidentSetSize of job (KB)
...
006 (2208111.040.000) 07/06 15:29:22 Image size of job updated: 1068304
	594  -  MemoryUsage of job (MB)
	608136  -  ResidentSetSize of job (KB)
...
006 (2208111.040.000) 07/06 15:34:23 Image size of job updated: 1069748
	595  -  MemoryUsage of job (MB)
	608856  -  ResidentSetSize of job (KB)
...
006 (2208111.040.000) 07/06 15:39:24 Image size of job updated: 1071340
	596  -  MemoryUsage of job (MB)
	609508  -  ResidentSetSize of job (KB)
...
006 (2208111.040.000) 07/06 15:44:24 Image size of job updated: 1072924
	597  -  MemoryUsage of job (MB)
	610580  -  ResidentSetSize of job (KB)
...
006 (2208111.040.000) 07/06 15:49:24 Image size of job updated: 1073560
	597  -  MemoryUsage of job (MB)
	611024  -  ResidentSetSize of job (KB)
...
006 (2208111.040.000) 07/06 15:54:25 Image size of job updated: 1074508
	598  -  MemoryUsage of job (MB)
	612048  -  ResidentSetSize of job (KB)
...
006 (2208111.040.000) 07/06 15:59:25 Image size of job updated: 1075300
	599  -  MemoryUsage of job (MB)
	612916  -  ResidentSetSize of job (KB)
...
006 (2208111.040.000) 07/06 16:04:25 Image size of job updated: 1075932
	600  -  MemoryUsage of job (MB)
	613648  -  ResidentSetSize of job (KB)
...
006 (2208111.040.000) 07/06 16:09:26 Image size of job updated: 1076404
	600  -  MemoryUsage of job (MB)
	614160  -  ResidentSetSize of job (KB)
...
006 (2208111.040.000) 07/06 16:14:27 Image size of job updated: 1077036
	601  -  MemoryUsage of job (MB)
	614836  -  ResidentSetSize of job (KB)
...
006 (2208111.040.000) 07/06 16:19:27 Image size of job updated: 1077512
	601  -  MemoryUsage of job (MB)
	615352  -  ResidentSetSize of job (KB)
...
006 (2208111.040.000) 07/06 16:24:27 Image size of job updated: 1078144
	602  -  MemoryUsage of job (MB)
	616036  -  ResidentSetSize of job (KB)
...
006 (2208111.040.000) 07/06 16:29:28 Image size of job updated: 1078460
	602  -  MemoryUsage of job (MB)
	616376  -  ResidentSetSize of job (KB)
...
006 (2208111.040.000) 07/06 16:34:29 Image size of job updated: 1078932
	603  -  MemoryUsage of job (MB)
	616884  -  ResidentSetSize of job (KB)
...
006 (2208111.040.000) 07/06 16:39:29 Image size of job updated: 1079404
	603  -  MemoryUsage of job (MB)
	617396  -  ResidentSetSize of job (KB)
...
006 (2208111.040.000) 07/06 16:44:30 Image size of job updated: 1079564
	604  -  MemoryUsage of job (MB)
	617564  -  ResidentSetSize of job (KB)
...
006 (2208111.040.000) 07/06 16:49:31 Image size of job updated: 1080352
	604  -  MemoryUsage of job (MB)
	617772  -  ResidentSetSize of job (KB)
...
006 (2208111.040.000) 07/06 16:54:31 Image size of job updated: 1081300
	605  -  MemoryUsage of job (MB)
	618800  -  ResidentSetSize of job (KB)
...
006 (2208111.040.000) 07/06 16:59:31 Image size of job updated: 1081932
	605  -  MemoryUsage of job (MB)
	619340  -  ResidentSetSize of job (KB)
...
006 (2208111.040.000) 07/06 17:04:32 Image size of job updated: 1082720
	606  -  MemoryUsage of job (MB)
	620216  -  ResidentSetSize of job (KB)
...
006 (2208111.040.000) 07/06 17:09:32 Image size of job updated: 1083192
	607  -  MemoryUsage of job (MB)
	620792  -  ResidentSetSize of job (KB)
...
006 (2208111.040.000) 07/06 17:14:32 Image size of job updated: 1083824
	608  -  MemoryUsage of job (MB)
	621588  -  ResidentSetSize of job (KB)
...
006 (2208111.040.000) 07/06 17:19:33 Image size of job updated: 1084928
	609  -  MemoryUsage of job (MB)
	622928  -  ResidentSetSize of job (KB)
...
006 (2208111.040.000) 07/06 17:24:34 Image size of job updated: 1085848
	610  -  MemoryUsage of job (MB)
	623916  -  ResidentSetSize of job (KB)
...
006 (2208111.040.000) 07/06 17:29:34 Image size of job updated: 1086636
	611  -  MemoryUsage of job (MB)
	624864  -  ResidentSetSize of job (KB)
...
006 (2208111.040.000) 07/06 17:34:35 Image size of job updated: 1087264
	611  -  MemoryUsage of job (MB)
	625652  -  ResidentSetSize of job (KB)
...
006 (2208111.040.000) 07/06 17:39:36 Image size of job updated: 1087896
	612  -  MemoryUsage of job (MB)
	625892  -  ResidentSetSize of job (KB)
...
006 (2208111.040.000) 07/06 17:44:36 Image size of job updated: 1088372
	613  -  MemoryUsage of job (MB)
	626772  -  ResidentSetSize of job (KB)
...
006 (2208111.040.000) 07/06 17:49:36 Image size of job updated: 1088844
	613  -  MemoryUsage of job (MB)
	627568  -  ResidentSetSize of job (KB)
...
006 (2208111.040.000) 07/06 17:54:37 Image size of job updated: 1089316
	614  -  MemoryUsage of job (MB)
	628152  -  ResidentSetSize of job (KB)
...
006 (2208111.040.000) 07/06 17:59:38 Image size of job updated: 1089788
	614  -  MemoryUsage of job (MB)
	628732  -  ResidentSetSize of job (KB)
...
006 (2208111.040.000) 07/06 18:04:38 Image size of job updated: 1090264
	615  -  MemoryUsage of job (MB)
	629312  -  ResidentSetSize of job (KB)
...
006 (2208111.040.000) 07/06 18:09:40 Image size of job updated: 1091052
	616  -  MemoryUsage of job (MB)
	630256  -  ResidentSetSize of job (KB)
...
006 (2208111.040.000) 07/06 18:14:40 Image size of job updated: 1092156
	617  -  MemoryUsage of job (MB)
	631628  -  ResidentSetSize of job (KB)
...
006 (2208111.040.000) 07/06 18:19:41 Image size of job updated: 1093416
	619  -  MemoryUsage of job (MB)
	632880  -  ResidentSetSize of job (KB)
...
006 (2208111.040.000) 07/06 18:24:42 Image size of job updated: 1094836
	620  -  MemoryUsage of job (MB)
	634220  -  ResidentSetSize of job (KB)
...
006 (2208111.040.000) 07/06 18:29:42 Image size of job updated: 1096256
	621  -  MemoryUsage of job (MB)
	635564  -  ResidentSetSize of job (KB)
...
006 (2208111.040.000) 07/06 18:34:42 Image size of job updated: 1097832
	623  -  MemoryUsage of job (MB)
	637056  -  ResidentSetSize of job (KB)
...
006 (2208111.040.000) 07/06 18:39:43 Image size of job updated: 1099252
	624  -  MemoryUsage of job (MB)
	638412  -  ResidentSetSize of job (KB)
...
006 (2208111.040.000) 07/06 18:44:43 Image size of job updated: 1100956
	624  -  MemoryUsage of job (MB)
	638920  -  ResidentSetSize of job (KB)
...
006 (2208111.040.000) 07/06 18:49:43 Image size of job updated: 1101904
	624  -  MemoryUsage of job (MB)
	638920  -  ResidentSetSize of job (KB)
...
006 (2208111.040.000) 07/06 18:54:44 Image size of job updated: 1103560
	624  -  MemoryUsage of job (MB)
	638920  -  ResidentSetSize of job (KB)
...
006 (2208111.040.000) 07/06 18:59:45 Image size of job updated: 1104820
	624  -  MemoryUsage of job (MB)
	638920  -  ResidentSetSize of job (KB)
...
006 (2208111.040.000) 07/06 19:04:45 Image size of job updated: 1106400
	624  -  MemoryUsage of job (MB)
	638920  -  ResidentSetSize of job (KB)
...
006 (2208111.040.000) 07/06 19:09:46 Image size of job updated: 1108608
	624  -  MemoryUsage of job (MB)
	638920  -  ResidentSetSize of job (KB)
...
006 (2208111.040.000) 07/06 19:14:47 Image size of job updated: 1110496
	624  -  MemoryUsage of job (MB)
	638920  -  ResidentSetSize of job (KB)
...
006 (2208111.040.000) 07/06 19:19:47 Image size of job updated: 1111128
	624  -  MemoryUsage of job (MB)
	638920  -  ResidentSetSize of job (KB)
...
006 (2208111.040.000) 07/06 19:29:49 Image size of job updated: 1114600
	624  -  MemoryUsage of job (MB)
	638920  -  ResidentSetSize of job (KB)
...
006 (2208111.040.000) 07/06 19:34:49 Image size of job updated: 1115624
	624  -  MemoryUsage of job (MB)
	638920  -  ResidentSetSize of job (KB)
...
006 (2208111.040.000) 07/06 19:42:31 Image size of job updated: 1120352
	624  -  MemoryUsage of job (MB)
	638920  -  ResidentSetSize of job (KB)
...
005 (2208111.040.000) 07/06 19:42:31 Job terminated.
	(1) Normal termination (return value 0)
		Usr 0 01:38:12, Sys 0 00:04:13  -  Run Remote Usage
		Usr 0 00:00:00, Sys 0 00:00:00  -  Run Local Usage
		Usr 0 01:38:12, Sys 0 00:04:13  -  Total Remote Usage
		Usr 0 00:00:00, Sys 0 00:00:00  -  Total Local Usage
	0  -  Run Bytes Sent By Job
	0  -  Run Bytes Received By Job
	0  -  Total Bytes Sent By Job
	0  -  Total Bytes Received By Job
	Partitionable Resources :    Usage  Request Allocated
	   Cpus                 :                 1         1
	   Disk (KB)            :        2        2  19423925
	   Memory (MB)          :      624        1      4038
...
