000 (2211539.040.000) 07/09 20:53:17 Job submitted from host: <192.168.1.109:9465>
...
001 (2211539.040.000) 07/09 20:53:32 Job executing on host: <192.168.1.64:9545>
...
006 (2211539.040.000) 07/09 20:53:40 Image size of job updated: 82572
	3  -  MemoryUsage of job (MB)
	2664  -  ResidentSetSize of job (KB)
...
006 (2211539.040.000) 07/09 20:58:40 Image size of job updated: 1064088
	595  -  MemoryUsage of job (MB)
	608628  -  ResidentSetSize of job (KB)
...
006 (2211539.040.000) 07/09 21:03:41 Image size of job updated: 1064600
	595  -  MemoryUsage of job (MB)
	609260  -  ResidentSetSize of job (KB)
...
006 (2211539.040.000) 07/09 21:08:42 Image size of job updated: 1069216
	688  -  MemoryUsage of job (MB)
	704488  -  ResidentSetSize of job (KB)
...
006 (2211539.040.000) 07/09 21:13:42 Image size of job updated: 1070820
	698  -  MemoryUsage of job (MB)
	714336  -  ResidentSetSize of job (KB)
...
006 (2211539.040.000) 07/09 21:18:43 Image size of job updated: 1073236
	698  -  MemoryUsage of job (MB)
	714336  -  ResidentSetSize of job (KB)
...
006 (2211539.040.000) 07/09 21:23:44 Image size of job updated: 1075928
	698  -  MemoryUsage of job (MB)
	714648  -  ResidentSetSize of job (KB)
...
006 (2211539.040.000) 07/09 21:28:44 Image size of job updated: 1079408
	701  -  MemoryUsage of job (MB)
	717024  -  ResidentSetSize of job (KB)
...
006 (2211539.040.000) 07/09 21:33:45 Image size of job updated: 1082568
	702  -  MemoryUsage of job (MB)
	718712  -  ResidentSetSize of job (KB)
...
006 (2211539.040.000) 07/09 21:38:46 Image size of job updated: 1084932
	704  -  MemoryUsage of job (MB)
	720300  -  ResidentSetSize of job (KB)
...
006 (2211539.040.000) 07/09 21:43:46 Image size of job updated: 1087932
	709  -  MemoryUsage of job (MB)
	725864  -  ResidentSetSize of job (KB)
...
006 (2211539.040.000) 07/09 21:48:46 Image size of job updated: 1091796
	710  -  MemoryUsage of job (MB)
	726196  -  ResidentSetSize of job (KB)
...
006 (2211539.040.000) 07/09 21:53:47 Image size of job updated: 1094476
	710  -  MemoryUsage of job (MB)
	726264  -  ResidentSetSize of job (KB)
...
006 (2211539.040.000) 07/09 21:58:48 Image size of job updated: 1097316
	710  -  MemoryUsage of job (MB)
	726648  -  ResidentSetSize of job (KB)
...
006 (2211539.040.000) 07/09 22:03:48 Image size of job updated: 1099996
	712  -  MemoryUsage of job (MB)
	728088  -  ResidentSetSize of job (KB)
...
006 (2211539.040.000) 07/09 22:08:49 Image size of job updated: 1102992
	713  -  MemoryUsage of job (MB)
	729996  -  ResidentSetSize of job (KB)
...
006 (2211539.040.000) 07/09 22:13:50 Image size of job updated: 1104964
	713  -  MemoryUsage of job (MB)
	729996  -  ResidentSetSize of job (KB)
...
006 (2211539.040.000) 07/09 22:18:50 Image size of job updated: 1108352
	713  -  MemoryUsage of job (MB)
	729996  -  ResidentSetSize of job (KB)
...
006 (2211539.040.000) 07/09 22:28:51 Image size of job updated: 1111824
	713  -  MemoryUsage of job (MB)
	729996  -  ResidentSetSize of job (KB)
...
005 (2211539.040.000) 07/09 22:40:20 Job terminated.
	(1) Normal termination (return value 0)
		Usr 0 00:52:41, Sys 0 00:01:19  -  Run Remote Usage
		Usr 0 00:00:00, Sys 0 00:00:00  -  Run Local Usage
		Usr 0 00:52:41, Sys 0 00:01:19  -  Total Remote Usage
		Usr 0 00:00:00, Sys 0 00:00:00  -  Total Local Usage
	0  -  Run Bytes Sent By Job
	0  -  Run Bytes Received By Job
	0  -  Total Bytes Sent By Job
	0  -  Total Bytes Received By Job
	Partitionable Resources :    Usage  Request Allocated
	   Cpus                 :                 1         1
	   Disk (KB)            :        2        2  19564700
	   Memory (MB)          :      713        1      4033
...
