000 (2144549.019.000) 06/28 00:53:25 Job submitted from host: <192.168.1.109:9465>
...
001 (2144549.019.000) 06/28 00:53:45 Job executing on host: <192.168.1.63:9838>
...
006 (2144549.019.000) 06/28 00:53:53 Image size of job updated: 122520
	22  -  MemoryUsage of job (MB)
	21608  -  ResidentSetSize of job (KB)
...
006 (2144549.019.000) 06/28 00:56:53 Image size of job updated: 1060228
	22  -  MemoryUsage of job (MB)
	21608  -  ResidentSetSize of job (KB)
...
005 (2144549.019.000) 06/28 00:56:53 Job terminated.
	(1) Normal termination (return value 0)
		Usr 0 00:00:31, Sys 0 00:00:01  -  Run Remote Usage
		Usr 0 00:00:00, Sys 0 00:00:00  -  Run Local Usage
		Usr 0 00:00:31, Sys 0 00:00:01  -  Total Remote Usage
		Usr 0 00:00:00, Sys 0 00:00:00  -  Total Local Usage
	0  -  Run Bytes Sent By Job
	0  -  Run Bytes Received By Job
	0  -  Total Bytes Sent By Job
	0  -  Total Bytes Received By Job
	Partitionable Resources :    Usage  Request Allocated
	   Cpus                 :                 1         1
	   Disk (KB)            :        2        2  19562849
	   Memory (MB)          :       22        1      4033
...
