000 (2208111.019.000) 07/06 15:00:49 Job submitted from host: <192.168.1.109:9465>
...
001 (2208111.019.000) 07/06 15:13:23 Job executing on host: <192.168.1.61:9759>
...
006 (2208111.019.000) 07/06 15:13:32 Image size of job updated: 341932
	120  -  MemoryUsage of job (MB)
	122596  -  ResidentSetSize of job (KB)
...
006 (2208111.019.000) 07/06 15:14:04 Image size of job updated: 975692
	120  -  MemoryUsage of job (MB)
	122596  -  ResidentSetSize of job (KB)
...
005 (2208111.019.000) 07/06 15:14:04 Job terminated.
	(1) Normal termination (return value 0)
		Usr 0 00:00:24, Sys 0 00:00:01  -  Run Remote Usage
		Usr 0 00:00:00, Sys 0 00:00:00  -  Run Local Usage
		Usr 0 00:00:24, Sys 0 00:00:01  -  Total Remote Usage
		Usr 0 00:00:00, Sys 0 00:00:00  -  Total Local Usage
	0  -  Run Bytes Sent By Job
	0  -  Run Bytes Received By Job
	0  -  Total Bytes Sent By Job
	0  -  Total Bytes Received By Job
	Partitionable Resources :    Usage  Request Allocated
	   Cpus                 :                 1         1
	   Disk (KB)            :        2        2  18485411
	   Memory (MB)          :      120        1      4029
...
