000 (2211539.019.000) 07/09 20:53:16 Job submitted from host: <192.168.1.109:9465>
...
001 (2211539.019.000) 07/09 20:53:30 Job executing on host: <192.168.1.62:9288>
...
006 (2211539.019.000) 07/09 20:53:39 Image size of job updated: 125524
	14  -  MemoryUsage of job (MB)
	13516  -  ResidentSetSize of job (KB)
...
006 (2211539.019.000) 07/09 20:56:10 Image size of job updated: 1060256
	14  -  MemoryUsage of job (MB)
	13516  -  ResidentSetSize of job (KB)
...
005 (2211539.019.000) 07/09 20:56:10 Job terminated.
	(1) Normal termination (return value 0)
		Usr 0 00:00:26, Sys 0 00:00:01  -  Run Remote Usage
		Usr 0 00:00:00, Sys 0 00:00:00  -  Run Local Usage
		Usr 0 00:00:26, Sys 0 00:00:01  -  Total Remote Usage
		Usr 0 00:00:00, Sys 0 00:00:00  -  Total Local Usage
	0  -  Run Bytes Sent By Job
	0  -  Run Bytes Received By Job
	0  -  Total Bytes Sent By Job
	0  -  Total Bytes Received By Job
	Partitionable Resources :    Usage  Request Allocated
	   Cpus                 :                 1         1
	   Disk (KB)            :        2        2  19313912
	   Memory (MB)          :       14        1      4029
...
