000 (2144552.006.000) 06/28 00:53:43 Job submitted from host: <192.168.1.109:9465>
...
001 (2144552.006.000) 06/28 00:54:11 Job executing on host: <192.168.1.48:9996>
...
006 (2144552.006.000) 06/28 00:54:20 Image size of job updated: 97472
	13  -  MemoryUsage of job (MB)
	13204  -  ResidentSetSize of job (KB)
...
006 (2144552.006.000) 06/28 00:59:20 Image size of job updated: 1402248
	714  -  MemoryUsage of job (MB)
	730704  -  ResidentSetSize of job (KB)
...
006 (2144552.006.000) 06/28 01:04:21 Image size of job updated: 1404240
	773  -  MemoryUsage of job (MB)
	790620  -  ResidentSetSize of job (KB)
...
006 (2144552.006.000) 06/28 01:09:22 Image size of job updated: 1404240
	773  -  MemoryUsage of job (MB)
	791236  -  ResidentSetSize of job (KB)
...
006 (2144552.006.000) 06/28 01:14:22 Image size of job updated: 1404240
	773  -  MemoryUsage of job (MB)
	791524  -  ResidentSetSize of job (KB)
...
006 (2144552.006.000) 06/28 01:19:23 Image size of job updated: 1404240
	774  -  MemoryUsage of job (MB)
	791692  -  ResidentSetSize of job (KB)
...
006 (2144552.006.000) 06/28 01:24:24 Image size of job updated: 1404240
	774  -  MemoryUsage of job (MB)
	791976  -  ResidentSetSize of job (KB)
...
006 (2144552.006.000) 06/28 01:29:24 Image size of job updated: 1404240
	774  -  MemoryUsage of job (MB)
	792208  -  ResidentSetSize of job (KB)
...
005 (2144552.006.000) 06/28 01:29:45 Job terminated.
	(1) Normal termination (return value 0)
		Usr 0 00:02:30, Sys 0 00:00:06  -  Run Remote Usage
		Usr 0 00:00:00, Sys 0 00:00:00  -  Run Local Usage
		Usr 0 00:02:30, Sys 0 00:00:06  -  Total Remote Usage
		Usr 0 00:00:00, Sys 0 00:00:00  -  Total Local Usage
	0  -  Run Bytes Sent By Job
	0  -  Run Bytes Received By Job
	0  -  Total Bytes Sent By Job
	0  -  Total Bytes Received By Job
	Partitionable Resources :    Usage  Request Allocated
	   Cpus                 :                 1         1
	   Disk (KB)            :        2        2  28380157
	   Memory (MB)          :      774        1      4033
...
