000 (2147377.006.000) 06/28 17:57:27 Job submitted from host: <192.168.1.109:9465>
...
001 (2147377.006.000) 06/28 17:58:26 Job executing on host: <192.168.1.49:9613>
...
006 (2147377.006.000) 06/28 17:58:35 Image size of job updated: 274760
	79  -  MemoryUsage of job (MB)
	80404  -  ResidentSetSize of job (KB)
...
006 (2147377.006.000) 06/28 18:03:36 Image size of job updated: 1404252
	774  -  MemoryUsage of job (MB)
	791628  -  ResidentSetSize of job (KB)
...
006 (2147377.006.000) 06/28 18:08:37 Image size of job updated: 1405700
	776  -  MemoryUsage of job (MB)
	793932  -  ResidentSetSize of job (KB)
...
006 (2147377.006.000) 06/28 18:13:37 Image size of job updated: 1405700
	776  -  MemoryUsage of job (MB)
	794384  -  ResidentSetSize of job (KB)
...
006 (2147377.006.000) 06/28 18:18:38 Image size of job updated: 1405700
	776  -  MemoryUsage of job (MB)
	794560  -  ResidentSetSize of job (KB)
...
006 (2147377.006.000) 06/28 18:23:39 Image size of job updated: 1405700
	777  -  MemoryUsage of job (MB)
	794748  -  ResidentSetSize of job (KB)
...
006 (2147377.006.000) 06/28 18:28:39 Image size of job updated: 1405700
	788  -  MemoryUsage of job (MB)
	806048  -  ResidentSetSize of job (KB)
...
006 (2147377.006.000) 06/28 18:33:39 Image size of job updated: 1405700
	935  -  MemoryUsage of job (MB)
	957140  -  ResidentSetSize of job (KB)
...
005 (2147377.006.000) 06/28 18:33:46 Job terminated.
	(1) Normal termination (return value 0)
		Usr 0 00:02:14, Sys 0 00:00:05  -  Run Remote Usage
		Usr 0 00:00:00, Sys 0 00:00:00  -  Run Local Usage
		Usr 0 00:02:14, Sys 0 00:00:05  -  Total Remote Usage
		Usr 0 00:00:00, Sys 0 00:00:00  -  Total Local Usage
	0  -  Run Bytes Sent By Job
	0  -  Run Bytes Received By Job
	0  -  Total Bytes Sent By Job
	0  -  Total Bytes Received By Job
	Partitionable Resources :    Usage  Request Allocated
	   Cpus                 :                 1         1
	   Disk (KB)            :        2        2  28372912
	   Memory (MB)          :      935        1      4033
...
