000 (2206164.006.000) 07/05 01:42:07 Job submitted from host: <192.168.1.109:9465>
...
001 (2206164.006.000) 07/05 01:42:22 Job executing on host: <192.168.1.67:9110>
...
006 (2206164.006.000) 07/05 01:42:31 Image size of job updated: 2
	3  -  MemoryUsage of job (MB)
	2100  -  ResidentSetSize of job (KB)
...
006 (2206164.006.000) 07/05 01:47:32 Image size of job updated: 1405784
	778  -  MemoryUsage of job (MB)
	795824  -  ResidentSetSize of job (KB)
...
005 (2206164.006.000) 07/05 01:50:19 Job terminated.
	(1) Normal termination (return value 0)
		Usr 0 00:03:40, Sys 0 00:00:05  -  Run Remote Usage
		Usr 0 00:00:00, Sys 0 00:00:00  -  Run Local Usage
		Usr 0 00:03:40, Sys 0 00:00:05  -  Total Remote Usage
		Usr 0 00:00:00, Sys 0 00:00:00  -  Total Local Usage
	0  -  Run Bytes Sent By Job
	0  -  Run Bytes Received By Job
	0  -  Total Bytes Sent By Job
	0  -  Total Bytes Received By Job
	Partitionable Resources :    Usage  Request Allocated
	   Cpus                 :                 1         1
	   Disk (KB)            :        2        2  19563458
	   Memory (MB)          :      778        1      4033
...
