000 (2208113.006.000) 07/06 15:01:19 Job submitted from host: <192.168.1.109:9465>
...
001 (2208113.006.000) 07/06 15:17:41 Job executing on host: <192.168.1.67:9110>
...
006 (2208113.006.000) 07/06 15:17:50 Image size of job updated: 268300
	75  -  MemoryUsage of job (MB)
	75912  -  ResidentSetSize of job (KB)
...
006 (2208113.006.000) 07/06 15:22:51 Image size of job updated: 1403448
	775  -  MemoryUsage of job (MB)
	793068  -  ResidentSetSize of job (KB)
...
006 (2208113.006.000) 07/06 15:27:51 Image size of job updated: 1403448
	776  -  MemoryUsage of job (MB)
	793636  -  ResidentSetSize of job (KB)
...
005 (2208113.006.000) 07/06 15:31:35 Job terminated.
	(1) Normal termination (return value 0)
		Usr 0 00:05:44, Sys 0 00:00:07  -  Run Remote Usage
		Usr 0 00:00:00, Sys 0 00:00:00  -  Run Local Usage
		Usr 0 00:05:44, Sys 0 00:00:07  -  Total Remote Usage
		Usr 0 00:00:00, Sys 0 00:00:00  -  Total Local Usage
	0  -  Run Bytes Sent By Job
	0  -  Run Bytes Received By Job
	0  -  Total Bytes Sent By Job
	0  -  Total Bytes Received By Job
	Partitionable Resources :    Usage  Request Allocated
	   Cpus                 :                 1         1
	   Disk (KB)            :        2        2  18702643
	   Memory (MB)          :      776        1      4033
...
