000 (2211541.006.000) 07/09 20:53:28 Job submitted from host: <192.168.1.109:9465>
...
001 (2211541.006.000) 07/09 20:53:33 Job executing on host: <192.168.1.58:9771>
...
006 (2211541.006.000) 07/09 20:53:42 Image size of job updated: 260824
	41  -  MemoryUsage of job (MB)
	41660  -  ResidentSetSize of job (KB)
...
006 (2211541.006.000) 07/09 20:58:43 Image size of job updated: 1404300
	705  -  MemoryUsage of job (MB)
	721696  -  ResidentSetSize of job (KB)
...
006 (2211541.006.000) 07/09 21:03:44 Image size of job updated: 1404300
	707  -  MemoryUsage of job (MB)
	723240  -  ResidentSetSize of job (KB)
...
005 (2211541.006.000) 07/09 21:08:37 Job terminated.
	(1) Normal termination (return value 0)
		Usr 0 00:07:50, Sys 0 00:00:08  -  Run Remote Usage
		Usr 0 00:00:00, Sys 0 00:00:00  -  Run Local Usage
		Usr 0 00:07:50, Sys 0 00:00:08  -  Total Remote Usage
		Usr 0 00:00:00, Sys 0 00:00:00  -  Total Local Usage
	0  -  Run Bytes Sent By Job
	0  -  Run Bytes Received By Job
	0  -  Total Bytes Sent By Job
	0  -  Total Bytes Received By Job
	Partitionable Resources :    Usage  Request Allocated
	   Cpus                 :                 1         1
	   Disk (KB)            :        2        2  19550144
	   Memory (MB)          :      707        1      4029
...
