000 (2208113.007.000) 07/06 15:01:19 Job submitted from host: <192.168.1.109:9465>
...
001 (2208113.007.000) 07/06 15:17:58 Job executing on host: <192.168.1.54:9838>
...
006 (2208113.007.000) 07/06 15:18:06 Image size of job updated: 97472
	3  -  MemoryUsage of job (MB)
	2164  -  ResidentSetSize of job (KB)
...
006 (2208113.007.000) 07/06 15:18:31 Image size of job updated: 756032
	3  -  MemoryUsage of job (MB)
	2164  -  ResidentSetSize of job (KB)
...
005 (2208113.007.000) 07/06 15:18:31 Job terminated.
	(1) Normal termination (return value 0)
		Usr 0 00:00:14, Sys 0 00:00:00  -  Run Remote Usage
		Usr 0 00:00:00, Sys 0 00:00:00  -  Run Local Usage
		Usr 0 00:00:14, Sys 0 00:00:00  -  Total Remote Usage
		Usr 0 00:00:00, Sys 0 00:00:00  -  Total Local Usage
	0  -  Run Bytes Sent By Job
	0  -  Run Bytes Received By Job
	0  -  Total Bytes Sent By Job
	0  -  Total Bytes Received By Job
	Partitionable Resources :    Usage  Request Allocated
	   Cpus                 :                 1         1
	   Disk (KB)            :        2        2  18907843
	   Memory (MB)          :        3        1      4029
...
