000 (2144546.001.000) 06/28 00:35:47 Job submitted from host: <192.168.1.109:9465>
...
001 (2144546.001.000) 06/28 00:35:49 Job executing on host: <192.168.1.65:9296>
...
006 (2144546.001.000) 06/28 00:35:58 Image size of job updated: 125840
	17  -  MemoryUsage of job (MB)
	16528  -  ResidentSetSize of job (KB)
...
006 (2144546.001.000) 06/28 00:36:22 Image size of job updated: 381336
	17  -  MemoryUsage of job (MB)
	16528  -  ResidentSetSize of job (KB)
...
005 (2144546.001.000) 06/28 00:36:22 Job terminated.
	(1) Normal termination (return value 6)
		Usr 0 00:00:02, Sys 0 00:00:00  -  Run Remote Usage
		Usr 0 00:00:00, Sys 0 00:00:00  -  Run Local Usage
		Usr 0 00:00:02, Sys 0 00:00:00  -  Total Remote Usage
		Usr 0 00:00:00, Sys 0 00:00:00  -  Total Local Usage
	0  -  Run Bytes Sent By Job
	0  -  Run Bytes Received By Job
	0  -  Total Bytes Sent By Job
	0  -  Total Bytes Received By Job
	Partitionable Resources :    Usage  Request Allocated
	   Cpus                 :                 1         1
	   Disk (KB)            :        2        2  19562874
	   Memory (MB)          :       17        1      4033
...
