000 (2144549.001.000) 06/28 00:53:25 Job submitted from host: <192.168.1.109:9465>
...
001 (2144549.001.000) 06/28 00:54:08 Job executing on host: <192.168.1.51:9757>
...
006 (2144549.001.000) 06/28 00:54:22 Image size of job updated: 97468
	3  -  MemoryUsage of job (MB)
	2264  -  ResidentSetSize of job (KB)
...
006 (2144549.001.000) 06/28 00:59:22 Image size of job updated: 267296
	65  -  MemoryUsage of job (MB)
	65772  -  ResidentSetSize of job (KB)
...
006 (2144549.001.000) 06/28 01:04:24 Image size of job updated: 388728
	146  -  MemoryUsage of job (MB)
	149352  -  ResidentSetSize of job (KB)
...
006 (2144549.001.000) 06/28 01:05:51 Image size of job updated: 1137568
	146  -  MemoryUsage of job (MB)
	149352  -  ResidentSetSize of job (KB)
...
005 (2144549.001.000) 06/28 01:05:51 Job terminated.
	(1) Normal termination (return value 0)
		Usr 0 00:00:04, Sys 0 00:00:00  -  Run Remote Usage
		Usr 0 00:00:00, Sys 0 00:00:00  -  Run Local Usage
		Usr 0 00:00:04, Sys 0 00:00:00  -  Total Remote Usage
		Usr 0 00:00:00, Sys 0 00:00:00  -  Total Local Usage
	0  -  Run Bytes Sent By Job
	0  -  Run Bytes Received By Job
	0  -  Total Bytes Sent By Job
	0  -  Total Bytes Received By Job
	Partitionable Resources :    Usage  Request Allocated
	   Cpus                 :                 1         1
	   Disk (KB)            :        2        2  28380322
	   Memory (MB)          :      146        1      4033
...
