000 (2147375.001.000) 06/28 17:57:15 Job submitted from host: <192.168.1.109:9465>
...
001 (2147375.001.000) 06/28 17:57:33 Job executing on host: <192.168.1.67:9110>
...
006 (2147375.001.000) 06/28 17:57:41 Image size of job updated: 268308
	66  -  MemoryUsage of job (MB)
	66744  -  ResidentSetSize of job (KB)
...
006 (2147375.001.000) 06/28 17:58:04 Image size of job updated: 1134652
	66  -  MemoryUsage of job (MB)
	66744  -  ResidentSetSize of job (KB)
...
005 (2147375.001.000) 06/28 17:58:04 Job terminated.
	(1) Normal termination (return value 0)
		Usr 0 00:00:11, Sys 0 00:00:00  -  Run Remote Usage
		Usr 0 00:00:00, Sys 0 00:00:00  -  Run Local Usage
		Usr 0 00:00:11, Sys 0 00:00:00  -  Total Remote Usage
		Usr 0 00:00:00, Sys 0 00:00:00  -  Total Local Usage
	0  -  Run Bytes Sent By Job
	0  -  Run Bytes Received By Job
	0  -  Total Bytes Sent By Job
	0  -  Total Bytes Received By Job
	Partitionable Resources :    Usage  Request Allocated
	   Cpus                 :                 1         1
	   Disk (KB)            :        2        2  19557229
	   Memory (MB)          :       66        1      4033
...
