000 (2206162.001.000) 07/05 01:41:56 Job submitted from host: <192.168.1.109:9465>
...
001 (2206162.001.000) 07/05 01:42:03 Job executing on host: <192.168.1.51:9747>
...
006 (2206162.001.000) 07/05 01:42:11 Image size of job updated: 97472
	3  -  MemoryUsage of job (MB)
	2824  -  ResidentSetSize of job (KB)
...
006 (2206162.001.000) 07/05 01:42:28 Image size of job updated: 1124148
	3  -  MemoryUsage of job (MB)
	2824  -  ResidentSetSize of job (KB)
...
005 (2206162.001.000) 07/05 01:42:28 Job terminated.
	(1) Normal termination (return value 0)
		Usr 0 00:00:03, Sys 0 00:00:00  -  Run Remote Usage
		Usr 0 00:00:00, Sys 0 00:00:00  -  Run Local Usage
		Usr 0 00:00:03, Sys 0 00:00:00  -  Total Remote Usage
		Usr 0 00:00:00, Sys 0 00:00:00  -  Total Local Usage
	0  -  Run Bytes Sent By Job
	0  -  Run Bytes Received By Job
	0  -  Total Bytes Sent By Job
	0  -  Total Bytes Received By Job
	Partitionable Resources :    Usage  Request Allocated
	   Cpus                 :                 1         1
	   Disk (KB)            :        2        2  28381648
	   Memory (MB)          :        3        1      4033
...
