000 (2144541.022.000) 06/28 00:26:19 Job submitted from host: <192.168.1.109:9465>
...
001 (2144541.022.000) 06/28 00:26:48 Job executing on host: <192.168.1.51:9757>
...
006 (2144541.022.000) 06/28 00:27:02 Image size of job updated: 15608
	2  -  MemoryUsage of job (MB)
	1412  -  ResidentSetSize of job (KB)
...
006 (2144541.022.000) 06/28 00:32:02 Image size of job updated: 82572
	3  -  MemoryUsage of job (MB)
	2232  -  ResidentSetSize of job (KB)
...
006 (2144541.022.000) 06/28 00:35:37 Image size of job updated: 268284
	74  -  MemoryUsage of job (MB)
	75092  -  ResidentSetSize of job (KB)
...
004 (2144541.022.000) 06/28 00:35:37 Job was evicted.
	(0) Job was not checkpointed.
		Usr 0 00:00:00, Sys 0 00:00:00  -  Run Remote Usage
		Usr 0 00:00:00, Sys 0 00:00:00  -  Run Local Usage
	0  -  Run Bytes Sent By Job
	0  -  Run Bytes Received By Job
	Partitionable Resources :    Usage  Request Allocated
	   Cpus                 :                 1         1
	   Disk (KB)            :        2        2  28380361
	   Memory (MB)          :       74        1      4033
...
009 (2144541.022.000) 06/28 00:35:37 Job was aborted by the user.
	via condor_rm (by user mchristos)
...
