000 (2208100.022.000) 07/06 14:34:20 Job submitted from host: <192.168.1.109:9465>
...
001 (2208100.022.000) 07/06 14:38:32 Job executing on host: <192.168.1.48:9675>
...
006 (2208100.022.000) 07/06 14:38:40 Image size of job updated: 890536
	425  -  MemoryUsage of job (MB)
	434432  -  ResidentSetSize of job (KB)
...
006 (2208100.022.000) 07/06 14:39:13 Image size of job updated: 980296
	425  -  MemoryUsage of job (MB)
	434432  -  ResidentSetSize of job (KB)
...
005 (2208100.022.000) 07/06 14:39:13 Job terminated.
	(1) Normal termination (return value 0)
		Usr 0 00:00:18, Sys 0 00:00:01  -  Run Remote Usage
		Usr 0 00:00:00, Sys 0 00:00:00  -  Run Local Usage
		Usr 0 00:00:18, Sys 0 00:00:01  -  Total Remote Usage
		Usr 0 00:00:00, Sys 0 00:00:00  -  Total Local Usage
	0  -  Run Bytes Sent By Job
	0  -  Run Bytes Received By Job
	0  -  Total Bytes Sent By Job
	0  -  Total Bytes Received By Job
	Partitionable Resources :    Usage  Request Allocated
	   Cpus                 :                 1         1
	   Disk (KB)            :        2        2  27555062
	   Memory (MB)          :      425        1      4033
...
