000 (2139832.006.000) 06/25 17:03:42 Job submitted from host: <192.168.1.109:9465>
...
001 (2139832.006.000) 06/25 17:04:00 Job executing on host: <192.168.1.51:9757>
...
006 (2139832.006.000) 06/25 17:04:09 Image size of job updated: 425320
	193  -  MemoryUsage of job (MB)
	196616  -  ResidentSetSize of job (KB)
...
006 (2139832.006.000) 06/25 17:05:36 Image size of job updated: 963868
	193  -  MemoryUsage of job (MB)
	196616  -  ResidentSetSize of job (KB)
...
005 (2139832.006.000) 06/25 17:05:36 Job terminated.
	(1) Normal termination (return value 0)
		Usr 0 00:00:16, Sys 0 00:00:00  -  Run Remote Usage
		Usr 0 00:00:00, Sys 0 00:00:00  -  Run Local Usage
		Usr 0 00:00:16, Sys 0 00:00:00  -  Total Remote Usage
		Usr 0 00:00:00, Sys 0 00:00:00  -  Total Local Usage
	0  -  Run Bytes Sent By Job
	0  -  Run Bytes Received By Job
	0  -  Total Bytes Sent By Job
	0  -  Total Bytes Received By Job
	Partitionable Resources :    Usage  Request Allocated
	   Cpus                 :                 1         1
	   Disk (KB)            :        2        2  28380068
	   Memory (MB)          :      193        1      4033
...
