000 (2147374.006.000) 06/28 17:57:02 Job submitted from host: <192.168.1.109:9465>
...
001 (2147374.006.000) 06/28 17:57:11 Job executing on host: <192.168.1.66:9099>
...
006 (2147374.006.000) 06/28 17:57:20 Image size of job updated: 46760
	4  -  MemoryUsage of job (MB)
	4008  -  ResidentSetSize of job (KB)
...
006 (2147374.006.000) 06/28 17:59:23 Image size of job updated: 966136
	4  -  MemoryUsage of job (MB)
	4008  -  ResidentSetSize of job (KB)
...
005 (2147374.006.000) 06/28 17:59:23 Job terminated.
	(1) Normal termination (return value 0)
		Usr 0 00:00:31, Sys 0 00:00:01  -  Run Remote Usage
		Usr 0 00:00:00, Sys 0 00:00:00  -  Run Local Usage
		Usr 0 00:00:31, Sys 0 00:00:01  -  Total Remote Usage
		Usr 0 00:00:00, Sys 0 00:00:00  -  Total Local Usage
	0  -  Run Bytes Sent By Job
	0  -  Run Bytes Received By Job
	0  -  Total Bytes Sent By Job
	0  -  Total Bytes Received By Job
	Partitionable Resources :    Usage  Request Allocated
	   Cpus                 :                 1         1
	   Disk (KB)            :        2        2  19558503
	   Memory (MB)          :        4        1      4033
...
