000 (2211542.006.000) 07/09 20:53:37 Job submitted from host: <192.168.1.109:9465>
...
001 (2211542.006.000) 07/09 20:53:54 Job executing on host: <192.168.1.67:9110>
...
006 (2211542.006.000) 07/09 20:54:03 Image size of job updated: 76852
	3  -  MemoryUsage of job (MB)
	2600  -  ResidentSetSize of job (KB)
...
006 (2211542.006.000) 07/09 20:56:13 Image size of job updated: 964552
	3  -  MemoryUsage of job (MB)
	2600  -  ResidentSetSize of job (KB)
...
005 (2211542.006.000) 07/09 20:56:13 Job terminated.
	(1) Normal termination (return value 0)
		Usr 0 00:00:20, Sys 0 00:00:00  -  Run Remote Usage
		Usr 0 00:00:00, Sys 0 00:00:00  -  Run Local Usage
		Usr 0 00:00:20, Sys 0 00:00:00  -  Total Remote Usage
		Usr 0 00:00:00, Sys 0 00:00:00  -  Total Local Usage
	0  -  Run Bytes Sent By Job
	0  -  Run Bytes Received By Job
	0  -  Total Bytes Sent By Job
	0  -  Total Bytes Received By Job
	Partitionable Resources :    Usage  Request Allocated
	   Cpus                 :                 1         1
	   Disk (KB)            :        2        2  19523654
	   Memory (MB)          :        3        1      4033
...
