000 (2211539.024.000) 07/09 20:53:16 Job submitted from host: <192.168.1.109:9465>
...
001 (2211539.024.000) 07/09 20:53:31 Job executing on host: <192.168.1.65:9296>
...
006 (2211539.024.000) 07/09 20:53:39 Image size of job updated: 76852
	7  -  MemoryUsage of job (MB)
	6832  -  ResidentSetSize of job (KB)
...
006 (2211539.024.000) 07/09 20:58:39 Image size of job updated: 989120
	561  -  MemoryUsage of job (MB)
	574456  -  ResidentSetSize of job (KB)
...
006 (2211539.024.000) 07/09 21:03:41 Image size of job updated: 991328
	629  -  MemoryUsage of job (MB)
	643720  -  ResidentSetSize of job (KB)
...
006 (2211539.024.000) 07/09 21:08:18 Image size of job updated: 993520
	629  -  MemoryUsage of job (MB)
	643720  -  ResidentSetSize of job (KB)
...
005 (2211539.024.000) 07/09 21:08:18 Job terminated.
	(1) Normal termination (return value 0)
		Usr 0 00:03:53, Sys 0 00:00:06  -  Run Remote Usage
		Usr 0 00:00:00, Sys 0 00:00:00  -  Run Local Usage
		Usr 0 00:03:53, Sys 0 00:00:06  -  Total Remote Usage
		Usr 0 00:00:00, Sys 0 00:00:00  -  Total Local Usage
	0  -  Run Bytes Sent By Job
	0  -  Run Bytes Received By Job
	0  -  Total Bytes Sent By Job
	0  -  Total Bytes Received By Job
	Partitionable Resources :    Usage  Request Allocated
	   Cpus                 :                 1         1
	   Disk (KB)            :        2        2  19514231
	   Memory (MB)          :      629        1      4033
...
