000 (2144549.003.000) 06/28 00:53:25 Job submitted from host: <192.168.1.109:9465>
...
001 (2144549.003.000) 06/28 00:53:44 Job executing on host: <192.168.1.50:9582>
...
006 (2144549.003.000) 06/28 00:53:52 Image size of job updated: 279200
	38  -  MemoryUsage of job (MB)
	38532  -  ResidentSetSize of job (KB)
...
006 (2144549.003.000) 06/28 00:58:53 Image size of job updated: 991672
	545  -  MemoryUsage of job (MB)
	557572  -  ResidentSetSize of job (KB)
...
006 (2144549.003.000) 06/28 01:03:54 Image size of job updated: 997876
	576  -  MemoryUsage of job (MB)
	589368  -  ResidentSetSize of job (KB)
...
005 (2144549.003.000) 06/28 01:06:35 Job terminated.
	(1) Normal termination (return value 0)
		Usr 0 00:00:38, Sys 0 00:00:01  -  Run Remote Usage
		Usr 0 00:00:00, Sys 0 00:00:00  -  Run Local Usage
		Usr 0 00:00:38, Sys 0 00:00:01  -  Total Remote Usage
		Usr 0 00:00:00, Sys 0 00:00:00  -  Total Local Usage
	0  -  Run Bytes Sent By Job
	0  -  Run Bytes Received By Job
	0  -  Total Bytes Sent By Job
	0  -  Total Bytes Received By Job
	Partitionable Resources :    Usage  Request Allocated
	   Cpus                 :                 1         1
	   Disk (KB)            :        2        2  28380764
	   Memory (MB)          :      576        1      4033
...
