000 (2147375.003.000) 06/28 17:57:15 Job submitted from host: <192.168.1.109:9465>
...
001 (2147375.003.000) 06/28 17:58:05 Job executing on host: <192.168.1.48:9996>
...
006 (2147375.003.000) 06/28 17:58:15 Image size of job updated: 426564
	196  -  MemoryUsage of job (MB)
	200416  -  ResidentSetSize of job (KB)
...
006 (2147375.003.000) 06/28 18:03:15 Image size of job updated: 999324
	612  -  MemoryUsage of job (MB)
	626616  -  ResidentSetSize of job (KB)
...
005 (2147375.003.000) 06/28 18:06:22 Job terminated.
	(1) Normal termination (return value 0)
		Usr 0 00:00:42, Sys 0 00:00:01  -  Run Remote Usage
		Usr 0 00:00:00, Sys 0 00:00:00  -  Run Local Usage
		Usr 0 00:00:42, Sys 0 00:00:01  -  Total Remote Usage
		Usr 0 00:00:00, Sys 0 00:00:00  -  Total Local Usage
	0  -  Run Bytes Sent By Job
	0  -  Run Bytes Received By Job
	0  -  Total Bytes Sent By Job
	0  -  Total Bytes Received By Job
	Partitionable Resources :    Usage  Request Allocated
	   Cpus                 :                 1         1
	   Disk (KB)            :        2        2  28374071
	   Memory (MB)          :      612        1      4033
...
