/cvmfs/cms.cern.ch
ST_tW_antitop_5f_NoFullyHadronicDecays_13TeV-powheg_TuneCUETP8M1

Processing /cms/mchristos/ANN/Seesaw/2016/92X/TMVAskims/outFiles/Seesaw_Application_1/Background/ST_tW_antitop_5f_NoFullyHadronicDecays_13TeV-powheg_TuneCUETP8M1/Seesaw_Application_bg.C...

==> Start TMVAClassificationApplication
                         : Booking "BDTG method" of type "BDT" from /cms/mchristos/ANN/Seesaw/2016/92X/TMVAskims/dl/weights/92X_Seesaw_optimized1_a_BDT2.weights.xml.
<HEADER> DataSetInfo              : [Default] : Added class "Signal"
<HEADER> DataSetInfo              : [Default] : Added class "Background"
                         : Booked classifier "BDT2" of type: "BDT"
--- TMVAClassificationApp    : Using input file: /cms/mchristos/ANN/Seesaw/2016/92X/TMVAskims/pyPlotter/Backgrounds/ST_tW_antitop_5f_NoFullyHadronicDecays_13TeV-powheg_TuneCUETP8M1/analysisTree.root
--- Select Background sample
--- Processing: 11185 events
--- ... Processing event: 0
--- ... Processing event: 1000
--- ... Processing event: 2000
--- ... Processing event: 3000
--- ... Processing event: 4000
--- ... Processing event: 5000
--- ... Processing event: 6000
--- ... Processing event: 7000
--- ... Processing event: 8000
--- ... Processing event: 9000
--- ... Processing event: 10000
--- ... Processing event: 11000
--- End of event loop: Real time 0:07:19, CP time 40.950
Printing out all passed events... 
BDT: 
4276	 passed events
==> TMVAClassificationApplication is done!

