000 (2144549.008.000) 06/28 00:53:25 Job submitted from host: <192.168.1.109:9465>
...
001 (2144549.008.000) 06/28 00:54:12 Job executing on host: <192.168.1.48:9996>
...
006 (2144549.008.000) 06/28 00:54:21 Image size of job updated: 97472
	13  -  MemoryUsage of job (MB)
	13208  -  ResidentSetSize of job (KB)
...
006 (2144549.008.000) 06/28 00:56:27 Image size of job updated: 746764
	13  -  MemoryUsage of job (MB)
	13208  -  ResidentSetSize of job (KB)
...
005 (2144549.008.000) 06/28 00:56:27 Job terminated.
	(1) Normal termination (return value 0)
		Usr 0 00:00:02, Sys 0 00:00:01  -  Run Remote Usage
		Usr 0 00:00:00, Sys 0 00:00:00  -  Run Local Usage
		Usr 0 00:00:02, Sys 0 00:00:01  -  Total Remote Usage
		Usr 0 00:00:00, Sys 0 00:00:00  -  Total Local Usage
	0  -  Run Bytes Sent By Job
	0  -  Run Bytes Received By Job
	0  -  Total Bytes Sent By Job
	0  -  Total Bytes Received By Job
	Partitionable Resources :    Usage  Request Allocated
	   Cpus                 :                 1         1
	   Disk (KB)            :        2        2  28380157
	   Memory (MB)          :       13        1      4033
...
