000 (2139834.036.000) 06/25 17:04:43 Job submitted from host: <192.168.1.109:9465>
...
001 (2139834.036.000) 06/25 17:05:04 Job executing on host: <192.168.1.50:9582>
...
006 (2139834.036.000) 06/25 17:05:12 Image size of job updated: 2
	3  -  MemoryUsage of job (MB)
	2108  -  ResidentSetSize of job (KB)
...
006 (2139834.036.000) 06/25 17:10:12 Image size of job updated: 1030952
	556  -  MemoryUsage of job (MB)
	569016  -  ResidentSetSize of job (KB)
...
006 (2139834.036.000) 06/25 17:14:01 Image size of job updated: 1032188
	556  -  MemoryUsage of job (MB)
	569016  -  ResidentSetSize of job (KB)
...
005 (2139834.036.000) 06/25 17:14:01 Job terminated.
	(1) Normal termination (return value 0)
		Usr 0 00:01:29, Sys 0 00:00:03  -  Run Remote Usage
		Usr 0 00:00:00, Sys 0 00:00:00  -  Run Local Usage
		Usr 0 00:01:29, Sys 0 00:00:03  -  Total Remote Usage
		Usr 0 00:00:00, Sys 0 00:00:00  -  Total Local Usage
	0  -  Run Bytes Sent By Job
	0  -  Run Bytes Received By Job
	0  -  Total Bytes Sent By Job
	0  -  Total Bytes Received By Job
	Partitionable Resources :    Usage  Request Allocated
	   Cpus                 :                 1         1
	   Disk (KB)            :        2        2  28380367
	   Memory (MB)          :      556        1      4033
...
