000 (2144549.036.000) 06/28 00:53:26 Job submitted from host: <192.168.1.109:9465>
...
001 (2144549.036.000) 06/28 00:53:46 Job executing on host: <192.168.1.63:9838>
...
006 (2144549.036.000) 06/28 00:53:54 Image size of job updated: 71616
	10  -  MemoryUsage of job (MB)
	9924  -  ResidentSetSize of job (KB)
...
006 (2144549.036.000) 06/28 00:58:54 Image size of job updated: 1031740
	628  -  MemoryUsage of job (MB)
	642468  -  ResidentSetSize of job (KB)
...
006 (2144549.036.000) 06/28 01:03:54 Image size of job updated: 1031740
	631  -  MemoryUsage of job (MB)
	645480  -  ResidentSetSize of job (KB)
...
006 (2144549.036.000) 06/28 01:08:55 Image size of job updated: 1031740
	631  -  MemoryUsage of job (MB)
	645692  -  ResidentSetSize of job (KB)
...
006 (2144549.036.000) 06/28 01:13:55 Image size of job updated: 1031976
	631  -  MemoryUsage of job (MB)
	645732  -  ResidentSetSize of job (KB)
...
006 (2144549.036.000) 06/28 01:18:55 Image size of job updated: 1032536
	735  -  MemoryUsage of job (MB)
	752564  -  ResidentSetSize of job (KB)
...
006 (2144549.036.000) 06/28 01:20:08 Image size of job updated: 1032724
	735  -  MemoryUsage of job (MB)
	752564  -  ResidentSetSize of job (KB)
...
005 (2144549.036.000) 06/28 01:20:08 Job terminated.
	(1) Normal termination (return value 0)
		Usr 0 00:05:25, Sys 0 00:00:06  -  Run Remote Usage
		Usr 0 00:00:00, Sys 0 00:00:00  -  Run Local Usage
		Usr 0 00:05:25, Sys 0 00:00:06  -  Total Remote Usage
		Usr 0 00:00:00, Sys 0 00:00:00  -  Total Local Usage
	0  -  Run Bytes Sent By Job
	0  -  Run Bytes Received By Job
	0  -  Total Bytes Sent By Job
	0  -  Total Bytes Received By Job
	Partitionable Resources :    Usage  Request Allocated
	   Cpus                 :                 1         1
	   Disk (KB)            :        2        2  19562848
	   Memory (MB)          :      735        1      4033
...
