000 (2147375.036.000) 06/28 17:57:17 Job submitted from host: <192.168.1.109:9465>
...
001 (2147375.036.000) 06/28 17:57:40 Job executing on host: <192.168.1.47:9610>
...
006 (2147375.036.000) 06/28 17:57:49 Image size of job updated: 97472
	2  -  MemoryUsage of job (MB)
	1692  -  ResidentSetSize of job (KB)
...
006 (2147375.036.000) 06/28 18:02:50 Image size of job updated: 1031788
	628  -  MemoryUsage of job (MB)
	642392  -  ResidentSetSize of job (KB)
...
006 (2147375.036.000) 06/28 18:07:50 Image size of job updated: 1033268
	630  -  MemoryUsage of job (MB)
	644332  -  ResidentSetSize of job (KB)
...
006 (2147375.036.000) 06/28 18:12:51 Image size of job updated: 1033268
	632  -  MemoryUsage of job (MB)
	647044  -  ResidentSetSize of job (KB)
...
006 (2147375.036.000) 06/28 18:17:52 Image size of job updated: 1033268
	633  -  MemoryUsage of job (MB)
	647244  -  ResidentSetSize of job (KB)
...
006 (2147375.036.000) 06/28 18:22:52 Image size of job updated: 1033692
	633  -  MemoryUsage of job (MB)
	647280  -  ResidentSetSize of job (KB)
...
006 (2147375.036.000) 06/28 18:26:33 Image size of job updated: 1034248
	633  -  MemoryUsage of job (MB)
	647280  -  ResidentSetSize of job (KB)
...
005 (2147375.036.000) 06/28 18:26:33 Job terminated.
	(1) Normal termination (return value 0)
		Usr 0 00:02:30, Sys 0 00:00:04  -  Run Remote Usage
		Usr 0 00:00:00, Sys 0 00:00:00  -  Run Local Usage
		Usr 0 00:02:30, Sys 0 00:00:04  -  Total Remote Usage
		Usr 0 00:00:00, Sys 0 00:00:00  -  Total Local Usage
	0  -  Run Bytes Sent By Job
	0  -  Run Bytes Received By Job
	0  -  Total Bytes Sent By Job
	0  -  Total Bytes Received By Job
	Partitionable Resources :    Usage  Request Allocated
	   Cpus                 :                 1         1
	   Disk (KB)            :        2        2  28376065
	   Memory (MB)          :      633        1      4033
...
