000 (2208111.037.000) 07/06 15:00:49 Job submitted from host: <192.168.1.109:9465>
...
001 (2208111.037.000) 07/06 15:14:07 Job executing on host: <192.168.1.51:9747>
...
006 (2208111.037.000) 07/06 15:14:15 Image size of job updated: 465404
	204  -  MemoryUsage of job (MB)
	208052  -  ResidentSetSize of job (KB)
...
006 (2208111.037.000) 07/06 15:19:15 Image size of job updated: 1031008
	557  -  MemoryUsage of job (MB)
	569608  -  ResidentSetSize of job (KB)
...
006 (2208111.037.000) 07/06 15:24:16 Image size of job updated: 1031804
	557  -  MemoryUsage of job (MB)
	569908  -  ResidentSetSize of job (KB)
...
006 (2208111.037.000) 07/06 15:24:44 Image size of job updated: 1031988
	557  -  MemoryUsage of job (MB)
	569908  -  ResidentSetSize of job (KB)
...
005 (2208111.037.000) 07/06 15:24:44 Job terminated.
	(1) Normal termination (return value 0)
		Usr 0 00:02:00, Sys 0 00:00:03  -  Run Remote Usage
		Usr 0 00:00:00, Sys 0 00:00:00  -  Run Local Usage
		Usr 0 00:02:00, Sys 0 00:00:03  -  Total Remote Usage
		Usr 0 00:00:00, Sys 0 00:00:00  -  Total Local Usage
	0  -  Run Bytes Sent By Job
	0  -  Run Bytes Received By Job
	0  -  Total Bytes Sent By Job
	0  -  Total Bytes Received By Job
	Partitionable Resources :    Usage  Request Allocated
	   Cpus                 :                 1         1
	   Disk (KB)            :        2        2  27691439
	   Memory (MB)          :      557        1      4033
...
