/cvmfs/cms.cern.ch
VBF_HToZZTo4L_M125_13TeV_powheg2_JHUgenV6_pythia8

Processing /cms/mchristos/ANN/Seesaw/2016/92X/TMVAskims/outFiles/Seesaw_Application_1/Background/VBF_HToZZTo4L_M125_13TeV_powheg2_JHUgenV6_pythia8/Seesaw_Application_bg.C...

==> Start TMVAClassificationApplication
                         : Booking "BDTG method" of type "BDT" from /cms/mchristos/ANN/Seesaw/2016/92X/TMVAskims/dl/weights/92X_Seesaw_4L_trans_Gaussian.weights.xml.
<HEADER> DataSetInfo              : [Default] : Added class "Signal"
<HEADER> DataSetInfo              : [Default] : Added class "Background"
                         : Booked classifier "Gaussian" of type: "BDT"
--- TMVAClassificationApp    : Using input file: /cms/mchristos/ANN/Seesaw/2016/92X/TMVAskims/pyPlotter/Backgrounds/VBF_HToZZTo4L_M125_13TeV_powheg2_JHUgenV6_pythia8/analysisTree.root
--- Select Background sample
--- Processing: 40697 events
--- ... Processing event: 0
--- ... Processing event: 1000
--- ... Processing event: 2000
--- ... Processing event: 3000
--- ... Processing event: 4000
--- ... Processing event: 5000
--- ... Processing event: 6000
--- ... Processing event: 7000
--- ... Processing event: 8000
--- ... Processing event: 9000
--- ... Processing event: 10000
--- ... Processing event: 11000
--- ... Processing event: 12000
--- ... Processing event: 13000
--- ... Processing event: 14000
--- ... Processing event: 15000
--- ... Processing event: 16000
--- ... Processing event: 17000
--- ... Processing event: 18000
--- ... Processing event: 19000
--- ... Processing event: 20000
--- ... Processing event: 21000
--- ... Processing event: 22000
--- ... Processing event: 23000
--- ... Processing event: 24000
--- ... Processing event: 25000
--- ... Processing event: 26000
--- ... Processing event: 27000
--- ... Processing event: 28000
--- ... Processing event: 29000
--- ... Processing event: 30000
--- ... Processing event: 31000
--- ... Processing event: 32000
--- ... Processing event: 33000
--- ... Processing event: 34000
--- ... Processing event: 35000
--- ... Processing event: 36000
--- ... Processing event: 37000
--- ... Processing event: 38000
--- ... Processing event: 39000
--- ... Processing event: 40000
--- End of event loop: Real time 0:10:29, CP time 123.020
Printing out all passed events... 
BDT: 
549	 passed events
==> TMVAClassificationApplication is done!

