000 (2211539.037.000) 07/09 20:53:17 Job submitted from host: <192.168.1.109:9465>
...
001 (2211539.037.000) 07/09 20:53:32 Job executing on host: <192.168.1.66:9099>
...
006 (2211539.037.000) 07/09 20:53:40 Image size of job updated: 15608
	2  -  MemoryUsage of job (MB)
	1404  -  ResidentSetSize of job (KB)
...
006 (2211539.037.000) 07/09 20:58:40 Image size of job updated: 1031848
	558  -  MemoryUsage of job (MB)
	571276  -  ResidentSetSize of job (KB)
...
006 (2211539.037.000) 07/09 21:03:16 Image size of job updated: 1032644
	558  -  MemoryUsage of job (MB)
	571276  -  ResidentSetSize of job (KB)
...
005 (2211539.037.000) 07/09 21:03:17 Job terminated.
	(1) Normal termination (return value 0)
		Usr 0 00:02:28, Sys 0 00:00:04  -  Run Remote Usage
		Usr 0 00:00:00, Sys 0 00:00:00  -  Run Local Usage
		Usr 0 00:02:28, Sys 0 00:00:04  -  Total Remote Usage
		Usr 0 00:00:00, Sys 0 00:00:00  -  Total Local Usage
	0  -  Run Bytes Sent By Job
	0  -  Run Bytes Received By Job
	0  -  Total Bytes Sent By Job
	0  -  Total Bytes Received By Job
	Partitionable Resources :    Usage  Request Allocated
	   Cpus                 :                 1         1
	   Disk (KB)            :        2        2  19563629
	   Memory (MB)          :      558        1      4033
...
