000 (2139834.004.000) 06/25 17:04:42 Job submitted from host: <192.168.1.109:9465>
...
001 (2139834.004.000) 06/25 17:05:02 Job executing on host: <192.168.1.50:9582>
...
006 (2139834.004.000) 06/25 17:05:10 Image size of job updated: 279196
	41  -  MemoryUsage of job (MB)
	41304  -  ResidentSetSize of job (KB)
...
006 (2139834.004.000) 06/25 17:10:04 Image size of job updated: 1222192
	41  -  MemoryUsage of job (MB)
	41304  -  ResidentSetSize of job (KB)
...
005 (2139834.004.000) 06/25 17:10:04 Job terminated.
	(1) Normal termination (return value 0)
		Usr 0 00:00:47, Sys 0 00:00:02  -  Run Remote Usage
		Usr 0 00:00:00, Sys 0 00:00:00  -  Run Local Usage
		Usr 0 00:00:47, Sys 0 00:00:02  -  Total Remote Usage
		Usr 0 00:00:00, Sys 0 00:00:00  -  Total Local Usage
	0  -  Run Bytes Sent By Job
	0  -  Run Bytes Received By Job
	0  -  Total Bytes Sent By Job
	0  -  Total Bytes Received By Job
	Partitionable Resources :    Usage  Request Allocated
	   Cpus                 :                 1         1
	   Disk (KB)            :        2        2  28380363
	   Memory (MB)          :       41        1      4033
...
