000 (2144549.004.000) 06/28 00:53:25 Job submitted from host: <192.168.1.109:9465>
...
001 (2144549.004.000) 06/28 00:53:44 Job executing on host: <192.168.1.50:9582>
...
006 (2144549.004.000) 06/28 00:53:53 Image size of job updated: 279196
	38  -  MemoryUsage of job (MB)
	38536  -  ResidentSetSize of job (KB)
...
006 (2144549.004.000) 06/28 00:58:54 Image size of job updated: 1208420
	665  -  MemoryUsage of job (MB)
	680560  -  ResidentSetSize of job (KB)
...
006 (2144549.004.000) 06/28 01:03:55 Image size of job updated: 1223060
	702  -  MemoryUsage of job (MB)
	717876  -  ResidentSetSize of job (KB)
...
006 (2144549.004.000) 06/28 01:08:55 Image size of job updated: 1223060
	729  -  MemoryUsage of job (MB)
	746208  -  ResidentSetSize of job (KB)
...
005 (2144549.004.000) 06/28 01:09:58 Job terminated.
	(1) Normal termination (return value 0)
		Usr 0 00:01:02, Sys 0 00:00:02  -  Run Remote Usage
		Usr 0 00:00:00, Sys 0 00:00:00  -  Run Local Usage
		Usr 0 00:01:02, Sys 0 00:00:02  -  Total Remote Usage
		Usr 0 00:00:00, Sys 0 00:00:00  -  Total Local Usage
	0  -  Run Bytes Sent By Job
	0  -  Run Bytes Received By Job
	0  -  Total Bytes Sent By Job
	0  -  Total Bytes Received By Job
	Partitionable Resources :    Usage  Request Allocated
	   Cpus                 :                 1         1
	   Disk (KB)            :        2        2  28380764
	   Memory (MB)          :      729        1      4033
...
