000 (2147375.004.000) 06/28 17:57:15 Job submitted from host: <192.168.1.109:9465>
...
001 (2147375.004.000) 06/28 17:57:37 Job executing on host: <192.168.1.51:9757>
...
006 (2147375.004.000) 06/28 17:57:46 Image size of job updated: 97472
	3  -  MemoryUsage of job (MB)
	2184  -  ResidentSetSize of job (KB)
...
006 (2147375.004.000) 06/28 18:02:47 Image size of job updated: 1223040
	730  -  MemoryUsage of job (MB)
	746916  -  ResidentSetSize of job (KB)
...
006 (2147375.004.000) 06/28 18:07:47 Image size of job updated: 1224512
	738  -  MemoryUsage of job (MB)
	755028  -  ResidentSetSize of job (KB)
...
005 (2147375.004.000) 06/28 18:13:26 Job terminated.
	(1) Normal termination (return value 0)
		Usr 0 00:01:17, Sys 0 00:00:02  -  Run Remote Usage
		Usr 0 00:00:00, Sys 0 00:00:00  -  Run Local Usage
		Usr 0 00:01:17, Sys 0 00:00:02  -  Total Remote Usage
		Usr 0 00:00:00, Sys 0 00:00:00  -  Total Local Usage
	0  -  Run Bytes Sent By Job
	0  -  Run Bytes Received By Job
	0  -  Total Bytes Sent By Job
	0  -  Total Bytes Received By Job
	Partitionable Resources :    Usage  Request Allocated
	   Cpus                 :                 1         1
	   Disk (KB)            :        2        2  28376534
	   Memory (MB)          :      738        1      4033
...
