000 (2139834.017.000) 06/25 17:04:43 Job submitted from host: <192.168.1.109:9465>
...
001 (2139834.017.000) 06/25 17:05:03 Job executing on host: <192.168.1.65:9296>
...
006 (2139834.017.000) 06/25 17:05:11 Image size of job updated: 74872
	3  -  MemoryUsage of job (MB)
	2580  -  ResidentSetSize of job (KB)
...
006 (2139834.017.000) 06/25 17:10:11 Image size of job updated: 1022796
	640  -  MemoryUsage of job (MB)
	654384  -  ResidentSetSize of job (KB)
...
006 (2139834.017.000) 06/25 17:15:11 Image size of job updated: 1026212
	682  -  MemoryUsage of job (MB)
	698008  -  ResidentSetSize of job (KB)
...
006 (2139834.017.000) 06/25 17:16:30 Image size of job updated: 1027208
	682  -  MemoryUsage of job (MB)
	698008  -  ResidentSetSize of job (KB)
...
005 (2139834.017.000) 06/25 17:16:30 Job terminated.
	(1) Normal termination (return value 0)
		Usr 0 00:04:08, Sys 0 00:00:07  -  Run Remote Usage
		Usr 0 00:00:00, Sys 0 00:00:00  -  Run Local Usage
		Usr 0 00:04:08, Sys 0 00:00:07  -  Total Remote Usage
		Usr 0 00:00:00, Sys 0 00:00:00  -  Total Local Usage
	0  -  Run Bytes Sent By Job
	0  -  Run Bytes Received By Job
	0  -  Total Bytes Sent By Job
	0  -  Total Bytes Received By Job
	Partitionable Resources :    Usage  Request Allocated
	   Cpus                 :                 1         1
	   Disk (KB)            :        2        2  19562495
	   Memory (MB)          :      682        1      4033
...
