000 (2144549.017.000) 06/28 00:53:25 Job submitted from host: <192.168.1.109:9465>
...
001 (2144549.017.000) 06/28 00:53:45 Job executing on host: <192.168.1.63:9838>
...
006 (2144549.017.000) 06/28 00:53:53 Image size of job updated: 77944
	13  -  MemoryUsage of job (MB)
	13128  -  ResidentSetSize of job (KB)
...
006 (2144549.017.000) 06/28 00:58:53 Image size of job updated: 1021612
	593  -  MemoryUsage of job (MB)
	607196  -  ResidentSetSize of job (KB)
...
006 (2144549.017.000) 06/28 01:03:53 Image size of job updated: 1021612
	598  -  MemoryUsage of job (MB)
	611776  -  ResidentSetSize of job (KB)
...
006 (2144549.017.000) 06/28 01:08:54 Image size of job updated: 1021780
	599  -  MemoryUsage of job (MB)
	612572  -  ResidentSetSize of job (KB)
...
006 (2144549.017.000) 06/28 01:13:54 Image size of job updated: 1022576
	699  -  MemoryUsage of job (MB)
	715232  -  ResidentSetSize of job (KB)
...
006 (2144549.017.000) 06/28 01:18:54 Image size of job updated: 1023680
	699  -  MemoryUsage of job (MB)
	715256  -  ResidentSetSize of job (KB)
...
006 (2144549.017.000) 06/28 01:23:55 Image size of job updated: 1024496
	699  -  MemoryUsage of job (MB)
	715452  -  ResidentSetSize of job (KB)
...
006 (2144549.017.000) 06/28 01:28:55 Image size of job updated: 1025300
	699  -  MemoryUsage of job (MB)
	715680  -  ResidentSetSize of job (KB)
...
006 (2144549.017.000) 06/28 01:33:55 Image size of job updated: 1026100
	700  -  MemoryUsage of job (MB)
	716224  -  ResidentSetSize of job (KB)
...
006 (2144549.017.000) 06/28 01:38:56 Image size of job updated: 1027100
	701  -  MemoryUsage of job (MB)
	716900  -  ResidentSetSize of job (KB)
...
006 (2144549.017.000) 06/28 01:43:48 Image size of job updated: 1028092
	701  -  MemoryUsage of job (MB)
	716900  -  ResidentSetSize of job (KB)
...
005 (2144549.017.000) 06/28 01:43:48 Job terminated.
	(1) Normal termination (return value 0)
		Usr 0 00:10:54, Sys 0 00:00:11  -  Run Remote Usage
		Usr 0 00:00:00, Sys 0 00:00:00  -  Run Local Usage
		Usr 0 00:10:54, Sys 0 00:00:11  -  Total Remote Usage
		Usr 0 00:00:00, Sys 0 00:00:00  -  Total Local Usage
	0  -  Run Bytes Sent By Job
	0  -  Run Bytes Received By Job
	0  -  Total Bytes Sent By Job
	0  -  Total Bytes Received By Job
	Partitionable Resources :    Usage  Request Allocated
	   Cpus                 :                 1         1
	   Disk (KB)            :        2        2  19562849
	   Memory (MB)          :      701        1      4033
...
