000 (2208111.017.000) 07/06 15:00:49 Job submitted from host: <192.168.1.109:9465>
...
001 (2208111.017.000) 07/06 15:11:59 Job executing on host: <192.168.1.67:9110>
...
006 (2208111.017.000) 07/06 15:12:08 Image size of job updated: 2
	3  -  MemoryUsage of job (MB)
	2100  -  ResidentSetSize of job (KB)
...
006 (2208111.017.000) 07/06 15:17:09 Image size of job updated: 1021500
	599  -  MemoryUsage of job (MB)
	612860  -  ResidentSetSize of job (KB)
...
006 (2208111.017.000) 07/06 15:22:09 Image size of job updated: 1023428
	599  -  MemoryUsage of job (MB)
	612860  -  ResidentSetSize of job (KB)
...
006 (2208111.017.000) 07/06 15:27:10 Image size of job updated: 1025036
	599  -  MemoryUsage of job (MB)
	612860  -  ResidentSetSize of job (KB)
...
006 (2208111.017.000) 07/06 15:32:11 Image size of job updated: 1027028
	599  -  MemoryUsage of job (MB)
	612860  -  ResidentSetSize of job (KB)
...
006 (2208111.017.000) 07/06 15:32:24 Image size of job updated: 1027228
	599  -  MemoryUsage of job (MB)
	612860  -  ResidentSetSize of job (KB)
...
005 (2208111.017.000) 07/06 15:32:24 Job terminated.
	(1) Normal termination (return value 0)
		Usr 0 00:07:03, Sys 0 00:00:08  -  Run Remote Usage
		Usr 0 00:00:00, Sys 0 00:00:00  -  Run Local Usage
		Usr 0 00:07:03, Sys 0 00:00:08  -  Total Remote Usage
		Usr 0 00:00:00, Sys 0 00:00:00  -  Total Local Usage
	0  -  Run Bytes Sent By Job
	0  -  Run Bytes Received By Job
	0  -  Total Bytes Sent By Job
	0  -  Total Bytes Received By Job
	Partitionable Resources :    Usage  Request Allocated
	   Cpus                 :                 1         1
	   Disk (KB)            :        2        2  18623239
	   Memory (MB)          :      599        1      4033
...
