000 (2211539.017.000) 07/09 20:53:16 Job submitted from host: <192.168.1.109:9465>
...
001 (2211539.017.000) 07/09 20:53:30 Job executing on host: <192.168.1.60:9601>
...
006 (2211539.017.000) 07/09 20:53:40 Image size of job updated: 261780
	39  -  MemoryUsage of job (MB)
	39484  -  ResidentSetSize of job (KB)
...
006 (2211539.017.000) 07/09 20:58:40 Image size of job updated: 1021216
	599  -  MemoryUsage of job (MB)
	612360  -  ResidentSetSize of job (KB)
...
006 (2211539.017.000) 07/09 21:03:40 Image size of job updated: 1021756
	601  -  MemoryUsage of job (MB)
	614788  -  ResidentSetSize of job (KB)
...
006 (2211539.017.000) 07/09 21:08:41 Image size of job updated: 1023692
	601  -  MemoryUsage of job (MB)
	615232  -  ResidentSetSize of job (KB)
...
006 (2211539.017.000) 07/09 21:13:42 Image size of job updated: 1024904
	603  -  MemoryUsage of job (MB)
	616920  -  ResidentSetSize of job (KB)
...
006 (2211539.017.000) 07/09 21:18:42 Image size of job updated: 1026504
	630  -  MemoryUsage of job (MB)
	644376  -  ResidentSetSize of job (KB)
...
006 (2211539.017.000) 07/09 21:21:19 Image size of job updated: 1027696
	630  -  MemoryUsage of job (MB)
	644376  -  ResidentSetSize of job (KB)
...
005 (2211539.017.000) 07/09 21:21:20 Job terminated.
	(1) Normal termination (return value 0)
		Usr 0 00:10:44, Sys 0 00:00:14  -  Run Remote Usage
		Usr 0 00:00:00, Sys 0 00:00:00  -  Run Local Usage
		Usr 0 00:10:44, Sys 0 00:00:14  -  Total Remote Usage
		Usr 0 00:00:00, Sys 0 00:00:00  -  Total Local Usage
	0  -  Run Bytes Sent By Job
	0  -  Run Bytes Received By Job
	0  -  Total Bytes Sent By Job
	0  -  Total Bytes Received By Job
	Partitionable Resources :    Usage  Request Allocated
	   Cpus                 :                 1         1
	   Disk (KB)            :        2        2  19463835
	   Memory (MB)          :      630        1      4029
...
