000 (2144552.001.000) 06/28 00:53:43 Job submitted from host: <192.168.1.109:9465>
...
001 (2144552.001.000) 06/28 00:53:51 Job executing on host: <192.168.1.47:9610>
...
006 (2144552.001.000) 06/28 00:54:00 Image size of job updated: 97468
	3  -  MemoryUsage of job (MB)
	2180  -  ResidentSetSize of job (KB)
...
006 (2144552.001.000) 06/28 00:59:01 Image size of job updated: 1205124
	643  -  MemoryUsage of job (MB)
	657576  -  ResidentSetSize of job (KB)
...
006 (2144552.001.000) 06/28 01:04:02 Image size of job updated: 1207112
	658  -  MemoryUsage of job (MB)
	673104  -  ResidentSetSize of job (KB)
...
006 (2144552.001.000) 06/28 01:09:02 Image size of job updated: 1207112
	659  -  MemoryUsage of job (MB)
	673816  -  ResidentSetSize of job (KB)
...
005 (2144552.001.000) 06/28 01:10:00 Job terminated.
	(1) Normal termination (return value 0)
		Usr 0 00:00:51, Sys 0 00:00:03  -  Run Remote Usage
		Usr 0 00:00:00, Sys 0 00:00:00  -  Run Local Usage
		Usr 0 00:00:51, Sys 0 00:00:03  -  Total Remote Usage
		Usr 0 00:00:00, Sys 0 00:00:00  -  Total Local Usage
	0  -  Run Bytes Sent By Job
	0  -  Run Bytes Received By Job
	0  -  Total Bytes Sent By Job
	0  -  Total Bytes Received By Job
	Partitionable Resources :    Usage  Request Allocated
	   Cpus                 :                 1         1
	   Disk (KB)            :        2        2  28380207
	   Memory (MB)          :      659        1      4033
...
