000 (2208103.001.000) 07/06 14:34:46 Job submitted from host: <192.168.1.109:9465>
...
001 (2208103.001.000) 07/06 14:42:43 Job executing on host: <192.168.1.65:9296>
...
006 (2208103.001.000) 07/06 14:42:46 Image size of job updated: 2
	0  -  MemoryUsage of job (MB)
	0  -  ResidentSetSize of job (KB)
...
005 (2208103.001.000) 07/06 14:42:46 Job terminated.
	(1) Normal termination (return value 6)
		Usr 0 00:00:00, Sys 0 00:00:00  -  Run Remote Usage
		Usr 0 00:00:00, Sys 0 00:00:00  -  Run Local Usage
		Usr 0 00:00:00, Sys 0 00:00:00  -  Total Remote Usage
		Usr 0 00:00:00, Sys 0 00:00:00  -  Total Local Usage
	0  -  Run Bytes Sent By Job
	0  -  Run Bytes Received By Job
	0  -  Total Bytes Sent By Job
	0  -  Total Bytes Received By Job
	Partitionable Resources :    Usage  Request Allocated
	   Cpus                 :                 1         1
	   Disk (KB)            :        2        2  18675823
	   Memory (MB)          :        0        1      4033
...
