000 (2211541.001.000) 07/09 20:53:28 Job submitted from host: <192.168.1.109:9465>
...
001 (2211541.001.000) 07/09 20:53:33 Job executing on host: <192.168.1.64:9545>
...
006 (2211541.001.000) 07/09 20:53:42 Image size of job updated: 2
	3  -  MemoryUsage of job (MB)
	2100  -  ResidentSetSize of job (KB)
...
006 (2211541.001.000) 07/09 20:58:43 Image size of job updated: 1207168
	590  -  MemoryUsage of job (MB)
	603452  -  ResidentSetSize of job (KB)
...
005 (2211541.001.000) 07/09 21:01:41 Job terminated.
	(1) Normal termination (return value 0)
		Usr 0 00:01:42, Sys 0 00:00:02  -  Run Remote Usage
		Usr 0 00:00:00, Sys 0 00:00:00  -  Run Local Usage
		Usr 0 00:01:42, Sys 0 00:00:02  -  Total Remote Usage
		Usr 0 00:00:00, Sys 0 00:00:00  -  Total Local Usage
	0  -  Run Bytes Sent By Job
	0  -  Run Bytes Received By Job
	0  -  Total Bytes Sent By Job
	0  -  Total Bytes Received By Job
	Partitionable Resources :    Usage  Request Allocated
	   Cpus                 :                 1         1
	   Disk (KB)            :        2        2  19564700
	   Memory (MB)          :      590        1      4033
...
