000 (2144549.016.000) 06/28 00:53:25 Job submitted from host: <192.168.1.109:9465>
...
001 (2144549.016.000) 06/28 00:53:47 Job executing on host: <192.168.1.68:9891>
...
006 (2144549.016.000) 06/28 00:53:56 Image size of job updated: 2
	3  -  MemoryUsage of job (MB)
	2168  -  ResidentSetSize of job (KB)
...
006 (2144549.016.000) 06/28 00:58:57 Image size of job updated: 1107028
	703  -  MemoryUsage of job (MB)
	719096  -  ResidentSetSize of job (KB)
...
005 (2144549.016.000) 06/28 00:59:46 Job terminated.
	(1) Normal termination (return value 0)
		Usr 0 00:01:36, Sys 0 00:00:02  -  Run Remote Usage
		Usr 0 00:00:00, Sys 0 00:00:00  -  Run Local Usage
		Usr 0 00:01:36, Sys 0 00:00:02  -  Total Remote Usage
		Usr 0 00:00:00, Sys 0 00:00:00  -  Total Local Usage
	0  -  Run Bytes Sent By Job
	0  -  Run Bytes Received By Job
	0  -  Total Bytes Sent By Job
	0  -  Total Bytes Received By Job
	Partitionable Resources :    Usage  Request Allocated
	   Cpus                 :                 1         1
	   Disk (KB)            :        2        2  20251744
	   Memory (MB)          :      703        1      4038
...
