000 (2147375.016.000) 06/28 17:57:16 Job submitted from host: <192.168.1.109:9465>
...
001 (2147375.016.000) 06/28 17:57:34 Job executing on host: <192.168.1.50:9582>
...
006 (2147375.016.000) 06/28 17:57:42 Image size of job updated: 395212
	135  -  MemoryUsage of job (MB)
	137936  -  ResidentSetSize of job (KB)
...
006 (2147375.016.000) 06/28 18:02:42 Image size of job updated: 1108396
	649  -  MemoryUsage of job (MB)
	664060  -  ResidentSetSize of job (KB)
...
006 (2147375.016.000) 06/28 18:05:09 Image size of job updated: 1108536
	649  -  MemoryUsage of job (MB)
	664060  -  ResidentSetSize of job (KB)
...
005 (2147375.016.000) 06/28 18:05:09 Job terminated.
	(1) Normal termination (return value 0)
		Usr 0 00:00:36, Sys 0 00:00:01  -  Run Remote Usage
		Usr 0 00:00:00, Sys 0 00:00:00  -  Run Local Usage
		Usr 0 00:00:36, Sys 0 00:00:01  -  Total Remote Usage
		Usr 0 00:00:00, Sys 0 00:00:00  -  Total Local Usage
	0  -  Run Bytes Sent By Job
	0  -  Run Bytes Received By Job
	0  -  Total Bytes Sent By Job
	0  -  Total Bytes Received By Job
	Partitionable Resources :    Usage  Request Allocated
	   Cpus                 :                 1         1
	   Disk (KB)            :        2        2  28376023
	   Memory (MB)          :      649        1      4033
...
