000 (2206162.016.000) 07/05 01:41:56 Job submitted from host: <192.168.1.109:9465>
...
001 (2206162.016.000) 07/05 01:42:00 Job executing on host: <192.168.1.64:9545>
...
006 (2206162.016.000) 07/05 01:42:09 Image size of job updated: 413904
	149  -  MemoryUsage of job (MB)
	152352  -  ResidentSetSize of job (KB)
...
006 (2206162.016.000) 07/05 01:47:10 Image size of job updated: 1093476
	584  -  MemoryUsage of job (MB)
	597056  -  ResidentSetSize of job (KB)
...
005 (2206162.016.000) 07/05 01:47:16 Job terminated.
	(1) Normal termination (return value 0)
		Usr 0 00:01:06, Sys 0 00:00:01  -  Run Remote Usage
		Usr 0 00:00:00, Sys 0 00:00:00  -  Run Local Usage
		Usr 0 00:01:06, Sys 0 00:00:01  -  Total Remote Usage
		Usr 0 00:00:00, Sys 0 00:00:00  -  Total Local Usage
	0  -  Run Bytes Sent By Job
	0  -  Run Bytes Received By Job
	0  -  Total Bytes Sent By Job
	0  -  Total Bytes Received By Job
	Partitionable Resources :    Usage  Request Allocated
	   Cpus                 :                 1         1
	   Disk (KB)            :        2        2  19563647
	   Memory (MB)          :      584        1      4033
...
