000 (2144541.026.000) 06/28 00:26:19 Job submitted from host: <192.168.1.109:9465>
...
001 (2144541.026.000) 06/28 00:26:25 Job executing on host: <192.168.1.64:9545>
...
006 (2144541.026.000) 06/28 00:26:34 Image size of job updated: 89596
	9  -  MemoryUsage of job (MB)
	9032  -  ResidentSetSize of job (KB)
...
006 (2144541.026.000) 06/28 00:27:28 Image size of job updated: 320880
	9  -  MemoryUsage of job (MB)
	9032  -  ResidentSetSize of job (KB)
...
005 (2144541.026.000) 06/28 00:27:28 Job terminated.
	(1) Normal termination (return value 6)
		Usr 0 00:00:00, Sys 0 00:00:00  -  Run Remote Usage
		Usr 0 00:00:00, Sys 0 00:00:00  -  Run Local Usage
		Usr 0 00:00:00, Sys 0 00:00:00  -  Total Remote Usage
		Usr 0 00:00:00, Sys 0 00:00:00  -  Total Local Usage
	0  -  Run Bytes Sent By Job
	0  -  Run Bytes Received By Job
	0  -  Total Bytes Sent By Job
	0  -  Total Bytes Received By Job
	Partitionable Resources :    Usage  Request Allocated
	   Cpus                 :                 1         1
	   Disk (KB)            :        2        2  19563877
	   Memory (MB)          :        9        1      4033
...
