000 (2147374.026.000) 06/28 17:57:02 Job submitted from host: <192.168.1.109:9465>
...
001 (2147374.026.000) 06/28 17:57:12 Job executing on host: <192.168.1.65:9296>
...
006 (2147374.026.000) 06/28 17:57:21 Image size of job updated: 125840
	17  -  MemoryUsage of job (MB)
	16584  -  ResidentSetSize of job (KB)
...
006 (2147374.026.000) 06/28 17:59:00 Image size of job updated: 754096
	17  -  MemoryUsage of job (MB)
	16584  -  ResidentSetSize of job (KB)
...
005 (2147374.026.000) 06/28 17:59:00 Job terminated.
	(1) Normal termination (return value 0)
		Usr 0 00:00:15, Sys 0 00:00:00  -  Run Remote Usage
		Usr 0 00:00:00, Sys 0 00:00:00  -  Run Local Usage
		Usr 0 00:00:15, Sys 0 00:00:00  -  Total Remote Usage
		Usr 0 00:00:00, Sys 0 00:00:00  -  Total Local Usage
	0  -  Run Bytes Sent By Job
	0  -  Run Bytes Received By Job
	0  -  Total Bytes Sent By Job
	0  -  Total Bytes Received By Job
	Partitionable Resources :    Usage  Request Allocated
	   Cpus                 :                 1         1
	   Disk (KB)            :        2        2  19559520
	   Memory (MB)          :       17        1      4033
...
