000 (2208100.001.000) 07/06 14:34:19 Job submitted from host: <192.168.1.109:9465>
...
001 (2208100.001.000) 07/06 14:35:23 Job executing on host: <192.168.1.68:9891>
...
006 (2208100.001.000) 07/06 14:35:32 Image size of job updated: 2
	3  -  MemoryUsage of job (MB)
	2168  -  ResidentSetSize of job (KB)
...
006 (2208100.001.000) 07/06 14:36:38 Image size of job updated: 1053852
	3  -  MemoryUsage of job (MB)
	2168  -  ResidentSetSize of job (KB)
...
005 (2208100.001.000) 07/06 14:36:38 Job terminated.
	(1) Normal termination (return value 0)
		Usr 0 00:00:44, Sys 0 00:00:01  -  Run Remote Usage
		Usr 0 00:00:00, Sys 0 00:00:00  -  Run Local Usage
		Usr 0 00:00:44, Sys 0 00:00:01  -  Total Remote Usage
		Usr 0 00:00:00, Sys 0 00:00:00  -  Total Local Usage
	0  -  Run Bytes Sent By Job
	0  -  Run Bytes Received By Job
	0  -  Total Bytes Sent By Job
	0  -  Total Bytes Received By Job
	Partitionable Resources :    Usage  Request Allocated
	   Cpus                 :                 1         1
	   Disk (KB)            :        2        2  19390795
	   Memory (MB)          :        3        1      4038
...
