000 (2144549.037.000) 06/28 00:53:26 Job submitted from host: <192.168.1.109:9465>
...
001 (2144549.037.000) 06/28 00:53:46 Job executing on host: <192.168.1.65:9296>
...
006 (2144549.037.000) 06/28 00:53:54 Image size of job updated: 76852
	3  -  MemoryUsage of job (MB)
	2656  -  ResidentSetSize of job (KB)
...
006 (2144549.037.000) 06/28 00:58:54 Image size of job updated: 1026012
	621  -  MemoryUsage of job (MB)
	635904  -  ResidentSetSize of job (KB)
...
006 (2144549.037.000) 06/28 01:03:54 Image size of job updated: 1027948
	627  -  MemoryUsage of job (MB)
	641056  -  ResidentSetSize of job (KB)
...
006 (2144549.037.000) 06/28 01:08:55 Image size of job updated: 1027948
	627  -  MemoryUsage of job (MB)
	641300  -  ResidentSetSize of job (KB)
...
006 (2144549.037.000) 06/28 01:13:55 Image size of job updated: 1027948
	627  -  MemoryUsage of job (MB)
	641668  -  ResidentSetSize of job (KB)
...
006 (2144549.037.000) 06/28 01:18:55 Image size of job updated: 1028892
	628  -  MemoryUsage of job (MB)
	642088  -  ResidentSetSize of job (KB)
...
006 (2144549.037.000) 06/28 01:23:51 Image size of job updated: 1029848
	628  -  MemoryUsage of job (MB)
	642088  -  ResidentSetSize of job (KB)
...
005 (2144549.037.000) 06/28 01:23:51 Job terminated.
	(1) Normal termination (return value 0)
		Usr 0 00:07:28, Sys 0 00:00:10  -  Run Remote Usage
		Usr 0 00:00:00, Sys 0 00:00:00  -  Run Local Usage
		Usr 0 00:07:28, Sys 0 00:00:10  -  Total Remote Usage
		Usr 0 00:00:00, Sys 0 00:00:00  -  Total Local Usage
	0  -  Run Bytes Sent By Job
	0  -  Run Bytes Received By Job
	0  -  Total Bytes Sent By Job
	0  -  Total Bytes Received By Job
	Partitionable Resources :    Usage  Request Allocated
	   Cpus                 :                 1         1
	   Disk (KB)            :        2        2  19562848
	   Memory (MB)          :      628        1      4033
...
