000 (2147375.037.000) 06/28 17:57:17 Job submitted from host: <192.168.1.109:9465>
...
001 (2147375.037.000) 06/28 17:57:40 Job executing on host: <192.168.1.47:9610>
...
006 (2147375.037.000) 06/28 17:57:49 Image size of job updated: 97468
	2  -  MemoryUsage of job (MB)
	1692  -  ResidentSetSize of job (KB)
...
006 (2147375.037.000) 06/28 18:02:50 Image size of job updated: 1011316
	565  -  MemoryUsage of job (MB)
	577852  -  ResidentSetSize of job (KB)
...
006 (2147375.037.000) 06/28 18:07:50 Image size of job updated: 1029376
	616  -  MemoryUsage of job (MB)
	629788  -  ResidentSetSize of job (KB)
...
006 (2147375.037.000) 06/28 18:12:51 Image size of job updated: 1029376
	618  -  MemoryUsage of job (MB)
	632832  -  ResidentSetSize of job (KB)
...
006 (2147375.037.000) 06/28 18:17:52 Image size of job updated: 1029376
	619  -  MemoryUsage of job (MB)
	633040  -  ResidentSetSize of job (KB)
...
006 (2147375.037.000) 06/28 18:22:52 Image size of job updated: 1029376
	619  -  MemoryUsage of job (MB)
	633124  -  ResidentSetSize of job (KB)
...
006 (2147375.037.000) 06/28 18:27:52 Image size of job updated: 1030128
	660  -  MemoryUsage of job (MB)
	675452  -  ResidentSetSize of job (KB)
...
006 (2147375.037.000) 06/28 18:32:44 Image size of job updated: 1031276
	660  -  MemoryUsage of job (MB)
	675452  -  ResidentSetSize of job (KB)
...
005 (2147375.037.000) 06/28 18:32:44 Job terminated.
	(1) Normal termination (return value 0)
		Usr 0 00:03:09, Sys 0 00:00:05  -  Run Remote Usage
		Usr 0 00:00:00, Sys 0 00:00:00  -  Run Local Usage
		Usr 0 00:03:09, Sys 0 00:00:05  -  Total Remote Usage
		Usr 0 00:00:00, Sys 0 00:00:00  -  Total Local Usage
	0  -  Run Bytes Sent By Job
	0  -  Run Bytes Received By Job
	0  -  Total Bytes Sent By Job
	0  -  Total Bytes Received By Job
	Partitionable Resources :    Usage  Request Allocated
	   Cpus                 :                 1         1
	   Disk (KB)            :        2        2  28376065
	   Memory (MB)          :      660        1      4033
...
