000 (2206162.038.000) 07/05 01:41:56 Job submitted from host: <192.168.1.109:9465>
...
001 (2206162.038.000) 07/05 01:42:01 Job executing on host: <192.168.1.64:9545>
...
006 (2206162.038.000) 07/05 01:42:10 Image size of job updated: 377888
	131  -  MemoryUsage of job (MB)
	133404  -  ResidentSetSize of job (KB)
...
006 (2206162.038.000) 07/05 01:47:11 Image size of job updated: 1014448
	543  -  MemoryUsage of job (MB)
	555140  -  ResidentSetSize of job (KB)
...
006 (2206162.038.000) 07/05 01:52:11 Image size of job updated: 1014448
	546  -  MemoryUsage of job (MB)
	558260  -  ResidentSetSize of job (KB)
...
006 (2206162.038.000) 07/05 01:57:12 Image size of job updated: 1015140
	546  -  MemoryUsage of job (MB)
	558356  -  ResidentSetSize of job (KB)
...
006 (2206162.038.000) 07/05 02:00:38 Image size of job updated: 1016288
	546  -  MemoryUsage of job (MB)
	558356  -  ResidentSetSize of job (KB)
...
005 (2206162.038.000) 07/05 02:00:38 Job terminated.
	(1) Normal termination (return value 0)
		Usr 0 00:05:19, Sys 0 00:00:05  -  Run Remote Usage
		Usr 0 00:00:00, Sys 0 00:00:00  -  Run Local Usage
		Usr 0 00:05:19, Sys 0 00:00:05  -  Total Remote Usage
		Usr 0 00:00:00, Sys 0 00:00:00  -  Total Local Usage
	0  -  Run Bytes Sent By Job
	0  -  Run Bytes Received By Job
	0  -  Total Bytes Sent By Job
	0  -  Total Bytes Received By Job
	Partitionable Resources :    Usage  Request Allocated
	   Cpus                 :                 1         1
	   Disk (KB)            :        2        2  19563652
	   Memory (MB)          :      546        1      4033
...
