000 (2208111.038.000) 07/06 15:00:49 Job submitted from host: <192.168.1.109:9465>
...
001 (2208111.038.000) 07/06 15:14:07 Job executing on host: <192.168.1.51:9747>
...
006 (2208111.038.000) 07/06 15:14:16 Image size of job updated: 434624
	203  -  MemoryUsage of job (MB)
	207832  -  ResidentSetSize of job (KB)
...
006 (2208111.038.000) 07/06 15:19:17 Image size of job updated: 1027032
	554  -  MemoryUsage of job (MB)
	566488  -  ResidentSetSize of job (KB)
...
006 (2208111.038.000) 07/06 15:24:18 Image size of job updated: 1027336
	554  -  MemoryUsage of job (MB)
	566616  -  ResidentSetSize of job (KB)
...
006 (2208111.038.000) 07/06 15:26:42 Image size of job updated: 1028680
	554  -  MemoryUsage of job (MB)
	566616  -  ResidentSetSize of job (KB)
...
005 (2208111.038.000) 07/06 15:26:42 Job terminated.
	(1) Normal termination (return value 0)
		Usr 0 00:02:32, Sys 0 00:00:05  -  Run Remote Usage
		Usr 0 00:00:00, Sys 0 00:00:00  -  Run Local Usage
		Usr 0 00:02:32, Sys 0 00:00:05  -  Total Remote Usage
		Usr 0 00:00:00, Sys 0 00:00:00  -  Total Local Usage
	0  -  Run Bytes Sent By Job
	0  -  Run Bytes Received By Job
	0  -  Total Bytes Sent By Job
	0  -  Total Bytes Received By Job
	Partitionable Resources :    Usage  Request Allocated
	   Cpus                 :                 1         1
	   Disk (KB)            :        2        2  27691144
	   Memory (MB)          :      554        1      4033
...
