000 (2211539.038.000) 07/09 20:53:17 Job submitted from host: <192.168.1.109:9465>
...
001 (2211539.038.000) 07/09 20:53:32 Job executing on host: <192.168.1.63:9838>
...
006 (2211539.038.000) 07/09 20:53:40 Image size of job updated: 76852
	3  -  MemoryUsage of job (MB)
	2524  -  ResidentSetSize of job (KB)
...
006 (2211539.038.000) 07/09 20:58:40 Image size of job updated: 1027924
	605  -  MemoryUsage of job (MB)
	618504  -  ResidentSetSize of job (KB)
...
006 (2211539.038.000) 07/09 21:03:40 Image size of job updated: 1027924
	608  -  MemoryUsage of job (MB)
	622148  -  ResidentSetSize of job (KB)
...
006 (2211539.038.000) 07/09 21:08:41 Image size of job updated: 1029572
	662  -  MemoryUsage of job (MB)
	677128  -  ResidentSetSize of job (KB)
...
005 (2211539.038.000) 07/09 21:09:15 Job terminated.
	(1) Normal termination (return value 0)
		Usr 0 00:03:58, Sys 0 00:00:05  -  Run Remote Usage
		Usr 0 00:00:00, Sys 0 00:00:00  -  Run Local Usage
		Usr 0 00:03:58, Sys 0 00:00:05  -  Total Remote Usage
		Usr 0 00:00:00, Sys 0 00:00:00  -  Total Local Usage
	0  -  Run Bytes Sent By Job
	0  -  Run Bytes Received By Job
	0  -  Total Bytes Sent By Job
	0  -  Total Bytes Received By Job
	Partitionable Resources :    Usage  Request Allocated
	   Cpus                 :                 1         1
	   Disk (KB)            :        2        2  19563616
	   Memory (MB)          :      662        1      4033
...
