000 (2144546.018.000) 06/28 00:35:47 Job submitted from host: <192.168.1.109:9465>
...
001 (2144546.018.000) 06/28 00:35:50 Job executing on host: <192.168.1.63:9838>
...
006 (2144546.018.000) 06/28 00:35:59 Image size of job updated: 196752
	19  -  MemoryUsage of job (MB)
	19184  -  ResidentSetSize of job (KB)
...
006 (2144546.018.000) 06/28 00:36:24 Image size of job updated: 327832
	19  -  MemoryUsage of job (MB)
	19184  -  ResidentSetSize of job (KB)
...
005 (2144546.018.000) 06/28 00:36:24 Job terminated.
	(1) Normal termination (return value 6)
		Usr 0 00:00:00, Sys 0 00:00:00  -  Run Remote Usage
		Usr 0 00:00:00, Sys 0 00:00:00  -  Run Local Usage
		Usr 0 00:00:00, Sys 0 00:00:00  -  Total Remote Usage
		Usr 0 00:00:00, Sys 0 00:00:00  -  Total Local Usage
	0  -  Run Bytes Sent By Job
	0  -  Run Bytes Received By Job
	0  -  Total Bytes Sent By Job
	0  -  Total Bytes Received By Job
	Partitionable Resources :    Usage  Request Allocated
	   Cpus                 :                 1         1
	   Disk (KB)            :        2        2  19562871
	   Memory (MB)          :       19        1      4033
...
