000 (2147375.018.000) 06/28 17:57:16 Job submitted from host: <192.168.1.109:9465>
...
001 (2147375.018.000) 06/28 17:57:34 Job executing on host: <192.168.1.63:9838>
...
006 (2147375.018.000) 06/28 17:57:42 Image size of job updated: 62368
	5  -  MemoryUsage of job (MB)
	4800  -  ResidentSetSize of job (KB)
...
006 (2147375.018.000) 06/28 18:02:42 Image size of job updated: 1095180
	643  -  MemoryUsage of job (MB)
	657416  -  ResidentSetSize of job (KB)
...
006 (2147375.018.000) 06/28 18:07:44 Image size of job updated: 1095180
	643  -  MemoryUsage of job (MB)
	658288  -  ResidentSetSize of job (KB)
...
006 (2147375.018.000) 06/28 18:12:44 Image size of job updated: 1095180
	763  -  MemoryUsage of job (MB)
	780592  -  ResidentSetSize of job (KB)
...
006 (2147375.018.000) 06/28 18:17:44 Image size of job updated: 1095636
	791  -  MemoryUsage of job (MB)
	809776  -  ResidentSetSize of job (KB)
...
006 (2147375.018.000) 06/28 18:22:45 Image size of job updated: 1096472
	792  -  MemoryUsage of job (MB)
	810140  -  ResidentSetSize of job (KB)
...
006 (2147375.018.000) 06/28 18:27:46 Image size of job updated: 1097508
	792  -  MemoryUsage of job (MB)
	810840  -  ResidentSetSize of job (KB)
...
006 (2147375.018.000) 06/28 18:32:46 Image size of job updated: 1098332
	793  -  MemoryUsage of job (MB)
	811408  -  ResidentSetSize of job (KB)
...
006 (2147375.018.000) 06/28 18:37:47 Image size of job updated: 1099152
	793  -  MemoryUsage of job (MB)
	811968  -  ResidentSetSize of job (KB)
...
006 (2147375.018.000) 06/28 18:41:32 Image size of job updated: 1099560
	793  -  MemoryUsage of job (MB)
	811968  -  ResidentSetSize of job (KB)
...
005 (2147375.018.000) 06/28 18:41:32 Job terminated.
	(1) Normal termination (return value 0)
		Usr 0 00:09:32, Sys 0 00:00:10  -  Run Remote Usage
		Usr 0 00:00:00, Sys 0 00:00:00  -  Run Local Usage
		Usr 0 00:09:32, Sys 0 00:00:10  -  Total Remote Usage
		Usr 0 00:00:00, Sys 0 00:00:00  -  Total Local Usage
	0  -  Run Bytes Sent By Job
	0  -  Run Bytes Received By Job
	0  -  Total Bytes Sent By Job
	0  -  Total Bytes Received By Job
	Partitionable Resources :    Usage  Request Allocated
	   Cpus                 :                 1         1
	   Disk (KB)            :        2        2  19560273
	   Memory (MB)          :      793        1      4033
...
