000 (2206162.018.000) 07/05 01:41:56 Job submitted from host: <192.168.1.109:9465>
...
001 (2206162.018.000) 07/05 01:42:00 Job executing on host: <192.168.1.50:9343>
...
006 (2206162.018.000) 07/05 01:42:09 Image size of job updated: 414248
	147  -  MemoryUsage of job (MB)
	149532  -  ResidentSetSize of job (KB)
...
006 (2206162.018.000) 07/05 01:47:10 Image size of job updated: 1080320
	555  -  MemoryUsage of job (MB)
	568292  -  ResidentSetSize of job (KB)
...
006 (2206162.018.000) 07/05 01:52:10 Image size of job updated: 1081612
	586  -  MemoryUsage of job (MB)
	599104  -  ResidentSetSize of job (KB)
...
006 (2206162.018.000) 07/05 01:57:11 Image size of job updated: 1084700
	708  -  MemoryUsage of job (MB)
	724092  -  ResidentSetSize of job (KB)
...
005 (2206162.018.000) 07/05 01:57:31 Job terminated.
	(1) Normal termination (return value 0)
		Usr 0 00:02:30, Sys 0 00:00:06  -  Run Remote Usage
		Usr 0 00:00:00, Sys 0 00:00:00  -  Run Local Usage
		Usr 0 00:02:30, Sys 0 00:00:06  -  Total Remote Usage
		Usr 0 00:00:00, Sys 0 00:00:00  -  Total Local Usage
	0  -  Run Bytes Sent By Job
	0  -  Run Bytes Received By Job
	0  -  Total Bytes Sent By Job
	0  -  Total Bytes Received By Job
	Partitionable Resources :    Usage  Request Allocated
	   Cpus                 :                 1         1
	   Disk (KB)            :        2        2  28380271
	   Memory (MB)          :      708        1      4033
...
