000 (2211539.018.000) 07/09 20:53:16 Job submitted from host: <192.168.1.109:9465>
...
001 (2211539.018.000) 07/09 20:53:30 Job executing on host: <192.168.1.63:9838>
...
006 (2211539.018.000) 07/09 20:53:39 Image size of job updated: 76852
	3  -  MemoryUsage of job (MB)
	2660  -  ResidentSetSize of job (KB)
...
006 (2211539.018.000) 07/09 20:58:39 Image size of job updated: 1093764
	621  -  MemoryUsage of job (MB)
	635904  -  ResidentSetSize of job (KB)
...
006 (2211539.018.000) 07/09 21:03:39 Image size of job updated: 1094216
	622  -  MemoryUsage of job (MB)
	636272  -  ResidentSetSize of job (KB)
...
006 (2211539.018.000) 07/09 21:08:40 Image size of job updated: 1096092
	623  -  MemoryUsage of job (MB)
	637392  -  ResidentSetSize of job (KB)
...
006 (2211539.018.000) 07/09 21:13:06 Image size of job updated: 1098144
	623  -  MemoryUsage of job (MB)
	637392  -  ResidentSetSize of job (KB)
...
005 (2211539.018.000) 07/09 21:13:06 Job terminated.
	(1) Normal termination (return value 0)
		Usr 0 00:05:46, Sys 0 00:00:07  -  Run Remote Usage
		Usr 0 00:00:00, Sys 0 00:00:00  -  Run Local Usage
		Usr 0 00:05:46, Sys 0 00:00:07  -  Total Remote Usage
		Usr 0 00:00:00, Sys 0 00:00:00  -  Total Local Usage
	0  -  Run Bytes Sent By Job
	0  -  Run Bytes Received By Job
	0  -  Total Bytes Sent By Job
	0  -  Total Bytes Received By Job
	Partitionable Resources :    Usage  Request Allocated
	   Cpus                 :                 1         1
	   Disk (KB)            :        2        2  19563616
	   Memory (MB)          :      623        1      4033
...
