000 (2208100.013.000) 07/06 14:34:19 Job submitted from host: <192.168.1.109:9465>
...
001 (2208100.013.000) 07/06 14:37:29 Job executing on host: <192.168.1.65:9296>
...
006 (2208100.013.000) 07/06 14:37:38 Image size of job updated: 389892
	149  -  MemoryUsage of job (MB)
	151844  -  ResidentSetSize of job (KB)
...
006 (2208100.013.000) 07/06 14:38:05 Image size of job updated: 978284
	149  -  MemoryUsage of job (MB)
	151844  -  ResidentSetSize of job (KB)
...
005 (2208100.013.000) 07/06 14:38:05 Job terminated.
	(1) Normal termination (return value 0)
		Usr 0 00:00:22, Sys 0 00:00:01  -  Run Remote Usage
		Usr 0 00:00:00, Sys 0 00:00:00  -  Run Local Usage
		Usr 0 00:00:22, Sys 0 00:00:01  -  Total Remote Usage
		Usr 0 00:00:00, Sys 0 00:00:00  -  Total Local Usage
	0  -  Run Bytes Sent By Job
	0  -  Run Bytes Received By Job
	0  -  Total Bytes Sent By Job
	0  -  Total Bytes Received By Job
	Partitionable Resources :    Usage  Request Allocated
	   Cpus                 :                 1         1
	   Disk (KB)            :        2        2  18642328
	   Memory (MB)          :      149        1      4033
...
