000 (2139836.007.000) 06/25 17:06:18 Job submitted from host: <192.168.1.109:9465>
...
001 (2139836.007.000) 06/25 17:06:33 Job executing on host: <192.168.1.63:9838>
...
006 (2139836.007.000) 06/25 17:06:41 Image size of job updated: 2
	3  -  MemoryUsage of job (MB)
	2096  -  ResidentSetSize of job (KB)
...
006 (2139836.007.000) 06/25 17:06:45 Image size of job updated: 751612
	3  -  MemoryUsage of job (MB)
	2096  -  ResidentSetSize of job (KB)
...
005 (2139836.007.000) 06/25 17:06:45 Job terminated.
	(1) Normal termination (return value 0)
		Usr 0 00:00:06, Sys 0 00:00:00  -  Run Remote Usage
		Usr 0 00:00:00, Sys 0 00:00:00  -  Run Local Usage
		Usr 0 00:00:06, Sys 0 00:00:00  -  Total Remote Usage
		Usr 0 00:00:00, Sys 0 00:00:00  -  Total Local Usage
	0  -  Run Bytes Sent By Job
	0  -  Run Bytes Received By Job
	0  -  Total Bytes Sent By Job
	0  -  Total Bytes Received By Job
	Partitionable Resources :    Usage  Request Allocated
	   Cpus                 :                 1         1
	   Disk (KB)            :        2        2  19562826
	   Memory (MB)          :        3        1      4033
...
