000 (2206163.007.000) 07/05 01:42:03 Job submitted from host: <192.168.1.109:9465>
...
001 (2206163.007.000) 07/05 01:42:22 Job executing on host: <192.168.1.60:9601>
...
006 (2206163.007.000) 07/05 01:42:32 Image size of job updated: 378016
	115  -  MemoryUsage of job (MB)
	117192  -  ResidentSetSize of job (KB)
...
006 (2206163.007.000) 07/05 01:42:58 Image size of job updated: 414648
	115  -  MemoryUsage of job (MB)
	117192  -  ResidentSetSize of job (KB)
...
005 (2206163.007.000) 07/05 01:42:59 Job terminated.
	(1) Normal termination (return value 0)
		Usr 0 00:00:03, Sys 0 00:00:00  -  Run Remote Usage
		Usr 0 00:00:00, Sys 0 00:00:00  -  Run Local Usage
		Usr 0 00:00:03, Sys 0 00:00:00  -  Total Remote Usage
		Usr 0 00:00:00, Sys 0 00:00:00  -  Total Local Usage
	0  -  Run Bytes Sent By Job
	0  -  Run Bytes Received By Job
	0  -  Total Bytes Sent By Job
	0  -  Total Bytes Received By Job
	Partitionable Resources :    Usage  Request Allocated
	   Cpus                 :                 1         1
	   Disk (KB)            :        2        2  19548971
	   Memory (MB)          :      115        1      4029
...
