000 (2208112.007.000) 07/06 15:01:15 Job submitted from host: <192.168.1.109:9465>
...
001 (2208112.007.000) 07/06 15:16:28 Job executing on host: <192.168.1.63:9838>
...
006 (2208112.007.000) 07/06 15:16:37 Image size of job updated: 747244
	335  -  MemoryUsage of job (MB)
	342912  -  ResidentSetSize of job (KB)
...
005 (2208112.007.000) 07/06 15:16:50 Job terminated.
	(1) Normal termination (return value 0)
		Usr 0 00:00:05, Sys 0 00:00:00  -  Run Remote Usage
		Usr 0 00:00:00, Sys 0 00:00:00  -  Run Local Usage
		Usr 0 00:00:05, Sys 0 00:00:00  -  Total Remote Usage
		Usr 0 00:00:00, Sys 0 00:00:00  -  Total Local Usage
	0  -  Run Bytes Sent By Job
	0  -  Run Bytes Received By Job
	0  -  Total Bytes Sent By Job
	0  -  Total Bytes Received By Job
	Partitionable Resources :    Usage  Request Allocated
	   Cpus                 :                 1         1
	   Disk (KB)            :        2        2  18879724
	   Memory (MB)          :      335        1      4033
...
