000 (2211540.007.000) 07/09 20:53:24 Job submitted from host: <192.168.1.109:9465>
...
001 (2211540.007.000) 07/09 20:53:33 Job executing on host: <192.168.1.63:9838>
...
006 (2211540.007.000) 07/09 20:53:42 Image size of job updated: 2
	3  -  MemoryUsage of job (MB)
	2104  -  ResidentSetSize of job (KB)
...
006 (2211540.007.000) 07/09 20:54:12 Image size of job updated: 752504
	3  -  MemoryUsage of job (MB)
	2104  -  ResidentSetSize of job (KB)
...
005 (2211540.007.000) 07/09 20:54:12 Job terminated.
	(1) Normal termination (return value 0)
		Usr 0 00:00:06, Sys 0 00:00:00  -  Run Remote Usage
		Usr 0 00:00:00, Sys 0 00:00:00  -  Run Local Usage
		Usr 0 00:00:06, Sys 0 00:00:00  -  Total Remote Usage
		Usr 0 00:00:00, Sys 0 00:00:00  -  Total Local Usage
	0  -  Run Bytes Sent By Job
	0  -  Run Bytes Received By Job
	0  -  Total Bytes Sent By Job
	0  -  Total Bytes Received By Job
	Partitionable Resources :    Usage  Request Allocated
	   Cpus                 :                 1         1
	   Disk (KB)            :        2        2  19563616
	   Memory (MB)          :        3        1      4033
...
