000 (2139834.020.000) 06/25 17:04:43 Job submitted from host: <192.168.1.109:9465>
...
001 (2139834.020.000) 06/25 17:05:03 Job executing on host: <192.168.1.60:9601>
...
006 (2139834.020.000) 06/25 17:05:11 Image size of job updated: 387192
	129  -  MemoryUsage of job (MB)
	131736  -  ResidentSetSize of job (KB)
...
006 (2139834.020.000) 06/25 17:05:39 Image size of job updated: 749512
	129  -  MemoryUsage of job (MB)
	131736  -  ResidentSetSize of job (KB)
...
005 (2139834.020.000) 06/25 17:05:39 Job terminated.
	(1) Normal termination (return value 0)
		Usr 0 00:00:08, Sys 0 00:00:00  -  Run Remote Usage
		Usr 0 00:00:00, Sys 0 00:00:00  -  Run Local Usage
		Usr 0 00:00:08, Sys 0 00:00:00  -  Total Remote Usage
		Usr 0 00:00:00, Sys 0 00:00:00  -  Total Local Usage
	0  -  Run Bytes Sent By Job
	0  -  Run Bytes Received By Job
	0  -  Total Bytes Sent By Job
	0  -  Total Bytes Received By Job
	Partitionable Resources :    Usage  Request Allocated
	   Cpus                 :                 1         1
	   Disk (KB)            :        2        2  19548243
	   Memory (MB)          :      129        1      4029
...
