000 (2144542.006.000) 06/28 00:26:35 Job submitted from host: <192.168.1.109:9465>
...
001 (2144542.006.000) 06/28 00:26:46 Job executing on host: <192.168.1.63:9838>
...
006 (2144542.006.000) 06/28 00:26:54 Image size of job updated: 125840
	12  -  MemoryUsage of job (MB)
	12040  -  ResidentSetSize of job (KB)
...
006 (2144542.006.000) 06/28 00:27:11 Image size of job updated: 374460
	12  -  MemoryUsage of job (MB)
	12040  -  ResidentSetSize of job (KB)
...
005 (2144542.006.000) 06/28 00:27:11 Job terminated.
	(1) Normal termination (return value 6)
		Usr 0 00:00:02, Sys 0 00:00:00  -  Run Remote Usage
		Usr 0 00:00:00, Sys 0 00:00:00  -  Run Local Usage
		Usr 0 00:00:02, Sys 0 00:00:00  -  Total Remote Usage
		Usr 0 00:00:00, Sys 0 00:00:00  -  Total Local Usage
	0  -  Run Bytes Sent By Job
	0  -  Run Bytes Received By Job
	0  -  Total Bytes Sent By Job
	0  -  Total Bytes Received By Job
	Partitionable Resources :    Usage  Request Allocated
	   Cpus                 :                 1         1
	   Disk (KB)            :        2        2  19562889
	   Memory (MB)          :       12        1      4033
...
