000 (2139834.038.000) 06/25 17:04:44 Job submitted from host: <192.168.1.109:9465>
...
001 (2139834.038.000) 06/25 17:05:04 Job executing on host: <192.168.1.47:9610>
...
006 (2139834.038.000) 06/25 17:05:12 Image size of job updated: 2
	3  -  MemoryUsage of job (MB)
	2108  -  ResidentSetSize of job (KB)
...
006 (2139834.038.000) 06/25 17:05:55 Image size of job updated: 972204
	3  -  MemoryUsage of job (MB)
	2108  -  ResidentSetSize of job (KB)
...
005 (2139834.038.000) 06/25 17:05:55 Job terminated.
	(1) Normal termination (return value 0)
		Usr 0 00:00:06, Sys 0 00:00:00  -  Run Remote Usage
		Usr 0 00:00:00, Sys 0 00:00:00  -  Run Local Usage
		Usr 0 00:00:06, Sys 0 00:00:00  -  Total Remote Usage
		Usr 0 00:00:00, Sys 0 00:00:00  -  Total Local Usage
	0  -  Run Bytes Sent By Job
	0  -  Run Bytes Received By Job
	0  -  Total Bytes Sent By Job
	0  -  Total Bytes Received By Job
	Partitionable Resources :    Usage  Request Allocated
	   Cpus                 :                 1         1
	   Disk (KB)            :        2        2  28380200
	   Memory (MB)          :        3        1      4033
...
