000 (2144546.038.000) 06/28 00:35:47 Job submitted from host: <192.168.1.109:9465>
...
001 (2144546.038.000) 06/28 00:35:51 Job executing on host: <192.168.1.66:9099>
...
006 (2144546.038.000) 06/28 00:36:00 Image size of job updated: 76852
	13  -  MemoryUsage of job (MB)
	13232  -  ResidentSetSize of job (KB)
...
006 (2144546.038.000) 06/28 00:36:23 Image size of job updated: 374348
	13  -  MemoryUsage of job (MB)
	13232  -  ResidentSetSize of job (KB)
...
005 (2144546.038.000) 06/28 00:36:23 Job terminated.
	(1) Normal termination (return value 6)
		Usr 0 00:00:02, Sys 0 00:00:00  -  Run Remote Usage
		Usr 0 00:00:00, Sys 0 00:00:00  -  Run Local Usage
		Usr 0 00:00:02, Sys 0 00:00:00  -  Total Remote Usage
		Usr 0 00:00:00, Sys 0 00:00:00  -  Total Local Usage
	0  -  Run Bytes Sent By Job
	0  -  Run Bytes Received By Job
	0  -  Total Bytes Sent By Job
	0  -  Total Bytes Received By Job
	Partitionable Resources :    Usage  Request Allocated
	   Cpus                 :                 1         1
	   Disk (KB)            :        2        2  19564496
	   Memory (MB)          :       13        1      4033
...
