000 (2144549.038.000) 06/28 00:53:26 Job submitted from host: <192.168.1.109:9465>
...
001 (2144549.038.000) 06/28 00:53:46 Job executing on host: <192.168.1.64:9545>
...
006 (2144549.038.000) 06/28 00:53:54 Image size of job updated: 76852
	4  -  MemoryUsage of job (MB)
	3372  -  ResidentSetSize of job (KB)
...
006 (2144549.038.000) 06/28 00:56:12 Image size of job updated: 972856
	4  -  MemoryUsage of job (MB)
	3372  -  ResidentSetSize of job (KB)
...
005 (2144549.038.000) 06/28 00:56:12 Job terminated.
	(1) Normal termination (return value 0)
		Usr 0 00:00:24, Sys 0 00:00:01  -  Run Remote Usage
		Usr 0 00:00:00, Sys 0 00:00:00  -  Run Local Usage
		Usr 0 00:00:24, Sys 0 00:00:01  -  Total Remote Usage
		Usr 0 00:00:00, Sys 0 00:00:00  -  Total Local Usage
	0  -  Run Bytes Sent By Job
	0  -  Run Bytes Received By Job
	0  -  Total Bytes Sent By Job
	0  -  Total Bytes Received By Job
	Partitionable Resources :    Usage  Request Allocated
	   Cpus                 :                 1         1
	   Disk (KB)            :        2        2  19563832
	   Memory (MB)          :        4        1      4033
...
