000 (2147375.038.000) 06/28 17:57:17 Job submitted from host: <192.168.1.109:9465>
...
001 (2147375.038.000) 06/28 17:57:40 Job executing on host: <192.168.1.47:9610>
...
006 (2147375.038.000) 06/28 17:57:49 Image size of job updated: 97472
	3  -  MemoryUsage of job (MB)
	2820  -  ResidentSetSize of job (KB)
...
006 (2147375.038.000) 06/28 18:02:50 Image size of job updated: 974492
	550  -  MemoryUsage of job (MB)
	562264  -  ResidentSetSize of job (KB)
...
005 (2147375.038.000) 06/28 18:03:16 Job terminated.
	(1) Normal termination (return value 0)
		Usr 0 00:00:23, Sys 0 00:00:01  -  Run Remote Usage
		Usr 0 00:00:00, Sys 0 00:00:00  -  Run Local Usage
		Usr 0 00:00:23, Sys 0 00:00:01  -  Total Remote Usage
		Usr 0 00:00:00, Sys 0 00:00:00  -  Total Local Usage
	0  -  Run Bytes Sent By Job
	0  -  Run Bytes Received By Job
	0  -  Total Bytes Sent By Job
	0  -  Total Bytes Received By Job
	Partitionable Resources :    Usage  Request Allocated
	   Cpus                 :                 1         1
	   Disk (KB)            :        2        2  28376065
	   Memory (MB)          :      550        1      4033
...
