000 (2208111.039.000) 07/06 15:00:49 Job submitted from host: <192.168.1.109:9465>
...
001 (2208111.039.000) 07/06 15:14:07 Job executing on host: <192.168.1.50:9343>
...
006 (2208111.039.000) 07/06 15:14:16 Image size of job updated: 2
	3  -  MemoryUsage of job (MB)
	2104  -  ResidentSetSize of job (KB)
...
006 (2208111.039.000) 07/06 15:14:48 Image size of job updated: 972044
	3  -  MemoryUsage of job (MB)
	2104  -  ResidentSetSize of job (KB)
...
005 (2208111.039.000) 07/06 15:14:48 Job terminated.
	(1) Normal termination (return value 0)
		Usr 0 00:00:09, Sys 0 00:00:00  -  Run Remote Usage
		Usr 0 00:00:00, Sys 0 00:00:00  -  Run Local Usage
		Usr 0 00:00:09, Sys 0 00:00:00  -  Total Remote Usage
		Usr 0 00:00:00, Sys 0 00:00:00  -  Total Local Usage
	0  -  Run Bytes Sent By Job
	0  -  Run Bytes Received By Job
	0  -  Total Bytes Sent By Job
	0  -  Total Bytes Received By Job
	Partitionable Resources :    Usage  Request Allocated
	   Cpus                 :                 1         1
	   Disk (KB)            :        2        2  27552612
	   Memory (MB)          :        3        1      4033
...
