000 (2139839.000.000) 06/25 17:14:18 Job submitted from host: <192.168.1.109:9465>
...
001 (2139839.000.000) 06/25 17:14:52 Job executing on host: <192.168.1.51:9757>
...
006 (2139839.000.000) 06/25 17:15:03 Image size of job updated: 247084
	21  -  MemoryUsage of job (MB)
	20736  -  ResidentSetSize of job (KB)
...
006 (2139839.000.000) 06/25 17:20:04 Image size of job updated: 1171760
	752  -  MemoryUsage of job (MB)
	769172  -  ResidentSetSize of job (KB)
...
006 (2139839.000.000) 06/25 17:25:04 Image size of job updated: 1176908
	756  -  MemoryUsage of job (MB)
	773364  -  ResidentSetSize of job (KB)
...
006 (2139839.000.000) 06/25 17:30:05 Image size of job updated: 1182644
	759  -  MemoryUsage of job (MB)
	776948  -  ResidentSetSize of job (KB)
...
006 (2139839.000.000) 06/25 17:35:06 Image size of job updated: 1187680
	762  -  MemoryUsage of job (MB)
	779308  -  ResidentSetSize of job (KB)
...
006 (2139839.000.000) 06/25 17:40:06 Image size of job updated: 1194760
	767  -  MemoryUsage of job (MB)
	784792  -  ResidentSetSize of job (KB)
...
006 (2139839.000.000) 06/25 17:45:06 Image size of job updated: 1200124
	771  -  MemoryUsage of job (MB)
	788508  -  ResidentSetSize of job (KB)
...
006 (2139839.000.000) 06/25 17:50:07 Image size of job updated: 1205652
	774  -  MemoryUsage of job (MB)
	792316  -  ResidentSetSize of job (KB)
...
006 (2139839.000.000) 06/25 17:55:07 Image size of job updated: 1210176
	774  -  MemoryUsage of job (MB)
	792316  -  ResidentSetSize of job (KB)
...
006 (2139839.000.000) 06/25 18:05:08 Image size of job updated: 1222316
	774  -  MemoryUsage of job (MB)
	792316  -  ResidentSetSize of job (KB)
...
005 (2139839.000.000) 06/25 18:23:59 Job terminated.
	(1) Normal termination (return value 0)
		Usr 0 00:32:19, Sys 0 00:01:02  -  Run Remote Usage
		Usr 0 00:00:00, Sys 0 00:00:00  -  Run Local Usage
		Usr 0 00:32:19, Sys 0 00:01:02  -  Total Remote Usage
		Usr 0 00:00:00, Sys 0 00:00:00  -  Total Local Usage
	0  -  Run Bytes Sent By Job
	0  -  Run Bytes Received By Job
	0  -  Total Bytes Sent By Job
	0  -  Total Bytes Received By Job
	Partitionable Resources :    Usage  Request Allocated
	   Cpus                 :                 1         1
	   Disk (KB)            :        2        2  28380054
	   Memory (MB)          :      774        1      4033
...
