000 (2144542.013.000) 06/28 00:26:35 Job submitted from host: <192.168.1.109:9465>
...
001 (2144542.013.000) 06/28 00:26:48 Job executing on host: <192.168.1.47:9610>
...
006 (2144542.013.000) 06/28 00:26:57 Image size of job updated: 338172
	76  -  MemoryUsage of job (MB)
	77448  -  ResidentSetSize of job (KB)
...
006 (2144542.013.000) 06/28 00:27:01 Image size of job updated: 374336
	76  -  MemoryUsage of job (MB)
	77448  -  ResidentSetSize of job (KB)
...
005 (2144542.013.000) 06/28 00:27:01 Job terminated.
	(1) Normal termination (return value 6)
		Usr 0 00:00:01, Sys 0 00:00:01  -  Run Remote Usage
		Usr 0 00:00:00, Sys 0 00:00:00  -  Run Local Usage
		Usr 0 00:00:01, Sys 0 00:00:01  -  Total Remote Usage
		Usr 0 00:00:00, Sys 0 00:00:00  -  Total Local Usage
	0  -  Run Bytes Sent By Job
	0  -  Run Bytes Received By Job
	0  -  Total Bytes Sent By Job
	0  -  Total Bytes Received By Job
	Partitionable Resources :    Usage  Request Allocated
	   Cpus                 :                 1         1
	   Disk (KB)            :        2        2  28380239
	   Memory (MB)          :       76        1      4033
...
