000 (2144549.013.000) 06/28 00:53:25 Job submitted from host: <192.168.1.109:9465>
...
001 (2144549.013.000) 06/28 00:53:44 Job executing on host: <192.168.1.50:9582>
...
006 (2144549.013.000) 06/28 00:53:53 Image size of job updated: 279196
	38  -  MemoryUsage of job (MB)
	38528  -  ResidentSetSize of job (KB)
...
006 (2144549.013.000) 06/28 00:58:54 Image size of job updated: 1150088
	668  -  MemoryUsage of job (MB)
	683536  -  ResidentSetSize of job (KB)
...
006 (2144549.013.000) 06/28 01:03:54 Image size of job updated: 1171908
	832  -  MemoryUsage of job (MB)
	851588  -  ResidentSetSize of job (KB)
...
006 (2144549.013.000) 06/28 01:08:55 Image size of job updated: 1171908
	859  -  MemoryUsage of job (MB)
	878612  -  ResidentSetSize of job (KB)
...
006 (2144549.013.000) 06/28 01:13:56 Image size of job updated: 1172536
	859  -  MemoryUsage of job (MB)
	879036  -  ResidentSetSize of job (KB)
...
006 (2144549.013.000) 06/28 01:18:56 Image size of job updated: 1173760
	860  -  MemoryUsage of job (MB)
	879980  -  ResidentSetSize of job (KB)
...
006 (2144549.013.000) 06/28 01:23:57 Image size of job updated: 1174804
	861  -  MemoryUsage of job (MB)
	880940  -  ResidentSetSize of job (KB)
...
006 (2144549.013.000) 06/28 01:28:58 Image size of job updated: 1175824
	862  -  MemoryUsage of job (MB)
	881892  -  ResidentSetSize of job (KB)
...
006 (2144549.013.000) 06/28 01:33:58 Image size of job updated: 1176856
	863  -  MemoryUsage of job (MB)
	882852  -  ResidentSetSize of job (KB)
...
006 (2144549.013.000) 06/28 01:38:58 Image size of job updated: 1178160
	864  -  MemoryUsage of job (MB)
	884088  -  ResidentSetSize of job (KB)
...
006 (2144549.013.000) 06/28 01:43:59 Image size of job updated: 1179340
	865  -  MemoryUsage of job (MB)
	885164  -  ResidentSetSize of job (KB)
...
006 (2144549.013.000) 06/28 01:48:59 Image size of job updated: 1180688
	866  -  MemoryUsage of job (MB)
	886428  -  ResidentSetSize of job (KB)
...
006 (2144549.013.000) 06/28 01:53:59 Image size of job updated: 1182200
	868  -  MemoryUsage of job (MB)
	887844  -  ResidentSetSize of job (KB)
...
006 (2144549.013.000) 06/28 01:59:00 Image size of job updated: 1183372
	869  -  MemoryUsage of job (MB)
	889092  -  ResidentSetSize of job (KB)
...
006 (2144549.013.000) 06/28 02:04:01 Image size of job updated: 1184548
	870  -  MemoryUsage of job (MB)
	890200  -  ResidentSetSize of job (KB)
...
006 (2144549.013.000) 06/28 02:09:01 Image size of job updated: 1186212
	871  -  MemoryUsage of job (MB)
	890996  -  ResidentSetSize of job (KB)
...
006 (2144549.013.000) 06/28 02:14:02 Image size of job updated: 1188496
	871  -  MemoryUsage of job (MB)
	891464  -  ResidentSetSize of job (KB)
...
006 (2144549.013.000) 06/28 02:19:03 Image size of job updated: 1190508
	871  -  MemoryUsage of job (MB)
	891804  -  ResidentSetSize of job (KB)
...
006 (2144549.013.000) 06/28 02:24:03 Image size of job updated: 1192856
	872  -  MemoryUsage of job (MB)
	892372  -  ResidentSetSize of job (KB)
...
006 (2144549.013.000) 06/28 02:29:04 Image size of job updated: 1195204
	873  -  MemoryUsage of job (MB)
	893408  -  ResidentSetSize of job (KB)
...
006 (2144549.013.000) 06/28 02:34:05 Image size of job updated: 1198052
	875  -  MemoryUsage of job (MB)
	895372  -  ResidentSetSize of job (KB)
...
006 (2144549.013.000) 06/28 02:39:05 Image size of job updated: 1201592
	881  -  MemoryUsage of job (MB)
	901436  -  ResidentSetSize of job (KB)
...
006 (2144549.013.000) 06/28 02:44:05 Image size of job updated: 1204440
	892  -  MemoryUsage of job (MB)
	913076  -  ResidentSetSize of job (KB)
...
006 (2144549.013.000) 06/28 02:49:06 Image size of job updated: 1207288
	892  -  MemoryUsage of job (MB)
	913144  -  ResidentSetSize of job (KB)
...
006 (2144549.013.000) 06/28 02:54:06 Image size of job updated: 1209632
	892  -  MemoryUsage of job (MB)
	913144  -  ResidentSetSize of job (KB)
...
006 (2144549.013.000) 06/28 03:48:04 Image size of job updated: 1275396
	892  -  MemoryUsage of job (MB)
	913144  -  ResidentSetSize of job (KB)
...
005 (2144549.013.000) 06/28 03:48:05 Job terminated.
	(1) Normal termination (return value 0)
		Usr 0 00:29:02, Sys 0 00:01:11  -  Run Remote Usage
		Usr 0 00:00:00, Sys 0 00:00:00  -  Run Local Usage
		Usr 0 00:29:02, Sys 0 00:01:11  -  Total Remote Usage
		Usr 0 00:00:00, Sys 0 00:00:00  -  Total Local Usage
	0  -  Run Bytes Sent By Job
	0  -  Run Bytes Received By Job
	0  -  Total Bytes Sent By Job
	0  -  Total Bytes Received By Job
	Partitionable Resources :    Usage  Request Allocated
	   Cpus                 :                 1         1
	   Disk (KB)            :        2        2  28380764
	   Memory (MB)          :      892        1      4033
...
