000 (2147375.013.000) 06/28 17:57:16 Job submitted from host: <192.168.1.109:9465>
...
001 (2147375.013.000) 06/28 17:57:34 Job executing on host: <192.168.1.63:9838>
...
006 (2147375.013.000) 06/28 17:57:42 Image size of job updated: 31216
	3  -  MemoryUsage of job (MB)
	2804  -  ResidentSetSize of job (KB)
...
006 (2147375.013.000) 06/28 18:02:42 Image size of job updated: 1173368
	800  -  MemoryUsage of job (MB)
	818920  -  ResidentSetSize of job (KB)
...
006 (2147375.013.000) 06/28 18:07:42 Image size of job updated: 1173368
	891  -  MemoryUsage of job (MB)
	911804  -  ResidentSetSize of job (KB)
...
006 (2147375.013.000) 06/28 18:12:43 Image size of job updated: 1173688
	891  -  MemoryUsage of job (MB)
	912036  -  ResidentSetSize of job (KB)
...
006 (2147375.013.000) 06/28 18:17:43 Image size of job updated: 1174400
	892  -  MemoryUsage of job (MB)
	912596  -  ResidentSetSize of job (KB)
...
006 (2147375.013.000) 06/28 18:22:43 Image size of job updated: 1174920
	892  -  MemoryUsage of job (MB)
	912992  -  ResidentSetSize of job (KB)
...
006 (2147375.013.000) 06/28 18:27:44 Image size of job updated: 1175780
	893  -  MemoryUsage of job (MB)
	913672  -  ResidentSetSize of job (KB)
...
006 (2147375.013.000) 06/28 18:32:45 Image size of job updated: 1176540
	893  -  MemoryUsage of job (MB)
	914412  -  ResidentSetSize of job (KB)
...
006 (2147375.013.000) 06/28 18:37:45 Image size of job updated: 1177220
	894  -  MemoryUsage of job (MB)
	915044  -  ResidentSetSize of job (KB)
...
006 (2147375.013.000) 06/28 18:42:46 Image size of job updated: 1177912
	900  -  MemoryUsage of job (MB)
	921528  -  ResidentSetSize of job (KB)
...
006 (2147375.013.000) 06/28 18:47:47 Image size of job updated: 1178588
	903  -  MemoryUsage of job (MB)
	924028  -  ResidentSetSize of job (KB)
...
006 (2147375.013.000) 06/28 18:52:47 Image size of job updated: 1179432
	904  -  MemoryUsage of job (MB)
	924688  -  ResidentSetSize of job (KB)
...
006 (2147375.013.000) 06/28 18:57:48 Image size of job updated: 1180464
	904  -  MemoryUsage of job (MB)
	925348  -  ResidentSetSize of job (KB)
...
006 (2147375.013.000) 06/28 19:02:49 Image size of job updated: 1181304
	905  -  MemoryUsage of job (MB)
	926008  -  ResidentSetSize of job (KB)
...
006 (2147375.013.000) 06/28 19:07:49 Image size of job updated: 1182148
	906  -  MemoryUsage of job (MB)
	926796  -  ResidentSetSize of job (KB)
...
006 (2147375.013.000) 06/28 19:12:49 Image size of job updated: 1182988
	906  -  MemoryUsage of job (MB)
	927604  -  ResidentSetSize of job (KB)
...
006 (2147375.013.000) 06/28 19:17:50 Image size of job updated: 1183996
	907  -  MemoryUsage of job (MB)
	928548  -  ResidentSetSize of job (KB)
...
006 (2147375.013.000) 06/28 19:22:50 Image size of job updated: 1184836
	909  -  MemoryUsage of job (MB)
	930284  -  ResidentSetSize of job (KB)
...
006 (2147375.013.000) 06/28 19:27:50 Image size of job updated: 1185676
	910  -  MemoryUsage of job (MB)
	930948  -  ResidentSetSize of job (KB)
...
006 (2147375.013.000) 06/28 19:32:51 Image size of job updated: 1186512
	910  -  MemoryUsage of job (MB)
	931608  -  ResidentSetSize of job (KB)
...
006 (2147375.013.000) 06/28 19:37:52 Image size of job updated: 1187352
	911  -  MemoryUsage of job (MB)
	932268  -  ResidentSetSize of job (KB)
...
006 (2147375.013.000) 06/28 19:42:52 Image size of job updated: 1189120
	911  -  MemoryUsage of job (MB)
	932608  -  ResidentSetSize of job (KB)
...
006 (2147375.013.000) 06/28 19:47:53 Image size of job updated: 1189956
	911  -  MemoryUsage of job (MB)
	932632  -  ResidentSetSize of job (KB)
...
006 (2147375.013.000) 06/28 19:52:54 Image size of job updated: 1190964
	914  -  MemoryUsage of job (MB)
	935284  -  ResidentSetSize of job (KB)
...
006 (2147375.013.000) 06/28 19:57:54 Image size of job updated: 1191800
	914  -  MemoryUsage of job (MB)
	935304  -  ResidentSetSize of job (KB)
...
006 (2147375.013.000) 06/28 20:02:55 Image size of job updated: 1192472
	914  -  MemoryUsage of job (MB)
	935320  -  ResidentSetSize of job (KB)
...
006 (2147375.013.000) 06/28 20:07:56 Image size of job updated: 1193312
	914  -  MemoryUsage of job (MB)
	935340  -  ResidentSetSize of job (KB)
...
006 (2147375.013.000) 06/28 20:12:56 Image size of job updated: 1194316
	914  -  MemoryUsage of job (MB)
	935364  -  ResidentSetSize of job (KB)
...
006 (2147375.013.000) 06/28 20:17:56 Image size of job updated: 1195324
	914  -  MemoryUsage of job (MB)
	935400  -  ResidentSetSize of job (KB)
...
006 (2147375.013.000) 06/28 20:22:57 Image size of job updated: 1196328
	920  -  MemoryUsage of job (MB)
	941420  -  ResidentSetSize of job (KB)
...
006 (2147375.013.000) 06/28 20:27:57 Image size of job updated: 1197168
	920  -  MemoryUsage of job (MB)
	941440  -  ResidentSetSize of job (KB)
...
006 (2147375.013.000) 06/28 20:32:57 Image size of job updated: 1198004
	920  -  MemoryUsage of job (MB)
	941460  -  ResidentSetSize of job (KB)
...
006 (2147375.013.000) 06/28 20:37:58 Image size of job updated: 1198844
	920  -  MemoryUsage of job (MB)
	941480  -  ResidentSetSize of job (KB)
...
006 (2147375.013.000) 06/28 20:42:59 Image size of job updated: 1199512
	920  -  MemoryUsage of job (MB)
	941496  -  ResidentSetSize of job (KB)
...
006 (2147375.013.000) 06/28 20:47:59 Image size of job updated: 1200352
	920  -  MemoryUsage of job (MB)
	941516  -  ResidentSetSize of job (KB)
...
006 (2147375.013.000) 06/28 20:53:00 Image size of job updated: 1201188
	924  -  MemoryUsage of job (MB)
	945532  -  ResidentSetSize of job (KB)
...
006 (2147375.013.000) 06/28 20:58:01 Image size of job updated: 1202028
	924  -  MemoryUsage of job (MB)
	945552  -  ResidentSetSize of job (KB)
...
006 (2147375.013.000) 06/28 21:03:01 Image size of job updated: 1202696
	924  -  MemoryUsage of job (MB)
	945568  -  ResidentSetSize of job (KB)
...
006 (2147375.013.000) 06/28 21:08:02 Image size of job updated: 1203368
	924  -  MemoryUsage of job (MB)
	945584  -  ResidentSetSize of job (KB)
...
006 (2147375.013.000) 06/28 21:13:03 Image size of job updated: 1204204
	924  -  MemoryUsage of job (MB)
	945604  -  ResidentSetSize of job (KB)
...
006 (2147375.013.000) 06/28 21:18:03 Image size of job updated: 1206068
	924  -  MemoryUsage of job (MB)
	945624  -  ResidentSetSize of job (KB)
...
006 (2147375.013.000) 06/28 21:23:04 Image size of job updated: 1206904
	924  -  MemoryUsage of job (MB)
	945644  -  ResidentSetSize of job (KB)
...
006 (2147375.013.000) 06/28 21:28:05 Image size of job updated: 1207576
	930  -  MemoryUsage of job (MB)
	951684  -  ResidentSetSize of job (KB)
...
006 (2147375.013.000) 06/28 21:33:05 Image size of job updated: 1208412
	930  -  MemoryUsage of job (MB)
	951704  -  ResidentSetSize of job (KB)
...
006 (2147375.013.000) 06/28 21:38:05 Image size of job updated: 1209248
	930  -  MemoryUsage of job (MB)
	951724  -  ResidentSetSize of job (KB)
...
006 (2147375.013.000) 06/28 21:43:06 Image size of job updated: 1209920
	930  -  MemoryUsage of job (MB)
	951748  -  ResidentSetSize of job (KB)
...
006 (2147375.013.000) 06/28 21:48:06 Image size of job updated: 1210760
	930  -  MemoryUsage of job (MB)
	951768  -  ResidentSetSize of job (KB)
...
006 (2147375.013.000) 06/28 21:53:06 Image size of job updated: 1211092
	930  -  MemoryUsage of job (MB)
	951768  -  ResidentSetSize of job (KB)
...
006 (2147375.013.000) 06/28 22:03:08 Image size of job updated: 1213524
	930  -  MemoryUsage of job (MB)
	951768  -  ResidentSetSize of job (KB)
...
006 (2147375.013.000) 06/28 22:13:09 Image size of job updated: 1215116
	930  -  MemoryUsage of job (MB)
	951768  -  ResidentSetSize of job (KB)
...
006 (2147375.013.000) 06/28 22:43:12 Image size of job updated: 1222236
	930  -  MemoryUsage of job (MB)
	951768  -  ResidentSetSize of job (KB)
...
006 (2147375.013.000) 06/28 22:48:13 Image size of job updated: 1224248
	930  -  MemoryUsage of job (MB)
	951768  -  ResidentSetSize of job (KB)
...
006 (2147375.013.000) 06/28 23:03:14 Image size of job updated: 1228516
	930  -  MemoryUsage of job (MB)
	951768  -  ResidentSetSize of job (KB)
...
006 (2147375.013.000) 06/28 23:18:16 Image size of job updated: 1233884
	930  -  MemoryUsage of job (MB)
	951768  -  ResidentSetSize of job (KB)
...
006 (2147375.013.000) 06/28 23:23:17 Image size of job updated: 1235052
	930  -  MemoryUsage of job (MB)
	951768  -  ResidentSetSize of job (KB)
...
006 (2147375.013.000) 06/28 23:28:17 Image size of job updated: 1235892
	930  -  MemoryUsage of job (MB)
	951768  -  ResidentSetSize of job (KB)
...
006 (2147375.013.000) 06/28 23:38:19 Image size of job updated: 1239652
	930  -  MemoryUsage of job (MB)
	951768  -  ResidentSetSize of job (KB)
...
006 (2147375.013.000) 06/28 23:43:19 Image size of job updated: 1241540
	930  -  MemoryUsage of job (MB)
	951768  -  ResidentSetSize of job (KB)
...
006 (2147375.013.000) 06/28 23:50:01 Image size of job updated: 1278276
	930  -  MemoryUsage of job (MB)
	951768  -  ResidentSetSize of job (KB)
...
005 (2147375.013.000) 06/28 23:50:01 Job terminated.
	(1) Normal termination (return value 0)
		Usr 0 01:53:06, Sys 0 00:01:51  -  Run Remote Usage
		Usr 0 00:00:00, Sys 0 00:00:00  -  Run Local Usage
		Usr 0 01:53:06, Sys 0 00:01:51  -  Total Remote Usage
		Usr 0 00:00:00, Sys 0 00:00:00  -  Total Local Usage
	0  -  Run Bytes Sent By Job
	0  -  Run Bytes Received By Job
	0  -  Total Bytes Sent By Job
	0  -  Total Bytes Received By Job
	Partitionable Resources :    Usage  Request Allocated
	   Cpus                 :                 1         1
	   Disk (KB)            :        2        2  19559761
	   Memory (MB)          :      930        1      4033
...
