000 (2206162.013.000) 07/05 01:41:56 Job submitted from host: <192.168.1.109:9465>
...
001 (2206162.013.000) 07/05 01:42:00 Job executing on host: <192.168.1.64:9545>
...
006 (2206162.013.000) 07/05 01:42:09 Image size of job updated: 378104
	89  -  MemoryUsage of job (MB)
	90264  -  ResidentSetSize of job (KB)
...
006 (2206162.013.000) 07/05 01:47:10 Image size of job updated: 1158492
	669  -  MemoryUsage of job (MB)
	684404  -  ResidentSetSize of job (KB)
...
006 (2206162.013.000) 07/05 01:52:11 Image size of job updated: 1158992
	804  -  MemoryUsage of job (MB)
	822440  -  ResidentSetSize of job (KB)
...
006 (2206162.013.000) 07/05 01:57:11 Image size of job updated: 1160472
	813  -  MemoryUsage of job (MB)
	831672  -  ResidentSetSize of job (KB)
...
006 (2206162.013.000) 07/05 02:02:12 Image size of job updated: 1162176
	814  -  MemoryUsage of job (MB)
	833044  -  ResidentSetSize of job (KB)
...
006 (2206162.013.000) 07/05 02:07:13 Image size of job updated: 1165420
	817  -  MemoryUsage of job (MB)
	835988  -  ResidentSetSize of job (KB)
...
006 (2206162.013.000) 07/05 02:12:13 Image size of job updated: 1169120
	821  -  MemoryUsage of job (MB)
	840364  -  ResidentSetSize of job (KB)
...
006 (2206162.013.000) 07/05 02:17:13 Image size of job updated: 1174076
	824  -  MemoryUsage of job (MB)
	843116  -  ResidentSetSize of job (KB)
...
006 (2206162.013.000) 07/05 02:22:14 Image size of job updated: 1178268
	825  -  MemoryUsage of job (MB)
	843924  -  ResidentSetSize of job (KB)
...
006 (2206162.013.000) 07/05 02:27:14 Image size of job updated: 1182796
	835  -  MemoryUsage of job (MB)
	854060  -  ResidentSetSize of job (KB)
...
006 (2206162.013.000) 07/05 02:32:14 Image size of job updated: 1188512
	835  -  MemoryUsage of job (MB)
	854172  -  ResidentSetSize of job (KB)
...
006 (2206162.013.000) 07/05 02:37:16 Image size of job updated: 1193368
	835  -  MemoryUsage of job (MB)
	854288  -  ResidentSetSize of job (KB)
...
006 (2206162.013.000) 07/05 02:42:16 Image size of job updated: 1197732
	835  -  MemoryUsage of job (MB)
	854288  -  ResidentSetSize of job (KB)
...
006 (2206162.013.000) 07/05 02:47:16 Image size of job updated: 1202672
	835  -  MemoryUsage of job (MB)
	854288  -  ResidentSetSize of job (KB)
...
006 (2206162.013.000) 07/05 02:52:17 Image size of job updated: 1208032
	835  -  MemoryUsage of job (MB)
	854288  -  ResidentSetSize of job (KB)
...
006 (2206162.013.000) 07/05 03:02:18 Image size of job updated: 1219968
	835  -  MemoryUsage of job (MB)
	854288  -  ResidentSetSize of job (KB)
...
006 (2206162.013.000) 07/05 03:07:19 Image size of job updated: 1258716
	882  -  MemoryUsage of job (MB)
	902744  -  ResidentSetSize of job (KB)
...
006 (2206162.013.000) 07/05 03:12:19 Image size of job updated: 1259724
	882  -  MemoryUsage of job (MB)
	902744  -  ResidentSetSize of job (KB)
...
005 (2206162.013.000) 07/05 03:12:19 Job terminated.
	(1) Normal termination (return value 0)
		Usr 0 00:45:33, Sys 0 00:01:21  -  Run Remote Usage
		Usr 0 00:00:00, Sys 0 00:00:00  -  Run Local Usage
		Usr 0 00:45:33, Sys 0 00:01:21  -  Total Remote Usage
		Usr 0 00:00:00, Sys 0 00:00:00  -  Total Local Usage
	0  -  Run Bytes Sent By Job
	0  -  Run Bytes Received By Job
	0  -  Total Bytes Sent By Job
	0  -  Total Bytes Received By Job
	Partitionable Resources :    Usage  Request Allocated
	   Cpus                 :                 1         1
	   Disk (KB)            :        2        2  19563643
	   Memory (MB)          :      882        1      4033
...
