000 (2208351.000.000) 07/06 16:31:04 Job submitted from host: <192.168.1.109:9465>
...
001 (2208351.000.000) 07/06 16:31:15 Job executing on host: <192.168.1.52:9619>
...
006 (2208351.000.000) 07/06 16:31:24 Image size of job updated: 31216
	2  -  MemoryUsage of job (MB)
	1792  -  ResidentSetSize of job (KB)
...
006 (2208351.000.000) 07/06 16:36:26 Image size of job updated: 1171056
	753  -  MemoryUsage of job (MB)
	770696  -  ResidentSetSize of job (KB)
...
006 (2208351.000.000) 07/06 16:46:26 Image size of job updated: 1171572
	755  -  MemoryUsage of job (MB)
	772732  -  ResidentSetSize of job (KB)
...
006 (2208351.000.000) 07/06 16:51:27 Image size of job updated: 1173316
	755  -  MemoryUsage of job (MB)
	772732  -  ResidentSetSize of job (KB)
...
006 (2208351.000.000) 07/06 16:56:28 Image size of job updated: 1174400
	755  -  MemoryUsage of job (MB)
	772732  -  ResidentSetSize of job (KB)
...
006 (2208351.000.000) 07/06 17:01:28 Image size of job updated: 1175772
	755  -  MemoryUsage of job (MB)
	772732  -  ResidentSetSize of job (KB)
...
006 (2208351.000.000) 07/06 17:06:29 Image size of job updated: 1177292
	755  -  MemoryUsage of job (MB)
	772732  -  ResidentSetSize of job (KB)
...
006 (2208351.000.000) 07/06 17:11:30 Image size of job updated: 1178660
	755  -  MemoryUsage of job (MB)
	772732  -  ResidentSetSize of job (KB)
...
006 (2208351.000.000) 07/06 17:16:30 Image size of job updated: 1179668
	755  -  MemoryUsage of job (MB)
	772732  -  ResidentSetSize of job (KB)
...
006 (2208351.000.000) 07/06 17:21:30 Image size of job updated: 1180844
	755  -  MemoryUsage of job (MB)
	772732  -  ResidentSetSize of job (KB)
...
006 (2208351.000.000) 07/06 17:26:31 Image size of job updated: 1182188
	755  -  MemoryUsage of job (MB)
	772732  -  ResidentSetSize of job (KB)
...
006 (2208351.000.000) 07/06 17:31:31 Image size of job updated: 1183532
	755  -  MemoryUsage of job (MB)
	772732  -  ResidentSetSize of job (KB)
...
006 (2208351.000.000) 07/06 17:36:31 Image size of job updated: 1184876
	755  -  MemoryUsage of job (MB)
	772732  -  ResidentSetSize of job (KB)
...
006 (2208351.000.000) 07/06 17:41:32 Image size of job updated: 1186464
	755  -  MemoryUsage of job (MB)
	772732  -  ResidentSetSize of job (KB)
...
006 (2208351.000.000) 07/06 17:46:33 Image size of job updated: 1188148
	755  -  MemoryUsage of job (MB)
	772732  -  ResidentSetSize of job (KB)
...
006 (2208351.000.000) 07/06 17:51:33 Image size of job updated: 1189492
	818  -  MemoryUsage of job (MB)
	837224  -  ResidentSetSize of job (KB)
...
006 (2208351.000.000) 07/06 17:56:34 Image size of job updated: 1191336
	844  -  MemoryUsage of job (MB)
	864048  -  ResidentSetSize of job (KB)
...
006 (2208351.000.000) 07/06 18:01:35 Image size of job updated: 1192176
	844  -  MemoryUsage of job (MB)
	864068  -  ResidentSetSize of job (KB)
...
006 (2208351.000.000) 07/06 18:06:35 Image size of job updated: 1193348
	844  -  MemoryUsage of job (MB)
	864096  -  ResidentSetSize of job (KB)
...
006 (2208351.000.000) 07/06 18:11:36 Image size of job updated: 1194688
	844  -  MemoryUsage of job (MB)
	864128  -  ResidentSetSize of job (KB)
...
006 (2208351.000.000) 07/06 18:16:37 Image size of job updated: 1196196
	844  -  MemoryUsage of job (MB)
	864164  -  ResidentSetSize of job (KB)
...
006 (2208351.000.000) 07/06 18:21:37 Image size of job updated: 1197540
	844  -  MemoryUsage of job (MB)
	864196  -  ResidentSetSize of job (KB)
...
006 (2208351.000.000) 07/06 18:26:38 Image size of job updated: 1199048
	844  -  MemoryUsage of job (MB)
	864232  -  ResidentSetSize of job (KB)
...
006 (2208351.000.000) 07/06 18:31:39 Image size of job updated: 1200220
	845  -  MemoryUsage of job (MB)
	864260  -  ResidentSetSize of job (KB)
...
006 (2208351.000.000) 07/06 18:36:39 Image size of job updated: 1201728
	845  -  MemoryUsage of job (MB)
	865104  -  ResidentSetSize of job (KB)
...
006 (2208351.000.000) 07/06 18:41:39 Image size of job updated: 1202900
	846  -  MemoryUsage of job (MB)
	865764  -  ResidentSetSize of job (KB)
...
006 (2208351.000.000) 07/06 18:46:40 Image size of job updated: 1203908
	846  -  MemoryUsage of job (MB)
	866204  -  ResidentSetSize of job (KB)
...
006 (2208351.000.000) 07/06 18:51:40 Image size of job updated: 1206268
	848  -  MemoryUsage of job (MB)
	867980  -  ResidentSetSize of job (KB)
...
006 (2208351.000.000) 07/06 18:56:41 Image size of job updated: 1207612
	849  -  MemoryUsage of job (MB)
	869352  -  ResidentSetSize of job (KB)
...
006 (2208351.000.000) 07/06 19:01:42 Image size of job updated: 1208952
	849  -  MemoryUsage of job (MB)
	869352  -  ResidentSetSize of job (KB)
...
006 (2208351.000.000) 07/06 19:11:42 Image size of job updated: 1211212
	849  -  MemoryUsage of job (MB)
	869352  -  ResidentSetSize of job (KB)
...
006 (2208351.000.000) 07/06 19:16:43 Image size of job updated: 1212892
	849  -  MemoryUsage of job (MB)
	869352  -  ResidentSetSize of job (KB)
...
006 (2208351.000.000) 07/06 19:26:43 Image size of job updated: 1214900
	849  -  MemoryUsage of job (MB)
	869352  -  ResidentSetSize of job (KB)
...
006 (2208351.000.000) 07/06 19:36:45 Image size of job updated: 1216908
	849  -  MemoryUsage of job (MB)
	869352  -  ResidentSetSize of job (KB)
...
006 (2208351.000.000) 07/06 19:41:45 Image size of job updated: 1218168
	849  -  MemoryUsage of job (MB)
	869352  -  ResidentSetSize of job (KB)
...
006 (2208351.000.000) 07/06 19:56:47 Image size of job updated: 1223192
	849  -  MemoryUsage of job (MB)
	869352  -  ResidentSetSize of job (KB)
...
006 (2208351.000.000) 07/06 20:01:47 Image size of job updated: 1224284
	849  -  MemoryUsage of job (MB)
	869352  -  ResidentSetSize of job (KB)
...
006 (2208351.000.000) 07/06 20:16:48 Image size of job updated: 1228972
	849  -  MemoryUsage of job (MB)
	869352  -  ResidentSetSize of job (KB)
...
006 (2208351.000.000) 07/06 20:21:49 Image size of job updated: 1231236
	869  -  MemoryUsage of job (MB)
	889820  -  ResidentSetSize of job (KB)
...
006 (2208351.000.000) 07/06 20:26:49 Image size of job updated: 1231656
	869  -  MemoryUsage of job (MB)
	889820  -  ResidentSetSize of job (KB)
...
006 (2208351.000.000) 07/06 20:31:49 Image size of job updated: 1234336
	875  -  MemoryUsage of job (MB)
	895044  -  ResidentSetSize of job (KB)
...
006 (2208351.000.000) 07/06 20:36:51 Image size of job updated: 1235256
	875  -  MemoryUsage of job (MB)
	895044  -  ResidentSetSize of job (KB)
...
006 (2208351.000.000) 07/06 20:46:51 Image size of job updated: 1271492
	875  -  MemoryUsage of job (MB)
	895044  -  ResidentSetSize of job (KB)
...
006 (2208351.000.000) 07/06 20:51:52 Image size of job updated: 1272332
	875  -  MemoryUsage of job (MB)
	895044  -  ResidentSetSize of job (KB)
...
006 (2208351.000.000) 07/06 20:56:16 Image size of job updated: 1274172
	875  -  MemoryUsage of job (MB)
	895044  -  ResidentSetSize of job (KB)
...
005 (2208351.000.000) 07/06 20:56:16 Job terminated.
	(1) Normal termination (return value 0)
		Usr 0 02:11:27, Sys 0 00:02:58  -  Run Remote Usage
		Usr 0 00:00:00, Sys 0 00:00:00  -  Run Local Usage
		Usr 0 02:11:27, Sys 0 00:02:58  -  Total Remote Usage
		Usr 0 00:00:00, Sys 0 00:00:00  -  Total Local Usage
	0  -  Run Bytes Sent By Job
	0  -  Run Bytes Received By Job
	0  -  Total Bytes Sent By Job
	0  -  Total Bytes Received By Job
	Partitionable Resources :    Usage  Request Allocated
	   Cpus                 :                 1         1
	   Disk (KB)            :        2        2  19329420
	   Memory (MB)          :      875        1      4029
...
