000 (2208111.013.000) 07/06 15:00:49 Job submitted from host: <192.168.1.109:9465>
...
001 (2208111.013.000) 07/06 15:10:14 Job executing on host: <192.168.1.66:9099>
...
006 (2208111.013.000) 07/06 15:10:23 Image size of job updated: 2
	3  -  MemoryUsage of job (MB)
	2100  -  ResidentSetSize of job (KB)
...
006 (2208111.013.000) 07/06 15:15:24 Image size of job updated: 1171580
	677  -  MemoryUsage of job (MB)
	692868  -  ResidentSetSize of job (KB)
...
006 (2208111.013.000) 07/06 15:20:24 Image size of job updated: 1172980
	679  -  MemoryUsage of job (MB)
	694352  -  ResidentSetSize of job (KB)
...
006 (2208111.013.000) 07/06 15:25:25 Image size of job updated: 1174408
	680  -  MemoryUsage of job (MB)
	695844  -  ResidentSetSize of job (KB)
...
006 (2208111.013.000) 07/06 15:30:26 Image size of job updated: 1176120
	681  -  MemoryUsage of job (MB)
	697224  -  ResidentSetSize of job (KB)
...
006 (2208111.013.000) 07/06 15:35:26 Image size of job updated: 1178140
	683  -  MemoryUsage of job (MB)
	698960  -  ResidentSetSize of job (KB)
...
006 (2208111.013.000) 07/06 15:40:27 Image size of job updated: 1180516
	685  -  MemoryUsage of job (MB)
	701076  -  ResidentSetSize of job (KB)
...
006 (2208111.013.000) 07/06 15:45:28 Image size of job updated: 1182196
	687  -  MemoryUsage of job (MB)
	702664  -  ResidentSetSize of job (KB)
...
006 (2208111.013.000) 07/06 15:50:28 Image size of job updated: 1183708
	688  -  MemoryUsage of job (MB)
	704084  -  ResidentSetSize of job (KB)
...
006 (2208111.013.000) 07/06 15:52:52 Image size of job updated: 1184380
	688  -  MemoryUsage of job (MB)
	704084  -  ResidentSetSize of job (KB)
...
004 (2208111.013.000) 07/06 15:52:52 Job was evicted.
	(0) Job was not checkpointed.
		Usr 0 00:15:26, Sys 0 00:00:24  -  Run Remote Usage
		Usr 0 00:00:00, Sys 0 00:00:00  -  Run Local Usage
	0  -  Run Bytes Sent By Job
	0  -  Run Bytes Received By Job
	Partitionable Resources :    Usage  Request Allocated
	   Cpus                 :                 1         1
	   Disk (KB)            :        2        2  18819399
	   Memory (MB)          :      688        1      4033
...
009 (2208111.013.000) 07/06 15:52:52 Job was aborted by the user.
	via condor_rm (by user mchristos)
...
