000 (2211539.013.000) 07/09 20:53:16 Job submitted from host: <192.168.1.109:9465>
...
001 (2211539.013.000) 07/09 20:53:30 Job executing on host: <192.168.1.64:9545>
...
006 (2211539.013.000) 07/09 20:53:39 Image size of job updated: 76852
	3  -  MemoryUsage of job (MB)
	2064  -  ResidentSetSize of job (KB)
...
006 (2211539.013.000) 07/09 20:58:40 Image size of job updated: 1171944
	680  -  MemoryUsage of job (MB)
	696180  -  ResidentSetSize of job (KB)
...
006 (2211539.013.000) 07/09 21:03:40 Image size of job updated: 1172080
	682  -  MemoryUsage of job (MB)
	698228  -  ResidentSetSize of job (KB)
...
006 (2211539.013.000) 07/09 21:08:40 Image size of job updated: 1174092
	684  -  MemoryUsage of job (MB)
	699864  -  ResidentSetSize of job (KB)
...
006 (2211539.013.000) 07/09 21:13:41 Image size of job updated: 1175628
	686  -  MemoryUsage of job (MB)
	701568  -  ResidentSetSize of job (KB)
...
006 (2211539.013.000) 07/09 21:18:42 Image size of job updated: 1177860
	692  -  MemoryUsage of job (MB)
	707596  -  ResidentSetSize of job (KB)
...
006 (2211539.013.000) 07/09 21:23:42 Image size of job updated: 1180720
	829  -  MemoryUsage of job (MB)
	848400  -  ResidentSetSize of job (KB)
...
006 (2211539.013.000) 07/09 21:28:43 Image size of job updated: 1184080
	833  -  MemoryUsage of job (MB)
	852600  -  ResidentSetSize of job (KB)
...
006 (2211539.013.000) 07/09 21:33:44 Image size of job updated: 1188196
	834  -  MemoryUsage of job (MB)
	853752  -  ResidentSetSize of job (KB)
...
006 (2211539.013.000) 07/09 21:38:44 Image size of job updated: 1190880
	835  -  MemoryUsage of job (MB)
	854220  -  ResidentSetSize of job (KB)
...
006 (2211539.013.000) 07/09 21:43:44 Image size of job updated: 1193564
	836  -  MemoryUsage of job (MB)
	855176  -  ResidentSetSize of job (KB)
...
006 (2211539.013.000) 07/09 21:48:45 Image size of job updated: 1196244
	837  -  MemoryUsage of job (MB)
	856556  -  ResidentSetSize of job (KB)
...
006 (2211539.013.000) 07/09 21:53:45 Image size of job updated: 1199952
	846  -  MemoryUsage of job (MB)
	866176  -  ResidentSetSize of job (KB)
...
006 (2211539.013.000) 07/09 21:58:45 Image size of job updated: 1202800
	846  -  MemoryUsage of job (MB)
	866176  -  ResidentSetSize of job (KB)
...
006 (2211539.013.000) 07/09 22:03:46 Image size of job updated: 1205648
	846  -  MemoryUsage of job (MB)
	866304  -  ResidentSetSize of job (KB)
...
006 (2211539.013.000) 07/09 22:08:47 Image size of job updated: 1208496
	847  -  MemoryUsage of job (MB)
	866376  -  ResidentSetSize of job (KB)
...
006 (2211539.013.000) 07/09 22:13:47 Image size of job updated: 1209668
	847  -  MemoryUsage of job (MB)
	866376  -  ResidentSetSize of job (KB)
...
006 (2211539.013.000) 07/09 22:18:48 Image size of job updated: 1213776
	847  -  MemoryUsage of job (MB)
	866376  -  ResidentSetSize of job (KB)
...
006 (2211539.013.000) 07/09 22:53:51 Image size of job updated: 1276020
	849  -  MemoryUsage of job (MB)
	868672  -  ResidentSetSize of job (KB)
...
005 (2211539.013.000) 07/09 22:54:51 Job terminated.
	(1) Normal termination (return value 0)
		Usr 0 01:08:26, Sys 0 00:01:43  -  Run Remote Usage
		Usr 0 00:00:00, Sys 0 00:00:00  -  Run Local Usage
		Usr 0 01:08:26, Sys 0 00:01:43  -  Total Remote Usage
		Usr 0 00:00:00, Sys 0 00:00:00  -  Total Local Usage
	0  -  Run Bytes Sent By Job
	0  -  Run Bytes Received By Job
	0  -  Total Bytes Sent By Job
	0  -  Total Bytes Received By Job
	Partitionable Resources :    Usage  Request Allocated
	   Cpus                 :                 1         1
	   Disk (KB)            :        2        2  19564700
	   Memory (MB)          :      849        1      4033
...
