000 (2144549.031.000) 06/28 00:53:25 Job submitted from host: <192.168.1.109:9465>
...
001 (2144549.031.000) 06/28 00:53:45 Job executing on host: <192.168.1.50:9582>
...
006 (2144549.031.000) 06/28 00:53:54 Image size of job updated: 279048
	42  -  MemoryUsage of job (MB)
	42200  -  ResidentSetSize of job (KB)
...
006 (2144549.031.000) 06/28 00:58:54 Image size of job updated: 917076
	473  -  MemoryUsage of job (MB)
	483552  -  ResidentSetSize of job (KB)
...
006 (2144549.031.000) 06/28 01:00:12 Image size of job updated: 932036
	473  -  MemoryUsage of job (MB)
	483552  -  ResidentSetSize of job (KB)
...
005 (2144549.031.000) 06/28 01:00:12 Job terminated.
	(1) Normal termination (return value 0)
		Usr 0 00:00:13, Sys 0 00:00:01  -  Run Remote Usage
		Usr 0 00:00:00, Sys 0 00:00:00  -  Run Local Usage
		Usr 0 00:00:13, Sys 0 00:00:01  -  Total Remote Usage
		Usr 0 00:00:00, Sys 0 00:00:00  -  Total Local Usage
	0  -  Run Bytes Sent By Job
	0  -  Run Bytes Received By Job
	0  -  Total Bytes Sent By Job
	0  -  Total Bytes Received By Job
	Partitionable Resources :    Usage  Request Allocated
	   Cpus                 :                 1         1
	   Disk (KB)            :        2        2  28380764
	   Memory (MB)          :      473        1      4033
...
