000 (2208111.032.000) 07/06 15:00:49 Job submitted from host: <192.168.1.109:9465>
...
001 (2208111.032.000) 07/06 15:14:06 Job executing on host: <192.168.1.57:9270>
...
006 (2208111.032.000) 07/06 15:14:15 Image size of job updated: 76852
	13  -  MemoryUsage of job (MB)
	13208  -  ResidentSetSize of job (KB)
...
006 (2208111.032.000) 07/06 15:14:55 Image size of job updated: 931372
	13  -  MemoryUsage of job (MB)
	13208  -  ResidentSetSize of job (KB)
...
005 (2208111.032.000) 07/06 15:14:56 Job terminated.
	(1) Normal termination (return value 0)
		Usr 0 00:00:23, Sys 0 00:00:01  -  Run Remote Usage
		Usr 0 00:00:00, Sys 0 00:00:00  -  Run Local Usage
		Usr 0 00:00:23, Sys 0 00:00:01  -  Total Remote Usage
		Usr 0 00:00:00, Sys 0 00:00:00  -  Total Local Usage
	0  -  Run Bytes Sent By Job
	0  -  Run Bytes Received By Job
	0  -  Total Bytes Sent By Job
	0  -  Total Bytes Received By Job
	Partitionable Resources :    Usage  Request Allocated
	   Cpus                 :                 1         1
	   Disk (KB)            :        2        2  18713366
	   Memory (MB)          :       13        1      4029
...
