000 (2208100.002.000) 07/06 14:34:19 Job submitted from host: <192.168.1.109:9465>
...
001 (2208100.002.000) 07/06 14:35:44 Job executing on host: <192.168.1.65:9296>
...
006 (2208100.002.000) 07/06 14:35:52 Image size of job updated: 391732
	151  -  MemoryUsage of job (MB)
	153776  -  ResidentSetSize of job (KB)
...
005 (2208100.002.000) 07/06 14:35:52 Job terminated.
	(1) Normal termination (return value 0)
		Usr 0 00:00:01, Sys 0 00:00:00  -  Run Remote Usage
		Usr 0 00:00:00, Sys 0 00:00:00  -  Run Local Usage
		Usr 0 00:00:01, Sys 0 00:00:00  -  Total Remote Usage
		Usr 0 00:00:00, Sys 0 00:00:00  -  Total Local Usage
	0  -  Run Bytes Sent By Job
	0  -  Run Bytes Received By Job
	0  -  Total Bytes Sent By Job
	0  -  Total Bytes Received By Job
	Partitionable Resources :    Usage  Request Allocated
	   Cpus                 :                 1         1
	   Disk (KB)            :        2        2  18645275
	   Memory (MB)          :      151        1      4033
...
