000 (2139834.028.000) 06/25 17:04:43 Job submitted from host: <192.168.1.109:9465>
...
001 (2139834.028.000) 06/25 17:05:03 Job executing on host: <192.168.1.47:9610>
...
006 (2139834.028.000) 06/25 17:05:12 Image size of job updated: 24372
	3  -  MemoryUsage of job (MB)
	2656  -  ResidentSetSize of job (KB)
...
006 (2139834.028.000) 06/25 17:10:13 Image size of job updated: 1024800
	686  -  MemoryUsage of job (MB)
	701588  -  ResidentSetSize of job (KB)
...
006 (2139834.028.000) 06/25 17:15:14 Image size of job updated: 1028596
	711  -  MemoryUsage of job (MB)
	727868  -  ResidentSetSize of job (KB)
...
006 (2139834.028.000) 06/25 17:20:14 Image size of job updated: 1032724
	713  -  MemoryUsage of job (MB)
	729704  -  ResidentSetSize of job (KB)
...
006 (2139834.028.000) 06/25 17:25:15 Image size of job updated: 1038448
	718  -  MemoryUsage of job (MB)
	734784  -  ResidentSetSize of job (KB)
...
006 (2139834.028.000) 06/25 17:30:16 Image size of job updated: 1044528
	729  -  MemoryUsage of job (MB)
	745496  -  ResidentSetSize of job (KB)
...
006 (2139834.028.000) 06/25 17:35:16 Image size of job updated: 1050784
	729  -  MemoryUsage of job (MB)
	745640  -  ResidentSetSize of job (KB)
...
006 (2139834.028.000) 06/25 17:39:08 Image size of job updated: 1055252
	729  -  MemoryUsage of job (MB)
	745640  -  ResidentSetSize of job (KB)
...
005 (2139834.028.000) 06/25 17:39:08 Job terminated.
	(1) Normal termination (return value 0)
		Usr 0 00:10:30, Sys 0 00:00:24  -  Run Remote Usage
		Usr 0 00:00:00, Sys 0 00:00:00  -  Run Local Usage
		Usr 0 00:10:30, Sys 0 00:00:24  -  Total Remote Usage
		Usr 0 00:00:00, Sys 0 00:00:00  -  Total Local Usage
	0  -  Run Bytes Sent By Job
	0  -  Run Bytes Received By Job
	0  -  Total Bytes Sent By Job
	0  -  Total Bytes Received By Job
	Partitionable Resources :    Usage  Request Allocated
	   Cpus                 :                 1         1
	   Disk (KB)            :        2        2  28380200
	   Memory (MB)          :      729        1      4033
...
