000 (2144549.028.000) 06/28 00:53:25 Job submitted from host: <192.168.1.109:9465>
...
001 (2144549.028.000) 06/28 00:53:45 Job executing on host: <192.168.1.63:9838>
...
006 (2144549.028.000) 06/28 00:53:54 Image size of job updated: 75532
	12  -  MemoryUsage of job (MB)
	11768  -  ResidentSetSize of job (KB)
...
006 (2144549.028.000) 06/28 00:58:56 Image size of job updated: 1022904
	629  -  MemoryUsage of job (MB)
	643680  -  ResidentSetSize of job (KB)
...
006 (2144549.028.000) 06/28 01:03:56 Image size of job updated: 1025368
	634  -  MemoryUsage of job (MB)
	649124  -  ResidentSetSize of job (KB)
...
006 (2144549.028.000) 06/28 01:08:56 Image size of job updated: 1025368
	635  -  MemoryUsage of job (MB)
	649480  -  ResidentSetSize of job (KB)
...
006 (2144549.028.000) 06/28 01:13:57 Image size of job updated: 1025368
	635  -  MemoryUsage of job (MB)
	649572  -  ResidentSetSize of job (KB)
...
006 (2144549.028.000) 06/28 01:18:58 Image size of job updated: 1025728
	635  -  MemoryUsage of job (MB)
	649676  -  ResidentSetSize of job (KB)
...
006 (2144549.028.000) 06/28 01:23:58 Image size of job updated: 1026460
	718  -  MemoryUsage of job (MB)
	734604  -  ResidentSetSize of job (KB)
...
006 (2144549.028.000) 06/28 01:28:59 Image size of job updated: 1027184
	742  -  MemoryUsage of job (MB)
	759340  -  ResidentSetSize of job (KB)
...
006 (2144549.028.000) 06/28 01:34:00 Image size of job updated: 1028088
	742  -  MemoryUsage of job (MB)
	759360  -  ResidentSetSize of job (KB)
...
006 (2144549.028.000) 06/28 01:39:00 Image size of job updated: 1028992
	742  -  MemoryUsage of job (MB)
	759384  -  ResidentSetSize of job (KB)
...
006 (2144549.028.000) 06/28 01:44:00 Image size of job updated: 1029892
	742  -  MemoryUsage of job (MB)
	759404  -  ResidentSetSize of job (KB)
...
006 (2144549.028.000) 06/28 01:49:01 Image size of job updated: 1030788
	742  -  MemoryUsage of job (MB)
	759724  -  ResidentSetSize of job (KB)
...
006 (2144549.028.000) 06/28 01:54:01 Image size of job updated: 1031864
	743  -  MemoryUsage of job (MB)
	760456  -  ResidentSetSize of job (KB)
...
006 (2144549.028.000) 06/28 01:59:01 Image size of job updated: 1032760
	744  -  MemoryUsage of job (MB)
	761624  -  ResidentSetSize of job (KB)
...
006 (2144549.028.000) 06/28 02:04:03 Image size of job updated: 1034016
	749  -  MemoryUsage of job (MB)
	766076  -  ResidentSetSize of job (KB)
...
006 (2144549.028.000) 06/28 02:09:03 Image size of job updated: 1034912
	749  -  MemoryUsage of job (MB)
	766096  -  ResidentSetSize of job (KB)
...
006 (2144549.028.000) 06/28 02:14:03 Image size of job updated: 1035808
	749  -  MemoryUsage of job (MB)
	766120  -  ResidentSetSize of job (KB)
...
006 (2144549.028.000) 06/28 02:19:04 Image size of job updated: 1036700
	749  -  MemoryUsage of job (MB)
	766148  -  ResidentSetSize of job (KB)
...
006 (2144549.028.000) 06/28 02:24:05 Image size of job updated: 1037776
	749  -  MemoryUsage of job (MB)
	766172  -  ResidentSetSize of job (KB)
...
006 (2144549.028.000) 06/28 02:29:05 Image size of job updated: 1039028
	749  -  MemoryUsage of job (MB)
	766200  -  ResidentSetSize of job (KB)
...
006 (2144549.028.000) 06/28 02:34:06 Image size of job updated: 1040280
	755  -  MemoryUsage of job (MB)
	772240  -  ResidentSetSize of job (KB)
...
006 (2144549.028.000) 06/28 02:39:07 Image size of job updated: 1041172
	755  -  MemoryUsage of job (MB)
	772264  -  ResidentSetSize of job (KB)
...
006 (2144549.028.000) 06/28 02:44:07 Image size of job updated: 1042068
	755  -  MemoryUsage of job (MB)
	772284  -  ResidentSetSize of job (KB)
...
006 (2144549.028.000) 06/28 02:49:08 Image size of job updated: 1042960
	755  -  MemoryUsage of job (MB)
	772304  -  ResidentSetSize of job (KB)
...
006 (2144549.028.000) 06/28 02:54:09 Image size of job updated: 1043856
	755  -  MemoryUsage of job (MB)
	772324  -  ResidentSetSize of job (KB)
...
006 (2144549.028.000) 06/28 02:59:09 Image size of job updated: 1044928
	755  -  MemoryUsage of job (MB)
	772360  -  ResidentSetSize of job (KB)
...
006 (2144549.028.000) 06/28 03:04:09 Image size of job updated: 1045644
	761  -  MemoryUsage of job (MB)
	778380  -  ResidentSetSize of job (KB)
...
006 (2144549.028.000) 06/28 03:09:10 Image size of job updated: 1046536
	761  -  MemoryUsage of job (MB)
	778400  -  ResidentSetSize of job (KB)
...
006 (2144549.028.000) 06/28 03:14:10 Image size of job updated: 1047432
	761  -  MemoryUsage of job (MB)
	778420  -  ResidentSetSize of job (KB)
...
006 (2144549.028.000) 06/28 03:19:10 Image size of job updated: 1048324
	761  -  MemoryUsage of job (MB)
	778440  -  ResidentSetSize of job (KB)
...
006 (2144549.028.000) 06/28 03:24:12 Image size of job updated: 1049040
	761  -  MemoryUsage of job (MB)
	778456  -  ResidentSetSize of job (KB)
...
006 (2144549.028.000) 06/28 03:29:12 Image size of job updated: 1050112
	761  -  MemoryUsage of job (MB)
	778480  -  ResidentSetSize of job (KB)
...
006 (2144549.028.000) 06/28 03:34:12 Image size of job updated: 1051364
	761  -  MemoryUsage of job (MB)
	778508  -  ResidentSetSize of job (KB)
...
006 (2144549.028.000) 06/28 03:39:13 Image size of job updated: 1052436
	761  -  MemoryUsage of job (MB)
	778532  -  ResidentSetSize of job (KB)
...
006 (2144549.028.000) 06/28 03:44:14 Image size of job updated: 1053508
	767  -  MemoryUsage of job (MB)
	784564  -  ResidentSetSize of job (KB)
...
006 (2144549.028.000) 06/28 03:49:14 Image size of job updated: 1054400
	767  -  MemoryUsage of job (MB)
	784584  -  ResidentSetSize of job (KB)
...
006 (2144549.028.000) 06/28 03:54:15 Image size of job updated: 1055472
	767  -  MemoryUsage of job (MB)
	784608  -  ResidentSetSize of job (KB)
...
006 (2144549.028.000) 06/28 03:59:16 Image size of job updated: 1056368
	767  -  MemoryUsage of job (MB)
	784628  -  ResidentSetSize of job (KB)
...
006 (2144549.028.000) 06/28 04:00:16 Image size of job updated: 1056548
	767  -  MemoryUsage of job (MB)
	784628  -  ResidentSetSize of job (KB)
...
005 (2144549.028.000) 06/28 04:00:16 Job terminated.
	(1) Normal termination (return value 0)
		Usr 0 00:45:09, Sys 0 00:00:49  -  Run Remote Usage
		Usr 0 00:00:00, Sys 0 00:00:00  -  Run Local Usage
		Usr 0 00:45:09, Sys 0 00:00:49  -  Total Remote Usage
		Usr 0 00:00:00, Sys 0 00:00:00  -  Total Local Usage
	0  -  Run Bytes Sent By Job
	0  -  Run Bytes Received By Job
	0  -  Total Bytes Sent By Job
	0  -  Total Bytes Received By Job
	Partitionable Resources :    Usage  Request Allocated
	   Cpus                 :                 1         1
	   Disk (KB)            :        2        2  19562849
	   Memory (MB)          :      767        1      4033
...
