000 (2208111.029.000) 07/06 15:00:49 Job submitted from host: <192.168.1.109:9465>
...
001 (2208111.029.000) 07/06 15:14:14 Job executing on host: <192.168.1.47:9919>
...
006 (2208111.029.000) 07/06 15:14:24 Image size of job updated: 375324
	126  -  MemoryUsage of job (MB)
	128140  -  ResidentSetSize of job (KB)
...
006 (2208111.029.000) 07/06 15:19:25 Image size of job updated: 1024868
	637  -  MemoryUsage of job (MB)
	652136  -  ResidentSetSize of job (KB)
...
006 (2208111.029.000) 07/06 15:24:26 Image size of job updated: 1026504
	638  -  MemoryUsage of job (MB)
	652748  -  ResidentSetSize of job (KB)
...
006 (2208111.029.000) 07/06 15:29:27 Image size of job updated: 1029032
	640  -  MemoryUsage of job (MB)
	654476  -  ResidentSetSize of job (KB)
...
006 (2208111.029.000) 07/06 15:34:27 Image size of job updated: 1031904
	642  -  MemoryUsage of job (MB)
	656456  -  ResidentSetSize of job (KB)
...
006 (2208111.029.000) 07/06 15:39:27 Image size of job updated: 1034772
	644  -  MemoryUsage of job (MB)
	658444  -  ResidentSetSize of job (KB)
...
006 (2208111.029.000) 07/06 15:44:28 Image size of job updated: 1037096
	645  -  MemoryUsage of job (MB)
	660080  -  ResidentSetSize of job (KB)
...
006 (2208111.029.000) 07/06 15:49:29 Image size of job updated: 1037992
	646  -  MemoryUsage of job (MB)
	660688  -  ResidentSetSize of job (KB)
...
006 (2208111.029.000) 07/06 15:54:29 Image size of job updated: 1039960
	647  -  MemoryUsage of job (MB)
	662008  -  ResidentSetSize of job (KB)
...
006 (2208111.029.000) 07/06 15:59:30 Image size of job updated: 1041212
	648  -  MemoryUsage of job (MB)
	662896  -  ResidentSetSize of job (KB)
...
006 (2208111.029.000) 07/06 16:04:31 Image size of job updated: 1042464
	649  -  MemoryUsage of job (MB)
	663736  -  ResidentSetSize of job (KB)
...
006 (2208111.029.000) 07/06 16:09:32 Image size of job updated: 1043180
	649  -  MemoryUsage of job (MB)
	664240  -  ResidentSetSize of job (KB)
...
006 (2208111.029.000) 07/06 16:14:32 Image size of job updated: 1044072
	650  -  MemoryUsage of job (MB)
	664944  -  ResidentSetSize of job (KB)
...
006 (2208111.029.000) 07/06 16:19:33 Image size of job updated: 1044608
	753  -  MemoryUsage of job (MB)
	770220  -  ResidentSetSize of job (KB)
...
006 (2208111.029.000) 07/06 16:24:34 Image size of job updated: 1045324
	763  -  MemoryUsage of job (MB)
	780504  -  ResidentSetSize of job (KB)
...
006 (2208111.029.000) 07/06 16:29:34 Image size of job updated: 1045860
	763  -  MemoryUsage of job (MB)
	780516  -  ResidentSetSize of job (KB)
...
006 (2208111.029.000) 07/06 16:34:34 Image size of job updated: 1046396
	763  -  MemoryUsage of job (MB)
	780528  -  ResidentSetSize of job (KB)
...
006 (2208111.029.000) 07/06 16:39:35 Image size of job updated: 1046756
	763  -  MemoryUsage of job (MB)
	780536  -  ResidentSetSize of job (KB)
...
006 (2208111.029.000) 07/06 16:44:36 Image size of job updated: 1046932
	763  -  MemoryUsage of job (MB)
	780540  -  ResidentSetSize of job (KB)
...
006 (2208111.029.000) 07/06 16:49:36 Image size of job updated: 1048004
	763  -  MemoryUsage of job (MB)
	780564  -  ResidentSetSize of job (KB)
...
006 (2208111.029.000) 07/06 16:54:36 Image size of job updated: 1048900
	763  -  MemoryUsage of job (MB)
	780564  -  ResidentSetSize of job (KB)
...
006 (2208111.029.000) 07/06 16:59:37 Image size of job updated: 1049792
	763  -  MemoryUsage of job (MB)
	780564  -  ResidentSetSize of job (KB)
...
006 (2208111.029.000) 07/06 17:04:38 Image size of job updated: 1050688
	763  -  MemoryUsage of job (MB)
	780564  -  ResidentSetSize of job (KB)
...
006 (2208111.029.000) 07/06 17:09:38 Image size of job updated: 1051400
	763  -  MemoryUsage of job (MB)
	780564  -  ResidentSetSize of job (KB)
...
006 (2208111.029.000) 07/06 17:14:38 Image size of job updated: 1052296
	763  -  MemoryUsage of job (MB)
	780564  -  ResidentSetSize of job (KB)
...
006 (2208111.029.000) 07/06 17:19:39 Image size of job updated: 1053368
	763  -  MemoryUsage of job (MB)
	780564  -  ResidentSetSize of job (KB)
...
006 (2208111.029.000) 07/06 17:24:40 Image size of job updated: 1054620
	763  -  MemoryUsage of job (MB)
	780564  -  ResidentSetSize of job (KB)
...
006 (2208111.029.000) 07/06 17:29:40 Image size of job updated: 1055868
	763  -  MemoryUsage of job (MB)
	780564  -  ResidentSetSize of job (KB)
...
006 (2208111.029.000) 07/06 17:30:51 Image size of job updated: 1056048
	763  -  MemoryUsage of job (MB)
	780564  -  ResidentSetSize of job (KB)
...
005 (2208111.029.000) 07/06 17:30:52 Job terminated.
	(1) Normal termination (return value 0)
		Usr 0 00:13:27, Sys 0 00:00:33  -  Run Remote Usage
		Usr 0 00:00:00, Sys 0 00:00:00  -  Run Local Usage
		Usr 0 00:13:27, Sys 0 00:00:33  -  Total Remote Usage
		Usr 0 00:00:00, Sys 0 00:00:00  -  Total Local Usage
	0  -  Run Bytes Sent By Job
	0  -  Run Bytes Received By Job
	0  -  Total Bytes Sent By Job
	0  -  Total Bytes Received By Job
	Partitionable Resources :    Usage  Request Allocated
	   Cpus                 :                 1         1
	   Disk (KB)            :        2        2  27375904
	   Memory (MB)          :      763        1      4033
...
