/cvmfs/cms.cern.ch
tZq_ll_4f_13TeV-amcatnlo-pythia8

Processing /cms/mchristos/ANN/Seesaw/2016/92X/TMVAskims/outFiles/Seesaw_Application_1/Background/tZq_ll_4f_13TeV-amcatnlo-pythia8/Seesaw_Application_bg.C...

==> Start TMVAClassificationApplication
                         : Booking "BDTG method" of type "BDT" from /cms/mchristos/ANN/Seesaw/2016/92X/TMVAskims/dl/weights/92X_Seesaw_optimized1_a_BDT1.weights.xml.
<HEADER> DataSetInfo              : [Default] : Added class "Signal"
<HEADER> DataSetInfo              : [Default] : Added class "Background"
                         : Booked classifier "BDT1" of type: "BDT"
--- TMVAClassificationApp    : Using input file: /cms/mchristos/ANN/Seesaw/2016/92X/TMVAskims/pyPlotter/Backgrounds/tZq_ll_4f_13TeV-amcatnlo-pythia8/analysisTree.root
--- Select Background sample
--- Processing: 339717 events
--- ... Processing event: 0
--- ... Processing event: 1000
--- ... Processing event: 2000
--- ... Processing event: 3000
--- ... Processing event: 4000
--- ... Processing event: 5000
--- ... Processing event: 6000
--- ... Processing event: 7000
--- ... Processing event: 8000
--- ... Processing event: 9000
--- ... Processing event: 10000
--- ... Processing event: 11000
--- ... Processing event: 12000
--- ... Processing event: 13000
--- ... Processing event: 14000
--- ... Processing event: 15000
--- ... Processing event: 16000
--- ... Processing event: 17000
--- ... Processing event: 18000
--- ... Processing event: 19000
--- ... Processing event: 20000
--- ... Processing event: 21000
--- ... Processing event: 22000
--- ... Processing event: 23000
--- ... Processing event: 24000
--- ... Processing event: 25000
--- ... Processing event: 26000
--- ... Processing event: 27000
--- ... Processing event: 28000
--- ... Processing event: 29000
--- ... Processing event: 30000
--- ... Processing event: 31000
--- ... Processing event: 32000
--- ... Processing event: 33000
--- ... Processing event: 34000
--- ... Processing event: 35000
--- ... Processing event: 36000
--- ... Processing event: 37000
--- ... Processing event: 38000
--- ... Processing event: 39000
--- ... Processing event: 40000
--- ... Processing event: 41000
--- ... Processing event: 42000
--- ... Processing event: 43000
--- ... Processing event: 44000
--- ... Processing event: 45000
--- ... Processing event: 46000
--- ... Processing event: 47000
--- ... Processing event: 48000
--- ... Processing event: 49000
--- ... Processing event: 50000
--- ... Processing event: 51000
--- ... Processing event: 52000
--- ... Processing event: 53000
--- ... Processing event: 54000
--- ... Processing event: 55000
--- ... Processing event: 56000
--- ... Processing event: 57000
--- ... Processing event: 58000
--- ... Processing event: 59000
--- ... Processing event: 60000
--- ... Processing event: 61000
--- ... Processing event: 62000
--- ... Processing event: 63000
--- ... Processing event: 64000
--- ... Processing event: 65000
--- ... Processing event: 66000
--- ... Processing event: 67000
--- ... Processing event: 68000
--- ... Processing event: 69000
--- ... Processing event: 70000
--- ... Processing event: 71000
--- ... Processing event: 72000
--- ... Processing event: 73000
--- ... Processing event: 74000
--- ... Processing event: 75000
--- ... Processing event: 76000
--- ... Processing event: 77000
--- ... Processing event: 78000
--- ... Processing event: 79000
--- ... Processing event: 80000
--- ... Processing event: 81000
--- ... Processing event: 82000
--- ... Processing event: 83000
--- ... Processing event: 84000
--- ... Processing event: 85000
--- ... Processing event: 86000
--- ... Processing event: 87000
--- ... Processing event: 88000
--- ... Processing event: 89000
--- ... Processing event: 90000
--- ... Processing event: 91000
--- ... Processing event: 92000
--- ... Processing event: 93000
--- ... Processing event: 94000
--- ... Processing event: 95000
--- ... Processing event: 96000
--- ... Processing event: 97000
--- ... Processing event: 98000
--- ... Processing event: 99000
--- ... Processing event: 100000
--- ... Processing event: 101000
--- ... Processing event: 102000
--- ... Processing event: 103000
--- ... Processing event: 104000
--- ... Processing event: 105000
--- ... Processing event: 106000
--- ... Processing event: 107000
--- ... Processing event: 108000
--- ... Processing event: 109000
--- ... Processing event: 110000
--- ... Processing event: 111000
--- ... Processing event: 112000
--- ... Processing event: 113000
--- ... Processing event: 114000
--- ... Processing event: 115000
--- ... Processing event: 116000
--- ... Processing event: 117000
--- ... Processing event: 118000
--- ... Processing event: 119000
--- ... Processing event: 120000
--- ... Processing event: 121000
--- ... Processing event: 122000
--- ... Processing event: 123000
--- ... Processing event: 124000
--- ... Processing event: 125000
--- ... Processing event: 126000
--- ... Processing event: 127000
--- ... Processing event: 128000
--- ... Processing event: 129000
--- ... Processing event: 130000
--- ... Processing event: 131000
--- ... Processing event: 132000
--- ... Processing event: 133000
--- ... Processing event: 134000
--- ... Processing event: 135000
--- ... Processing event: 136000
--- ... Processing event: 137000
--- ... Processing event: 138000
--- ... Processing event: 139000
--- ... Processing event: 140000
--- ... Processing event: 141000
--- ... Processing event: 142000
--- ... Processing event: 143000
--- ... Processing event: 144000
--- ... Processing event: 145000
--- ... Processing event: 146000
--- ... Processing event: 147000
--- ... Processing event: 148000
--- ... Processing event: 149000
--- ... Processing event: 150000
--- ... Processing event: 151000
--- ... Processing event: 152000
--- ... Processing event: 153000
--- ... Processing event: 154000
--- ... Processing event: 155000
--- ... Processing event: 156000
--- ... Processing event: 157000
--- ... Processing event: 158000
--- ... Processing event: 159000
--- ... Processing event: 160000
--- ... Processing event: 161000
--- ... Processing event: 162000
--- ... Processing event: 163000
--- ... Processing event: 164000
--- ... Processing event: 165000
--- ... Processing event: 166000
--- ... Processing event: 167000
--- ... Processing event: 168000
--- ... Processing event: 169000
--- ... Processing event: 170000
--- ... Processing event: 171000
--- ... Processing event: 172000
--- ... Processing event: 173000
--- ... Processing event: 174000
--- ... Processing event: 175000
--- ... Processing event: 176000
--- ... Processing event: 177000
--- ... Processing event: 178000
--- ... Processing event: 179000
--- ... Processing event: 180000
--- ... Processing event: 181000
--- ... Processing event: 182000
--- ... Processing event: 183000
--- ... Processing event: 184000
--- ... Processing event: 185000
--- ... Processing event: 186000
--- ... Processing event: 187000
--- ... Processing event: 188000
--- ... Processing event: 189000
--- ... Processing event: 190000
--- ... Processing event: 191000
--- ... Processing event: 192000
--- ... Processing event: 193000
--- ... Processing event: 194000
--- ... Processing event: 195000
--- ... Processing event: 196000
--- ... Processing event: 197000
--- ... Processing event: 198000
--- ... Processing event: 199000
--- ... Processing event: 200000
--- ... Processing event: 201000
--- ... Processing event: 202000
--- ... Processing event: 203000
--- ... Processing event: 204000
--- ... Processing event: 205000
--- ... Processing event: 206000
--- ... Processing event: 207000
--- ... Processing event: 208000
--- ... Processing event: 209000
--- ... Processing event: 210000
--- ... Processing event: 211000
--- ... Processing event: 212000
--- ... Processing event: 213000
--- ... Processing event: 214000
--- ... Processing event: 215000
--- ... Processing event: 216000
--- ... Processing event: 217000
--- ... Processing event: 218000
--- ... Processing event: 219000
--- ... Processing event: 220000
--- ... Processing event: 221000
--- ... Processing event: 222000
--- ... Processing event: 223000
--- ... Processing event: 224000
--- ... Processing event: 225000
--- ... Processing event: 226000
--- ... Processing event: 227000
--- ... Processing event: 228000
--- ... Processing event: 229000
--- ... Processing event: 230000
--- ... Processing event: 231000
--- ... Processing event: 232000
--- ... Processing event: 233000
--- ... Processing event: 234000
--- ... Processing event: 235000
--- ... Processing event: 236000
--- ... Processing event: 237000
--- ... Processing event: 238000
--- ... Processing event: 239000
--- ... Processing event: 240000
--- ... Processing event: 241000
--- ... Processing event: 242000
--- ... Processing event: 243000
--- ... Processing event: 244000
--- ... Processing event: 245000
--- ... Processing event: 246000
--- ... Processing event: 247000
--- ... Processing event: 248000
--- ... Processing event: 249000
--- ... Processing event: 250000
--- ... Processing event: 251000
--- ... Processing event: 252000
--- ... Processing event: 253000
--- ... Processing event: 254000
--- ... Processing event: 255000
--- ... Processing event: 256000
--- ... Processing event: 257000
--- ... Processing event: 258000
--- ... Processing event: 259000
--- ... Processing event: 260000
--- ... Processing event: 261000
--- ... Processing event: 262000
--- ... Processing event: 263000
--- ... Processing event: 264000
--- ... Processing event: 265000
--- ... Processing event: 266000
--- ... Processing event: 267000
--- ... Processing event: 268000
--- ... Processing event: 269000
--- ... Processing event: 270000
--- ... Processing event: 271000
--- ... Processing event: 272000
--- ... Processing event: 273000
--- ... Processing event: 274000
--- ... Processing event: 275000
--- ... Processing event: 276000
--- ... Processing event: 277000
--- ... Processing event: 278000
--- ... Processing event: 279000
--- ... Processing event: 280000
--- ... Processing event: 281000
--- ... Processing event: 282000
--- ... Processing event: 283000
--- ... Processing event: 284000
--- ... Processing event: 285000
--- ... Processing event: 286000
--- ... Processing event: 287000
--- ... Processing event: 288000
--- ... Processing event: 289000
--- ... Processing event: 290000
--- ... Processing event: 291000
--- ... Processing event: 292000
--- ... Processing event: 293000
--- ... Processing event: 294000
--- ... Processing event: 295000
--- ... Processing event: 296000
--- ... Processing event: 297000
--- ... Processing event: 298000
--- ... Processing event: 299000
--- ... Processing event: 300000
--- ... Processing event: 301000
--- ... Processing event: 302000
--- ... Processing event: 303000
--- ... Processing event: 304000
--- ... Processing event: 305000
--- ... Processing event: 306000
--- ... Processing event: 307000
--- ... Processing event: 308000
--- ... Processing event: 309000
--- ... Processing event: 310000
--- ... Processing event: 311000
--- ... Processing event: 312000
--- ... Processing event: 313000
--- ... Processing event: 314000
--- ... Processing event: 315000
--- ... Processing event: 316000
--- ... Processing event: 317000
--- ... Processing event: 318000
--- ... Processing event: 319000
--- ... Processing event: 320000
--- ... Processing event: 321000
--- ... Processing event: 322000
--- ... Processing event: 323000
--- ... Processing event: 324000
--- ... Processing event: 325000
--- ... Processing event: 326000
--- ... Processing event: 327000
--- ... Processing event: 328000
--- ... Processing event: 329000
--- ... Processing event: 330000
--- ... Processing event: 331000
--- ... Processing event: 332000
--- ... Processing event: 333000
--- ... Processing event: 334000
--- ... Processing event: 335000
--- ... Processing event: 336000
--- ... Processing event: 337000
--- ... Processing event: 338000
--- ... Processing event: 339000
--- End of event loop: Real time 0:50:38, CP time 1321.570
Printing out all passed events... 
BDT: 
39890	 passed events
==> TMVAClassificationApplication is done!

