000 (2206162.021.000) 07/05 01:41:56 Job submitted from host: <192.168.1.109:9465>
...
001 (2206162.021.000) 07/05 01:42:01 Job executing on host: <192.168.1.63:9838>
...
006 (2206162.021.000) 07/05 01:42:09 Image size of job updated: 125576
	15  -  MemoryUsage of job (MB)
	14664  -  ResidentSetSize of job (KB)
...
006 (2206162.021.000) 07/05 01:43:48 Image size of job updated: 853628
	15  -  MemoryUsage of job (MB)
	14664  -  ResidentSetSize of job (KB)
...
005 (2206162.021.000) 07/05 01:43:48 Job terminated.
	(1) Normal termination (return value 0)
		Usr 0 00:00:11, Sys 0 00:00:00  -  Run Remote Usage
		Usr 0 00:00:00, Sys 0 00:00:00  -  Run Local Usage
		Usr 0 00:00:11, Sys 0 00:00:00  -  Total Remote Usage
		Usr 0 00:00:00, Sys 0 00:00:00  -  Total Local Usage
	0  -  Run Bytes Sent By Job
	0  -  Run Bytes Received By Job
	0  -  Total Bytes Sent By Job
	0  -  Total Bytes Received By Job
	Partitionable Resources :    Usage  Request Allocated
	   Cpus                 :                 1         1
	   Disk (KB)            :        2        2  19563836
	   Memory (MB)          :       15        1      4033
...
