000 (2211542.000.000) 07/09 20:53:37 Job submitted from host: <192.168.1.109:9465>
...
001 (2211542.000.000) 07/09 20:54:05 Job executing on host: <192.168.1.61:9759>
...
006 (2211542.000.000) 07/09 20:54:14 Image size of job updated: 31216
	2  -  MemoryUsage of job (MB)
	1408  -  ResidentSetSize of job (KB)
...
006 (2211542.000.000) 07/09 20:57:44 Image size of job updated: 1028204
	2  -  MemoryUsage of job (MB)
	1408  -  ResidentSetSize of job (KB)
...
005 (2211542.000.000) 07/09 20:57:44 Job terminated.
	(1) Normal termination (return value 0)
		Usr 0 00:00:44, Sys 0 00:00:01  -  Run Remote Usage
		Usr 0 00:00:00, Sys 0 00:00:00  -  Run Local Usage
		Usr 0 00:00:44, Sys 0 00:00:01  -  Total Remote Usage
		Usr 0 00:00:00, Sys 0 00:00:00  -  Total Local Usage
	0  -  Run Bytes Sent By Job
	0  -  Run Bytes Received By Job
	0  -  Total Bytes Sent By Job
	0  -  Total Bytes Received By Job
	Partitionable Resources :    Usage  Request Allocated
	   Cpus                 :                 1         1
	   Disk (KB)            :        2        2  19466191
	   Memory (MB)          :        2        1      4029
...
