000 (2139838.004.000) 06/25 17:06:41 Job submitted from host: <192.168.1.109:9465>
...
001 (2139838.004.000) 06/25 17:06:47 Job executing on host: <192.168.1.62:9288>
...
006 (2139838.004.000) 06/25 17:06:56 Image size of job updated: 126248
	18  -  MemoryUsage of job (MB)
	17480  -  ResidentSetSize of job (KB)
...
006 (2139838.004.000) 06/25 17:11:57 Image size of job updated: 1211008
	670  -  MemoryUsage of job (MB)
	685656  -  ResidentSetSize of job (KB)
...
006 (2139838.004.000) 06/25 17:16:57 Image size of job updated: 1211008
	671  -  MemoryUsage of job (MB)
	686152  -  ResidentSetSize of job (KB)
...
005 (2139838.004.000) 06/25 17:19:02 Job terminated.
	(1) Normal termination (return value 0)
		Usr 0 00:02:54, Sys 0 00:00:02  -  Run Remote Usage
		Usr 0 00:00:00, Sys 0 00:00:00  -  Run Local Usage
		Usr 0 00:02:54, Sys 0 00:00:02  -  Total Remote Usage
		Usr 0 00:00:00, Sys 0 00:00:00  -  Total Local Usage
	0  -  Run Bytes Sent By Job
	0  -  Run Bytes Received By Job
	0  -  Total Bytes Sent By Job
	0  -  Total Bytes Received By Job
	Partitionable Resources :    Usage  Request Allocated
	   Cpus                 :                 1         1
	   Disk (KB)            :        2        2  19548778
	   Memory (MB)          :      671        1      4029
...
