000 (2144552.004.000) 06/28 00:53:43 Job submitted from host: <192.168.1.109:9465>
...
001 (2144552.004.000) 06/28 00:54:11 Job executing on host: <192.168.1.48:9996>
...
006 (2144552.004.000) 06/28 00:54:20 Image size of job updated: 97472
	13  -  MemoryUsage of job (MB)
	13200  -  ResidentSetSize of job (KB)
...
006 (2144552.004.000) 06/28 00:59:20 Image size of job updated: 1209820
	651  -  MemoryUsage of job (MB)
	666404  -  ResidentSetSize of job (KB)
...
006 (2144552.004.000) 06/28 01:04:21 Image size of job updated: 1211812
	665  -  MemoryUsage of job (MB)
	680868  -  ResidentSetSize of job (KB)
...
006 (2144552.004.000) 06/28 01:09:21 Image size of job updated: 1211812
	666  -  MemoryUsage of job (MB)
	681168  -  ResidentSetSize of job (KB)
...
005 (2144552.004.000) 06/28 01:13:14 Job terminated.
	(1) Normal termination (return value 0)
		Usr 0 00:00:59, Sys 0 00:00:03  -  Run Remote Usage
		Usr 0 00:00:00, Sys 0 00:00:00  -  Run Local Usage
		Usr 0 00:00:59, Sys 0 00:00:03  -  Total Remote Usage
		Usr 0 00:00:00, Sys 0 00:00:00  -  Total Local Usage
	0  -  Run Bytes Sent By Job
	0  -  Run Bytes Received By Job
	0  -  Total Bytes Sent By Job
	0  -  Total Bytes Received By Job
	Partitionable Resources :    Usage  Request Allocated
	   Cpus                 :                 1         1
	   Disk (KB)            :        2        2  28380157
	   Memory (MB)          :      666        1      4033
...
