000 (2208113.004.000) 07/06 15:01:19 Job submitted from host: <192.168.1.109:9465>
...
001 (2208113.004.000) 07/06 15:17:16 Job executing on host: <192.168.1.63:9838>
...
006 (2208113.004.000) 07/06 15:17:25 Image size of job updated: 393952
	153  -  MemoryUsage of job (MB)
	156412  -  ResidentSetSize of job (KB)
...
006 (2208113.004.000) 07/06 15:22:27 Image size of job updated: 1211044
	667  -  MemoryUsage of job (MB)
	682712  -  ResidentSetSize of job (KB)
...
005 (2208113.004.000) 07/06 15:23:06 Job terminated.
	(1) Normal termination (return value 0)
		Usr 0 00:01:53, Sys 0 00:00:02  -  Run Remote Usage
		Usr 0 00:00:00, Sys 0 00:00:00  -  Run Local Usage
		Usr 0 00:01:53, Sys 0 00:00:02  -  Total Remote Usage
		Usr 0 00:00:00, Sys 0 00:00:00  -  Total Local Usage
	0  -  Run Bytes Sent By Job
	0  -  Run Bytes Received By Job
	0  -  Total Bytes Sent By Job
	0  -  Total Bytes Received By Job
	Partitionable Resources :    Usage  Request Allocated
	   Cpus                 :                 1         1
	   Disk (KB)            :        2        2  18875712
	   Memory (MB)          :      667        1      4033
...
