000 (2139832.004.000) 06/25 17:03:42 Job submitted from host: <192.168.1.109:9465>
...
001 (2139832.004.000) 06/25 17:03:59 Job executing on host: <192.168.1.51:9757>
...
006 (2139832.004.000) 06/25 17:04:08 Image size of job updated: 423532
	191  -  MemoryUsage of job (MB)
	195468  -  ResidentSetSize of job (KB)
...
006 (2139832.004.000) 06/25 17:05:30 Image size of job updated: 947308
	191  -  MemoryUsage of job (MB)
	195468  -  ResidentSetSize of job (KB)
...
005 (2139832.004.000) 06/25 17:05:30 Job terminated.
	(1) Normal termination (return value 0)
		Usr 0 00:00:15, Sys 0 00:00:00  -  Run Remote Usage
		Usr 0 00:00:00, Sys 0 00:00:00  -  Run Local Usage
		Usr 0 00:00:15, Sys 0 00:00:00  -  Total Remote Usage
		Usr 0 00:00:00, Sys 0 00:00:00  -  Total Local Usage
	0  -  Run Bytes Sent By Job
	0  -  Run Bytes Received By Job
	0  -  Total Bytes Sent By Job
	0  -  Total Bytes Received By Job
	Partitionable Resources :    Usage  Request Allocated
	   Cpus                 :                 1         1
	   Disk (KB)            :        2        2  28380068
	   Memory (MB)          :      191        1      4033
...
