/cvmfs/cms.cern.ch
SIGMAplusSIGMA0ZZ

Processing /cms/mchristos/ANN/Seesaw/2016/92X/TMVAskims/outFiles/Seesaw_Application_1/Signal/SIGMAplusSIGMA0ZZ/Seesaw_Application_signal.C...

==> Start TMVAClassificationApplication
                         : Booking "BDTG method" of type "BDT" from /cms/mchristos/ANN/Seesaw/2016/92X/TMVAskims/dl/weights/92X_Seesaw_optimized_BDT.weights.xml.
<HEADER> DataSetInfo              : [Default] : Added class "Signal"
<HEADER> DataSetInfo              : [Default] : Added class "Background"
                         : Booked classifier "BDT" of type: "BDT"
--- TMVAClassificationApp    : Using input file: /cms/mchristos/ANN/Seesaw/2016/92X/TMVAskims/pyPlotter/Signal/SIGMAplusSIGMA0ZZ/analysisTree.root
--- Select Signal sample
--- Processing: 4078 events
--- ... Processing event: 0
--- ... Processing event: 1000
--- ... Processing event: 2000
--- ... Processing event: 3000
--- ... Processing event: 4000
--- End of event loop: Real time 0:03:53, CP time 41.750
Printing out all passed events... 
BDT: 
2183	 passed events
==> TMVAClassificationApplication is done!

