000 (2208100.004.000) 07/06 14:34:19 Job submitted from host: <192.168.1.109:9465>
...
001 (2208100.004.000) 07/06 14:36:27 Job executing on host: <192.168.1.51:9747>
...
006 (2208100.004.000) 07/06 14:36:36 Image size of job updated: 15892
	2  -  MemoryUsage of job (MB)
	1792  -  ResidentSetSize of job (KB)
...
006 (2208100.004.000) 07/06 14:36:51 Image size of job updated: 947364
	2  -  MemoryUsage of job (MB)
	1792  -  ResidentSetSize of job (KB)
...
005 (2208100.004.000) 07/06 14:36:51 Job terminated.
	(1) Normal termination (return value 0)
		Usr 0 00:00:10, Sys 0 00:00:00  -  Run Remote Usage
		Usr 0 00:00:00, Sys 0 00:00:00  -  Run Local Usage
		Usr 0 00:00:10, Sys 0 00:00:00  -  Total Remote Usage
		Usr 0 00:00:00, Sys 0 00:00:00  -  Total Local Usage
	0  -  Run Bytes Sent By Job
	0  -  Run Bytes Received By Job
	0  -  Total Bytes Sent By Job
	0  -  Total Bytes Received By Job
	Partitionable Resources :    Usage  Request Allocated
	   Cpus                 :                 1         1
	   Disk (KB)            :        2        2  27623002
	   Memory (MB)          :        2        1      4033
...
