000 (2139836.003.000) 06/25 17:06:18 Job submitted from host: <192.168.1.109:9465>
...
001 (2139836.003.000) 06/25 17:06:26 Job executing on host: <192.168.1.51:9757>
...
006 (2139836.003.000) 06/25 17:06:35 Image size of job updated: 60280
	2  -  MemoryUsage of job (MB)
	1792  -  ResidentSetSize of job (KB)
...
006 (2139836.003.000) 06/25 17:11:36 Image size of job updated: 1180492
	579  -  MemoryUsage of job (MB)
	592088  -  ResidentSetSize of job (KB)
...
005 (2139836.003.000) 06/25 17:11:51 Job terminated.
	(1) Normal termination (return value 0)
		Usr 0 00:01:11, Sys 0 00:00:01  -  Run Remote Usage
		Usr 0 00:00:00, Sys 0 00:00:00  -  Run Local Usage
		Usr 0 00:01:11, Sys 0 00:00:01  -  Total Remote Usage
		Usr 0 00:00:00, Sys 0 00:00:00  -  Total Local Usage
	0  -  Run Bytes Sent By Job
	0  -  Run Bytes Received By Job
	0  -  Total Bytes Sent By Job
	0  -  Total Bytes Received By Job
	Partitionable Resources :    Usage  Request Allocated
	   Cpus                 :                 1         1
	   Disk (KB)            :        2        2  28380059
	   Memory (MB)          :      579        1      4033
...
