000 (2147376.003.000) 06/28 17:57:22 Job submitted from host: <192.168.1.109:9465>
...
001 (2147376.003.000) 06/28 17:57:40 Job executing on host: <192.168.1.47:9610>
...
006 (2147376.003.000) 06/28 17:57:49 Image size of job updated: 97468
	2  -  MemoryUsage of job (MB)
	1684  -  ResidentSetSize of job (KB)
...
006 (2147376.003.000) 06/28 18:02:50 Image size of job updated: 1131176
	414  -  MemoryUsage of job (MB)
	423704  -  ResidentSetSize of job (KB)
...
006 (2147376.003.000) 06/28 18:07:50 Image size of job updated: 1182792
	653  -  MemoryUsage of job (MB)
	667764  -  ResidentSetSize of job (KB)
...
006 (2147376.003.000) 06/28 18:12:51 Image size of job updated: 1182792
	653  -  MemoryUsage of job (MB)
	668132  -  ResidentSetSize of job (KB)
...
005 (2147376.003.000) 06/28 18:14:47 Job terminated.
	(1) Normal termination (return value 0)
		Usr 0 00:01:33, Sys 0 00:00:02  -  Run Remote Usage
		Usr 0 00:00:00, Sys 0 00:00:00  -  Run Local Usage
		Usr 0 00:01:33, Sys 0 00:00:02  -  Total Remote Usage
		Usr 0 00:00:00, Sys 0 00:00:00  -  Total Local Usage
	0  -  Run Bytes Sent By Job
	0  -  Run Bytes Received By Job
	0  -  Total Bytes Sent By Job
	0  -  Total Bytes Received By Job
	Partitionable Resources :    Usage  Request Allocated
	   Cpus                 :                 1         1
	   Disk (KB)            :        2        2  28376065
	   Memory (MB)          :      653        1      4033
...
