000 (2208112.003.000) 07/06 15:01:15 Job submitted from host: <192.168.1.109:9465>
...
001 (2208112.003.000) 07/06 15:15:12 Job executing on host: <192.168.1.50:9343>
...
006 (2208112.003.000) 07/06 15:15:20 Image size of job updated: 505304
	221  -  MemoryUsage of job (MB)
	225684  -  ResidentSetSize of job (KB)
...
006 (2208112.003.000) 07/06 15:19:02 Image size of job updated: 1180544
	221  -  MemoryUsage of job (MB)
	225684  -  ResidentSetSize of job (KB)
...
005 (2208112.003.000) 07/06 15:19:02 Job terminated.
	(1) Normal termination (return value 0)
		Usr 0 00:00:54, Sys 0 00:00:02  -  Run Remote Usage
		Usr 0 00:00:00, Sys 0 00:00:00  -  Run Local Usage
		Usr 0 00:00:54, Sys 0 00:00:02  -  Total Remote Usage
		Usr 0 00:00:00, Sys 0 00:00:00  -  Total Local Usage
	0  -  Run Bytes Sent By Job
	0  -  Run Bytes Received By Job
	0  -  Total Bytes Sent By Job
	0  -  Total Bytes Received By Job
	Partitionable Resources :    Usage  Request Allocated
	   Cpus                 :                 1         1
	   Disk (KB)            :        2        2  27549374
	   Memory (MB)          :      221        1      4033
...
