000 (2211540.003.000) 07/09 20:53:24 Job submitted from host: <192.168.1.109:9465>
...
001 (2211540.003.000) 07/09 20:53:33 Job executing on host: <192.168.1.49:9716>
...
006 (2211540.003.000) 07/09 20:53:41 Image size of job updated: 15608
	2  -  MemoryUsage of job (MB)
	1356  -  ResidentSetSize of job (KB)
...
006 (2211540.003.000) 07/09 20:57:45 Image size of job updated: 1181380
	2  -  MemoryUsage of job (MB)
	1356  -  ResidentSetSize of job (KB)
...
005 (2211540.003.000) 07/09 20:57:45 Job terminated.
	(1) Normal termination (return value 0)
		Usr 0 00:00:35, Sys 0 00:00:01  -  Run Remote Usage
		Usr 0 00:00:00, Sys 0 00:00:00  -  Run Local Usage
		Usr 0 00:00:35, Sys 0 00:00:01  -  Total Remote Usage
		Usr 0 00:00:00, Sys 0 00:00:00  -  Total Local Usage
	0  -  Run Bytes Sent By Job
	0  -  Run Bytes Received By Job
	0  -  Total Bytes Sent By Job
	0  -  Total Bytes Received By Job
	Partitionable Resources :    Usage  Request Allocated
	   Cpus                 :                 1         1
	   Disk (KB)            :        2        2  28379971
	   Memory (MB)          :        2        1      4033
...
