000 (2213495.003.000) 07/11 11:38:50 Job submitted from host: <192.168.1.109:9465>
...
001 (2213495.003.000) 07/11 11:39:12 Job executing on host: <192.168.1.60:9601>
...
006 (2213495.003.000) 07/11 11:39:21 Image size of job updated: 337396
	111  -  MemoryUsage of job (MB)
	113200  -  ResidentSetSize of job (KB)
...
006 (2213495.003.000) 07/11 11:43:22 Image size of job updated: 1181368
	111  -  MemoryUsage of job (MB)
	113200  -  ResidentSetSize of job (KB)
...
005 (2213495.003.000) 07/11 11:43:22 Job terminated.
	(1) Normal termination (return value 0)
		Usr 0 00:02:18, Sys 0 00:00:03  -  Run Remote Usage
		Usr 0 00:00:00, Sys 0 00:00:00  -  Run Local Usage
		Usr 0 00:02:18, Sys 0 00:00:03  -  Total Remote Usage
		Usr 0 00:00:00, Sys 0 00:00:00  -  Total Local Usage
	0  -  Run Bytes Sent By Job
	0  -  Run Bytes Received By Job
	0  -  Total Bytes Sent By Job
	0  -  Total Bytes Received By Job
	Partitionable Resources :    Usage  Request Allocated
	   Cpus                 :                 1         1
	   Disk (KB)            :        1        1  19547421
	   Memory (MB)          :      111        1      4029
...
