000 (2147375.002.000) 06/28 17:57:15 Job submitted from host: <192.168.1.109:9465>
...
001 (2147375.002.000) 06/28 17:57:33 Job executing on host: <192.168.1.58:9771>
...
006 (2147375.002.000) 06/28 17:57:41 Image size of job updated: 75268
	12  -  MemoryUsage of job (MB)
	11572  -  ResidentSetSize of job (KB)
...
006 (2147375.002.000) 06/28 18:02:41 Image size of job updated: 1043820
	643  -  MemoryUsage of job (MB)
	658092  -  ResidentSetSize of job (KB)
...
005 (2147375.002.000) 06/28 18:02:53 Job terminated.
	(1) Normal termination (return value 0)
		Usr 0 00:01:29, Sys 0 00:00:01  -  Run Remote Usage
		Usr 0 00:00:00, Sys 0 00:00:00  -  Run Local Usage
		Usr 0 00:01:29, Sys 0 00:00:01  -  Total Remote Usage
		Usr 0 00:00:00, Sys 0 00:00:00  -  Total Local Usage
	0  -  Run Bytes Sent By Job
	0  -  Run Bytes Received By Job
	0  -  Total Bytes Sent By Job
	0  -  Total Bytes Received By Job
	Partitionable Resources :    Usage  Request Allocated
	   Cpus                 :                 1         1
	   Disk (KB)            :        2        2  19535940
	   Memory (MB)          :      643        1      4029
...
