000 (2208111.002.000) 07/06 15:00:49 Job submitted from host: <192.168.1.109:9465>
...
001 (2208111.002.000) 07/06 15:08:08 Job executing on host: <192.168.1.68:9891>
...
006 (2208111.002.000) 07/06 15:08:17 Image size of job updated: 269740
	75  -  MemoryUsage of job (MB)
	76344  -  ResidentSetSize of job (KB)
...
006 (2208111.002.000) 07/06 15:10:04 Image size of job updated: 1041600
	75  -  MemoryUsage of job (MB)
	76344  -  ResidentSetSize of job (KB)
...
005 (2208111.002.000) 07/06 15:10:04 Job terminated.
	(1) Normal termination (return value 0)
		Usr 0 00:01:20, Sys 0 00:00:02  -  Run Remote Usage
		Usr 0 00:00:00, Sys 0 00:00:00  -  Run Local Usage
		Usr 0 00:01:20, Sys 0 00:00:02  -  Total Remote Usage
		Usr 0 00:00:00, Sys 0 00:00:00  -  Total Local Usage
	0  -  Run Bytes Sent By Job
	0  -  Run Bytes Received By Job
	0  -  Total Bytes Sent By Job
	0  -  Total Bytes Received By Job
	Partitionable Resources :    Usage  Request Allocated
	   Cpus                 :                 1         1
	   Disk (KB)            :        2        2  19434163
	   Memory (MB)          :       75        1      4038
...
