000 (2211539.002.000) 07/09 20:53:16 Job submitted from host: <192.168.1.109:9465>
...
001 (2211539.002.000) 07/09 20:53:29 Job executing on host: <192.168.1.61:9759>
...
006 (2211539.002.000) 07/09 20:53:38 Image size of job updated: 246952
	13  -  MemoryUsage of job (MB)
	12788  -  ResidentSetSize of job (KB)
...
006 (2211539.002.000) 07/09 20:58:39 Image size of job updated: 1042280
	565  -  MemoryUsage of job (MB)
	577744  -  ResidentSetSize of job (KB)
...
005 (2211539.002.000) 07/09 20:59:09 Job terminated.
	(1) Normal termination (return value 0)
		Usr 0 00:01:33, Sys 0 00:00:02  -  Run Remote Usage
		Usr 0 00:00:00, Sys 0 00:00:00  -  Run Local Usage
		Usr 0 00:01:33, Sys 0 00:00:02  -  Total Remote Usage
		Usr 0 00:00:00, Sys 0 00:00:00  -  Total Local Usage
	0  -  Run Bytes Sent By Job
	0  -  Run Bytes Received By Job
	0  -  Total Bytes Sent By Job
	0  -  Total Bytes Received By Job
	Partitionable Resources :    Usage  Request Allocated
	   Cpus                 :                 1         1
	   Disk (KB)            :        2        2  19466224
	   Memory (MB)          :      565        1      4029
...
