000 (2208101.042.000) 07/06 14:34:33 Job submitted from host: <192.168.1.109:9465>
...
001 (2208101.042.000) 07/06 14:42:01 Job executing on host: <192.168.1.51:9747>
...
006 (2208101.042.000) 07/06 14:42:04 Image size of job updated: 15608
	0  -  MemoryUsage of job (MB)
	0  -  ResidentSetSize of job (KB)
...
005 (2208101.042.000) 07/06 14:42:04 Job terminated.
	(1) Normal termination (return value 6)
		Usr 0 00:00:00, Sys 0 00:00:00  -  Run Remote Usage
		Usr 0 00:00:00, Sys 0 00:00:00  -  Run Local Usage
		Usr 0 00:00:00, Sys 0 00:00:00  -  Total Remote Usage
		Usr 0 00:00:00, Sys 0 00:00:00  -  Total Local Usage
	0  -  Run Bytes Sent By Job
	0  -  Run Bytes Received By Job
	0  -  Total Bytes Sent By Job
	0  -  Total Bytes Received By Job
	Partitionable Resources :    Usage  Request Allocated
	   Cpus                 :                 1         1
	   Disk (KB)            :        2        2  27662147
	   Memory (MB)          :        0        1      4033
...
