000 (2211539.042.000) 07/09 20:53:17 Job submitted from host: <192.168.1.109:9465>
...
001 (2211539.042.000) 07/09 20:53:32 Job executing on host: <192.168.1.48:9675>
...
006 (2211539.042.000) 07/09 20:53:40 Image size of job updated: 428560
	195  -  MemoryUsage of job (MB)
	198984  -  ResidentSetSize of job (KB)
...
006 (2211539.042.000) 07/09 20:54:52 Image size of job updated: 936180
	195  -  MemoryUsage of job (MB)
	198984  -  ResidentSetSize of job (KB)
...
005 (2211539.042.000) 07/09 20:54:52 Job terminated.
	(1) Normal termination (return value 0)
		Usr 0 00:00:09, Sys 0 00:00:01  -  Run Remote Usage
		Usr 0 00:00:00, Sys 0 00:00:00  -  Run Local Usage
		Usr 0 00:00:09, Sys 0 00:00:01  -  Total Remote Usage
		Usr 0 00:00:00, Sys 0 00:00:00  -  Total Local Usage
	0  -  Run Bytes Sent By Job
	0  -  Run Bytes Received By Job
	0  -  Total Bytes Sent By Job
	0  -  Total Bytes Received By Job
	Partitionable Resources :    Usage  Request Allocated
	   Cpus                 :                 1         1
	   Disk (KB)            :        2        2  28325304
	   Memory (MB)          :      195        1      4033
...
