000 (2211542.003.000) 07/09 20:53:37 Job submitted from host: <192.168.1.109:9465>
...
001 (2211542.003.000) 07/09 20:53:54 Job executing on host: <192.168.1.66:9099>
...
006 (2211542.003.000) 07/09 20:54:03 Image size of job updated: 342220
	101  -  MemoryUsage of job (MB)
	102424  -  ResidentSetSize of job (KB)
...
006 (2211542.003.000) 07/09 20:56:53 Image size of job updated: 755584
	101  -  MemoryUsage of job (MB)
	102424  -  ResidentSetSize of job (KB)
...
005 (2211542.003.000) 07/09 20:56:53 Job terminated.
	(1) Normal termination (return value 0)
		Usr 0 00:00:09, Sys 0 00:00:00  -  Run Remote Usage
		Usr 0 00:00:00, Sys 0 00:00:00  -  Run Local Usage
		Usr 0 00:00:09, Sys 0 00:00:00  -  Total Remote Usage
		Usr 0 00:00:00, Sys 0 00:00:00  -  Total Local Usage
	0  -  Run Bytes Sent By Job
	0  -  Run Bytes Received By Job
	0  -  Total Bytes Sent By Job
	0  -  Total Bytes Received By Job
	Partitionable Resources :    Usage  Request Allocated
	   Cpus                 :                 1         1
	   Disk (KB)            :        2        2  19563622
	   Memory (MB)          :      101        1      4033
...
