000 (2144549.005.000) 06/28 00:53:25 Job submitted from host: <192.168.1.109:9465>
...
001 (2144549.005.000) 06/28 00:53:44 Job executing on host: <192.168.1.47:9610>
...
006 (2144549.005.000) 06/28 00:53:53 Image size of job updated: 97472
	3  -  MemoryUsage of job (MB)
	2652  -  ResidentSetSize of job (KB)
...
006 (2144549.005.000) 06/28 00:54:54 Image size of job updated: 922972
	3  -  MemoryUsage of job (MB)
	2652  -  ResidentSetSize of job (KB)
...
005 (2144549.005.000) 06/28 00:54:54 Job terminated.
	(1) Normal termination (return value 0)
		Usr 0 00:00:03, Sys 0 00:00:00  -  Run Remote Usage
		Usr 0 00:00:00, Sys 0 00:00:00  -  Run Local Usage
		Usr 0 00:00:03, Sys 0 00:00:00  -  Total Remote Usage
		Usr 0 00:00:00, Sys 0 00:00:00  -  Total Local Usage
	0  -  Run Bytes Sent By Job
	0  -  Run Bytes Received By Job
	0  -  Total Bytes Sent By Job
	0  -  Total Bytes Received By Job
	Partitionable Resources :    Usage  Request Allocated
	   Cpus                 :                 1         1
	   Disk (KB)            :        2        2  28380207
	   Memory (MB)          :        3        1      4033
...
