000 (2208111.005.000) 07/06 15:00:49 Job submitted from host: <192.168.1.109:9465>
...
001 (2208111.005.000) 07/06 15:09:11 Job executing on host: <192.168.1.66:9099>
...
006 (2208111.005.000) 07/06 15:09:19 Image size of job updated: 917516
	284  -  MemoryUsage of job (MB)
	290508  -  ResidentSetSize of job (KB)
...
005 (2208111.005.000) 07/06 15:09:19 Job terminated.
	(1) Normal termination (return value 0)
		Usr 0 00:00:03, Sys 0 00:00:00  -  Run Remote Usage
		Usr 0 00:00:00, Sys 0 00:00:00  -  Run Local Usage
		Usr 0 00:00:03, Sys 0 00:00:00  -  Total Remote Usage
		Usr 0 00:00:00, Sys 0 00:00:00  -  Total Local Usage
	0  -  Run Bytes Sent By Job
	0  -  Run Bytes Received By Job
	0  -  Total Bytes Sent By Job
	0  -  Total Bytes Received By Job
	Partitionable Resources :    Usage  Request Allocated
	   Cpus                 :                 1         1
	   Disk (KB)            :        2        2  18822911
	   Memory (MB)          :      284        1      4033
...
