000 (2144542.025.000) 06/28 00:26:35 Job submitted from host: <192.168.1.109:9465>
...
001 (2144542.025.000) 06/28 00:26:47 Job executing on host: <192.168.1.65:9296>
...
006 (2144542.025.000) 06/28 00:26:56 Image size of job updated: 260824
	30  -  MemoryUsage of job (MB)
	30560  -  ResidentSetSize of job (KB)
...
006 (2144542.025.000) 06/28 00:27:29 Image size of job updated: 382768
	30  -  MemoryUsage of job (MB)
	30560  -  ResidentSetSize of job (KB)
...
005 (2144542.025.000) 06/28 00:27:29 Job terminated.
	(1) Normal termination (return value 6)
		Usr 0 00:00:02, Sys 0 00:00:01  -  Run Remote Usage
		Usr 0 00:00:00, Sys 0 00:00:00  -  Run Local Usage
		Usr 0 00:00:02, Sys 0 00:00:01  -  Total Remote Usage
		Usr 0 00:00:00, Sys 0 00:00:00  -  Total Local Usage
	0  -  Run Bytes Sent By Job
	0  -  Run Bytes Received By Job
	0  -  Total Bytes Sent By Job
	0  -  Total Bytes Received By Job
	Partitionable Resources :    Usage  Request Allocated
	   Cpus                 :                 1         1
	   Disk (KB)            :        2        2  19562891
	   Memory (MB)          :       30        1      4033
...
