000 (2211539.026.000) 07/09 20:53:17 Job submitted from host: <192.168.1.109:9465>
...
001 (2211539.026.000) 07/09 20:53:31 Job executing on host: <192.168.1.50:9343>
...
006 (2211539.026.000) 07/09 20:53:40 Image size of job updated: 260820
	30  -  MemoryUsage of job (MB)
	29872  -  ResidentSetSize of job (KB)
...
006 (2211539.026.000) 07/09 20:55:18 Image size of job updated: 854756
	30  -  MemoryUsage of job (MB)
	29872  -  ResidentSetSize of job (KB)
...
005 (2211539.026.000) 07/09 20:55:18 Job terminated.
	(1) Normal termination (return value 0)
		Usr 0 00:00:07, Sys 0 00:00:00  -  Run Remote Usage
		Usr 0 00:00:00, Sys 0 00:00:00  -  Run Local Usage
		Usr 0 00:00:07, Sys 0 00:00:00  -  Total Remote Usage
		Usr 0 00:00:00, Sys 0 00:00:00  -  Total Local Usage
	0  -  Run Bytes Sent By Job
	0  -  Run Bytes Received By Job
	0  -  Total Bytes Sent By Job
	0  -  Total Bytes Received By Job
	Partitionable Resources :    Usage  Request Allocated
	   Cpus                 :                 1         1
	   Disk (KB)            :        2        2  28362951
	   Memory (MB)          :       30        1      4033
...
