000 (2139832.011.000) 06/25 17:03:43 Job submitted from host: <192.168.1.109:9465>
...
001 (2139832.011.000) 06/25 17:03:59 Job executing on host: <192.168.1.50:9582>
...
006 (2139832.011.000) 06/25 17:04:08 Image size of job updated: 76852
	2  -  MemoryUsage of job (MB)
	1800  -  ResidentSetSize of job (KB)
...
005 (2139832.011.000) 06/25 17:04:11 Job terminated.
	(1) Normal termination (return value 0)
		Usr 0 00:00:00, Sys 0 00:00:00  -  Run Remote Usage
		Usr 0 00:00:00, Sys 0 00:00:00  -  Run Local Usage
		Usr 0 00:00:00, Sys 0 00:00:00  -  Total Remote Usage
		Usr 0 00:00:00, Sys 0 00:00:00  -  Total Local Usage
	0  -  Run Bytes Sent By Job
	0  -  Run Bytes Received By Job
	0  -  Total Bytes Sent By Job
	0  -  Total Bytes Received By Job
	Partitionable Resources :    Usage  Request Allocated
	   Cpus                 :                 1         1
	   Disk (KB)            :        2        2  28380367
	   Memory (MB)          :        2        1      4033
...
