000 (2139832.005.000) 06/25 17:03:42 Job submitted from host: <192.168.1.109:9465>
...
001 (2139832.005.000) 06/25 17:03:59 Job executing on host: <192.168.1.62:9288>
...
006 (2139832.005.000) 06/25 17:04:07 Image size of job updated: 210096
	20  -  MemoryUsage of job (MB)
	19460  -  ResidentSetSize of job (KB)
...
006 (2139832.005.000) 06/25 17:05:53 Image size of job updated: 971048
	20  -  MemoryUsage of job (MB)
	19460  -  ResidentSetSize of job (KB)
...
005 (2139832.005.000) 06/25 17:05:53 Job terminated.
	(1) Normal termination (return value 0)
		Usr 0 00:00:20, Sys 0 00:00:00  -  Run Remote Usage
		Usr 0 00:00:00, Sys 0 00:00:00  -  Run Local Usage
		Usr 0 00:00:20, Sys 0 00:00:00  -  Total Remote Usage
		Usr 0 00:00:00, Sys 0 00:00:00  -  Total Local Usage
	0  -  Run Bytes Sent By Job
	0  -  Run Bytes Received By Job
	0  -  Total Bytes Sent By Job
	0  -  Total Bytes Received By Job
	Partitionable Resources :    Usage  Request Allocated
	   Cpus                 :                 1         1
	   Disk (KB)            :        2        2  19548791
	   Memory (MB)          :       20        1      4029
...
