000 (2144550.005.000) 06/28 00:53:31 Job submitted from host: <192.168.1.109:9465>
...
001 (2144550.005.000) 06/28 00:53:46 Job executing on host: <192.168.1.65:9296>
...
006 (2144550.005.000) 06/28 00:53:55 Image size of job updated: 77116
	3  -  MemoryUsage of job (MB)
	2636  -  ResidentSetSize of job (KB)
...
006 (2144550.005.000) 06/28 00:56:56 Image size of job updated: 971916
	3  -  MemoryUsage of job (MB)
	2636  -  ResidentSetSize of job (KB)
...
005 (2144550.005.000) 06/28 00:56:56 Job terminated.
	(1) Normal termination (return value 0)
		Usr 0 00:00:23, Sys 0 00:00:01  -  Run Remote Usage
		Usr 0 00:00:00, Sys 0 00:00:00  -  Run Local Usage
		Usr 0 00:00:23, Sys 0 00:00:01  -  Total Remote Usage
		Usr 0 00:00:00, Sys 0 00:00:00  -  Total Local Usage
	0  -  Run Bytes Sent By Job
	0  -  Run Bytes Received By Job
	0  -  Total Bytes Sent By Job
	0  -  Total Bytes Received By Job
	Partitionable Resources :    Usage  Request Allocated
	   Cpus                 :                 1         1
	   Disk (KB)            :        2        2  19562848
	   Memory (MB)          :        3        1      4033
...
