000 (2139834.000.000) 06/25 17:04:42 Job submitted from host: <192.168.1.109:9465>
...
001 (2139834.000.000) 06/25 17:05:14 Job executing on host: <192.168.1.51:9757>
...
006 (2139834.000.000) 06/25 17:05:26 Image size of job updated: 15608
	2  -  MemoryUsage of job (MB)
	1412  -  ResidentSetSize of job (KB)
...
006 (2139834.000.000) 06/25 17:06:24 Image size of job updated: 1071296
	2  -  MemoryUsage of job (MB)
	1412  -  ResidentSetSize of job (KB)
...
005 (2139834.000.000) 06/25 17:06:24 Job terminated.
	(1) Normal termination (return value 0)
		Usr 0 00:00:03, Sys 0 00:00:00  -  Run Remote Usage
		Usr 0 00:00:00, Sys 0 00:00:00  -  Run Local Usage
		Usr 0 00:00:03, Sys 0 00:00:00  -  Total Remote Usage
		Usr 0 00:00:00, Sys 0 00:00:00  -  Total Local Usage
	0  -  Run Bytes Sent By Job
	0  -  Run Bytes Received By Job
	0  -  Total Bytes Sent By Job
	0  -  Total Bytes Received By Job
	Partitionable Resources :    Usage  Request Allocated
	   Cpus                 :                 1         1
	   Disk (KB)            :        2        2  28380058
	   Memory (MB)          :        2        1      4033
...
