000 (2144546.000.000) 06/28 00:35:47 Job submitted from host: <192.168.1.109:9465>
...
001 (2144546.000.000) 06/28 00:35:49 Job executing on host: <192.168.1.63:9838>
...
006 (2144546.000.000) 06/28 00:35:58 Image size of job updated: 243768
	10  -  MemoryUsage of job (MB)
	9788  -  ResidentSetSize of job (KB)
...
006 (2144546.000.000) 06/28 00:36:24 Image size of job updated: 279024
	10  -  MemoryUsage of job (MB)
	9788  -  ResidentSetSize of job (KB)
...
005 (2144546.000.000) 06/28 00:36:24 Job terminated.
	(1) Normal termination (return value 6)
		Usr 0 00:00:00, Sys 0 00:00:00  -  Run Remote Usage
		Usr 0 00:00:00, Sys 0 00:00:00  -  Run Local Usage
		Usr 0 00:00:00, Sys 0 00:00:00  -  Total Remote Usage
		Usr 0 00:00:00, Sys 0 00:00:00  -  Total Local Usage
	0  -  Run Bytes Sent By Job
	0  -  Run Bytes Received By Job
	0  -  Total Bytes Sent By Job
	0  -  Total Bytes Received By Job
	Partitionable Resources :    Usage  Request Allocated
	   Cpus                 :                 1         1
	   Disk (KB)            :        2        2  19562870
	   Memory (MB)          :       10        1      4033
...
