000 (2208111.000.000) 07/06 15:00:49 Job submitted from host: <192.168.1.109:9465>
...
001 (2208111.000.000) 07/06 15:07:06 Job executing on host: <192.168.1.68:9891>
...
006 (2208111.000.000) 07/06 15:07:14 Image size of job updated: 338016
	112  -  MemoryUsage of job (MB)
	113768  -  ResidentSetSize of job (KB)
...
006 (2208111.000.000) 07/06 15:07:39 Image size of job updated: 1074652
	112  -  MemoryUsage of job (MB)
	113768  -  ResidentSetSize of job (KB)
...
005 (2208111.000.000) 07/06 15:07:39 Job terminated.
	(1) Normal termination (return value 0)
		Usr 0 00:00:14, Sys 0 00:00:00  -  Run Remote Usage
		Usr 0 00:00:00, Sys 0 00:00:00  -  Run Local Usage
		Usr 0 00:00:14, Sys 0 00:00:00  -  Total Remote Usage
		Usr 0 00:00:00, Sys 0 00:00:00  -  Total Local Usage
	0  -  Run Bytes Sent By Job
	0  -  Run Bytes Received By Job
	0  -  Total Bytes Sent By Job
	0  -  Total Bytes Received By Job
	Partitionable Resources :    Usage  Request Allocated
	   Cpus                 :                 1         1
	   Disk (KB)            :        2        2  19436367
	   Memory (MB)          :      112        1      4038
...
