000 (2144551.006.000) 06/28 00:53:37 Job submitted from host: <192.168.1.109:9465>
...
001 (2144551.006.000) 06/28 00:54:05 Job executing on host: <192.168.1.49:9613>
...
006 (2144551.006.000) 06/28 00:54:14 Image size of job updated: 2
	3  -  MemoryUsage of job (MB)
	2112  -  ResidentSetSize of job (KB)
...
006 (2144551.006.000) 06/28 00:59:16 Image size of job updated: 1170648
	647  -  MemoryUsage of job (MB)
	662488  -  ResidentSetSize of job (KB)
...
006 (2144551.006.000) 06/28 01:04:16 Image size of job updated: 1172092
	649  -  MemoryUsage of job (MB)
	664344  -  ResidentSetSize of job (KB)
...
006 (2144551.006.000) 06/28 01:09:16 Image size of job updated: 1172092
	687  -  MemoryUsage of job (MB)
	703204  -  ResidentSetSize of job (KB)
...
005 (2144551.006.000) 06/28 01:12:36 Job terminated.
	(1) Normal termination (return value 0)
		Usr 0 00:01:09, Sys 0 00:00:03  -  Run Remote Usage
		Usr 0 00:00:00, Sys 0 00:00:00  -  Run Local Usage
		Usr 0 00:01:09, Sys 0 00:00:03  -  Total Remote Usage
		Usr 0 00:00:00, Sys 0 00:00:00  -  Total Local Usage
	0  -  Run Bytes Sent By Job
	0  -  Run Bytes Received By Job
	0  -  Total Bytes Sent By Job
	0  -  Total Bytes Received By Job
	Partitionable Resources :    Usage  Request Allocated
	   Cpus                 :                 1         1
	   Disk (KB)            :        2        2  28379580
	   Memory (MB)          :      687        1      4033
...
