000 (2206163.006.000) 07/05 01:42:03 Job submitted from host: <192.168.1.109:9465>
...
001 (2206163.006.000) 07/05 01:42:22 Job executing on host: <192.168.1.50:9343>
...
006 (2206163.006.000) 07/05 01:42:31 Image size of job updated: 270652
	76  -  MemoryUsage of job (MB)
	77264  -  ResidentSetSize of job (KB)
...
006 (2206163.006.000) 07/05 01:47:31 Image size of job updated: 1158688
	636  -  MemoryUsage of job (MB)
	651080  -  ResidentSetSize of job (KB)
...
005 (2206163.006.000) 07/05 01:49:59 Job terminated.
	(1) Normal termination (return value 0)
		Usr 0 00:01:07, Sys 0 00:00:02  -  Run Remote Usage
		Usr 0 00:00:00, Sys 0 00:00:00  -  Run Local Usage
		Usr 0 00:01:07, Sys 0 00:00:02  -  Total Remote Usage
		Usr 0 00:00:00, Sys 0 00:00:00  -  Total Local Usage
	0  -  Run Bytes Sent By Job
	0  -  Run Bytes Received By Job
	0  -  Total Bytes Sent By Job
	0  -  Total Bytes Received By Job
	Partitionable Resources :    Usage  Request Allocated
	   Cpus                 :                 1         1
	   Disk (KB)            :        2        2  28380264
	   Memory (MB)          :      636        1      4033
...
