000 (2208112.006.000) 07/06 15:01:15 Job submitted from host: <192.168.1.109:9465>
...
001 (2208112.006.000) 07/06 15:16:14 Job executing on host: <192.168.1.56:9551>
...
006 (2208112.006.000) 07/06 15:16:23 Image size of job updated: 2
	3  -  MemoryUsage of job (MB)
	2096  -  ResidentSetSize of job (KB)
...
006 (2208112.006.000) 07/06 15:21:24 Image size of job updated: 1171308
	652  -  MemoryUsage of job (MB)
	667384  -  ResidentSetSize of job (KB)
...
005 (2208112.006.000) 07/06 15:26:01 Job terminated.
	(1) Normal termination (return value 0)
		Usr 0 00:04:48, Sys 0 00:00:06  -  Run Remote Usage
		Usr 0 00:00:00, Sys 0 00:00:00  -  Run Local Usage
		Usr 0 00:04:48, Sys 0 00:00:06  -  Total Remote Usage
		Usr 0 00:00:00, Sys 0 00:00:00  -  Total Local Usage
	0  -  Run Bytes Sent By Job
	0  -  Run Bytes Received By Job
	0  -  Total Bytes Sent By Job
	0  -  Total Bytes Received By Job
	Partitionable Resources :    Usage  Request Allocated
	   Cpus                 :                 1         1
	   Disk (KB)            :        2        2  18622961
	   Memory (MB)          :      652        1      4029
...
