000 (2211540.006.000) 07/09 20:53:24 Job submitted from host: <192.168.1.109:9465>
...
001 (2211540.006.000) 07/09 20:53:33 Job executing on host: <192.168.1.66:9099>
...
006 (2211540.006.000) 07/09 20:53:41 Image size of job updated: 2
	3  -  MemoryUsage of job (MB)
	2096  -  ResidentSetSize of job (KB)
...
006 (2211540.006.000) 07/09 20:58:41 Image size of job updated: 1172132
	575  -  MemoryUsage of job (MB)
	588300  -  ResidentSetSize of job (KB)
...
005 (2211540.006.000) 07/09 21:01:33 Job terminated.
	(1) Normal termination (return value 0)
		Usr 0 00:02:15, Sys 0 00:00:03  -  Run Remote Usage
		Usr 0 00:00:00, Sys 0 00:00:00  -  Run Local Usage
		Usr 0 00:02:15, Sys 0 00:00:03  -  Total Remote Usage
		Usr 0 00:00:00, Sys 0 00:00:00  -  Total Local Usage
	0  -  Run Bytes Sent By Job
	0  -  Run Bytes Received By Job
	0  -  Total Bytes Sent By Job
	0  -  Total Bytes Received By Job
	Partitionable Resources :    Usage  Request Allocated
	   Cpus                 :                 1         1
	   Disk (KB)            :        2        2  19563628
	   Memory (MB)          :      575        1      4033
...
