000 (2213495.006.000) 07/11 11:38:50 Job submitted from host: <192.168.1.109:9465>
...
001 (2213495.006.000) 07/11 11:39:12 Job executing on host: <192.168.1.57:9270>
...
006 (2213495.006.000) 07/11 11:39:20 Image size of job updated: 726148
	292  -  MemoryUsage of job (MB)
	298188  -  ResidentSetSize of job (KB)
...
006 (2213495.006.000) 07/11 11:44:20 Image size of job updated: 1172128
	651  -  MemoryUsage of job (MB)
	666316  -  ResidentSetSize of job (KB)
...
005 (2213495.006.000) 07/11 11:45:21 Job terminated.
	(1) Normal termination (return value 0)
		Usr 0 00:04:17, Sys 0 00:00:05  -  Run Remote Usage
		Usr 0 00:00:00, Sys 0 00:00:00  -  Run Local Usage
		Usr 0 00:04:17, Sys 0 00:00:05  -  Total Remote Usage
		Usr 0 00:00:00, Sys 0 00:00:00  -  Total Local Usage
	0  -  Run Bytes Sent By Job
	0  -  Run Bytes Received By Job
	0  -  Total Bytes Sent By Job
	0  -  Total Bytes Received By Job
	Partitionable Resources :    Usage  Request Allocated
	   Cpus                 :                 1         1
	   Disk (KB)            :        1        1  19431085
	   Memory (MB)          :      651        1      4029
...
