000 (2144551.002.000) 06/28 00:53:37 Job submitted from host: <192.168.1.109:9465>
...
001 (2144551.002.000) 06/28 00:53:48 Job executing on host: <192.168.1.64:9545>
...
006 (2144551.002.000) 06/28 00:53:56 Image size of job updated: 24256
	2  -  MemoryUsage of job (MB)
	1800  -  ResidentSetSize of job (KB)
...
006 (2144551.002.000) 06/28 00:58:56 Image size of job updated: 1170852
	639  -  MemoryUsage of job (MB)
	654108  -  ResidentSetSize of job (KB)
...
006 (2144551.002.000) 06/28 01:03:57 Image size of job updated: 1170852
	640  -  MemoryUsage of job (MB)
	654484  -  ResidentSetSize of job (KB)
...
005 (2144551.002.000) 06/28 01:05:20 Job terminated.
	(1) Normal termination (return value 0)
		Usr 0 00:02:34, Sys 0 00:00:04  -  Run Remote Usage
		Usr 0 00:00:00, Sys 0 00:00:00  -  Run Local Usage
		Usr 0 00:02:34, Sys 0 00:00:04  -  Total Remote Usage
		Usr 0 00:00:00, Sys 0 00:00:00  -  Total Local Usage
	0  -  Run Bytes Sent By Job
	0  -  Run Bytes Received By Job
	0  -  Total Bytes Sent By Job
	0  -  Total Bytes Received By Job
	Partitionable Resources :    Usage  Request Allocated
	   Cpus                 :                 1         1
	   Disk (KB)            :        2        2  19563832
	   Memory (MB)          :      640        1      4033
...
