000 (2206163.002.000) 07/05 01:42:03 Job submitted from host: <192.168.1.109:9465>
...
001 (2206163.002.000) 07/05 01:42:27 Job executing on host: <192.168.1.51:9747>
...
006 (2206163.002.000) 07/05 01:42:36 Image size of job updated: 97472
	2  -  MemoryUsage of job (MB)
	1412  -  ResidentSetSize of job (KB)
...
006 (2206163.002.000) 07/05 01:47:36 Image size of job updated: 1157440
	629  -  MemoryUsage of job (MB)
	643348  -  ResidentSetSize of job (KB)
...
005 (2206163.002.000) 07/05 01:47:57 Job terminated.
	(1) Normal termination (return value 0)
		Usr 0 00:00:52, Sys 0 00:00:01  -  Run Remote Usage
		Usr 0 00:00:00, Sys 0 00:00:00  -  Run Local Usage
		Usr 0 00:00:52, Sys 0 00:00:01  -  Total Remote Usage
		Usr 0 00:00:00, Sys 0 00:00:00  -  Total Local Usage
	0  -  Run Bytes Sent By Job
	0  -  Run Bytes Received By Job
	0  -  Total Bytes Sent By Job
	0  -  Total Bytes Received By Job
	Partitionable Resources :    Usage  Request Allocated
	   Cpus                 :                 1         1
	   Disk (KB)            :        2        2  28381642
	   Memory (MB)          :      629        1      4033
...
