000 (2208112.002.000) 07/06 15:01:15 Job submitted from host: <192.168.1.109:9465>
...
001 (2208112.002.000) 07/06 15:15:10 Job executing on host: <192.168.1.48:9675>
...
006 (2208112.002.000) 07/06 15:15:19 Image size of job updated: 1107004
	384  -  MemoryUsage of job (MB)
	392944  -  ResidentSetSize of job (KB)
...
006 (2208112.002.000) 07/06 15:17:52 Image size of job updated: 1170068
	384  -  MemoryUsage of job (MB)
	392944  -  ResidentSetSize of job (KB)
...
005 (2208112.002.000) 07/06 15:17:52 Job terminated.
	(1) Normal termination (return value 0)
		Usr 0 00:00:41, Sys 0 00:00:02  -  Run Remote Usage
		Usr 0 00:00:00, Sys 0 00:00:00  -  Run Local Usage
		Usr 0 00:00:41, Sys 0 00:00:02  -  Total Remote Usage
		Usr 0 00:00:00, Sys 0 00:00:00  -  Total Local Usage
	0  -  Run Bytes Sent By Job
	0  -  Run Bytes Received By Job
	0  -  Total Bytes Sent By Job
	0  -  Total Bytes Received By Job
	Partitionable Resources :    Usage  Request Allocated
	   Cpus                 :                 1         1
	   Disk (KB)            :        2        2  27499139
	   Memory (MB)          :      384        1      4033
...
