000 (2213495.002.000) 07/11 11:38:50 Job submitted from host: <192.168.1.109:9465>
...
001 (2213495.002.000) 07/11 11:39:11 Job executing on host: <192.168.1.48:9675>
...
006 (2213495.002.000) 07/11 11:39:20 Image size of job updated: 1119776
	426  -  MemoryUsage of job (MB)
	435776  -  ResidentSetSize of job (KB)
...
006 (2213495.002.000) 07/11 11:40:41 Image size of job updated: 1170880
	426  -  MemoryUsage of job (MB)
	435776  -  ResidentSetSize of job (KB)
...
005 (2213495.002.000) 07/11 11:40:41 Job terminated.
	(1) Normal termination (return value 0)
		Usr 0 00:00:46, Sys 0 00:00:02  -  Run Remote Usage
		Usr 0 00:00:00, Sys 0 00:00:00  -  Run Local Usage
		Usr 0 00:00:46, Sys 0 00:00:02  -  Total Remote Usage
		Usr 0 00:00:00, Sys 0 00:00:00  -  Total Local Usage
	0  -  Run Bytes Sent By Job
	0  -  Run Bytes Received By Job
	0  -  Total Bytes Sent By Job
	0  -  Total Bytes Received By Job
	Partitionable Resources :    Usage  Request Allocated
	   Cpus                 :                 1         1
	   Disk (KB)            :        1        1  28380851
	   Memory (MB)          :      426        1      4033
...
