000 (2144543.001.000) 06/28 00:26:49 Job submitted from host: <192.168.1.109:9465>
...
001 (2144543.001.000) 06/28 00:27:26 Job executing on host: <192.168.1.47:9610>
...
006 (2144543.001.000) 06/28 00:27:35 Image size of job updated: 97476
	3  -  MemoryUsage of job (MB)
	2184  -  ResidentSetSize of job (KB)
...
006 (2144543.001.000) 06/28 00:27:48 Image size of job updated: 377488
	3  -  MemoryUsage of job (MB)
	2184  -  ResidentSetSize of job (KB)
...
005 (2144543.001.000) 06/28 00:27:48 Job terminated.
	(1) Normal termination (return value 6)
		Usr 0 00:00:01, Sys 0 00:00:00  -  Run Remote Usage
		Usr 0 00:00:00, Sys 0 00:00:00  -  Run Local Usage
		Usr 0 00:00:01, Sys 0 00:00:00  -  Total Remote Usage
		Usr 0 00:00:00, Sys 0 00:00:00  -  Total Local Usage
	0  -  Run Bytes Sent By Job
	0  -  Run Bytes Received By Job
	0  -  Total Bytes Sent By Job
	0  -  Total Bytes Received By Job
	Partitionable Resources :    Usage  Request Allocated
	   Cpus                 :                 1         1
	   Disk (KB)            :        2        2  28380219
	   Memory (MB)          :        3        1      4033
...
