000 (2208112.001.000) 07/06 15:01:15 Job submitted from host: <192.168.1.109:9465>
...
001 (2208112.001.000) 07/06 15:15:10 Job executing on host: <192.168.1.58:9771>
...
006 (2208112.001.000) 07/06 15:15:19 Image size of job updated: 1127676
	367  -  MemoryUsage of job (MB)
	374904  -  ResidentSetSize of job (KB)
...
006 (2208112.001.000) 07/06 15:18:18 Image size of job updated: 1179668
	367  -  MemoryUsage of job (MB)
	374904  -  ResidentSetSize of job (KB)
...
005 (2208112.001.000) 07/06 15:18:19 Job terminated.
	(1) Normal termination (return value 0)
		Usr 0 00:01:28, Sys 0 00:00:02  -  Run Remote Usage
		Usr 0 00:00:00, Sys 0 00:00:00  -  Run Local Usage
		Usr 0 00:01:28, Sys 0 00:00:02  -  Total Remote Usage
		Usr 0 00:00:00, Sys 0 00:00:00  -  Total Local Usage
	0  -  Run Bytes Sent By Job
	0  -  Run Bytes Received By Job
	0  -  Total Bytes Sent By Job
	0  -  Total Bytes Received By Job
	Partitionable Resources :    Usage  Request Allocated
	   Cpus                 :                 1         1
	   Disk (KB)            :        2        2  18729324
	   Memory (MB)          :      367        1      4029
...
