000 (2211540.001.000) 07/09 20:53:23 Job submitted from host: <192.168.1.109:9465>
...
001 (2211540.001.000) 07/09 20:53:32 Job executing on host: <192.168.1.50:9343>
...
006 (2211540.001.000) 07/09 20:53:41 Image size of job updated: 76456
	13  -  MemoryUsage of job (MB)
	12752  -  ResidentSetSize of job (KB)
...
006 (2211540.001.000) 07/09 20:58:06 Image size of job updated: 1180504
	13  -  MemoryUsage of job (MB)
	12752  -  ResidentSetSize of job (KB)
...
005 (2211540.001.000) 07/09 20:58:06 Job terminated.
	(1) Normal termination (return value 0)
		Usr 0 00:00:26, Sys 0 00:00:01  -  Run Remote Usage
		Usr 0 00:00:00, Sys 0 00:00:00  -  Run Local Usage
		Usr 0 00:00:26, Sys 0 00:00:01  -  Total Remote Usage
		Usr 0 00:00:00, Sys 0 00:00:00  -  Total Local Usage
	0  -  Run Bytes Sent By Job
	0  -  Run Bytes Received By Job
	0  -  Total Bytes Sent By Job
	0  -  Total Bytes Received By Job
	Partitionable Resources :    Usage  Request Allocated
	   Cpus                 :                 1         1
	   Disk (KB)            :        2        2  28362951
	   Memory (MB)          :       13        1      4033
...
