/cvmfs/cms.cern.ch
/cms/mchristos/ANN/Seesaw/2016/92X/TMVAskims
Run2016C-03Feb2017-v1_MINIAOD

Processing outFiles/Seesaw_Application_1/SingleElectron/Run2016C-03Feb2017-v1_MINIAOD/Seesaw_Application_SingleElectron.C...

==> Start TMVAClassificationApplication
                         : Booking "BDTG method" of type "BDT" from dl/weights/92X_Seesaw_optimized1_a_BDT1.weights.xml.
<HEADER> DataSetInfo              : [Default] : Added class "Signal"
<HEADER> DataSetInfo              : [Default] : Added class "Background"
                         : Booked classifier "BDT1" of type: "BDT"
--- TMVAClassificationApp    : Using input file: /cms/mchristos/ANN/Seesaw/2016/92X/Data/SingleElectron/Run2016C-03Feb2017-v1_MINIAOD/analysisTree_3L.root
--- Select Data sample
--- Processing: 13078 events
--- ... Processing event: 0
--- ... Processing event: 1000
--- ... Processing event: 2000
--- ... Processing event: 3000
--- ... Processing event: 4000
--- ... Processing event: 5000
--- ... Processing event: 6000
--- ... Processing event: 7000
--- ... Processing event: 8000
--- ... Processing event: 9000
--- ... Processing event: 10000
--- ... Processing event: 11000
--- ... Processing event: 12000
--- ... Processing event: 13000
--- End of event loop: Real time 0:01:56, CP time 37.130
Printing out all passed events... 
BDT: 
1234	 passed events
==> TMVAClassificationApplication is done!

