000 (2144546.010.000) 06/28 00:35:47 Job submitted from host: <192.168.1.109:9465>
...
001 (2144546.010.000) 06/28 00:35:49 Job executing on host: <192.168.1.64:9545>
...
006 (2144546.010.000) 06/28 00:35:58 Image size of job updated: 74872
	11  -  MemoryUsage of job (MB)
	11144  -  ResidentSetSize of job (KB)
...
006 (2144546.010.000) 06/28 00:36:21 Image size of job updated: 365980
	11  -  MemoryUsage of job (MB)
	11144  -  ResidentSetSize of job (KB)
...
005 (2144546.010.000) 06/28 00:36:21 Job terminated.
	(1) Normal termination (return value 6)
		Usr 0 00:00:02, Sys 0 00:00:00  -  Run Remote Usage
		Usr 0 00:00:00, Sys 0 00:00:00  -  Run Local Usage
		Usr 0 00:00:02, Sys 0 00:00:00  -  Total Remote Usage
		Usr 0 00:00:00, Sys 0 00:00:00  -  Total Local Usage
	0  -  Run Bytes Sent By Job
	0  -  Run Bytes Received By Job
	0  -  Total Bytes Sent By Job
	0  -  Total Bytes Received By Job
	Partitionable Resources :    Usage  Request Allocated
	   Cpus                 :                 1         1
	   Disk (KB)            :        2        2  19563859
	   Memory (MB)          :       11        1      4033
...
