000 (2147375.010.000) 06/28 17:57:16 Job submitted from host: <192.168.1.109:9465>
...
001 (2147375.010.000) 06/28 17:57:37 Job executing on host: <192.168.1.51:9757>
...
006 (2147375.010.000) 06/28 17:57:46 Image size of job updated: 97472
	3  -  MemoryUsage of job (MB)
	2184  -  ResidentSetSize of job (KB)
...
006 (2147375.010.000) 06/28 17:58:17 Image size of job updated: 445520
	3  -  MemoryUsage of job (MB)
	2184  -  ResidentSetSize of job (KB)
...
005 (2147375.010.000) 06/28 17:58:17 Job terminated.
	(1) Normal termination (return value 0)
		Usr 0 00:00:02, Sys 0 00:00:00  -  Run Remote Usage
		Usr 0 00:00:00, Sys 0 00:00:00  -  Run Local Usage
		Usr 0 00:00:02, Sys 0 00:00:00  -  Total Remote Usage
		Usr 0 00:00:00, Sys 0 00:00:00  -  Total Local Usage
	0  -  Run Bytes Sent By Job
	0  -  Run Bytes Received By Job
	0  -  Total Bytes Sent By Job
	0  -  Total Bytes Received By Job
	Partitionable Resources :    Usage  Request Allocated
	   Cpus                 :                 1         1
	   Disk (KB)            :        2        2  28376534
	   Memory (MB)          :        3        1      4033
...
