000 (2139836.005.000) 06/25 17:06:18 Job submitted from host: <192.168.1.109:9465>
...
001 (2139836.005.000) 06/25 17:06:26 Job executing on host: <192.168.1.51:9757>
...
006 (2139836.005.000) 06/25 17:06:35 Image size of job updated: 15608
	2  -  MemoryUsage of job (MB)
	1404  -  ResidentSetSize of job (KB)
...
006 (2139836.005.000) 06/25 17:11:36 Image size of job updated: 1192884
	590  -  MemoryUsage of job (MB)
	603604  -  ResidentSetSize of job (KB)
...
005 (2139836.005.000) 06/25 17:16:00 Job terminated.
	(1) Normal termination (return value 0)
		Usr 0 00:01:47, Sys 0 00:00:02  -  Run Remote Usage
		Usr 0 00:00:00, Sys 0 00:00:00  -  Run Local Usage
		Usr 0 00:01:47, Sys 0 00:00:02  -  Total Remote Usage
		Usr 0 00:00:00, Sys 0 00:00:00  -  Total Local Usage
	0  -  Run Bytes Sent By Job
	0  -  Run Bytes Received By Job
	0  -  Total Bytes Sent By Job
	0  -  Total Bytes Received By Job
	Partitionable Resources :    Usage  Request Allocated
	   Cpus                 :                 1         1
	   Disk (KB)            :        2        2  28380060
	   Memory (MB)          :      590        1      4033
...
