000 (2144551.005.000) 06/28 00:53:37 Job submitted from host: <192.168.1.109:9465>
...
001 (2144551.005.000) 06/28 00:53:48 Job executing on host: <192.168.1.50:9582>
...
006 (2144551.005.000) 06/28 00:53:56 Image size of job updated: 76852
	13  -  MemoryUsage of job (MB)
	13208  -  ResidentSetSize of job (KB)
...
006 (2144551.005.000) 06/28 00:58:56 Image size of job updated: 1121652
	401  -  MemoryUsage of job (MB)
	410380  -  ResidentSetSize of job (KB)
...
006 (2144551.005.000) 06/28 01:03:57 Image size of job updated: 1193744
	665  -  MemoryUsage of job (MB)
	680092  -  ResidentSetSize of job (KB)
...
006 (2144551.005.000) 06/28 01:08:57 Image size of job updated: 1193744
	665  -  MemoryUsage of job (MB)
	680304  -  ResidentSetSize of job (KB)
...
005 (2144551.005.000) 06/28 01:13:03 Job terminated.
	(1) Normal termination (return value 0)
		Usr 0 00:01:17, Sys 0 00:00:03  -  Run Remote Usage
		Usr 0 00:00:00, Sys 0 00:00:00  -  Run Local Usage
		Usr 0 00:01:17, Sys 0 00:00:03  -  Total Remote Usage
		Usr 0 00:00:00, Sys 0 00:00:00  -  Total Local Usage
	0  -  Run Bytes Sent By Job
	0  -  Run Bytes Received By Job
	0  -  Total Bytes Sent By Job
	0  -  Total Bytes Received By Job
	Partitionable Resources :    Usage  Request Allocated
	   Cpus                 :                 1         1
	   Disk (KB)            :        2        2  28380764
	   Memory (MB)          :      665        1      4033
...
