000 (2147376.005.000) 06/28 17:57:22 Job submitted from host: <192.168.1.109:9465>
...
001 (2147376.005.000) 06/28 17:57:35 Job executing on host: <192.168.1.67:9110>
...
006 (2147376.005.000) 06/28 17:57:44 Image size of job updated: 268308
	74  -  MemoryUsage of job (MB)
	75524  -  ResidentSetSize of job (KB)
...
006 (2147376.005.000) 06/28 18:02:45 Image size of job updated: 1195192
	667  -  MemoryUsage of job (MB)
	682128  -  ResidentSetSize of job (KB)
...
005 (2147376.005.000) 06/28 18:04:16 Job terminated.
	(1) Normal termination (return value 0)
		Usr 0 00:02:58, Sys 0 00:00:04  -  Run Remote Usage
		Usr 0 00:00:00, Sys 0 00:00:00  -  Run Local Usage
		Usr 0 00:02:58, Sys 0 00:00:04  -  Total Remote Usage
		Usr 0 00:00:00, Sys 0 00:00:00  -  Total Local Usage
	0  -  Run Bytes Sent By Job
	0  -  Run Bytes Received By Job
	0  -  Total Bytes Sent By Job
	0  -  Total Bytes Received By Job
	Partitionable Resources :    Usage  Request Allocated
	   Cpus                 :                 1         1
	   Disk (KB)            :        2        2  19557230
	   Memory (MB)          :      667        1      4033
...
