000 (2208112.005.000) 07/06 15:01:15 Job submitted from host: <192.168.1.109:9465>
...
001 (2208112.005.000) 07/06 15:15:54 Job executing on host: <192.168.1.51:9747>
...
006 (2208112.005.000) 07/06 15:16:03 Image size of job updated: 358496
	123  -  MemoryUsage of job (MB)
	124948  -  ResidentSetSize of job (KB)
...
006 (2208112.005.000) 07/06 15:21:04 Image size of job updated: 1192936
	665  -  MemoryUsage of job (MB)
	679992  -  ResidentSetSize of job (KB)
...
005 (2208112.005.000) 07/06 15:24:18 Job terminated.
	(1) Normal termination (return value 0)
		Usr 0 00:01:40, Sys 0 00:00:03  -  Run Remote Usage
		Usr 0 00:00:00, Sys 0 00:00:00  -  Run Local Usage
		Usr 0 00:01:40, Sys 0 00:00:03  -  Total Remote Usage
		Usr 0 00:00:00, Sys 0 00:00:00  -  Total Local Usage
	0  -  Run Bytes Sent By Job
	0  -  Run Bytes Received By Job
	0  -  Total Bytes Sent By Job
	0  -  Total Bytes Received By Job
	Partitionable Resources :    Usage  Request Allocated
	   Cpus                 :                 1         1
	   Disk (KB)            :        2        2  27688363
	   Memory (MB)          :      665        1      4033
...
