000 (2139834.035.000) 06/25 17:04:43 Job submitted from host: <192.168.1.109:9465>
...
001 (2139834.035.000) 06/25 17:05:03 Job executing on host: <192.168.1.67:9110>
...
006 (2139834.035.000) 06/25 17:05:13 Image size of job updated: 125840
	17  -  MemoryUsage of job (MB)
	16580  -  ResidentSetSize of job (KB)
...
006 (2139834.035.000) 06/25 17:10:13 Image size of job updated: 1049092
	639  -  MemoryUsage of job (MB)
	653476  -  ResidentSetSize of job (KB)
...
006 (2139834.035.000) 06/25 17:14:05 Image size of job updated: 1059052
	639  -  MemoryUsage of job (MB)
	653476  -  ResidentSetSize of job (KB)
...
005 (2139834.035.000) 06/25 17:14:05 Job terminated.
	(1) Normal termination (return value 0)
		Usr 0 00:03:32, Sys 0 00:00:06  -  Run Remote Usage
		Usr 0 00:00:00, Sys 0 00:00:00  -  Run Local Usage
		Usr 0 00:03:32, Sys 0 00:00:06  -  Total Remote Usage
		Usr 0 00:00:00, Sys 0 00:00:00  -  Total Local Usage
	0  -  Run Bytes Sent By Job
	0  -  Run Bytes Received By Job
	0  -  Total Bytes Sent By Job
	0  -  Total Bytes Received By Job
	Partitionable Resources :    Usage  Request Allocated
	   Cpus                 :                 1         1
	   Disk (KB)            :        2        2  19563900
	   Memory (MB)          :      639        1      4033
...
