000 (2147375.035.000) 06/28 17:57:17 Job submitted from host: <192.168.1.109:9465>
...
001 (2147375.035.000) 06/28 17:57:40 Job executing on host: <192.168.1.47:9610>
...
006 (2147375.035.000) 06/28 17:57:49 Image size of job updated: 97476
	3  -  MemoryUsage of job (MB)
	2820  -  ResidentSetSize of job (KB)
...
006 (2147375.035.000) 06/28 18:02:50 Image size of job updated: 1035632
	578  -  MemoryUsage of job (MB)
	591672  -  ResidentSetSize of job (KB)
...
006 (2147375.035.000) 06/28 18:07:50 Image size of job updated: 1051232
	628  -  MemoryUsage of job (MB)
	642976  -  ResidentSetSize of job (KB)
...
006 (2147375.035.000) 06/28 18:12:51 Image size of job updated: 1051232
	629  -  MemoryUsage of job (MB)
	643300  -  ResidentSetSize of job (KB)
...
006 (2147375.035.000) 06/28 18:17:52 Image size of job updated: 1051232
	629  -  MemoryUsage of job (MB)
	643456  -  ResidentSetSize of job (KB)
...
006 (2147375.035.000) 06/28 18:22:52 Image size of job updated: 1051232
	754  -  MemoryUsage of job (MB)
	771664  -  ResidentSetSize of job (KB)
...
006 (2147375.035.000) 06/28 18:27:52 Image size of job updated: 1051232
	775  -  MemoryUsage of job (MB)
	793212  -  ResidentSetSize of job (KB)
...
006 (2147375.035.000) 06/28 18:32:53 Image size of job updated: 1051232
	775  -  MemoryUsage of job (MB)
	793220  -  ResidentSetSize of job (KB)
...
006 (2147375.035.000) 06/28 18:33:44 Image size of job updated: 1060676
	775  -  MemoryUsage of job (MB)
	793220  -  ResidentSetSize of job (KB)
...
005 (2147375.035.000) 06/28 18:33:44 Job terminated.
	(1) Normal termination (return value 0)
		Usr 0 00:03:48, Sys 0 00:00:05  -  Run Remote Usage
		Usr 0 00:00:00, Sys 0 00:00:00  -  Run Local Usage
		Usr 0 00:03:48, Sys 0 00:00:05  -  Total Remote Usage
		Usr 0 00:00:00, Sys 0 00:00:00  -  Total Local Usage
	0  -  Run Bytes Sent By Job
	0  -  Run Bytes Received By Job
	0  -  Total Bytes Sent By Job
	0  -  Total Bytes Received By Job
	Partitionable Resources :    Usage  Request Allocated
	   Cpus                 :                 1         1
	   Disk (KB)            :        2        2  28376342
	   Memory (MB)          :      775        1      4033
...
