000 (2206162.036.000) 07/05 01:41:56 Job submitted from host: <192.168.1.109:9465>
...
001 (2206162.036.000) 07/05 01:42:01 Job executing on host: <192.168.1.63:9838>
...
006 (2206162.036.000) 07/05 01:42:10 Image size of job updated: 2
	3  -  MemoryUsage of job (MB)
	2100  -  ResidentSetSize of job (KB)
...
006 (2206162.036.000) 07/05 01:47:11 Image size of job updated: 1036392
	552  -  MemoryUsage of job (MB)
	564544  -  ResidentSetSize of job (KB)
...
006 (2206162.036.000) 07/05 01:52:11 Image size of job updated: 1036392
	552  -  MemoryUsage of job (MB)
	565004  -  ResidentSetSize of job (KB)
...
006 (2206162.036.000) 07/05 01:57:11 Image size of job updated: 1036392
	552  -  MemoryUsage of job (MB)
	565120  -  ResidentSetSize of job (KB)
...
006 (2206162.036.000) 07/05 02:02:12 Image size of job updated: 1036392
	552  -  MemoryUsage of job (MB)
	565156  -  ResidentSetSize of job (KB)
...
005 (2206162.036.000) 07/05 02:04:23 Job terminated.
	(1) Normal termination (return value 0)
		Usr 0 00:05:17, Sys 0 00:00:06  -  Run Remote Usage
		Usr 0 00:00:00, Sys 0 00:00:00  -  Run Local Usage
		Usr 0 00:05:17, Sys 0 00:00:06  -  Total Remote Usage
		Usr 0 00:00:00, Sys 0 00:00:00  -  Total Local Usage
	0  -  Run Bytes Sent By Job
	0  -  Run Bytes Received By Job
	0  -  Total Bytes Sent By Job
	0  -  Total Bytes Received By Job
	Partitionable Resources :    Usage  Request Allocated
	   Cpus                 :                 1         1
	   Disk (KB)            :        2        2  19563836
	   Memory (MB)          :      552        1      4033
...
