000 (2211539.036.000) 07/09 20:53:17 Job submitted from host: <192.168.1.109:9465>
...
001 (2211539.036.000) 07/09 20:53:32 Job executing on host: <192.168.1.60:9601>
...
006 (2211539.036.000) 07/09 20:53:40 Image size of job updated: 261780
	39  -  MemoryUsage of job (MB)
	39488  -  ResidentSetSize of job (KB)
...
006 (2211539.036.000) 07/09 20:58:40 Image size of job updated: 1049608
	640  -  MemoryUsage of job (MB)
	655240  -  ResidentSetSize of job (KB)
...
006 (2211539.036.000) 07/09 21:03:40 Image size of job updated: 1049764
	767  -  MemoryUsage of job (MB)
	784748  -  ResidentSetSize of job (KB)
...
006 (2211539.036.000) 07/09 21:08:41 Image size of job updated: 1049764
	783  -  MemoryUsage of job (MB)
	801732  -  ResidentSetSize of job (KB)
...
006 (2211539.036.000) 07/09 21:13:41 Image size of job updated: 1049764
	783  -  MemoryUsage of job (MB)
	801748  -  ResidentSetSize of job (KB)
...
006 (2211539.036.000) 07/09 21:16:40 Image size of job updated: 1059400
	783  -  MemoryUsage of job (MB)
	801748  -  ResidentSetSize of job (KB)
...
005 (2211539.036.000) 07/09 21:16:40 Job terminated.
	(1) Normal termination (return value 0)
		Usr 0 00:08:57, Sys 0 00:00:11  -  Run Remote Usage
		Usr 0 00:00:00, Sys 0 00:00:00  -  Run Local Usage
		Usr 0 00:08:57, Sys 0 00:00:11  -  Total Remote Usage
		Usr 0 00:00:00, Sys 0 00:00:00  -  Total Local Usage
	0  -  Run Bytes Sent By Job
	0  -  Run Bytes Received By Job
	0  -  Total Bytes Sent By Job
	0  -  Total Bytes Received By Job
	Partitionable Resources :    Usage  Request Allocated
	   Cpus                 :                 1         1
	   Disk (KB)            :        2        2  19463835
	   Memory (MB)          :      783        1      4029
...
