000 (2206162.034.000) 07/05 01:41:56 Job submitted from host: <192.168.1.109:9465>
...
001 (2206162.034.000) 07/05 01:42:01 Job executing on host: <192.168.1.60:9601>
...
006 (2206162.034.000) 07/05 01:42:10 Image size of job updated: 24308
	3  -  MemoryUsage of job (MB)
	2568  -  ResidentSetSize of job (KB)
...
006 (2206162.034.000) 07/05 01:43:24 Image size of job updated: 893144
	3  -  MemoryUsage of job (MB)
	2568  -  ResidentSetSize of job (KB)
...
005 (2206162.034.000) 07/05 01:43:24 Job terminated.
	(1) Normal termination (return value 0)
		Usr 0 00:00:23, Sys 0 00:00:01  -  Run Remote Usage
		Usr 0 00:00:00, Sys 0 00:00:00  -  Run Local Usage
		Usr 0 00:00:23, Sys 0 00:00:01  -  Total Remote Usage
		Usr 0 00:00:00, Sys 0 00:00:00  -  Total Local Usage
	0  -  Run Bytes Sent By Job
	0  -  Run Bytes Received By Job
	0  -  Total Bytes Sent By Job
	0  -  Total Bytes Received By Job
	Partitionable Resources :    Usage  Request Allocated
	   Cpus                 :                 1         1
	   Disk (KB)            :        2        2  19549004
	   Memory (MB)          :        3        1      4029
...
